Timestamp,LeftVelocity,RightVelocity,PoseRotationDeg,PoseTransY,PoseTransX,PoseTransNorm,Heading,RightWheelSpeed,LeftWheelSpeed,LeftDistanceMeters,RightDistanceMeters,XValue,YValue,Found,VisionHeight,motor 1 speed,motor 2 speed,motor 3 speed
5.737899,0.0,0.0,0.0,0.0,0.0,0.0,-1.8200000524520874,0.0,0.0,0.0,0.0,0.0,0.0,0.0,0.0,-0.0,-0.0,0.0
5.96083,0.0,0.0,-1.8200000524520878,0.0,0.0,0.0,-1.840000033378601,0.0,0.0,0.0,0.0,0.0,0.0,0.0,0.0,-0.0,-0.0,0.0
5.979963,0.0,0.0,-1.840000033378601,0.0,0.0,0.0,-1.8300000429153442,0.0,0.0,0.0,0.0,0.0,0.0,0.0,0.0,-0.0,-0.0,0.0
5.997519,0.0,0.0,-1.8300000429153442,0.0,0.0,0.0,-1.8200000524520874,0.0,0.0,0.0,0.0,0.0,0.0,0.0,0.0,-0.0,-0.0,0.0
6.021969,0.0,0.0,-1.8200000524520878,0.0,0.0,0.0,-1.7999999523162844,0.0,0.0,0.0,0.0,0.0,0.0,0.0,0.0,-0.0,-0.0,0.0
6.039434,0.0,0.0,-1.7999999523162844,0.0,0.0,0.0,-1.7899999618530276,0.0,0.0,0.0,0.0,0.0,0.0,0.0,0.0,-0.0,-0.0,0.0
6.054178,0.0,0.0,-1.7899999618530278,0.0,0.0,0.0,-1.7899999618530276,0.0,0.0,0.0,0.0,0.0,0.0,0.0,0.0,-0.0,-0.0,0.0
6.069343,0.0,0.0,-1.7899999618530278,0.0,0.0,0.0,-1.7799999713897705,0.0,0.0,0.0,0.0,0.0,0.0,0.0,0.0,-0.0,-0.0,0.0
6.085026,0.0,0.0,-1.7799999713897705,0.0,0.0,0.0,-1.7799999713897705,0.0,0.0,0.0,0.0,0.0,0.0,0.0,0.0,-0.0,-0.0,0.0
6.099396,0.0,0.0,-1.7799999713897705,0.0,0.0,0.0,-1.7799999713897705,0.0,0.0,0.0,0.0,0.0,0.0,0.0,0.0,-0.0,-0.0,0.0
6.11611,0.0,0.0,-1.7799999713897705,0.0,0.0,0.0,-1.7699999809265137,0.0,0.0,0.0,0.0,0.0,0.0,0.0,0.0,-0.0,-0.0,0.0
6.1328,0.0,0.0,-1.769999980926514,0.0,0.0,0.0,-1.7699999809265137,0.0,0.0,0.0,0.0,0.0,0.0,0.0,0.0,-0.0,-0.0,0.0
6.1505,0.0,0.0,-1.769999980926514,0.0,0.0,0.0,-1.7699999809265137,0.0,0.0,0.0,0.0,0.0,0.0,0.0,0.0,-0.0,-0.0,0.0
6.165057,0.0,0.0,-1.769999980926514,0.0,0.0,0.0,-1.7699999809265137,0.0,0.0,0.0,0.0,0.0,0.0,0.0,0.0,-0.0,-0.0,0.0
6.181859,0.0,0.0,-1.769999980926514,0.0,0.0,0.0,-1.7699999809265137,0.0,0.0,0.0,0.0,0.0,0.0,0.0,0.0,-0.0,-0.0,0.0
6.196332,0.0,0.0,-1.769999980926514,0.0,0.0,0.0,-1.7699999809265137,0.0,0.0,0.0,0.0,0.0,0.0,0.0,0.0,-0.0,-0.0,0.0
6.223747,0.0,0.0,-1.769999980926514,0.0,0.0,0.0,-1.7599999904632568,0.0,0.0,0.0,0.0,0.0,0.0,0.0,0.0,-0.0,-0.0,0.0
6.237823,0.0,0.0,-1.7599999904632568,0.0,0.0,0.0,-1.7599999904632568,0.0,0.0,0.0,0.0,0.0,0.0,0.0,0.0,-0.0,-0.0,0.0
6.251977,0.0,0.0,-1.7599999904632568,0.0,0.0,0.0,-1.7599999904632568,0.0,0.0,0.0,0.0,0.0,0.0,0.0,0.0,-0.0,-0.0,0.0
6.267303,0.0,0.0,-1.7599999904632568,0.0,0.0,0.0,-1.7599999904632568,0.0,0.0,0.0,0.0,0.0,0.0,0.0,0.0,-0.0,-0.0,0.0
6.282528,0.0,0.0,-1.7599999904632568,0.0,0.0,0.0,-1.7599999904632568,0.0,0.0,0.0,0.0,0.0,0.0,0.0,0.0,-0.0,-0.0,0.0
6.296816,0.0,0.0,-1.7599999904632568,0.0,0.0,0.0,-1.7599999904632568,0.0,0.0,0.0,0.0,0.0,0.0,0.0,0.0,-0.0,-0.0,0.0
6.310975,0.0,0.0,-1.7599999904632568,0.0,0.0,0.0,-1.7699999809265137,0.0,0.0,0.0,0.0,0.0,0.0,0.0,0.0,-0.0,-0.0,0.0
6.324212,0.0,0.0,-1.769999980926514,0.0,0.0,0.0,-1.7699999809265137,0.0,0.0,0.0,0.0,0.0,0.0,0.0,0.0,-0.0,-0.0,0.0
6.340424,0.0,0.0,-1.7799999713897705,0.0,0.0,0.0,-1.7799999713897705,0.0,0.0,0.0,0.0,0.0,0.0,0.0,0.0,-0.0,-0.0,0.0
6.355191,0.0,0.0,-1.7999999523162844,0.0,0.0,0.0,-1.7999999523162844,0.0,0.0,0.0,0.0,0.0,0.0,0.0,0.0,-0.0,-0.0,0.0
6.370498,0.0,0.0,-1.8200000524520878,0.0,0.0,0.0,-1.8200000524520874,0.0,0.0,0.0,0.0,0.0,0.0,0.0,0.0,-0.0,-0.0,0.0
6.383874,0.0,0.0,-1.8200000524520878,0.0,0.0,0.0,-1.840000033378601,0.0,0.0,0.0,0.0,0.0,0.0,0.0,0.0,-0.0,-0.0,0.0
6.396665,0.0,0.0,-1.840000033378601,0.0,0.0,0.0,-1.8600000143051147,0.0,0.0,0.0,0.0,0.0,0.0,0.0,0.0,-0.0,-0.0,0.0
6.410918,0.0,0.0,-1.8600000143051152,0.0,0.0,0.0,-1.8700000047683716,0.0,0.0,0.0,0.0,0.0,0.0,0.0,0.0,-0.0,-0.0,0.0
6.425064,0.0,0.0,-1.8700000047683716,0.0,0.0,0.0,-1.8799999952316284,0.0,0.0,0.0,0.0,0.0,0.0,0.0,0.0,-0.0,-0.0,0.0
6.438666,0.0,0.0,-1.8799999952316289,0.0,0.0,0.0,-1.8799999952316284,0.0,0.0,0.0,0.0,0.0,0.0,0.0,0.0,-0.0,-0.0,0.0
6.451632,0.0,0.0,-1.8799999952316289,0.0,0.0,0.0,-1.8799999952316284,0.0,0.0,0.0,0.0,0.0,0.0,0.0,0.0,-0.0,-0.0,0.0
6.464509,0.0,0.0,-1.8799999952316289,0.0,0.0,0.0,-1.8799999952316284,0.0,0.0,0.0,0.0,0.0,0.0,0.0,0.0,-0.0,-0.0,0.0
6.482649,0.0,0.0,-1.8700000047683716,0.0,0.0,0.0,-1.8600000143051147,0.0,0.0,0.0,0.0,0.0,0.0,0.0,0.0,-0.0,-0.0,0.0
6.496535,0.0,0.0,-1.8600000143051152,0.0,0.0,0.0,-1.840000033378601,0.0,0.0,0.0,0.0,0.0,0.0,0.0,0.0,-0.0,-0.0,0.0
6.511605,0.0,0.0,-1.840000033378601,0.0,0.0,0.0,-1.840000033378601,0.0,0.0,0.0,0.0,0.0,0.0,0.0,0.0,-0.0,-0.0,0.0
6.526932,0.0,0.0,-1.8300000429153442,0.0,0.0,0.0,-1.8099999427795412,0.0,0.0,0.0,0.0,0.0,0.0,0.0,0.0,-0.0,-0.0,0.0
6.5567,0.0,0.0,-1.8099999427795412,0.0,0.0,0.0,-1.7999999523162844,0.0,0.0,0.0,0.0,0.0,0.0,0.0,0.0,-0.0,-0.0,0.0
6.574386,0.0,0.0,-1.7899999618530278,0.0,0.0,0.0,-1.7899999618530276,0.0,0.0,0.0,0.0,0.0,0.0,0.0,0.0,-0.0,-0.0,0.0
6.589272,0.0,0.0,-1.7899999618530278,0.0,0.0,0.0,-1.7899999618530276,0.0,0.0,0.0,0.0,0.0,0.0,0.0,0.0,-0.0,-0.0,0.0
6.602104,0.0,0.0,-1.7899999618530278,0.0,0.0,0.0,-1.7899999618530276,0.0,0.0,0.0,0.0,0.0,0.0,0.0,0.0,-0.0,-0.0,0.0
6.616389,0.0,0.0,-1.7999999523162844,0.0,0.0,0.0,-1.7999999523162844,0.0,0.0,0.0,0.0,0.0,0.0,0.0,0.0,-0.0,-0.0,0.0
6.631274,0.0,0.0,-1.8200000524520878,0.0,0.0,0.0,-1.8200000524520874,0.0,0.0,0.0,0.0,0.0,0.0,0.0,0.0,-0.0,-0.0,0.0
6.648382,0.0,0.0,-1.8300000429153442,0.0,0.0,0.0,-1.840000033378601,0.0,0.0,0.0,0.0,0.0,0.0,0.0,0.0,-0.0,-0.0,0.0
6.662217,0.0,0.0,-1.840000033378601,0.0,0.0,0.0,-1.840000033378601,0.0,0.0,0.0,0.0,0.0,0.0,0.0,0.0,-0.0,-0.0,0.0
6.673742,0.0,0.0,-1.850000023841858,0.0,0.0,0.0,-1.850000023841858,0.0,0.0,0.0,0.0,0.0,0.0,0.0,0.0,-0.0,-0.0,0.0
6.68855,0.0,0.0,-1.850000023841858,0.0,0.0,0.0,-1.8600000143051147,0.0,0.0,0.0,0.0,0.0,0.0,0.0,0.0,-0.0,-0.0,0.0
6.699817,0.0,0.0,-1.8600000143051152,0.0,0.0,0.0,-1.8600000143051147,0.0,0.0,0.0,0.0,0.0,0.0,0.0,0.0,-0.0,-0.0,0.0
6.713134,0.0,0.0,-1.8600000143051152,0.0,0.0,0.0,-1.850000023841858,0.0,0.0,0.0,0.0,0.0,0.0,0.0,0.0,-0.0,-0.0,0.0
6.724415,0.0,0.0,-1.850000023841858,0.0,0.0,0.0,-1.850000023841858,0.0,0.0,0.0,0.0,0.0,0.0,0.0,0.0,-0.0,-0.0,0.0
6.736876,0.0,0.0,-1.840000033378601,0.0,0.0,0.0,-1.840000033378601,0.0,0.0,0.0,0.0,0.0,0.0,0.0,0.0,-0.0,-0.0,0.0
6.75327,0.0,0.0,-1.840000033378601,0.0,0.0,0.0,-1.840000033378601,0.0,0.0,0.0,0.0,0.0,0.0,0.0,0.0,-0.0,-0.0,0.0
6.767307,0.0,0.0,-1.840000033378601,0.0,0.0,0.0,-1.8300000429153442,0.0,0.0,0.0,0.0,0.0,0.0,0.0,0.0,-0.0,-0.0,0.0
6.780713,0.0,0.0,-1.8300000429153442,0.0,0.0,0.0,-1.8300000429153442,0.0,0.0,0.0,0.0,0.0,0.0,0.0,0.0,-0.0,-0.0,0.0
6.794885,0.0,0.0,-1.8300000429153442,0.0,0.0,0.0,-1.8200000524520874,0.0,0.0,0.0,0.0,0.0,0.0,0.0,0.0,-0.0,-0.0,0.0
6.807097,0.0,0.0,-1.8200000524520878,0.0,0.0,0.0,-1.8200000524520874,0.0,0.0,0.0,0.0,0.0,0.0,0.0,0.0,-0.0,-0.0,0.0
6.819892,0.0,0.0,-1.8200000524520878,0.0,0.0,0.0,-1.8200000524520874,0.0,0.0,0.0,0.0,0.0,0.0,0.0,0.0,-0.0,-0.0,0.0
6.832657,0.0,0.0,-1.8200000524520878,0.0,0.0,0.0,-1.8200000524520874,0.0,0.0,0.0,0.0,0.0,0.0,0.0,0.0,-0.0,-0.0,0.0
6.852666,0.0,0.0,-1.8200000524520878,0.0,0.0,0.0,-1.8200000524520874,0.0,0.0,0.0,0.0,0.0,0.0,0.0,0.0,-0.0,-0.0,0.0
6.872114,0.0,0.0,-1.8200000524520878,0.0,0.0,0.0,-1.8200000524520874,0.0,0.0,0.0,0.0,0.0,0.0,0.0,0.0,-0.0,-0.0,0.0
6.891903,0.0,0.0,-1.8200000524520878,0.0,0.0,0.0,-1.8300000429153442,0.0,0.0,0.0,0.0,0.0,0.0,0.0,0.0,-0.0,-0.0,0.0
6.911894,0.0,0.0,-1.8300000429153442,0.0,0.0,0.0,-1.840000033378601,0.0,0.0,0.0,0.0,0.0,0.0,0.0,0.0,-0.0,-0.0,0.0
6.932374,0.0,0.0,-1.840000033378601,0.0,0.0,0.0,-1.840000033378601,0.0,0.0,0.0,0.0,0.0,0.0,0.0,0.0,-0.0,-0.0,0.0
6.952112,0.0,0.0,-1.840000033378601,0.0,0.0,0.0,-1.840000033378601,0.0,0.0,0.0,0.0,0.0,0.0,0.0,0.0,-0.0,-0.0,0.0
6.972011,0.0,0.0,-1.840000033378601,0.0,0.0,0.0,-1.850000023841858,0.0,0.0,0.0,0.0,0.0,0.0,0.0,0.0,-0.0,-0.0,0.0
6.992227,0.0,0.0,-1.850000023841858,0.0,0.0,0.0,-1.850000023841858,0.0,0.0,0.0,0.0,0.0,0.0,0.0,0.0,-0.0,-0.0,0.0
7.011856,0.0,0.0,-1.850000023841858,0.0,0.0,0.0,-1.8600000143051147,0.0,0.0,0.0,0.0,0.0,0.0,0.0,0.0,-0.0,-0.0,0.0
7.032187,0.0,0.0,-1.8600000143051152,0.0,0.0,0.0,-1.8700000047683716,0.0,0.0,0.0,0.0,0.0,0.0,0.0,0.0,-0.0,-0.0,0.0
7.052592,0.0,0.0,-1.8700000047683716,0.0,0.0,0.0,-1.8799999952316284,0.0,0.0,0.0,0.0,0.0,0.0,0.0,0.0,-0.0,-0.0,0.0
7.07985,0.0,0.0,-1.8799999952316289,0.0,0.0,0.0,-1.8899999856948853,0.0,0.0,0.0,0.0,0.0,0.0,0.0,0.0,-0.0,-0.0,0.0
7.092315,0.0,0.0,-1.8899999856948853,0.0,0.0,0.0,-1.8899999856948853,0.0,0.0,0.0,0.0,0.0,0.0,0.0,0.0,-0.0,-0.0,0.0
7.112129,0.0,0.0,-1.8899999856948853,0.0,0.0,0.0,-1.899999976158142,0.0,0.0,0.0,0.0,0.0,0.0,0.0,0.0,-0.0,-0.0,0.0
7.131888,0.0,0.0,-1.8899999856948853,0.0,0.0,0.0,-1.8899999856948853,0.0,0.0,0.0,0.0,0.0,0.0,0.0,0.0,-0.0,-0.0,0.0
7.15214,0.0,0.0,-1.8899999856948853,0.0,0.0,0.0,-1.8799999952316284,0.0,0.0,0.0,0.0,0.0,0.0,0.0,0.0,-0.0,-0.0,0.0
7.172647,0.0,0.0,-1.8799999952316289,0.0,0.0,0.0,-1.8700000047683716,0.0,0.0,0.0,0.0,0.0,0.0,0.0,0.0,-0.0,-0.0,0.0
7.192292,0.0,0.0,-1.8700000047683716,0.0,0.0,0.0,-1.8600000143051147,0.0,0.0,0.0,0.0,0.0,0.0,0.0,0.0,-0.0,-0.0,0.0
7.211875,0.0,0.0,-1.8600000143051152,0.0,0.0,0.0,-1.8600000143051147,0.0,0.0,0.0,0.0,0.0,0.0,0.0,0.0,-0.0,-0.0,0.0
7.234837,0.0,0.0,-1.8600000143051152,0.0,0.0,0.0,-1.8700000047683716,0.0,0.0,0.0,0.0,0.0,0.0,0.0,0.0,-0.0,-0.0,0.0
7.255065,0.0,0.0,-1.8700000047683716,0.0,0.0,0.0,-1.8700000047683716,0.0,0.0,0.0,0.0,0.0,0.0,0.0,0.0,-0.0,-0.0,0.0
7.292316,0.0,0.0,-1.8700000047683716,0.0,0.0,0.0,-1.8700000047683716,0.0,0.0,0.0,0.0,0.0,0.0,0.0,0.0,-0.0,-0.0,0.0
7.30507,0.0,0.0,-1.8700000047683716,0.0,0.0,0.0,-1.8700000047683716,0.0,0.0,0.0,0.0,0.0,0.0,0.0,0.0,-0.0,-0.0,0.0
7.319502,0.0,0.0,-1.8700000047683716,0.0,0.0,0.0,-1.8600000143051147,0.0,0.0,0.0,0.0,0.0,0.0,0.0,0.0,-0.0,-0.0,0.0
7.333698,0.0,0.0,-1.8600000143051152,0.0,0.0,0.0,-1.8600000143051147,0.0,0.0,0.0,0.0,0.0,0.0,0.0,0.0,-0.0,-0.0,0.0
7.352434,0.0,0.0,-1.8600000143051152,0.0,0.0,0.0,-1.8600000143051147,0.0,0.0,0.0,0.0,0.0,0.0,0.0,0.0,-0.0,-0.0,0.0
7.37184,0.0,0.0,-1.8600000143051152,0.0,0.0,0.0,-1.8600000143051147,0.0,0.0,0.0,0.0,0.0,0.0,0.0,0.0,-0.0,-0.0,0.0
7.391719,0.0,0.0,-1.8600000143051152,0.0,0.0,0.0,-1.850000023841858,0.0,0.0,0.0,0.0,0.0,0.0,0.0,0.0,-0.0,-0.0,0.0
7.412293,0.0,0.0,-1.850000023841858,0.0,0.0,0.0,-1.850000023841858,0.0,0.0,0.0,0.0,0.0,0.0,0.0,0.0,-0.0,-0.0,0.0
7.431712,0.0,0.0,-1.850000023841858,0.0,0.0,0.0,-1.850000023841858,0.0,0.0,0.0,0.0,0.0,0.0,0.0,0.0,-0.0,-0.0,0.0
7.451977,0.0,0.0,-1.850000023841858,0.0,0.0,0.0,-1.850000023841858,0.0,0.0,0.0,0.0,0.0,0.0,0.0,0.0,-0.0,-0.0,0.0
7.47203,0.0,0.0,-1.850000023841858,0.0,0.0,0.0,-1.850000023841858,0.0,0.0,0.0,0.0,0.0,0.0,0.0,0.0,-0.0,-0.0,0.0
7.491534,0.0,0.0,-1.850000023841858,0.0,0.0,0.0,-1.8600000143051147,0.0,0.0,0.0,0.0,0.0,0.0,0.0,0.0,-0.0,-0.0,0.0
7.511769,0.0,0.0,-1.8600000143051152,0.0,0.0,0.0,-1.8600000143051147,0.0,0.0,0.0,0.0,0.0,0.0,0.0,0.0,-0.0,-0.0,0.0
7.531899,0.0,0.0,-1.8600000143051152,0.0,0.0,0.0,-1.8700000047683716,0.0,0.0,0.0,0.0,0.0,0.0,0.0,0.0,-0.0,-0.0,0.0
7.552469,0.0,0.0,-1.8700000047683716,0.0,0.0,0.0,-1.8700000047683716,0.0,0.0,0.0,0.0,0.0,0.0,0.0,0.0,-0.0,-0.0,0.0
7.571725,0.0,0.0,-1.8700000047683716,0.0,0.0,0.0,-1.8700000047683716,0.0,0.0,0.0,0.0,0.0,0.0,0.0,0.0,-0.0,-0.0,0.0
7.592065,0.0,0.0,-1.8700000047683716,0.0,0.0,0.0,-1.8700000047683716,0.0,0.0,0.0,0.0,0.0,0.0,0.0,0.0,-0.0,-0.0,0.0
7.612202,0.0,0.0,-1.8700000047683716,0.0,0.0,0.0,-1.8600000143051147,0.0,0.0,0.0,0.0,0.0,0.0,0.0,0.0,-0.0,-0.0,0.0
7.631613,0.0,0.0,-1.8600000143051152,0.0,0.0,0.0,-1.850000023841858,0.0,0.0,0.0,0.0,0.0,0.0,0.0,0.0,-0.0,-0.0,0.0
7.657238,0.0,0.0,-1.850000023841858,0.0,0.0,0.0,-1.840000033378601,0.0,0.0,0.0,0.0,0.0,0.0,0.0,0.0,-0.0,-0.0,0.0
7.672536,0.0,0.0,-1.840000033378601,0.0,0.0,0.0,-1.8300000429153442,0.0,0.0,0.0,0.0,0.0,0.0,0.0,0.0,-0.0,-0.0,0.0
7.691694,0.0,0.0,-1.8300000429153442,0.0,0.0,0.0,-1.8200000524520874,0.0,0.0,0.0,0.0,0.0,0.0,0.0,0.0,-0.0,-0.0,0.0
7.712214,0.0,0.0,-1.8200000524520878,0.0,0.0,0.0,-1.8200000524520874,0.0,0.0,0.0,0.0,0.0,0.0,0.0,0.0,-0.0,-0.0,0.0
7.73206,0.0,0.0,-1.8200000524520878,0.0,0.0,0.0,-1.8200000524520874,0.0,0.0,0.0,0.0,0.0,0.0,0.0,0.0,-0.0,-0.0,0.0
7.7522,0.0,0.0,-1.8200000524520878,0.0,0.0,0.0,-1.8099999427795412,0.0,0.0,0.0,0.0,0.0,0.0,0.0,0.0,-0.0,-0.0,0.0
7.771965,0.0,0.0,-1.8099999427795412,0.0,0.0,0.0,-1.8099999427795412,0.0,0.0,0.0,0.0,0.0,0.0,0.0,0.0,-0.0,-0.0,0.0
7.791855,0.0,0.0,-1.8099999427795412,0.0,0.0,0.0,-1.7999999523162844,0.0,0.0,0.0,0.0,0.0,0.0,0.0,0.0,-0.0,-0.0,0.0
7.811622,0.0,0.0,-1.7999999523162844,0.0,0.0,0.0,-1.7999999523162844,0.0,0.0,0.0,0.0,0.0,0.0,0.0,0.0,-0.0,-0.0,0.0
7.831951,0.0,0.0,-1.7999999523162844,0.0,0.0,0.0,-1.7999999523162844,0.0,0.0,0.0,0.0,0.0,0.0,0.0,0.0,-0.0,-0.0,0.0
7.852046,0.0,0.0,-1.7999999523162844,0.0,0.0,0.0,-1.7999999523162844,0.0,0.0,0.0,0.0,0.0,0.0,0.0,0.0,-0.0,-0.0,0.0
7.872034,0.0,0.0,-1.7999999523162844,0.0,0.0,0.0,-1.8200000524520874,0.0,0.0,0.0,0.0,0.0,0.0,0.0,0.0,-0.0,-0.0,0.0
7.89211,0.0,0.0,-1.8200000524520878,0.0,0.0,0.0,-1.8300000429153442,0.0,0.0,0.0,0.0,0.0,0.0,0.0,0.0,-0.0,-0.0,0.0
7.911893,0.0,0.0,-1.8300000429153442,0.0,0.0,0.0,-1.8300000429153442,0.0,0.0,0.0,0.0,0.0,0.0,0.0,0.0,-0.0,-0.0,0.0
7.931825,0.0,0.0,-1.8300000429153442,0.0,0.0,0.0,-1.840000033378601,0.0,0.0,0.0,0.0,0.0,0.0,0.0,0.0,-0.0,-0.0,0.0
7.952415,0.0,0.0,-1.840000033378601,0.0,0.0,0.0,-1.840000033378601,0.0,0.0,0.0,0.0,0.0,0.0,0.0,0.0,-0.0,-0.0,0.0
7.971732,0.0,0.0,-1.840000033378601,0.0,0.0,0.0,-1.840000033378601,0.0,0.0,0.0,0.0,0.0,0.0,0.0,0.0,-0.0,-0.0,0.0
7.992406,0.0,0.0,-1.840000033378601,0.0,0.0,0.0,-1.840000033378601,0.0,0.0,0.0,0.0,0.0,0.0,0.0,0.0,-0.0,-0.0,0.0
8.011844,0.0,0.0,-1.840000033378601,0.0,0.0,0.0,-1.840000033378601,0.0,0.0,0.0,0.0,0.0,0.0,0.0,0.0,-0.0,-0.0,0.0
8.031664,0.0,0.0,-1.840000033378601,0.0,0.0,0.0,-1.840000033378601,0.0,0.0,0.0,0.0,0.0,0.0,0.0,0.0,-0.0,-0.0,0.0
8.05192,0.0,0.0,-1.840000033378601,0.0,0.0,0.0,-1.850000023841858,0.0,0.0,0.0,0.0,0.0,0.0,0.0,0.0,-0.0,-0.0,0.0
8.072197,0.0,0.0,-1.850000023841858,0.0,0.0,0.0,-1.850000023841858,0.0,0.0,0.0,0.0,0.0,0.0,0.0,0.0,-0.0,-0.0,0.0
8.091702,0.0,0.0,-1.850000023841858,0.0,0.0,0.0,-1.850000023841858,0.0,0.0,0.0,0.0,0.0,0.0,0.0,0.0,-0.0,-0.0,0.0
8.111677,0.0,0.0,-1.850000023841858,0.0,0.0,0.0,-1.850000023841858,0.0,0.0,0.0,0.0,0.0,0.0,0.0,0.0,-0.0,-0.0,0.0
8.131929,0.0,0.0,-1.850000023841858,0.0,0.0,0.0,-1.850000023841858,0.0,0.0,0.0,0.0,0.0,0.0,0.0,0.0,-0.0,-0.0,0.0
8.152094,0.0,0.0,-1.850000023841858,0.0,0.0,0.0,-1.8600000143051147,0.0,0.0,0.0,0.0,0.0,0.0,0.0,0.0,-0.0,-0.0,0.0
8.171759,0.0,0.0,-1.8600000143051152,0.0,0.0,0.0,-1.8600000143051147,0.0,0.0,0.0,0.0,0.0,0.0,0.0,0.0,-0.0,-0.0,0.0
8.191887,0.0,0.0,-1.8600000143051152,0.0,0.0,0.0,-1.8600000143051147,0.0,0.0,0.0,0.0,0.0,0.0,0.0,0.0,-0.0,-0.0,0.0
8.213167,0.0,0.0,-1.8600000143051152,0.0,0.0,0.0,-1.850000023841858,0.0,0.0,0.0,0.0,0.0,0.0,0.0,0.0,-0.0,-0.0,0.0
8.232154,0.0,0.0,-1.850000023841858,0.0,0.0,0.0,-1.850000023841858,0.0,0.0,0.0,0.0,0.0,0.0,0.0,0.0,-0.0,-0.0,0.0
8.252094,0.0,0.0,-1.850000023841858,0.0,0.0,0.0,-1.840000033378601,0.0,0.0,0.0,0.0,0.0,0.0,0.0,0.0,-0.0,-0.0,0.0
8.271716,0.0,0.0,-1.840000033378601,0.0,0.0,0.0,-1.840000033378601,0.0,0.0,0.0,0.0,0.0,0.0,0.0,0.0,-0.0,-0.0,0.0
8.291679,0.0,0.0,-1.840000033378601,0.0,0.0,0.0,-1.840000033378601,0.0,0.0,0.0,0.0,0.0,0.0,0.0,0.0,-0.0,-0.0,0.0
8.312014,0.0,0.0,-1.840000033378601,0.0,0.0,0.0,-1.850000023841858,0.0,0.0,0.0,0.0,0.0,0.0,0.0,0.0,-0.0,-0.0,0.0
8.331739,0.0,0.0,-1.850000023841858,0.0,0.0,0.0,-1.840000033378601,0.0,0.0,0.0,0.0,0.0,0.0,0.0,0.0,-0.0,-0.0,0.0
8.352291,0.0,0.0,-1.840000033378601,0.0,0.0,0.0,-1.840000033378601,0.0,0.0,0.0,0.0,0.0,0.0,0.0,0.0,-0.0,-0.0,0.0
8.371815,0.0,0.0,-1.840000033378601,0.0,0.0,0.0,-1.850000023841858,0.0,0.0,0.0,0.0,0.0,0.0,0.0,0.0,-0.0,-0.0,0.0
8.393266,0.0,0.0,-1.850000023841858,0.0,0.0,0.0,-1.850000023841858,0.0,0.0,0.0,0.0,0.0,0.0,0.0,0.0,-0.0,-0.0,0.0
8.411747,0.0,0.0,-1.850000023841858,0.0,0.0,0.0,-1.850000023841858,0.0,0.0,0.0,0.0,0.0,0.0,0.0,0.0,-0.0,-0.0,0.0
8.431839,0.0,0.0,-1.850000023841858,0.0,0.0,0.0,-1.850000023841858,0.0,0.0,0.0,0.0,0.0,0.0,0.0,0.0,-0.0,-0.0,0.0
8.451766,0.0,0.0,-1.850000023841858,0.0,0.0,0.0,-1.850000023841858,0.0,0.0,0.0,0.0,0.0,0.0,0.0,0.0,-0.0,-0.0,0.0
8.471858,0.0,0.0,-1.850000023841858,0.0,0.0,0.0,-1.8600000143051147,0.0,0.0,0.0,0.0,0.0,0.0,0.0,0.0,-0.0,-0.0,0.0
8.49214,0.0,0.0,-1.8600000143051152,0.0,0.0,0.0,-1.8700000047683716,0.0,0.0,0.0,0.0,0.0,0.0,0.0,0.0,-0.0,-0.0,0.0
8.511617,0.0,0.0,-1.8700000047683716,0.0,0.0,0.0,-1.8700000047683716,0.0,0.0,0.0,0.0,0.0,0.0,0.0,0.0,-0.0,-0.0,0.0
8.531865,0.0,0.0,-1.8700000047683716,0.0,0.0,0.0,-1.8799999952316284,0.0,0.0,0.0,0.0,0.0,0.0,0.0,0.0,-0.0,-0.0,0.0
8.55436,0.0,0.0,-1.8799999952316289,0.0,0.0,0.0,-1.8799999952316284,0.0,0.0,0.0,0.0,0.0,0.0,0.0,0.0,-0.0,-0.0,0.0
8.590976,0.0,0.0,-1.8799999952316289,0.0,0.0,0.0,-1.8600000143051147,0.0,0.0,0.0,0.0,0.0,0.0,0.0,0.0,-0.0,-0.0,0.0
8.611876,0.0,0.0,-1.8600000143051152,0.0,0.0,0.0,-1.8200000524520874,0.0,0.0,0.0,0.0,0.0,0.0,0.0,0.0,-0.0,-0.0,0.0
8.62498,0.0,0.0,-1.8200000524520878,0.0,0.0,0.0,-1.8200000524520874,0.0,0.0,0.0,0.0,0.0,0.0,0.0,0.0,-0.0,-0.0,0.0
8.63366,0.0,0.0,-1.8200000524520878,0.0,0.0,0.0,-1.7999999523162844,0.0,0.0,0.0,0.0,0.0,0.0,0.0,0.0,-0.0,-0.0,0.0
8.657867,0.0,0.0,-1.7999999523162844,0.0,0.0,0.0,-1.7699999809265137,0.0,0.0,0.0,0.0,0.0,0.0,0.0,0.0,-0.0,-0.0,0.0
8.673652,0.0,0.0,-1.769999980926514,0.0,0.0,0.0,-1.7599999904632568,0.0,0.0,0.0,0.0,0.0,0.0,0.0,0.0,-0.0,-0.0,0.0
8.696499,0.0,0.0,-1.7599999904632568,0.0,0.0,0.0,-1.75,0.0,0.0,0.0,0.0,0.0,0.0,0.0,0.0,-0.0,-0.0,0.0
8.711624,0.0,0.0,-1.75,0.0,0.0,0.0,-1.75,0.0,0.0,0.0,0.0,0.0,0.0,0.0,0.0,-0.0,-0.0,0.0
8.732014,0.0,0.0,-1.75,0.0,0.0,0.0,-1.7599999904632568,0.0,0.0,0.0,0.0,0.0,0.0,0.0,0.0,-0.0,-0.0,0.0
8.751823,0.0,0.0,-1.7599999904632568,0.0,0.0,0.0,-1.7699999809265137,0.0,0.0,0.0,0.0,0.0,0.0,0.0,0.0,-0.0,-0.0,0.0
8.771729,0.0,0.0,-1.769999980926514,0.0,0.0,0.0,-1.7799999713897705,0.0,0.0,0.0,0.0,0.0,0.0,0.0,0.0,-0.0,-0.0,0.0
8.792055,0.0,0.0,-1.7799999713897705,0.0,0.0,0.0,-1.7899999618530276,0.0,0.0,0.0,0.0,0.0,0.0,0.0,0.0,-0.0,-0.0,0.0
8.811434,0.0,0.0,-1.7999999523162844,0.0,0.0,0.0,-1.8099999427795412,0.0,0.0,0.0,0.0,0.0,0.0,0.0,0.0,-0.0,-0.0,0.0
8.831723,0.0,0.0,-1.8099999427795412,0.0,0.0,0.0,-1.8200000524520874,0.0,0.0,0.0,0.0,0.0,0.0,0.0,0.0,-0.0,-0.0,0.0
8.852071,0.0,0.0,-1.8200000524520878,0.0,0.0,0.0,-1.8300000429153442,0.0,0.0,0.0,0.0,0.0,0.0,0.0,0.0,-0.0,-0.0,0.0
8.871696,0.0,0.0,-1.850000023841858,0.0,0.0,0.0,-1.8700000047683716,0.0,0.0,0.0,0.0,0.0,0.0,0.0,0.0,-0.0,-0.0,0.0
8.891543,0.0,0.0,-1.8700000047683716,0.0,0.0,0.0,-1.8799999952316284,0.0,0.0,0.0,0.0,0.0,0.0,0.0,0.0,-0.0,-0.0,0.0
8.91208,0.0,0.0,-1.8799999952316289,0.0,0.0,0.0,-1.8899999856948853,0.0,0.0,0.0,0.0,0.0,0.0,0.0,0.0,-0.0,-0.0,0.0
8.93182,0.0,0.0,-1.8999999761581425,0.0,0.0,0.0,-1.899999976158142,0.0,0.0,0.0,0.0,0.0,0.0,0.0,0.0,-0.0,-0.0,0.0
8.951901,0.0,0.0,-1.8999999761581425,0.0,0.0,0.0,-1.899999976158142,0.0,0.0,0.0,0.0,0.0,0.0,0.0,0.0,-0.0,-0.0,0.0
8.97208,0.0,0.0,-1.8999999761581425,0.0,0.0,0.0,-1.899999976158142,0.0,0.0,0.0,0.0,0.0,0.0,0.0,0.0,-0.0,-0.0,0.0
8.99169,0.0,0.0,-1.8999999761581425,0.0,0.0,0.0,-1.8899999856948853,0.0,0.0,0.0,0.0,0.0,0.0,0.0,0.0,-0.0,-0.0,0.0
9.011642,0.0,0.0,-1.8899999856948853,0.0,0.0,0.0,-1.8899999856948853,0.0,0.0,0.0,0.0,0.0,0.0,0.0,0.0,-0.0,-0.0,0.0
9.031829,0.0,0.0,-1.8899999856948853,0.0,0.0,0.0,-1.8899999856948853,0.0,0.0,0.0,0.0,0.0,0.0,0.0,0.0,-0.0,-0.0,0.0
9.0519,0.0,0.0,-1.8899999856948853,0.0,0.0,0.0,-1.8899999856948853,0.0,0.0,0.0,0.0,0.0,0.0,0.0,0.0,-0.0,-0.0,0.0
9.071783,0.0,0.0,-1.8899999856948853,0.0,0.0,0.0,-1.8899999856948853,0.0,0.0,0.0,0.0,0.0,0.0,0.0,0.0,-0.0,-0.0,0.0
9.092278,0.0,0.0,-1.8899999856948853,0.0,0.0,0.0,-1.899999976158142,0.0,0.0,0.0,0.0,0.0,0.0,0.0,0.0,-0.0,-0.0,0.0
9.11166,0.0,0.0,-1.8999999761581425,0.0,0.0,0.0,-1.909999966621399,0.0,0.0,0.0,0.0,0.0,0.0,0.0,0.0,-0.0,-0.0,0.0
9.132463,0.0,0.0,-1.909999966621399,0.0,0.0,0.0,-1.909999966621399,0.0,0.0,0.0,0.0,0.0,0.0,0.0,0.0,-0.0,-0.0,0.0
9.152423,0.0,0.0,-1.909999966621399,0.0,0.0,0.0,-1.909999966621399,0.0,0.0,0.0,0.0,0.0,0.0,0.0,0.0,-0.0,-0.0,0.0
9.171515,0.0,0.0,-1.909999966621399,0.0,0.0,0.0,-1.909999966621399,0.0,0.0,0.0,0.0,0.0,0.0,0.0,0.0,-0.0,-0.0,0.0
9.191745,0.0,0.0,-1.909999966621399,0.0,0.0,0.0,-1.909999966621399,0.0,0.0,0.0,0.0,0.0,0.0,0.0,0.0,-0.0,-0.0,0.0
9.211916,0.0,0.0,-1.909999966621399,0.0,0.0,0.0,-1.909999966621399,0.0,0.0,0.0,0.0,0.0,0.0,0.0,0.0,-0.0,-0.0,0.0
9.232003,0.0,0.0,-1.909999966621399,0.0,0.0,0.0,-1.9299999475479126,0.0,0.0,0.0,0.0,0.0,0.0,0.0,0.0,-0.0,-0.0,0.0
9.251964,0.0,0.0,-1.9299999475479126,0.0,0.0,0.0,-1.940000057220459,0.0,0.0,0.0,0.0,0.0,0.0,0.0,0.0,-0.0,-0.0,0.0
9.272025,0.0,0.0,-1.940000057220459,0.0,0.0,0.0,-1.9500000476837158,0.0,0.0,0.0,0.0,0.0,0.0,0.0,0.0,-0.0,-0.0,0.0
9.294316,0.0,0.0,-1.9500000476837163,0.0,0.0,0.0,-1.9700000286102295,0.0,0.0,0.0,0.0,0.0,0.0,0.0,0.0,-0.0,-0.0,0.0
9.311639,0.0,0.0,-1.97000002861023,0.0,0.0,0.0,-1.9800000190734863,0.0,0.0,0.0,0.0,0.0,0.0,0.0,0.0,-0.0,-0.0,0.0
9.333264,0.0,0.0,-1.9800000190734863,0.0,0.0,0.0,-1.9900000095367432,0.0,0.0,0.0,0.0,0.0,0.0,0.0,0.0,-0.0,-0.0,0.0
9.351897,0.0,0.0,-1.9900000095367427,0.0,0.0,0.0,-1.9900000095367432,0.0,0.0,0.0,0.0,0.0,0.0,0.0,0.0,-0.0,-0.0,0.0
9.371826,0.0,0.0,-1.9900000095367427,0.0,0.0,0.0,-1.9800000190734863,0.0,0.0,0.0,0.0,0.0,0.0,0.0,0.0,-0.0,-0.0,0.0
9.39179,0.0,0.0,-1.9800000190734863,0.0,0.0,0.0,-1.9800000190734863,0.0,0.0,0.0,0.0,0.0,0.0,0.0,0.0,-0.0,-0.0,0.0
9.411655,0.0,0.0,-1.9800000190734863,0.0,0.0,0.0,-1.9800000190734863,0.0,0.0,0.0,0.0,0.0,0.0,0.0,0.0,-0.0,-0.0,0.0
9.431437,0.0,0.0,-1.9800000190734863,0.0,0.0,0.0,-1.9700000286102295,0.0,0.0,0.0,0.0,0.0,0.0,0.0,0.0,-0.0,-0.0,0.0
9.452266,0.0,0.0,-1.97000002861023,0.0,0.0,0.0,-1.9700000286102295,0.0,0.0,0.0,0.0,0.0,0.0,0.0,0.0,-0.0,-0.0,0.0
9.4717,0.0,0.0,-1.97000002861023,0.0,0.0,0.0,-1.9700000286102295,0.0,0.0,0.0,0.0,0.0,0.0,0.0,0.0,-0.0,-0.0,0.0
9.491674,0.0,0.0,-1.97000002861023,0.0,0.0,0.0,-1.9700000286102295,0.0,0.0,0.0,0.0,0.0,0.0,0.0,0.0,-0.0,-0.0,0.0
9.511955,0.0,0.0,-1.97000002861023,0.0,0.0,0.0,-1.9600000381469727,0.0,0.0,0.0,0.0,0.0,0.0,0.0,0.0,-0.0,-0.0,0.0
9.531539,0.0,0.0,-1.9600000381469727,0.0,0.0,0.0,-1.9500000476837158,0.0,0.0,0.0,0.0,0.0,0.0,0.0,0.0,-0.0,-0.0,0.0
9.551878,0.0,0.0,-1.9500000476837163,0.0,0.0,0.0,-1.940000057220459,0.0,0.0,0.0,0.0,0.0,0.0,0.0,0.0,-0.0,-0.0,0.0
9.571861,0.0,0.0,-1.940000057220459,0.0,0.0,0.0,-1.940000057220459,0.0,0.0,0.0,0.0,0.0,0.0,0.0,0.0,-0.0,-0.0,0.0
9.591561,0.0,0.0,-1.940000057220459,0.0,0.0,0.0,-1.940000057220459,0.0,0.0,0.0,0.0,0.0,0.0,0.0,0.0,-0.0,-0.0,0.0
9.6115,0.0,0.0,-1.940000057220459,0.0,0.0,0.0,-1.9299999475479126,0.0,0.0,0.0,0.0,0.0,0.0,0.0,0.0,-0.0,-0.0,0.0
9.631724,0.0,0.0,-1.9299999475479126,0.0,0.0,0.0,-1.9299999475479126,0.0,0.0,0.0,0.0,0.0,0.0,0.0,0.0,-0.0,-0.0,0.0
9.652781,0.0,0.0,-1.9299999475479126,0.0,0.0,0.0,-1.899999976158142,0.0,0.0,0.0,0.0,0.0,0.0,0.0,0.0,-0.0,-0.0,0.0
9.671634,0.0,0.0,-1.8999999761581425,0.0,0.0,0.0,-1.8799999952316284,0.0,0.0,0.0,0.0,0.0,0.0,0.0,0.0,-0.0,-0.0,0.0
9.691712,0.0,0.0,-1.8799999952316289,0.0,0.0,0.0,-1.8700000047683716,0.0,0.0,0.0,0.0,0.0,0.0,0.0,0.0,-0.0,-0.0,0.0
9.711524,0.0,0.0,-1.8700000047683716,0.0,0.0,0.0,-1.8300000429153442,0.0,0.0,0.0,0.0,0.0,0.0,0.0,0.0,-0.0,-0.0,0.0
9.731681,0.0,0.0,-1.8300000429153442,0.0,0.0,0.0,-1.8099999427795412,0.0,0.0,0.0,0.0,0.0,0.0,0.0,0.0,-0.0,-0.0,0.0
9.75185,0.0,0.0,-1.8099999427795412,0.0,0.0,0.0,-1.7999999523162844,0.0,0.0,0.0,0.0,0.0,0.0,0.0,0.0,-0.0,-0.0,0.0
9.771735,0.0,0.0,-1.7999999523162844,0.0,0.0,0.0,-1.7799999713897705,0.0,0.0,0.0,0.0,0.0,0.0,0.0,0.0,-0.0,-0.0,0.0
9.791672,0.0,0.0,-1.7799999713897705,0.0,0.0,0.0,-1.7699999809265137,0.0,0.0,0.0,0.0,0.0,0.0,0.0,0.0,-0.0,-0.0,0.0
9.811744,0.0,0.0,-1.769999980926514,0.0,0.0,0.0,-1.7699999809265137,0.0,0.0,0.0,0.0,0.0,0.0,0.0,0.0,-0.0,-0.0,0.0
9.831895,0.0,0.0,-1.769999980926514,0.0,0.0,0.0,-1.7699999809265137,0.0,0.0,0.0,0.0,0.0,0.0,0.0,0.0,-0.0,-0.0,0.0
9.851753,0.0,0.0,-1.769999980926514,0.0,0.0,0.0,-1.7899999618530276,0.0,0.0,0.0,0.0,0.0,0.0,0.0,0.0,-0.0,-0.0,0.0
9.871981,0.0,0.0,-1.7899999618530278,0.0,0.0,0.0,-1.8099999427795412,0.0,0.0,0.0,0.0,0.0,0.0,0.0,0.0,-0.0,-0.0,0.0
9.891809,0.0,0.0,-1.8099999427795412,0.0,0.0,0.0,-1.8600000143051147,0.0,0.0,0.0,0.0,0.0,0.0,0.0,0.0,-0.0,-0.0,0.0
9.911401,0.0,0.0,-1.8600000143051152,0.0,0.0,0.0,-1.8899999856948853,0.0,0.0,0.0,0.0,0.0,0.0,0.0,0.0,-0.0,-0.0,0.0
9.933065,0.0,0.0,-1.8899999856948853,0.0,0.0,0.0,-1.9199999570846558,0.0,0.0,0.0,0.0,0.0,0.0,0.0,0.0,-0.0,-0.0,0.0
9.952879,0.0,0.0,-1.9199999570846562,0.0,0.0,0.0,-1.9800000190734863,0.0,0.0,0.0,0.0,0.0,0.0,0.0,0.0,-0.0,-0.0,0.0
9.972422,0.0,0.0,-1.9800000190734863,0.0,0.0,0.0,-2.0,0.0,0.0,0.0,0.0,0.0,0.0,0.0,0.0,-0.0,-0.0,0.0
9.991997,0.0,0.0,-2.0,0.0,0.0,0.0,-2.0199999809265137,0.0,0.0,0.0,0.0,0.0,0.0,0.0,0.0,-0.0,-0.0,0.0
10.011753,0.0,0.0,-2.0199999809265137,0.0,0.0,0.0,-2.059999942779541,0.0,0.0,0.0,0.0,0.0,0.0,0.0,0.0,-0.0,-0.0,0.0
10.033879,0.0,0.0,-2.059999942779541,0.0,0.0,0.0,-2.069999933242798,0.0,0.0,0.0,0.0,0.0,0.0,0.0,0.0,-0.0,-0.0,0.0
10.051752,0.0,0.0,-2.069999933242798,0.0,0.0,0.0,-2.0799999237060547,0.0,0.0,0.0,0.0,0.0,0.0,0.0,0.0,-0.0,-0.0,0.0
10.071601,0.0,0.0,-2.0799999237060547,0.0,0.0,0.0,-2.0899999141693115,0.0,0.0,0.0,0.0,0.0,0.0,0.0,0.0,-0.0,-0.0,0.0
10.091243,0.0,0.0,-2.0899999141693115,0.0,0.0,0.0,-2.0899999141693115,0.0,0.0,0.0,0.0,0.0,0.0,0.0,0.0,-0.0,-0.0,0.0
10.111585,0.0,0.0,-2.0899999141693115,0.0,0.0,0.0,-2.0799999237060547,0.0,0.0,0.0,0.0,0.0,0.0,0.0,0.0,-0.0,-0.0,0.0
10.131325,0.0,0.0,-2.0799999237060547,0.0,0.0,0.0,-2.059999942779541,0.0,0.0,0.0,0.0,0.0,0.0,0.0,0.0,-0.0,-0.0,0.0
10.151661,0.0,0.0,-2.059999942779541,0.0,0.0,0.0,-2.049999952316284,0.0,0.0,0.0,0.0,0.0,0.0,0.0,0.0,-0.0,-0.0,0.0
10.171658,0.0,0.0,-2.0499999523162837,0.0,0.0,0.0,-2.0399999618530273,0.0,0.0,0.0,0.0,0.0,0.0,0.0,0.0,-0.0,-0.0,0.0
10.191531,0.0,0.0,-2.0399999618530273,0.0,0.0,0.0,-2.009999990463257,0.0,0.0,0.0,0.0,0.0,0.0,0.0,0.0,-0.0,-0.0,0.0
10.211314,0.0,0.0,-2.009999990463257,0.0,0.0,0.0,-2.009999990463257,0.0,0.0,0.0,0.0,0.0,0.0,0.0,0.0,-0.0,-0.0,0.0
10.231617,0.0,0.0,-2.009999990463257,0.0,0.0,0.0,-2.0,0.0,0.0,0.0,0.0,0.0,0.0,0.0,0.0,-0.0,-0.0,0.0
10.25179,0.0,0.0,-2.0,0.0,0.0,0.0,-1.9700000286102295,0.0,0.0,0.0,0.0,0.0,0.0,0.0,0.0,-0.0,-0.0,0.0
10.271323,0.0,0.0,-1.97000002861023,0.0,0.0,0.0,-1.9600000381469727,0.0,0.0,0.0,0.0,0.0,0.0,0.0,0.0,-0.0,-0.0,0.0
10.291885,0.0,0.0,-1.9600000381469727,0.0,0.0,0.0,-1.9500000476837158,0.0,0.0,0.0,0.0,0.0,0.0,0.0,0.0,-0.0,-0.0,0.0
10.311509,0.0,0.0,-1.9500000476837163,0.0,0.0,0.0,-1.940000057220459,0.0,0.0,0.0,0.0,0.0,0.0,0.0,0.0,-0.0,-0.0,0.0
10.331227,0.0,0.0,-1.940000057220459,0.0,0.0,0.0,-1.9299999475479126,0.0,0.0,0.0,0.0,0.0,0.0,0.0,0.0,-0.0,-0.0,0.0
10.35204,0.0,0.0,-1.9299999475479126,0.0,0.0,0.0,-1.940000057220459,0.0,0.0,0.0,0.0,0.0,0.0,0.0,0.0,-0.0,-0.0,0.0
10.371546,0.0,0.0,-1.940000057220459,0.0,0.0,0.0,-1.9600000381469727,0.0,0.0,0.0,0.0,0.0,0.0,0.0,0.0,-0.0,-0.0,0.0
10.391212,0.0,0.0,-1.9600000381469727,0.0,0.0,0.0,-1.9700000286102295,0.0,0.0,0.0,0.0,0.0,0.0,0.0,0.0,-0.0,-0.0,0.0
10.411699,0.0,0.0,-1.97000002861023,0.0,0.0,0.0,-1.9900000095367432,0.0,0.0,0.0,0.0,0.0,0.0,0.0,0.0,-0.0,-0.0,0.0
10.431795,0.0,0.0,-1.9900000095367427,0.0,0.0,0.0,-2.0,0.0,0.0,0.0,0.0,0.0,0.0,0.0,0.0,-0.0,-0.0,0.0
10.451576,0.0,0.0,-2.0,0.0,0.0,0.0,-2.0299999713897705,0.0,0.0,0.0,0.0,0.0,0.0,0.0,0.0,-0.0,-0.0,0.0
10.471485,0.0,0.0,-2.0299999713897705,0.0,0.0,0.0,-2.0399999618530273,0.0,0.0,0.0,0.0,0.0,0.0,0.0,0.0,-0.0,-0.0,0.0
10.491338,0.0,0.0,-2.0399999618530273,0.0,0.0,0.0,-2.059999942779541,0.0,0.0,0.0,0.0,0.0,0.0,0.0,0.0,-0.0,-0.0,0.0
10.511351,0.0,0.0,-2.059999942779541,0.0,0.0,0.0,-2.0799999237060547,0.0,0.0,0.0,0.0,0.0,0.0,0.0,0.0,-0.0,-0.0,0.0
10.531626,0.0,0.0,-2.0799999237060547,0.0,0.0,0.0,-2.0999999046325684,0.0,0.0,0.0,0.0,0.0,0.0,0.0,0.0,-0.0,-0.0,0.0
10.552796,0.0,0.0,-2.099999904632569,0.0,0.0,0.0,-2.109999895095825,0.0,0.0,0.0,0.0,0.0,0.0,0.0,0.0,-0.0,-0.0,0.0
10.571353,0.0,0.0,-2.1099998950958256,0.0,0.0,0.0,-2.130000114440918,0.0,0.0,0.0,0.0,0.0,0.0,0.0,0.0,-0.0,-0.0,0.0
10.591385,0.0,0.0,-2.1300001144409175,0.0,0.0,0.0,-2.130000114440918,0.0,0.0,0.0,0.0,0.0,0.0,0.0,0.0,-0.0,-0.0,0.0
10.611377,0.0,0.0,-2.1300001144409175,0.0,0.0,0.0,-2.140000104904175,0.0,0.0,0.0,0.0,0.0,0.0,0.0,0.0,-0.0,-0.0,0.0
10.631443,0.0,0.0,-2.1400001049041752,0.0,0.0,0.0,-2.140000104904175,0.0,0.0,0.0,0.0,0.0,0.0,0.0,0.0,-0.0,-0.0,0.0
10.653751,0.0,0.0,-2.1400001049041752,0.0,0.0,0.0,-2.1500000953674316,0.0,0.0,0.0,0.0,0.0,0.0,0.0,0.0,-0.0,-0.0,0.0
10.671538,0.0,0.0,-2.150000095367432,0.0,0.0,0.0,-2.140000104904175,0.0,0.0,0.0,0.0,0.0,0.0,0.0,0.0,-0.0,-0.0,0.0
10.69148,0.0,0.0,-2.1400001049041752,0.0,0.0,0.0,-2.140000104904175,0.0,0.0,0.0,0.0,0.0,0.0,0.0,0.0,-0.0,-0.0,0.0
10.711594,0.0,0.0,-2.1400001049041752,0.0,0.0,0.0,-2.140000104904175,0.0,0.0,0.0,0.0,0.0,0.0,0.0,0.0,-0.0,-0.0,0.0
10.731219,0.0,0.0,-2.1400001049041752,0.0,0.0,0.0,-2.130000114440918,0.0,0.0,0.0,0.0,0.0,0.0,0.0,0.0,-0.0,-0.0,0.0
10.751494,0.0,0.0,-2.1300001144409175,0.0,0.0,0.0,-2.130000114440918,0.0,0.0,0.0,0.0,0.0,0.0,0.0,0.0,-0.0,-0.0,0.0
10.771788,0.0,0.0,-2.1300001144409175,0.0,0.0,0.0,-2.130000114440918,0.0,0.0,0.0,0.0,0.0,0.0,0.0,0.0,-0.0,-0.0,0.0
10.791225,0.0,0.0,-2.1300001144409175,0.0,0.0,0.0,-2.119999885559082,0.0,0.0,0.0,0.0,0.0,0.0,0.0,0.0,-0.0,-0.0,0.0
10.811266,0.0,0.0,-2.1199998855590825,0.0,0.0,0.0,-2.119999885559082,0.0,0.0,0.0,0.0,0.0,0.0,0.0,0.0,-0.0,-0.0,0.0
10.831428,0.0,0.0,-2.1199998855590825,0.0,0.0,0.0,-2.119999885559082,0.0,0.0,0.0,0.0,0.0,0.0,0.0,0.0,-0.0,-0.0,0.0
10.85174,0.0,0.0,-2.1199998855590825,0.0,0.0,0.0,-2.119999885559082,0.0,0.0,0.0,0.0,0.0,0.0,0.0,0.0,-0.0,-0.0,0.0
10.871307,0.0,0.0,-2.1199998855590825,0.0,0.0,0.0,-2.109999895095825,0.0,0.0,0.0,0.0,0.0,0.0,0.0,0.0,-0.0,-0.0,0.0
10.891481,0.0,0.0,-2.1099998950958256,0.0,0.0,0.0,-2.109999895095825,0.0,0.0,0.0,0.0,0.0,0.0,0.0,0.0,-0.0,-0.0,0.0
10.911296,0.0,0.0,-2.1099998950958256,0.0,0.0,0.0,-2.119999885559082,0.0,0.0,0.0,0.0,0.0,0.0,0.0,0.0,-0.0,-0.0,0.0
10.931406,0.0,0.0,-2.1199998855590825,0.0,0.0,0.0,-2.119999885559082,0.0,0.0,0.0,0.0,0.0,0.0,0.0,0.0,-0.0,-0.0,0.0
10.951769,0.0,0.0,-2.1199998855590825,0.0,0.0,0.0,-2.130000114440918,0.0,0.0,0.0,0.0,0.0,0.0,0.0,0.0,-0.0,-0.0,0.0
10.971467,0.0,0.0,-2.1300001144409175,0.0,0.0,0.0,-2.130000114440918,0.0,0.0,0.0,0.0,0.0,0.0,0.0,0.0,-0.0,-0.0,0.0
10.991322,0.0,0.0,-2.1300001144409175,0.0,0.0,0.0,-2.140000104904175,0.0,0.0,0.0,0.0,0.0,0.0,0.0,0.0,-0.0,-0.0,0.0
11.011461,0.0,0.0,-2.1400001049041752,0.0,0.0,0.0,-2.1600000858306885,0.0,0.0,0.0,0.0,0.0,0.0,0.0,0.0,-0.0,-0.0,0.0
11.031473,0.0,0.0,-2.160000085830689,0.0,0.0,0.0,-2.1600000858306885,0.0,0.0,0.0,0.0,0.0,0.0,0.0,0.0,-0.0,-0.0,0.0
11.051642,0.0,0.0,-2.160000085830689,0.0,0.0,0.0,-2.1700000762939453,0.0,0.0,0.0,0.0,0.0,0.0,0.0,0.0,-0.0,-0.0,0.0
11.071628,0.0,0.0,-2.1700000762939453,0.0,0.0,0.0,-2.180000066757202,0.0,0.0,0.0,0.0,0.0,0.0,0.0,0.0,-0.0,-0.0,0.0
11.091243,0.0,0.0,-2.1800000667572026,0.0,0.0,0.0,-2.180000066757202,0.0,0.0,0.0,0.0,0.0,0.0,0.0,0.0,-0.0,-0.0,0.0
11.111587,0.0,0.0,-2.1800000667572026,0.0,0.0,0.0,-2.1700000762939453,0.0,0.0,0.0,0.0,0.0,0.0,0.0,0.0,-0.0,-0.0,0.0
11.131718,0.0,0.0,-2.1700000762939453,0.0,0.0,0.0,-2.1700000762939453,0.0,0.0,0.0,0.0,0.0,0.0,0.0,0.0,-0.0,-0.0,0.0
11.151516,0.0,0.0,-2.1700000762939453,0.0,0.0,0.0,-2.1700000762939453,0.0,0.0,0.0,0.0,0.0,0.0,0.0,0.0,-0.0,-0.0,0.0
11.17119,0.0,0.0,-2.1700000762939453,0.0,0.0,0.0,-2.1700000762939453,0.0,0.0,0.0,0.0,0.0,0.0,0.0,0.0,-0.0,-0.0,0.0
11.191826,0.0,0.0,-2.1700000762939453,0.0,0.0,0.0,-2.1700000762939453,0.0,0.0,0.0,0.0,0.0,0.0,0.0,0.0,-0.0,-0.0,0.0
11.211153,0.0,0.0,-2.1700000762939453,0.0,0.0,0.0,-2.1700000762939453,0.0,0.0,0.0,0.0,0.0,0.0,0.0,0.0,-0.0,-0.0,0.0
11.231279,0.0,0.0,-2.1700000762939453,0.0,0.0,0.0,-2.1700000762939453,0.0,0.0,0.0,0.0,0.0,0.0,0.0,0.0,-0.0,-0.0,0.0
11.251918,0.0,0.0,-2.1700000762939453,0.0,0.0,0.0,-2.1700000762939453,0.0,0.0,0.0,0.0,0.0,0.0,0.0,0.0,-0.0,-0.0,0.0
11.271552,0.0,0.0,-2.1700000762939453,0.0,0.0,0.0,-2.1700000762939453,0.0,0.0,0.0,0.0,0.0,0.0,0.0,0.0,-0.0,-0.0,0.0
11.291416,0.0,0.0,-2.1700000762939453,0.0,0.0,0.0,-2.180000066757202,0.0,0.0,0.0,0.0,0.0,0.0,0.0,0.0,-0.0,-0.0,0.0
11.311559,0.0,0.0,-2.1800000667572026,0.0,0.0,0.0,-2.180000066757202,0.0,0.0,0.0,0.0,0.0,0.0,0.0,0.0,-0.0,-0.0,0.0
11.331194,0.0,0.0,-2.1800000667572026,0.0,0.0,0.0,-2.180000066757202,0.0,0.0,0.0,0.0,0.0,0.0,0.0,0.0,-0.0,-0.0,0.0
11.351517,0.0,0.0,-2.1800000667572026,0.0,0.0,0.0,-2.180000066757202,0.0,0.0,0.0,0.0,0.0,0.0,0.0,0.0,-0.0,-0.0,0.0
11.371543,0.0,0.0,-2.1800000667572026,0.0,0.0,0.0,-2.180000066757202,0.0,0.0,0.0,0.0,0.0,0.0,0.0,0.0,-0.0,-0.0,0.0
11.39123,0.0,0.0,-2.1800000667572026,0.0,0.0,0.0,-2.180000066757202,0.0,0.0,0.0,0.0,0.0,0.0,0.0,0.0,-0.0,-0.0,0.0
11.41146,0.0,0.0,-2.1800000667572026,0.0,0.0,0.0,-2.190000057220459,0.0,0.0,0.0,0.0,0.0,0.0,0.0,0.0,-0.0,-0.0,0.0
11.431486,0.0,0.0,-2.190000057220459,0.0,0.0,0.0,-2.190000057220459,0.0,0.0,0.0,0.0,0.0,0.0,0.0,0.0,-0.0,-0.0,0.0
11.451637,0.0,0.0,-2.190000057220459,0.0,0.0,0.0,-2.190000057220459,0.0,0.0,0.0,0.0,0.0,0.0,0.0,0.0,-0.0,-0.0,0.0
11.471452,0.0,0.0,-2.190000057220459,0.0,0.0,0.0,-2.200000047683716,0.0,0.0,0.0,0.0,0.0,0.0,0.0,0.0,-0.0,-0.0,0.0
11.491927,0.0,0.0,-2.2000000476837163,0.0,0.0,0.0,-2.2100000381469727,0.0,0.0,0.0,0.0,0.0,0.0,0.0,0.0,-0.0,-0.0,0.0
11.511329,0.0,0.0,-2.210000038146973,0.0,0.0,0.0,-2.2100000381469727,0.0,0.0,0.0,0.0,0.0,0.0,0.0,0.0,-0.0,-0.0,0.0
11.531166,0.0,0.0,-2.210000038146973,0.0,0.0,0.0,-2.2100000381469727,0.0,0.0,0.0,0.0,0.0,0.0,0.0,0.0,-0.0,-0.0,0.0
11.551899,0.0,0.0,-2.210000038146973,0.0,0.0,0.0,-2.2100000381469727,0.0,0.0,0.0,0.0,0.0,0.0,0.0,0.0,-0.0,-0.0,0.0
11.571206,0.0,0.0,-2.210000038146973,0.0,0.0,0.0,-2.2100000381469727,0.0,0.0,0.0,0.0,0.0,0.0,0.0,0.0,-0.0,-0.0,0.0
11.591326,0.0,0.0,-2.210000038146973,0.0,0.0,0.0,-2.2100000381469727,0.0,0.0,0.0,0.0,0.0,0.0,0.0,0.0,-0.0,-0.0,0.0
11.611563,0.0,0.0,-2.210000038146973,0.0,0.0,0.0,-2.2100000381469727,0.0,0.0,0.0,0.0,0.0,0.0,0.0,0.0,-0.0,-0.0,0.0
11.631278,0.0,0.0,-2.210000038146973,0.0,0.0,0.0,-2.2100000381469727,0.0,0.0,0.0,0.0,0.0,0.0,0.0,0.0,-0.0,-0.0,0.0
11.653162,0.0,0.0,-2.210000038146973,0.0,0.0,0.0,-2.2100000381469727,0.0,0.0,0.0,0.0,0.0,0.0,0.0,0.0,-0.0,-0.0,0.0
11.67187,0.0,0.0,-2.210000038146973,0.0,0.0,0.0,-2.2100000381469727,0.0,0.0,0.0,0.0,0.0,0.0,0.0,0.0,-0.0,-0.0,0.0
11.691444,0.0,0.0,-2.210000038146973,0.0,0.0,0.0,-2.2200000286102295,0.0,0.0,0.0,0.0,0.0,0.0,0.0,0.0,-0.0,-0.0,0.0
11.71119,0.0,0.0,-2.2200000286102295,0.0,0.0,0.0,-2.2200000286102295,0.0,0.0,0.0,0.0,0.0,0.0,0.0,0.0,-0.0,-0.0,0.0
11.731741,0.0,0.0,-2.2200000286102295,0.0,0.0,0.0,-2.2200000286102295,0.0,0.0,0.0,0.0,0.0,0.0,0.0,0.0,-0.0,-0.0,0.0
11.751482,0.0,0.0,-2.2200000286102295,0.0,0.0,0.0,-2.2200000286102295,0.0,0.0,0.0,0.0,0.0,0.0,0.0,0.0,-0.0,-0.0,0.0
11.771348,0.0,0.0,-2.2200000286102295,0.0,0.0,0.0,-2.2200000286102295,0.0,0.0,0.0,0.0,0.0,0.0,0.0,0.0,-0.0,-0.0,0.0
11.791505,0.0,0.0,-2.2200000286102295,0.0,0.0,0.0,-2.2200000286102295,0.0,0.0,0.0,0.0,0.0,0.0,0.0,0.0,-0.0,-0.0,0.0
11.811264,0.0,0.0,-2.2200000286102295,0.0,0.0,0.0,-2.2200000286102295,0.0,0.0,0.0,0.0,0.0,0.0,0.0,0.0,-0.0,-0.0,0.0
11.831118,0.0,0.0,-2.2200000286102295,0.0,0.0,0.0,-2.2200000286102295,0.0,0.0,0.0,0.0,0.0,0.0,0.0,0.0,-0.0,-0.0,0.0
11.851962,0.0,0.0,-2.2200000286102295,0.0,0.0,0.0,-2.2200000286102295,0.0,0.0,0.0,0.0,0.0,0.0,0.0,0.0,-0.0,-0.0,0.0
11.871309,0.0,0.0,-2.2200000286102295,0.0,0.0,0.0,-2.2200000286102295,0.0,0.0,0.0,0.0,0.0,0.0,0.0,0.0,-0.0,-0.0,0.0
11.893649,0.0,0.0,-2.2200000286102295,0.0,0.0,0.0,-2.2300000190734863,0.0,0.0,0.0,0.0,0.0,0.0,0.0,0.0,-0.0,-0.0,0.0
11.911665,0.0,0.0,-2.2300000190734863,0.0,0.0,0.0,-2.2300000190734863,0.0,0.0,0.0,0.0,0.0,0.0,0.0,0.0,-0.0,-0.0,0.0
11.931171,0.0,0.0,-2.2300000190734863,0.0,0.0,0.0,-2.240000009536743,0.0,0.0,0.0,0.0,0.0,0.0,0.0,0.0,-0.0,-0.0,0.0
11.951349,0.0,0.0,-2.240000009536743,0.0,0.0,0.0,-2.240000009536743,0.0,0.0,0.0,0.0,0.0,0.0,0.0,0.0,-0.0,-0.0,0.0
11.971928,0.0,0.0,-2.240000009536743,0.0,0.0,0.0,-2.240000009536743,0.0,0.0,0.0,0.0,0.0,0.0,0.0,0.0,-0.0,-0.0,0.0
11.991212,0.0,0.0,-2.240000009536743,0.0,0.0,0.0,-2.240000009536743,0.0,0.0,0.0,0.0,0.0,0.0,0.0,0.0,-0.0,-0.0,0.0
12.011147,0.0,0.0,-2.240000009536743,0.0,0.0,0.0,-2.240000009536743,0.0,0.0,0.0,0.0,0.0,0.0,0.0,0.0,-0.0,-0.0,0.0
12.031637,0.0,0.0,-2.240000009536743,0.0,0.0,0.0,-2.240000009536743,0.0,0.0,0.0,0.0,0.0,0.0,0.0,0.0,-0.0,-0.0,0.0
12.051599,0.0,0.0,-2.240000009536743,0.0,0.0,0.0,-2.240000009536743,0.0,0.0,0.0,0.0,0.0,0.0,0.0,0.0,-0.0,-0.0,0.0
12.07123,0.0,0.0,-2.240000009536743,0.0,0.0,0.0,-2.240000009536743,0.0,0.0,0.0,0.0,0.0,0.0,0.0,0.0,-0.0,-0.0,0.0
12.091683,0.0,0.0,-2.240000009536743,0.0,0.0,0.0,-2.240000009536743,0.0,0.0,0.0,0.0,0.0,0.0,0.0,0.0,-0.0,-0.0,0.0
12.111384,0.0,0.0,-2.240000009536743,0.0,0.0,0.0,-2.25,0.0,0.0,0.0,0.0,0.0,0.0,0.0,0.0,-0.0,-0.0,0.0
12.131085,0.0,0.0,-2.2500000000000004,0.0,0.0,0.0,-2.25,0.0,0.0,0.0,0.0,0.0,0.0,0.0,0.0,-0.0,-0.0,0.0
12.151838,0.0,0.0,-2.2500000000000004,0.0,0.0,0.0,-2.25,0.0,0.0,0.0,0.0,0.0,0.0,0.0,0.0,-0.0,-0.0,0.0
12.171299,0.0,0.0,-2.2500000000000004,0.0,0.0,0.0,-2.25,0.0,0.0,0.0,0.0,0.0,0.0,0.0,0.0,-0.0,-0.0,0.0
12.191366,0.0,0.0,-2.2500000000000004,0.0,0.0,0.0,-2.25,0.0,0.0,0.0,0.0,0.0,0.0,0.0,0.0,-0.0,-0.0,0.0
12.211838,0.0,0.0,-2.2500000000000004,0.0,0.0,0.0,-2.25,0.0,0.0,0.0,0.0,0.0,0.0,0.0,0.0,-0.0,-0.0,0.0
12.231246,0.0,0.0,-2.2500000000000004,0.0,0.0,0.0,-2.25,0.0,0.0,0.0,0.0,0.0,0.0,0.0,0.0,-0.0,-0.0,0.0
12.25138,0.0,0.0,-2.2500000000000004,0.0,0.0,0.0,-2.25,0.0,0.0,0.0,0.0,0.0,0.0,0.0,0.0,-0.0,-0.0,0.0
12.271517,0.0,0.0,-2.2500000000000004,0.0,0.0,0.0,-2.25,0.0,0.0,0.0,0.0,0.0,0.0,0.0,0.0,-0.0,-0.0,0.0
12.291247,0.0,0.0,-2.2500000000000004,0.0,0.0,0.0,-2.25,0.0,0.0,0.0,0.0,0.0,0.0,0.0,0.0,-0.0,-0.0,0.0
12.311152,0.0,0.0,-2.2500000000000004,0.0,0.0,0.0,-2.259999990463257,0.0,0.0,0.0,0.0,0.0,0.0,0.0,0.0,-0.0,-0.0,0.0
12.33141,0.0,0.0,-2.2599999904632564,0.0,0.0,0.0,-2.259999990463257,0.0,0.0,0.0,0.0,0.0,0.0,0.0,0.0,-0.0,-0.0,0.0
12.351725,0.0,0.0,-2.2599999904632564,0.0,0.0,0.0,-2.259999990463257,0.0,0.0,0.0,0.0,0.0,0.0,0.0,0.0,-0.0,-0.0,0.0
12.371182,0.0,0.0,-2.2599999904632564,0.0,0.0,0.0,-2.259999990463257,0.0,0.0,0.0,0.0,0.0,0.0,0.0,0.0,-0.0,-0.0,0.0
12.39153,0.0,0.0,-2.2599999904632564,0.0,0.0,0.0,-2.2699999809265137,0.0,0.0,0.0,0.0,0.0,0.0,0.0,0.0,-0.0,-0.0,0.0
12.411251,0.0,0.0,-2.269999980926514,0.0,0.0,0.0,-2.2699999809265137,0.0,0.0,0.0,0.0,0.0,0.0,0.0,0.0,-0.0,-0.0,0.0
12.431261,0.0,0.0,-2.269999980926514,0.0,0.0,0.0,-2.2699999809265137,0.0,0.0,0.0,0.0,0.0,0.0,0.0,0.0,-0.0,-0.0,0.0
12.452293,0.0,0.0,-2.269999980926514,0.0,0.0,0.0,-2.2699999809265137,0.0,0.0,0.0,0.0,0.0,0.0,0.0,0.0,-0.0,-0.0,0.0
12.471516,0.0,0.0,-2.269999980926514,0.0,0.0,0.0,-2.2699999809265137,0.0,0.0,0.0,0.0,0.0,0.0,0.0,0.0,-0.0,-0.0,0.0
12.491279,0.0,0.0,-2.269999980926514,0.0,0.0,0.0,-2.2699999809265137,0.0,0.0,0.0,0.0,0.0,0.0,0.0,0.0,-0.0,-0.0,0.0
12.511711,0.0,0.0,-2.269999980926514,0.0,0.0,0.0,-2.2699999809265137,0.0,0.0,0.0,0.0,0.0,0.0,0.0,0.0,-0.0,-0.0,0.0
12.531285,0.0,0.0,-2.269999980926514,0.0,0.0,0.0,-2.2699999809265137,0.0,0.0,0.0,0.0,0.0,0.0,0.0,0.0,-0.0,-0.0,0.0
12.551558,0.0,0.0,-2.269999980926514,0.0,0.0,0.0,-2.2699999809265137,0.0,0.0,0.0,0.0,0.0,0.0,0.0,0.0,-0.0,-0.0,0.0
12.571711,0.0,0.0,-2.269999980926514,0.0,0.0,0.0,-2.2699999809265137,0.0,0.0,0.0,0.0,0.0,0.0,0.0,0.0,-0.0,-0.0,0.0
12.591325,0.0,0.0,-2.269999980926514,0.0,0.0,0.0,-2.2699999809265137,0.0,0.0,0.0,0.0,0.0,0.0,0.0,0.0,-0.0,-0.0,0.0
12.611411,0.0,0.0,-2.269999980926514,0.0,0.0,0.0,-2.2699999809265137,0.0,0.0,0.0,0.0,0.0,0.0,0.0,0.0,-0.0,-0.0,0.0
12.631549,0.0,0.0,-2.269999980926514,0.0,0.0,0.0,-2.2699999809265137,0.0,0.0,0.0,0.0,0.0,0.0,0.0,0.0,-0.0,-0.0,0.0
12.654239,0.0,0.0,-2.269999980926514,0.0,0.0,0.0,-2.2799999713897705,0.0,0.0,0.0,0.0,0.0,0.0,0.0,0.0,-0.0,-0.0,0.0
12.671299,0.0,0.0,-2.2799999713897705,0.0,0.0,0.0,-2.2799999713897705,0.0,0.0,0.0,0.0,0.0,0.0,0.0,0.0,-0.0,-0.0,0.0
12.691439,0.0,0.0,-2.2799999713897705,0.0,0.0,0.0,-2.2799999713897705,0.0,0.0,0.0,0.0,0.0,0.0,0.0,0.0,-0.0,-0.0,0.0
12.711349,0.0,0.0,-2.2799999713897705,0.0,0.0,0.0,-2.2799999713897705,0.0,0.0,0.0,0.0,0.0,0.0,0.0,0.0,-0.0,-0.0,0.0
12.731174,0.0,0.0,-2.2799999713897705,0.0,0.0,0.0,-2.2799999713897705,0.0,0.0,0.0,0.0,0.0,0.0,0.0,0.0,-0.0,-0.0,0.0
12.751727,0.0,0.0,-2.2799999713897705,0.0,0.0,0.0,-2.2799999713897705,0.0,0.0,0.0,0.0,0.0,0.0,0.0,0.0,-0.0,-0.0,0.0
12.771241,0.0,0.0,-2.2799999713897705,0.0,0.0,0.0,-2.2799999713897705,0.0,0.0,0.0,0.0,0.0,0.0,0.0,0.0,-0.0,-0.0,0.0
12.791446,0.0,0.0,-2.2799999713897705,0.0,0.0,0.0,-2.2799999713897705,0.0,0.0,0.0,0.0,0.0,0.0,0.0,0.0,-0.0,-0.0,0.0
12.811457,0.0,0.0,-2.2799999713897705,0.0,0.0,0.0,-2.2799999713897705,0.0,0.0,0.0,0.0,0.0,0.0,0.0,0.0,-0.0,-0.0,0.0
12.831293,0.0,0.0,-2.2799999713897705,0.0,0.0,0.0,-2.2899999618530273,0.0,0.0,0.0,0.0,0.0,0.0,0.0,0.0,-0.0,-0.0,0.0
12.85168,0.0,0.0,-2.2899999618530273,0.0,0.0,0.0,-2.2899999618530273,0.0,0.0,0.0,0.0,0.0,0.0,0.0,0.0,-0.0,-0.0,0.0
12.871562,0.0,0.0,-2.2899999618530273,0.0,0.0,0.0,-2.2899999618530273,0.0,0.0,0.0,0.0,0.0,0.0,0.0,0.0,-0.0,-0.0,0.0
12.891187,0.0,0.0,-2.2899999618530273,0.0,0.0,0.0,-2.2899999618530273,0.0,0.0,0.0,0.0,0.0,0.0,0.0,0.0,-0.0,-0.0,0.0
12.911259,0.0,0.0,-2.2899999618530273,0.0,0.0,0.0,-2.2899999618530273,0.0,0.0,0.0,0.0,0.0,0.0,0.0,0.0,-0.0,-0.0,0.0
12.931369,0.0,0.0,-2.2899999618530273,0.0,0.0,0.0,-2.2899999618530273,0.0,0.0,0.0,0.0,0.0,0.0,0.0,0.0,-0.0,-0.0,0.0
12.951748,0.0,0.0,-2.2899999618530273,0.0,0.0,0.0,-2.299999952316284,0.0,0.0,0.0,0.0,0.0,0.0,0.0,0.0,-0.0,-0.0,0.0
12.971254,0.0,0.0,-2.2999999523162846,0.0,0.0,0.0,-2.299999952316284,0.0,0.0,0.0,0.0,0.0,0.0,0.0,0.0,-0.0,-0.0,0.0
12.991526,0.0,0.0,-2.2999999523162846,0.0,0.0,0.0,-2.299999952316284,0.0,0.0,0.0,0.0,0.0,0.0,0.0,0.0,-0.0,-0.0,0.0
13.01128,0.0,0.0,-2.2999999523162846,0.0,0.0,0.0,-2.299999952316284,0.0,0.0,0.0,0.0,0.0,0.0,0.0,0.0,-0.0,-0.0,0.0
13.03135,0.0,0.0,-2.2999999523162846,0.0,0.0,0.0,-2.299999952316284,0.0,0.0,0.0,0.0,0.0,0.0,0.0,0.0,-0.0,-0.0,0.0
13.051683,0.0,0.0,-2.2999999523162846,0.0,0.0,0.0,-2.299999952316284,0.0,0.0,0.0,0.0,0.0,0.0,0.0,0.0,-0.0,-0.0,0.0
13.071276,0.0,0.0,-2.2999999523162846,0.0,0.0,0.0,-2.309999942779541,0.0,0.0,0.0,0.0,0.0,0.0,0.0,0.0,-0.0,-0.0,0.0
13.091397,0.0,0.0,-2.309999942779541,0.0,0.0,0.0,-2.309999942779541,0.0,0.0,0.0,0.0,0.0,0.0,0.0,0.0,-0.0,-0.0,0.0
13.111515,0.0,0.0,-2.309999942779541,0.0,0.0,0.0,-2.309999942779541,0.0,0.0,0.0,0.0,0.0,0.0,0.0,0.0,-0.0,-0.0,0.0
13.131244,0.0,0.0,-2.309999942779541,0.0,0.0,0.0,-2.309999942779541,0.0,0.0,0.0,0.0,0.0,0.0,0.0,0.0,-0.0,-0.0,0.0
13.152078,0.0,0.0,-2.309999942779541,0.0,0.0,0.0,-2.309999942779541,0.0,0.0,0.0,0.0,0.0,0.0,0.0,0.0,-0.0,-0.0,0.0
13.17162,0.0,0.0,-2.309999942779541,0.0,0.0,0.0,-2.309999942779541,0.0,0.0,0.0,0.0,0.0,0.0,0.0,0.0,-0.0,-0.0,0.0
13.191476,0.0,0.0,-2.309999942779541,0.0,0.0,0.0,-2.319999933242798,0.0,0.0,0.0,0.0,0.0,0.0,0.0,0.0,-0.0,-0.0,0.0
13.211215,0.0,0.0,-2.3199999332427974,0.0,0.0,0.0,-2.319999933242798,0.0,0.0,0.0,0.0,0.0,0.0,0.0,0.0,-0.0,-0.0,0.0
13.231546,0.0,0.0,-2.3199999332427974,0.0,0.0,0.0,-2.319999933242798,0.0,0.0,0.0,0.0,0.0,0.0,0.0,0.0,-0.0,-0.0,0.0
13.251437,0.0,0.0,-2.3199999332427974,0.0,0.0,0.0,-2.3299999237060547,0.0,0.0,0.0,0.0,0.0,0.0,0.0,0.0,-0.0,-0.0,0.0
13.271177,0.0,0.0,-2.329999923706055,0.0,0.0,0.0,-2.3299999237060547,0.0,0.0,0.0,0.0,0.0,0.0,0.0,0.0,-0.0,-0.0,0.0
13.291503,0.0,0.0,-2.329999923706055,0.0,0.0,0.0,-2.3299999237060547,0.0,0.0,0.0,0.0,0.0,0.0,0.0,0.0,-0.0,-0.0,0.0
13.311386,0.0,0.0,-2.329999923706055,0.0,0.0,0.0,-2.3299999237060547,0.0,0.0,0.0,0.0,0.0,0.0,0.0,0.0,-0.0,-0.0,0.0
13.331294,0.0,0.0,-2.329999923706055,0.0,0.0,0.0,-2.3299999237060547,0.0,0.0,0.0,0.0,0.0,0.0,0.0,0.0,-0.0,-0.0,0.0
13.351717,0.0,0.0,-2.329999923706055,0.0,0.0,0.0,-2.3299999237060547,0.0,0.0,0.0,0.0,0.0,0.0,0.0,0.0,-0.0,-0.0,0.0
13.371275,0.0,0.0,-2.329999923706055,0.0,0.0,0.0,-2.3299999237060547,0.0,0.0,0.0,0.0,0.0,0.0,0.0,0.0,-0.0,-0.0,0.0
13.39121,0.0,0.0,-2.329999923706055,0.0,0.0,0.0,-2.3399999141693115,0.0,0.0,0.0,0.0,0.0,0.0,0.0,0.0,-0.0,-0.0,0.0
13.411326,0.0,0.0,-2.3399999141693115,0.0,0.0,0.0,-2.3399999141693115,0.0,0.0,0.0,0.0,0.0,0.0,0.0,0.0,-0.0,-0.0,0.0
13.431253,0.0,0.0,-2.3399999141693115,0.0,0.0,0.0,-2.3399999141693115,0.0,0.0,0.0,0.0,0.0,0.0,0.0,0.0,-0.0,-0.0,0.0
13.451373,0.0,0.0,-2.3399999141693115,0.0,0.0,0.0,-2.3499999046325684,0.0,0.0,0.0,0.0,0.0,0.0,0.0,0.0,-0.0,-0.0,0.0
13.471399,0.0,0.0,-2.349999904632569,0.0,0.0,0.0,-2.3499999046325684,0.0,0.0,0.0,0.0,0.0,0.0,0.0,0.0,-0.0,-0.0,0.0
13.491236,0.0,0.0,-2.349999904632569,0.0,0.0,0.0,-2.3499999046325684,0.0,0.0,0.0,0.0,0.0,0.0,0.0,0.0,-0.0,-0.0,0.0
13.511163,0.0,0.0,-2.349999904632569,0.0,0.0,0.0,-2.3499999046325684,0.0,0.0,0.0,0.0,0.0,0.0,0.0,0.0,-0.0,-0.0,0.0
13.531695,0.0,0.0,-2.349999904632569,0.0,0.0,0.0,-2.359999895095825,0.0,0.0,0.0,0.0,0.0,0.0,0.0,0.0,-0.0,-0.0,0.0
13.551513,0.0,0.0,-2.3599998950958248,0.0,0.0,0.0,-2.359999895095825,0.0,0.0,0.0,0.0,0.0,0.0,0.0,0.0,-0.0,-0.0,0.0
13.571086,0.0,0.0,-2.3599998950958248,0.0,0.0,0.0,-2.359999895095825,0.0,0.0,0.0,0.0,0.0,0.0,0.0,0.0,-0.0,-0.0,0.0
13.591472,0.0,0.0,-2.3599998950958248,0.0,0.0,0.0,-2.359999895095825,0.0,0.0,0.0,0.0,0.0,0.0,0.0,0.0,-0.0,-0.0,0.0
13.611174,0.0,0.0,-2.3599998950958248,0.0,0.0,0.0,-2.359999895095825,0.0,0.0,0.0,0.0,0.0,0.0,0.0,0.0,-0.0,-0.0,0.0
13.631212,0.0,0.0,-2.3599998950958248,0.0,0.0,0.0,-2.369999885559082,0.0,0.0,0.0,0.0,0.0,0.0,0.0,0.0,-0.0,-0.0,0.0
13.653295,0.0,0.0,-2.3699998855590816,0.0,0.0,0.0,-2.369999885559082,0.0,0.0,0.0,0.0,0.0,0.0,0.0,0.0,-0.0,-0.0,0.0
13.671219,0.0,0.0,-2.3699998855590816,0.0,0.0,0.0,-2.369999885559082,0.0,0.0,0.0,0.0,0.0,0.0,0.0,0.0,-0.0,-0.0,0.0
13.691527,0.0,0.0,-2.3699998855590816,0.0,0.0,0.0,-2.369999885559082,0.0,0.0,0.0,0.0,0.0,0.0,0.0,0.0,-0.0,-0.0,0.0
13.711631,0.0,0.0,-2.3699998855590816,0.0,0.0,0.0,-2.369999885559082,0.0,0.0,0.0,0.0,0.0,0.0,0.0,0.0,-0.0,-0.0,0.0
13.731287,0.0,0.0,-2.3699998855590816,0.0,0.0,0.0,-2.369999885559082,0.0,0.0,0.0,0.0,0.0,0.0,0.0,0.0,-0.0,-0.0,0.0
13.751718,0.0,0.0,-2.3699998855590816,0.0,0.0,0.0,-2.369999885559082,0.0,0.0,0.0,0.0,0.0,0.0,0.0,0.0,-0.0,-0.0,0.0
13.771471,0.0,0.0,-2.3699998855590816,0.0,0.0,0.0,-2.369999885559082,0.0,0.0,0.0,0.0,0.0,0.0,0.0,0.0,-0.0,-0.0,0.0
13.791206,0.0,0.0,-2.3699998855590816,0.0,0.0,0.0,-2.369999885559082,0.0,0.0,0.0,0.0,0.0,0.0,0.0,0.0,-0.0,-0.0,0.0
13.811618,0.0,0.0,-2.3699998855590816,0.0,0.0,0.0,-2.380000114440918,0.0,0.0,0.0,0.0,0.0,0.0,0.0,0.0,-0.0,-0.0,0.0
13.831405,0.0,0.0,-2.380000114440918,0.0,0.0,0.0,-2.380000114440918,0.0,0.0,0.0,0.0,0.0,0.0,0.0,0.0,-0.0,-0.0,0.0
13.851576,0.0,0.0,-2.380000114440918,0.0,0.0,0.0,-2.380000114440918,0.0,0.0,0.0,0.0,0.0,0.0,0.0,0.0,-0.0,-0.0,0.0
13.871099,0.0,0.0,-2.380000114440918,0.0,0.0,0.0,-2.390000104904175,0.0,0.0,0.0,0.0,0.0,0.0,0.0,0.0,-0.0,-0.0,0.0
13.891629,0.0,0.0,-2.390000104904175,0.0,0.0,0.0,-2.390000104904175,0.0,0.0,0.0,0.0,0.0,0.0,0.0,0.0,-0.0,-0.0,0.0
13.911509,0.0,0.0,-2.390000104904175,0.0,0.0,0.0,-2.390000104904175,0.0,0.0,0.0,0.0,0.0,0.0,0.0,0.0,-0.0,-0.0,0.0
13.931166,0.0,0.0,-2.390000104904175,0.0,0.0,0.0,-2.4000000953674316,0.0,0.0,0.0,0.0,0.0,0.0,0.0,0.0,-0.0,-0.0,0.0
13.951676,0.0,0.0,-2.4000000953674316,0.0,0.0,0.0,-2.4000000953674316,0.0,0.0,0.0,0.0,0.0,0.0,0.0,0.0,-0.0,-0.0,0.0
13.971284,0.0,0.0,-2.4000000953674316,0.0,0.0,0.0,-2.4000000953674316,0.0,0.0,0.0,0.0,0.0,0.0,0.0,0.0,-0.0,-0.0,0.0
13.991195,0.0,0.0,-2.4000000953674316,0.0,0.0,0.0,-2.4000000953674316,0.0,0.0,0.0,0.0,0.0,0.0,0.0,0.0,-0.0,-0.0,0.0
14.011375,0.0,0.0,-2.4000000953674316,0.0,0.0,0.0,-2.4000000953674316,0.0,0.0,0.0,0.0,0.0,0.0,0.0,0.0,-0.0,-0.0,0.0
14.031255,0.0,0.0,-2.4000000953674316,0.0,0.0,0.0,-2.4100000858306885,0.0,0.0,0.0,0.0,0.0,0.0,0.0,0.0,-0.0,-0.0,0.0
14.051488,0.0,0.0,-2.410000085830689,0.0,0.0,0.0,-2.4100000858306885,0.0,0.0,0.0,0.0,0.0,0.0,0.0,0.0,-0.0,-0.0,0.0
14.071436,0.0,0.0,-2.410000085830689,0.0,0.0,0.0,-2.4100000858306885,0.0,0.0,0.0,0.0,0.0,0.0,0.0,0.0,-0.0,-0.0,0.0
14.091269,0.0,0.0,-2.410000085830689,0.0,0.0,0.0,-2.4100000858306885,0.0,0.0,0.0,0.0,0.0,0.0,0.0,0.0,-0.0,-0.0,0.0
14.111309,0.0,0.0,-2.410000085830689,0.0,0.0,0.0,-2.4100000858306885,0.0,0.0,0.0,0.0,0.0,0.0,0.0,0.0,-0.0,-0.0,0.0
14.131611,0.0,0.0,-2.410000085830689,0.0,0.0,0.0,-2.4100000858306885,0.0,0.0,0.0,0.0,0.0,0.0,0.0,0.0,-0.0,-0.0,0.0
14.151361,0.0,0.0,-2.410000085830689,0.0,0.0,0.0,-2.4100000858306885,0.0,0.0,0.0,0.0,0.0,0.0,0.0,0.0,-0.0,-0.0,0.0
14.17124,0.0,0.0,-2.410000085830689,0.0,0.0,0.0,-2.4100000858306885,0.0,0.0,0.0,0.0,0.0,0.0,0.0,0.0,-0.0,-0.0,0.0
14.19162,0.0,0.0,-2.410000085830689,0.0,0.0,0.0,-2.4100000858306885,0.0,0.0,0.0,0.0,0.0,0.0,0.0,0.0,-0.0,-0.0,0.0
14.21112,0.0,0.0,-2.410000085830689,0.0,0.0,0.0,-2.4100000858306885,0.0,0.0,0.0,0.0,0.0,0.0,0.0,0.0,-0.0,-0.0,0.0
14.231223,0.0,0.0,-2.410000085830689,0.0,0.0,0.0,-2.4100000858306885,0.0,0.0,0.0,0.0,0.0,0.0,0.0,0.0,-0.0,-0.0,0.0
14.251639,0.0,0.0,-2.410000085830689,0.0,0.0,0.0,-2.4100000858306885,0.0,0.0,0.0,0.0,0.0,0.0,0.0,0.0,-0.0,-0.0,0.0
14.271323,0.0,0.0,-2.410000085830689,0.0,0.0,0.0,-2.4100000858306885,0.0,0.0,0.0,0.0,0.0,0.0,0.0,0.0,-0.0,-0.0,0.0
14.291133,0.0,0.0,-2.410000085830689,0.0,0.0,0.0,-2.4200000762939453,0.0,0.0,0.0,0.0,0.0,0.0,0.0,0.0,-0.0,-0.0,0.0
14.311529,0.0,0.0,-2.4200000762939453,0.0,0.0,0.0,-2.4200000762939453,0.0,0.0,0.0,0.0,0.0,0.0,0.0,0.0,-0.0,-0.0,0.0
14.331176,0.0,0.0,-2.4200000762939453,0.0,0.0,0.0,-2.4200000762939453,0.0,0.0,0.0,0.0,0.0,0.0,0.0,0.0,-0.0,-0.0,0.0
14.351434,0.0,0.0,-2.4200000762939453,0.0,0.0,0.0,-2.430000066757202,0.0,0.0,0.0,0.0,0.0,0.0,0.0,0.0,-0.0,-0.0,0.0
14.371423,0.0,0.0,-2.430000066757202,0.0,0.0,0.0,-2.430000066757202,0.0,0.0,0.0,0.0,0.0,0.0,0.0,0.0,-0.0,-0.0,0.0
14.39132,0.0,0.0,-2.430000066757202,0.0,0.0,0.0,-2.430000066757202,0.0,0.0,0.0,0.0,0.0,0.0,0.0,0.0,-0.0,-0.0,0.0
14.411328,0.0,0.0,-2.430000066757202,0.0,0.0,0.0,-2.430000066757202,0.0,0.0,0.0,0.0,0.0,0.0,0.0,0.0,-0.0,-0.0,0.0
14.43154,0.0,0.0,-2.430000066757202,0.0,0.0,0.0,-2.430000066757202,0.0,0.0,0.0,0.0,0.0,0.0,0.0,0.0,-0.0,-0.0,0.0
14.451516,0.0,0.0,-2.430000066757202,0.0,0.0,0.0,-2.430000066757202,0.0,0.0,0.0,0.0,0.0,0.0,0.0,0.0,-0.0,-0.0,0.0
14.471184,0.0,0.0,-2.430000066757202,0.0,0.0,0.0,-2.430000066757202,0.0,0.0,0.0,0.0,0.0,0.0,0.0,0.0,-0.0,-0.0,0.0
14.49154,0.0,0.0,-2.430000066757202,0.0,0.0,0.0,-2.440000057220459,0.0,0.0,0.0,0.0,0.0,0.0,0.0,0.0,-0.0,-0.0,0.0
14.511283,0.0,0.0,-2.4400000572204594,0.0,0.0,0.0,-2.450000047683716,0.0,0.0,0.0,0.0,0.0,0.0,0.0,0.0,-0.0,-0.0,0.0
14.531195,0.0,0.0,-2.450000047683716,0.0,0.0,0.0,-2.450000047683716,0.0,0.0,0.0,0.0,0.0,0.0,0.0,0.0,-0.0,-0.0,0.0
14.551812,0.0,0.0,-2.450000047683716,0.0,0.0,0.0,-2.440000057220459,0.0,0.0,0.0,0.0,0.0,0.0,0.0,0.0,-0.0,-0.0,0.0
14.571217,0.0,0.0,-2.4400000572204594,0.0,0.0,0.0,-2.440000057220459,0.0,0.0,0.0,0.0,0.0,0.0,0.0,0.0,-0.0,-0.0,0.0
14.591285,0.0,0.0,-2.4400000572204594,0.0,0.0,0.0,-2.440000057220459,0.0,0.0,0.0,0.0,0.0,0.0,0.0,0.0,-0.0,-0.0,0.0
14.611481,0.0,0.0,-2.4400000572204594,0.0,0.0,0.0,-2.440000057220459,0.0,0.0,0.0,0.0,0.0,0.0,0.0,0.0,-0.0,-0.0,0.0
14.631103,0.0,0.0,-2.4400000572204594,0.0,0.0,0.0,-2.440000057220459,0.0,0.0,0.0,0.0,0.0,0.0,0.0,0.0,-0.0,-0.0,0.0
14.65284,0.0,0.0,-2.4400000572204594,0.0,0.0,0.0,-2.440000057220459,0.0,0.0,0.0,0.0,0.0,0.0,0.0,0.0,-0.0,-0.0,0.0
14.671389,0.0,0.0,-2.4400000572204594,0.0,0.0,0.0,-2.440000057220459,0.0,0.0,0.0,0.0,0.0,0.0,0.0,0.0,-0.0,-0.0,0.0
14.691268,0.0,0.0,-2.4400000572204594,0.0,0.0,0.0,-2.450000047683716,0.0,0.0,0.0,0.0,0.0,0.0,0.0,0.0,-0.0,-0.0,0.0
14.711244,0.0,0.0,-2.450000047683716,0.0,0.0,0.0,-2.450000047683716,0.0,0.0,0.0,0.0,0.0,0.0,0.0,0.0,-0.0,-0.0,0.0
14.731507,0.0,0.0,-2.450000047683716,0.0,0.0,0.0,-2.450000047683716,0.0,0.0,0.0,0.0,0.0,0.0,0.0,0.0,-0.0,-0.0,0.0
14.7513,0.0,0.0,-2.450000047683716,0.0,0.0,0.0,-2.450000047683716,0.0,0.0,0.0,0.0,0.0,0.0,0.0,0.0,-0.0,-0.0,0.0
14.771203,0.0,0.0,-2.450000047683716,0.0,0.0,0.0,-2.440000057220459,0.0,0.0,0.0,0.0,0.0,0.0,0.0,0.0,-0.0,-0.0,0.0
14.791477,0.0,0.0,-2.4400000572204594,0.0,0.0,0.0,-2.430000066757202,0.0,0.0,0.0,0.0,0.0,0.0,0.0,0.0,-0.0,-0.0,0.0
14.811169,0.0,0.0,-2.430000066757202,0.0,0.0,0.0,-2.4200000762939453,0.0,0.0,0.0,0.0,0.0,0.0,0.0,0.0,-0.0,-0.0,0.0
14.831342,0.0,0.0,-2.4200000762939453,0.0,0.0,0.0,-2.4200000762939453,0.0,0.0,0.0,0.0,0.0,0.0,0.0,0.0,-0.0,-0.0,0.0
14.852042,0.0,0.0,-2.4200000762939453,0.0,0.0,0.0,-2.4100000858306885,0.0,0.0,0.0,0.0,0.0,0.0,0.0,0.0,-0.0,-0.0,0.0
14.871161,0.0,0.0,-2.410000085830689,0.0,0.0,0.0,-2.4100000858306885,0.0,0.0,0.0,0.0,0.0,0.0,0.0,0.0,-0.0,-0.0,0.0
14.891174,0.0,0.0,-2.410000085830689,0.0,0.0,0.0,-2.4100000858306885,0.0,0.0,0.0,0.0,0.0,0.0,0.0,0.0,-0.0,-0.0,0.0
14.911392,0.0,0.0,-2.410000085830689,0.0,0.0,0.0,-2.4100000858306885,0.0,0.0,0.0,0.0,0.0,0.0,0.0,0.0,-0.0,-0.0,0.0
14.931614,0.0,0.0,-2.410000085830689,0.0,0.0,0.0,-2.4100000858306885,0.0,0.0,0.0,0.0,0.0,0.0,0.0,0.0,-0.0,-0.0,0.0
14.951461,0.0,0.0,-2.410000085830689,0.0,0.0,0.0,-2.4100000858306885,0.0,0.0,0.0,0.0,0.0,0.0,0.0,0.0,-0.0,-0.0,0.0
14.971498,0.0,0.0,-2.410000085830689,0.0,0.0,0.0,-2.4200000762939453,0.0,0.0,0.0,0.0,0.0,0.0,0.0,0.0,-0.0,-0.0,0.0
14.991304,0.0,0.0,-2.4200000762939453,0.0,0.0,0.0,-2.4200000762939453,0.0,0.0,0.0,0.0,0.0,0.0,0.0,0.0,-0.0,-0.0,0.0
15.011322,0.0,0.0,-2.4200000762939453,0.0,0.0,0.0,-2.430000066757202,0.0,0.0,0.0,0.0,0.0,0.0,0.0,0.0,-0.0,-0.0,0.0
15.031588,0.0,0.0,-2.430000066757202,0.0,0.0,0.0,-2.430000066757202,0.0,0.0,0.0,0.0,0.0,0.0,0.0,0.0,-0.0,-0.0,0.0
15.051522,0.0,0.0,-2.430000066757202,0.0,0.0,0.0,-2.450000047683716,0.0,0.0,0.0,0.0,0.0,0.0,0.0,0.0,-0.0,-0.0,0.0
15.07109,0.0,0.0,-2.450000047683716,0.0,0.0,0.0,-2.4600000381469727,0.0,0.0,0.0,0.0,0.0,0.0,0.0,0.0,-0.0,-0.0,0.0
15.0917,0.0,0.0,-2.460000038146973,0.0,0.0,0.0,-2.4700000286102295,0.0,0.0,0.0,0.0,0.0,0.0,0.0,0.0,-0.0,-0.0,0.0
15.111162,0.0,0.0,-2.4700000286102295,0.0,0.0,0.0,-2.490000009536743,0.0,0.0,0.0,0.0,0.0,0.0,0.0,0.0,-0.0,-0.0,0.0
15.131105,0.0,0.0,-2.490000009536743,0.0,0.0,0.0,-2.5,0.0,0.0,0.0,0.0,0.0,0.0,0.0,0.0,-0.0,-0.0,0.0
15.151654,0.0,0.0,-2.5,0.0,0.0,0.0,-2.509999990463257,0.0,0.0,0.0,0.0,0.0,0.0,0.0,0.0,-0.0,-0.0,0.0
15.171067,0.0,0.0,-2.509999990463257,0.0,0.0,0.0,-2.5199999809265137,0.0,0.0,0.0,0.0,0.0,0.0,0.0,0.0,-0.0,-0.0,0.0
15.191156,0.0,0.0,-2.5199999809265137,0.0,0.0,0.0,-2.5299999713897705,0.0,0.0,0.0,0.0,0.0,0.0,0.0,0.0,-0.0,-0.0,0.0
15.211819,0.0,0.0,-2.5299999713897705,0.0,0.0,0.0,-2.5399999618530273,0.0,0.0,0.0,0.0,0.0,0.0,0.0,0.0,-0.0,-0.0,0.0
15.231233,0.0,0.0,-2.539999961853028,0.0,0.0,0.0,-2.549999952316284,0.0,0.0,0.0,0.0,0.0,0.0,0.0,0.0,-0.0,-0.0,0.0
15.251489,0.0,0.0,-2.5499999523162837,0.0,0.0,0.0,-2.549999952316284,0.0,0.0,0.0,0.0,0.0,0.0,0.0,0.0,-0.0,-0.0,0.0
15.271524,0.0,0.0,-2.5499999523162837,0.0,0.0,0.0,-2.559999942779541,0.0,0.0,0.0,0.0,0.0,0.0,0.0,0.0,-0.0,-0.0,0.0
15.291408,0.0,0.0,-2.559999942779541,0.0,0.0,0.0,-2.5799999237060547,0.0,0.0,0.0,0.0,0.0,0.0,0.0,0.0,-0.0,-0.0,0.0
15.311151,0.0,0.0,-2.5799999237060547,0.0,0.0,0.0,-2.5899999141693115,0.0,0.0,0.0,0.0,0.0,0.0,0.0,0.0,-0.0,-0.0,0.0
15.331424,0.0,0.0,-2.5899999141693115,0.0,0.0,0.0,-2.5999999046325684,0.0,0.0,0.0,0.0,0.0,0.0,0.0,0.0,-0.0,-0.0,0.0
15.351398,0.0,0.0,-2.599999904632569,0.0,0.0,0.0,-2.619999885559082,0.0,0.0,0.0,0.0,0.0,0.0,0.0,0.0,-0.0,-0.0,0.0
15.372009,0.0,0.0,-2.619999885559082,0.0,0.0,0.0,-2.619999885559082,0.0,0.0,0.0,0.0,0.0,0.0,0.0,0.0,-0.0,-0.0,0.0
15.391529,0.0,0.0,-2.619999885559082,0.0,0.0,0.0,-2.630000114440918,0.0,0.0,0.0,0.0,0.0,0.0,0.0,0.0,-0.0,-0.0,0.0
15.426895,0.0,0.0,-2.630000114440918,0.0,0.0,0.0,-2.630000114440918,0.0,0.0,0.0,0.0,0.0,0.0,0.0,0.0,-0.0,-0.0,0.0
15.442563,0.0,0.0,-2.630000114440918,0.0,0.0,0.0,-2.630000114440918,0.0,0.0,0.0,0.0,0.0,0.0,0.0,0.0,-0.0,-0.0,0.0
15.452227,0.0,0.0,-2.630000114440918,0.0,0.0,0.0,-2.630000114440918,0.0,0.0,0.0,0.0,0.0,0.0,0.0,0.0,-0.0,-0.0,0.0
15.471049,0.0,0.0,-2.630000114440918,0.0,0.0,0.0,-2.630000114440918,0.0,0.0,0.0,0.0,0.0,0.0,0.0,0.0,-0.0,-0.0,0.0
15.491291,0.0,0.0,-2.630000114440918,0.0,0.0,0.0,-2.630000114440918,0.0,0.0,0.0,0.0,0.0,0.0,0.0,0.0,-0.0,-0.0,0.0
15.511294,0.0,0.0,-2.630000114440918,0.0,0.0,0.0,-2.619999885559082,0.0,0.0,0.0,0.0,0.0,0.0,0.0,0.0,-0.0,-0.0,0.0
15.531037,0.0,0.0,-2.619999885559082,0.0,0.0,0.0,-2.619999885559082,0.0,0.0,0.0,0.0,0.0,0.0,0.0,0.0,-0.0,-0.0,0.0
15.551373,0.0,0.0,-2.619999885559082,0.0,0.0,0.0,-2.619999885559082,0.0,0.0,0.0,0.0,0.0,0.0,0.0,0.0,-0.0,-0.0,0.0
15.57134,0.0,0.0,-2.619999885559082,0.0,0.0,0.0,-2.619999885559082,0.0,0.0,0.0,0.0,0.0,0.0,0.0,0.0,-0.0,-0.0,0.0
15.591,0.0,0.0,-2.619999885559082,0.0,0.0,0.0,-2.619999885559082,0.0,0.0,0.0,0.0,0.0,0.0,0.0,0.0,-0.0,-0.0,0.0
15.611063,0.0,0.0,-2.619999885559082,0.0,0.0,0.0,-2.609999895095825,0.0,0.0,0.0,0.0,0.0,0.0,0.0,0.0,-0.0,-0.0,0.0
15.631287,0.0,0.0,-2.609999895095825,0.0,0.0,0.0,-2.609999895095825,0.0,0.0,0.0,0.0,0.0,0.0,0.0,0.0,-0.0,-0.0,0.0
