Timestamp,LeftVelocity,RightVelocity,PoseRotationDeg,PoseTransY,PoseTransX,PoseTransNorm,Heading,RightWheelSpeed,LeftWheelSpeed,LeftDistanceMeters,RightDistanceMeters,XValue,YValue,Found,motor 1 speed,motor 2 speed,motor 3 speed
911.817389,0.0,0.0,3.789999961853027,0.0,0.0,0.0,3.789999961853027,0.0,0.0,0.0,0.0,0.0,0.0,0.0,-0.0,-0.0,0.0
911.832613,0.0,0.0,3.789999961853027,0.0,0.0,0.0,3.789999961853027,0.0,0.0,0.0,0.0,0.0,0.0,0.0,-0.0,-0.0,0.0
911.839951,0.0,0.0,3.789999961853027,0.0,0.0,0.0,3.789999961853027,0.0,0.0,0.0,0.0,0.0,0.0,0.0,-0.0,-0.0,0.0
911.84741,0.0,0.0,3.789999961853027,0.0,0.0,0.0,3.789999961853027,0.0,0.0,0.0,0.0,0.0,0.0,0.0,-0.0,-0.0,0.0
911.85492,0.0,0.0,3.789999961853027,0.0,0.0,0.0,3.789999961853027,0.0,0.0,0.0,0.0,0.0,0.0,0.0,-0.0,-0.0,0.0
911.872253,0.0,0.0,3.789999961853027,0.0,0.0,0.0,3.789999961853027,0.0,0.0,0.0,0.0,0.0,0.0,0.0,-0.0,-0.0,0.0
911.892398,0.0,0.0,3.789999961853027,0.0,0.0,0.0,3.789999961853027,0.0,0.0,0.0,0.0,0.0,0.0,0.0,-0.0,-0.0,0.0
911.911827,0.0,0.0,3.789999961853027,0.0,0.0,0.0,3.789999961853027,0.0,0.0,0.0,0.0,0.0,0.0,0.0,-0.0,-0.0,0.0
911.931642,0.0,0.0,3.789999961853027,0.0,0.0,0.0,3.789999961853027,0.0,0.0,0.0,0.0,0.0,0.0,0.0,-0.0,-0.0,0.0
911.951815,0.0,0.0,3.789999961853027,0.0,0.0,0.0,3.789999961853027,0.0,0.0,0.0,0.0,0.0,0.0,0.0,-0.0,-0.0,0.0
911.971591,0.0,0.0,3.789999961853027,0.0,0.0,0.0,3.789999961853027,0.0,0.0,0.0,0.0,0.0,0.0,0.0,-0.0,-0.0,0.0
911.991589,0.0,0.0,3.789999961853027,0.0,0.0,0.0,3.789999961853027,0.0,0.0,0.0,0.0,0.0,0.0,0.0,-0.0,-0.0,0.0
912.011775,0.0,0.0,3.789999961853027,0.0,0.0,0.0,3.789999961853027,0.0,0.0,0.0,0.0,0.0,0.0,0.0,-0.0,-0.0,0.0
912.031447,0.0,0.0,3.789999961853027,0.0,0.0,0.0,3.789999961853027,0.0,0.0,0.0,0.0,0.0,0.0,0.0,-0.0,-0.0,0.0
912.051635,0.0,0.0,3.789999961853027,0.0,0.0,0.0,3.789999961853027,0.0,0.0,0.0,0.0,0.0,0.0,0.0,-0.0,-0.0,0.0
912.072064,0.0,0.0,3.789999961853027,0.0,0.0,0.0,3.789999961853027,0.0,0.0,0.0,0.0,0.0,0.0,0.0,-0.0,-0.0,0.0
912.092122,0.0,0.0,3.789999961853027,0.0,0.0,0.0,3.789999961853027,0.0,0.0,0.0,0.0,0.0,0.0,0.0,-0.0,-0.0,0.0
912.11158,0.0,0.0,3.789999961853027,0.0,0.0,0.0,3.789999961853027,0.0,0.0,0.0,0.0,0.0,0.0,0.0,-0.0,-0.0,0.0
912.131627,0.0,0.0,3.789999961853027,0.0,0.0,0.0,3.789999961853027,0.0,0.0,0.0,0.0,0.0,0.0,0.0,-0.0,-0.0,0.0
912.151506,0.0,0.0,3.789999961853027,0.0,0.0,0.0,3.789999961853027,0.0,0.0,0.0,0.0,0.0,0.0,0.0,-0.0,-0.0,0.0
912.171909,0.0,0.0,3.789999961853027,0.0,0.0,0.0,3.789999961853027,0.0,0.0,0.0,0.0,0.0,0.0,0.0,-0.0,-0.0,0.0
912.191683,0.0,0.0,3.789999961853027,0.0,0.0,0.0,3.789999961853027,0.0,0.0,0.0,0.0,0.0,0.0,0.0,-0.0,-0.0,0.0
912.211528,0.0,0.0,3.789999961853027,0.0,0.0,0.0,3.789999961853027,0.0,0.0,0.0,0.0,0.0,0.0,0.0,-0.0,-0.0,0.0
912.231453,0.0,0.0,3.789999961853027,0.0,0.0,0.0,3.789999961853027,0.0,0.0,0.0,0.0,0.0,0.0,0.0,-0.0,-0.0,0.0
912.251753,0.0,0.0,3.789999961853027,0.0,0.0,0.0,3.789999961853027,0.0,0.0,0.0,0.0,0.0,0.0,0.0,-0.0,-0.0,0.0
912.271857,0.0,0.0,3.789999961853027,0.0,0.0,0.0,3.789999961853027,0.0,0.0,0.0,0.0,0.0,0.0,0.0,-0.0,-0.0,0.0
912.291488,0.0,0.0,3.789999961853027,0.0,0.0,0.0,3.789999961853027,0.0,0.0,0.0,0.0,0.0,0.0,0.0,-0.0,-0.0,0.0
912.311871,0.0,0.0,3.789999961853027,0.0,0.0,0.0,3.789999961853027,0.0,0.0,0.0,0.0,0.0,0.0,0.0,-0.0,-0.0,0.0
912.331533,0.0,0.0,3.789999961853027,0.0,0.0,0.0,3.789999961853027,0.0,0.0,0.0,0.0,0.0,0.0,0.0,-0.0,-0.0,0.0
912.351656,0.0,0.0,3.789999961853027,0.0,0.0,0.0,3.789999961853027,0.0,0.0,0.0,0.0,0.0,0.0,0.0,-0.0,-0.0,0.0
912.372048,0.0,0.0,3.789999961853027,0.0,0.0,0.0,3.789999961853027,0.0,0.0,0.0,0.0,0.0,0.0,0.0,-0.0,-0.0,0.0
912.391503,0.0,0.0,3.789999961853027,0.0,0.0,0.0,3.789999961853027,0.0,0.0,0.0,0.0,0.0,0.0,0.0,-0.0,-0.0,0.0
912.411496,0.0,0.0,3.789999961853027,0.0,0.0,0.0,3.789999961853027,0.0,0.0,0.0,0.0,0.0,0.0,0.0,-0.0,-0.0,0.0
912.431604,0.0,0.0,3.789999961853027,0.0,0.0,0.0,3.789999961853027,0.0,0.0,0.0,0.0,0.0,0.0,0.0,-0.0,-0.0,0.0
912.451489,0.0,0.0,3.789999961853027,0.0,0.0,0.0,3.789999961853027,0.0,0.0,0.0,0.0,0.0,0.0,0.0,-0.0,-0.0,0.0
912.471743,0.0,0.0,3.789999961853027,0.0,0.0,0.0,3.789999961853027,0.0,0.0,0.0,0.0,0.0,0.0,0.0,-0.0,-0.0,0.0
912.491815,0.0,0.0,3.789999961853027,0.0,0.0,0.0,3.789999961853027,0.0,0.0,0.0,0.0,0.0,0.0,0.0,-0.0,-0.0,0.0
912.511622,0.0,0.0,3.789999961853027,0.0,0.0,0.0,3.789999961853027,0.0,0.0,0.0,0.0,0.0,0.0,0.0,-0.0,-0.0,0.0
912.531531,0.0,0.0,3.789999961853027,0.0,0.0,0.0,3.789999961853027,0.0,0.0,0.0,0.0,0.0,0.0,0.0,-0.0,-0.0,0.0
912.551762,0.0,0.0,3.789999961853027,0.0,0.0,0.0,3.789999961853027,0.0,0.0,0.0,0.0,0.0,0.0,0.0,-0.0,-0.0,0.0
912.571628,0.0,0.0,3.789999961853027,0.0,0.0,0.0,3.789999961853027,0.0,0.0,0.0,0.0,0.0,0.0,0.0,-0.0,-0.0,0.0
912.591539,0.0,0.0,3.789999961853027,0.0,0.0,0.0,3.789999961853027,0.0,0.0,0.0,0.0,0.0,0.0,0.0,-0.0,-0.0,0.0
912.611773,0.0,0.0,3.789999961853027,0.0,0.0,0.0,3.789999961853027,0.0,0.0,0.0,0.0,0.0,0.0,0.0,-0.0,-0.0,0.0
912.631489,0.0,0.0,3.789999961853027,0.0,0.0,0.0,3.789999961853027,0.0,0.0,0.0,0.0,0.0,0.0,0.0,-0.0,-0.0,0.0
912.651549,0.0,0.0,3.789999961853027,0.0,0.0,0.0,3.789999961853027,0.0,0.0,0.0,0.0,0.0,0.0,0.0,-0.0,-0.0,0.0
912.672079,0.0,0.0,3.789999961853027,0.0,0.0,0.0,3.789999961853027,0.0,0.0,0.0,0.0,0.0,0.0,0.0,-0.0,-0.0,0.0
912.69165,0.0,0.0,3.789999961853027,0.0,0.0,0.0,3.789999961853027,0.0,0.0,0.0,0.0,0.0,0.0,0.0,-0.0,-0.0,0.0
912.71155,0.0,0.0,3.789999961853027,0.0,0.0,0.0,3.789999961853027,0.0,0.0,0.0,0.0,0.0,0.0,0.0,-0.0,-0.0,0.0
912.731764,0.0,0.0,3.789999961853027,0.0,0.0,0.0,3.789999961853027,0.0,0.0,0.0,0.0,0.0,0.0,0.0,-0.0,-0.0,0.0
912.751419,0.0,0.0,3.789999961853027,0.0,0.0,0.0,3.799999952316284,0.0,0.0,0.0,0.0,0.0,0.0,0.0,-0.0,-0.0,0.0
912.771769,0.0,0.0,3.799999952316284,0.0,0.0,0.0,3.799999952316284,0.0,0.0,0.0,0.0,0.0,0.0,0.0,-0.0,-0.0,0.0
912.791784,0.0,0.0,3.799999952316284,0.0,0.0,0.0,3.799999952316284,0.0,0.0,0.0,0.0,0.0,0.0,0.0,-0.0,-0.0,0.0
912.811581,0.0,0.0,3.799999952316284,0.0,0.0,0.0,3.799999952316284,0.0,0.0,0.0,0.0,0.0,0.0,0.0,-0.0,-0.0,0.0
912.83141,0.0,0.0,3.799999952316284,0.0,0.0,0.0,3.799999952316284,0.0,0.0,0.0,0.0,0.0,0.0,0.0,-0.0,-0.0,0.0
912.851807,0.0,0.0,3.799999952316284,0.0,0.0,0.0,3.799999952316284,0.0,0.0,0.0,0.0,0.0,0.0,0.0,-0.0,-0.0,0.0
912.871664,0.0,0.0,3.799999952316284,0.0,0.0,0.0,3.799999952316284,0.0,0.0,0.0,0.0,0.0,0.0,0.0,-0.0,-0.0,0.0
912.891477,0.0,0.0,3.799999952316284,0.0,0.0,0.0,3.799999952316284,0.0,0.0,0.0,0.0,0.0,0.0,0.0,-0.0,-0.0,0.0
912.911734,0.0,0.0,3.799999952316284,0.0,0.0,0.0,3.799999952316284,0.0,0.0,0.0,0.0,0.0,0.0,0.0,-0.0,-0.0,0.0
912.931601,0.0,0.0,3.799999952316284,0.0,0.0,0.0,3.789999961853027,0.0,0.0,0.0,0.0,0.0,0.0,0.0,-0.0,-0.0,0.0
912.951821,0.0,0.0,3.789999961853027,0.0,0.0,0.0,3.789999961853027,0.0,0.0,0.0,0.0,0.0,0.0,0.0,-0.0,-0.0,0.0
912.972039,0.0,0.0,3.789999961853027,0.0,0.0,0.0,3.789999961853027,0.0,0.0,0.0,0.0,0.0,0.0,0.0,-0.0,-0.0,0.0
912.991493,0.0,0.0,3.789999961853027,0.0,0.0,0.0,3.789999961853027,0.0,0.0,0.0,0.0,0.0,0.0,0.0,-0.0,-0.0,0.0
913.01157,0.0,0.0,3.789999961853027,0.0,0.0,0.0,3.789999961853027,0.0,0.0,0.0,0.0,0.0,0.0,0.0,-0.0,-0.0,0.0
913.031854,0.0,0.0,3.789999961853027,0.0,0.0,0.0,3.799999952316284,0.0,0.0,0.0,0.0,0.0,0.0,0.0,-0.0,-0.0,0.0
913.051602,0.0,0.0,3.799999952316284,0.0,0.0,0.0,3.799999952316284,0.0,0.0,0.0,0.0,0.0,0.0,0.0,-0.0,-0.0,0.0
913.071791,0.0,0.0,3.799999952316284,0.0,0.0,0.0,3.799999952316284,0.0,0.0,0.0,0.0,0.0,0.0,0.0,-0.0,-0.0,0.0
913.092245,0.0,0.0,3.799999952316284,0.0,0.0,0.0,3.799999952316284,0.0,0.0,0.0,0.0,0.0,0.0,0.0,-0.0,-0.0,0.0
913.111529,0.0,0.0,3.799999952316284,0.0,0.0,0.0,3.799999952316284,0.0,0.0,0.0,0.0,0.0,0.0,0.0,-0.0,-0.0,0.0
913.131567,0.0,0.0,3.799999952316284,0.0,0.0,0.0,3.799999952316284,0.0,0.0,0.0,0.0,0.0,0.0,0.0,-0.0,-0.0,0.0
913.152021,0.0,0.0,3.799999952316284,0.0,0.0,0.0,3.799999952316284,0.0,0.0,0.0,0.0,0.0,0.0,0.0,-0.0,-0.0,0.0
913.171621,0.0,0.0,3.799999952316284,0.0,0.0,0.0,3.799999952316284,0.0,0.0,0.0,0.0,0.0,0.0,0.0,-0.0,-0.0,0.0
913.191534,0.0,0.0,3.799999952316284,0.0,0.0,0.0,3.799999952316284,0.0,0.0,0.0,0.0,0.0,0.0,0.0,-0.0,-0.0,0.0
913.211689,0.0,0.0,3.799999952316284,0.0,0.0,0.0,3.799999952316284,0.0,0.0,0.0,0.0,0.0,0.0,0.0,-0.0,-0.0,0.0
913.231492,0.0,0.0,3.799999952316284,0.0,0.0,0.0,3.799999952316284,0.0,0.0,0.0,0.0,0.0,0.0,0.0,-0.0,-0.0,0.0
913.251601,0.0,0.0,3.799999952316284,0.0,0.0,0.0,3.799999952316284,0.0,0.0,0.0,0.0,0.0,0.0,0.0,-0.0,-0.0,0.0
913.271992,0.0,0.0,3.799999952316284,0.0,0.0,0.0,3.799999952316284,0.0,0.0,0.0,0.0,0.0,0.0,0.0,-0.0,-0.0,0.0
913.291554,0.0,0.0,3.799999952316284,0.0,0.0,0.0,3.799999952316284,0.0,0.0,0.0,0.0,0.0,0.0,0.0,-0.0,-0.0,0.0
913.311502,0.0,0.0,3.799999952316284,0.0,0.0,0.0,3.799999952316284,0.0,0.0,0.0,0.0,0.0,0.0,0.0,-0.0,-0.0,0.0
913.332013,0.0,0.0,3.799999952316284,0.0,0.0,0.0,3.799999952316284,0.0,0.0,0.0,0.0,0.0,0.0,0.0,-0.0,-0.0,0.0
913.351567,0.0,0.0,3.799999952316284,0.0,0.0,0.0,3.799999952316284,0.0,0.0,0.0,0.0,0.0,0.0,0.0,-0.0,-0.0,0.0
913.371639,0.0,0.0,3.799999952316284,0.0,0.0,0.0,3.799999952316284,0.0,0.0,0.0,0.0,0.0,0.0,0.0,-0.0,-0.0,0.0
913.391825,0.0,0.0,3.799999952316284,0.0,0.0,0.0,3.8099999427795406,0.0,0.0,0.0,0.0,0.0,0.0,0.0,-0.0,-0.0,0.0
913.411496,0.0,0.0,3.8099999427795415,0.0,0.0,0.0,3.8099999427795406,0.0,0.0,0.0,0.0,0.0,0.0,0.0,-0.0,-0.0,0.0
913.431596,0.0,0.0,3.8099999427795415,0.0,0.0,0.0,3.8099999427795406,0.0,0.0,0.0,0.0,0.0,0.0,0.0,-0.0,-0.0,0.0
913.451822,0.0,0.0,3.8099999427795415,0.0,0.0,0.0,3.8099999427795406,0.0,0.0,0.0,0.0,0.0,0.0,0.0,-0.0,-0.0,0.0
913.471753,0.0,0.0,3.8099999427795415,0.0,0.0,0.0,3.8099999427795406,0.0,0.0,0.0,0.0,0.0,0.0,0.0,-0.0,-0.0,0.0
913.491542,0.0,0.0,3.8099999427795415,0.0,0.0,0.0,3.8099999427795406,0.0,0.0,0.0,0.0,0.0,0.0,0.0,-0.0,-0.0,0.0
913.511735,0.0,0.0,3.8099999427795415,0.0,0.0,0.0,3.8099999427795406,0.0,0.0,0.0,0.0,0.0,0.0,0.0,-0.0,-0.0,0.0
913.531605,0.0,0.0,3.8099999427795415,0.0,0.0,0.0,3.8099999427795406,0.0,0.0,0.0,0.0,0.0,0.0,0.0,-0.0,-0.0,0.0
913.551465,0.0,0.0,3.8099999427795415,0.0,0.0,0.0,3.8099999427795406,0.0,0.0,0.0,0.0,0.0,0.0,0.0,-0.0,-0.0,0.0
913.571754,0.0,0.0,3.8099999427795415,0.0,0.0,0.0,3.8099999427795406,0.0,0.0,0.0,0.0,0.0,0.0,0.0,-0.0,-0.0,0.0
913.591462,0.0,0.0,3.8099999427795415,0.0,0.0,0.0,3.8099999427795406,0.0,0.0,0.0,0.0,0.0,0.0,0.0,-0.0,-0.0,0.0
913.611454,0.0,0.0,3.8099999427795415,0.0,0.0,0.0,3.8099999427795406,0.0,0.0,0.0,0.0,0.0,0.0,0.0,-0.0,-0.0,0.0
913.631897,0.0,0.0,3.8099999427795415,0.0,0.0,0.0,3.8099999427795406,0.0,0.0,0.0,0.0,0.0,0.0,0.0,-0.0,-0.0,0.0
913.651539,0.0,0.0,3.8099999427795415,0.0,0.0,0.0,3.8099999427795406,0.0,0.0,0.0,0.0,0.0,0.0,0.0,-0.0,-0.0,0.0
913.671657,0.0,0.0,3.8099999427795415,0.0,0.0,0.0,3.8099999427795406,0.0,0.0,0.0,0.0,0.0,0.0,0.0,-0.0,-0.0,0.0
913.691794,0.0,0.0,3.8099999427795415,0.0,0.0,0.0,3.8099999427795406,0.0,0.0,0.0,0.0,0.0,0.0,0.0,-0.0,-0.0,0.0
913.711599,0.0,0.0,3.8099999427795415,0.0,0.0,0.0,3.8099999427795406,0.0,0.0,0.0,0.0,0.0,0.0,0.0,-0.0,-0.0,0.0
913.731706,0.0,0.0,3.8099999427795415,0.0,0.0,0.0,3.8099999427795406,0.0,0.0,0.0,0.0,0.0,0.0,0.0,-0.0,-0.0,0.0
913.751676,0.0,0.0,3.8099999427795415,0.0,0.0,0.0,3.8099999427795406,0.0,0.0,0.0,0.0,0.0,0.0,0.0,-0.0,-0.0,0.0
913.771984,0.0,0.0,3.8099999427795415,0.0,0.0,0.0,3.8099999427795406,0.0,0.0,0.0,0.0,0.0,0.0,0.0,-0.0,-0.0,0.0
913.791617,0.0,0.0,3.8099999427795415,0.0,0.0,0.0,3.8099999427795406,0.0,0.0,0.0,0.0,0.0,0.0,0.0,-0.0,-0.0,0.0
913.811814,0.0,0.0,3.8099999427795415,0.0,0.0,0.0,3.8099999427795406,0.0,0.0,0.0,0.0,0.0,0.0,0.0,-0.0,-0.0,0.0
913.831541,0.0,0.0,3.8099999427795415,0.0,0.0,0.0,3.8099999427795406,0.0,0.0,0.0,0.0,0.0,0.0,0.0,-0.0,-0.0,0.0
913.851519,0.0,0.0,3.8099999427795415,0.0,0.0,0.0,3.8099999427795406,0.0,0.0,0.0,0.0,0.0,0.0,0.0,-0.0,-0.0,0.0
913.87206,0.0,0.0,3.8099999427795415,0.0,0.0,0.0,3.799999952316284,0.0,0.0,0.0,0.0,0.0,0.0,0.0,-0.0,-0.0,0.0
913.891525,0.0,0.0,3.799999952316284,0.0,0.0,0.0,3.799999952316284,0.0,0.0,0.0,0.0,0.0,0.0,0.0,-0.0,-0.0,0.0
913.91159,0.0,0.0,3.799999952316284,0.0,0.0,0.0,3.799999952316284,0.0,0.0,0.0,0.0,0.0,0.0,0.0,-0.0,-0.0,0.0
913.931898,0.0,0.0,3.799999952316284,0.0,0.0,0.0,3.799999952316284,0.0,0.0,0.0,0.0,0.0,0.0,0.0,-0.0,-0.0,0.0
913.951497,0.0,0.0,3.799999952316284,0.0,0.0,0.0,3.799999952316284,0.0,0.0,0.0,0.0,0.0,0.0,0.0,-0.0,-0.0,0.0
913.971676,0.0,0.0,3.799999952316284,0.0,0.0,0.0,3.799999952316284,0.0,0.0,0.0,0.0,0.0,0.0,0.0,-0.0,-0.0,0.0
913.991637,0.0,0.0,3.799999952316284,0.0,0.0,0.0,3.799999952316284,0.0,0.0,0.0,0.0,0.0,0.0,0.0,-0.0,-0.0,0.0
914.011481,0.0,0.0,3.799999952316284,0.0,0.0,0.0,3.799999952316284,0.0,0.0,0.0,0.0,0.0,0.0,0.0,-0.0,-0.0,0.0
914.03172,0.0,0.0,3.799999952316284,0.0,0.0,0.0,3.799999952316284,0.0,0.0,0.0,0.0,0.0,0.0,0.0,-0.0,-0.0,0.0
914.051837,0.0,0.0,3.799999952316284,0.0,0.0,0.0,3.799999952316284,0.0,0.0,0.0,0.0,0.0,0.0,0.0,-0.0,-0.0,0.0
914.07169,0.0,0.0,3.799999952316284,0.0,0.0,0.0,3.799999952316284,0.0,0.0,0.0,0.0,0.0,0.0,0.0,-0.0,-0.0,0.0
914.091561,0.0,0.0,3.799999952316284,0.0,0.0,0.0,3.799999952316284,0.0,0.0,0.0,0.0,0.0,0.0,0.0,-0.0,-0.0,0.0
914.111795,0.0,0.0,3.799999952316284,0.0,0.0,0.0,3.799999952316284,0.0,0.0,0.0,0.0,0.0,0.0,0.0,-0.0,-0.0,0.0
914.13159,0.0,0.0,3.799999952316284,0.0,0.0,0.0,3.799999952316284,0.0,0.0,0.0,0.0,0.0,0.0,0.0,-0.0,-0.0,0.0
914.151449,0.0,0.0,3.799999952316284,0.0,0.0,0.0,3.799999952316284,0.0,0.0,0.0,0.0,0.0,0.0,0.0,-0.0,-0.0,0.0
914.171785,0.0,0.0,3.799999952316284,0.0,0.0,0.0,3.799999952316284,0.0,0.0,0.0,0.0,0.0,0.0,0.0,-0.0,-0.0,0.0
914.191647,0.0,0.0,3.799999952316284,0.0,0.0,0.0,3.8099999427795406,0.0,0.0,0.0,0.0,0.0,0.0,0.0,-0.0,-0.0,0.0
914.211454,0.0,0.0,3.8099999427795415,0.0,0.0,0.0,3.8099999427795406,0.0,0.0,0.0,0.0,0.0,0.0,0.0,-0.0,-0.0,0.0
914.231843,0.0,0.0,3.8099999427795415,0.0,0.0,0.0,3.799999952316284,0.0,0.0,0.0,0.0,0.0,0.0,0.0,-0.0,-0.0,0.0
914.251569,0.0,0.0,3.799999952316284,0.0,0.0,0.0,3.799999952316284,0.0,0.0,0.0,0.0,0.0,0.0,0.0,-0.0,-0.0,0.0
914.2718,0.0,0.0,3.799999952316284,0.0,0.0,0.0,3.799999952316284,0.0,0.0,0.0,0.0,0.0,0.0,0.0,-0.0,-0.0,0.0
914.298679,0.0,0.0,3.799999952316284,0.0,0.0,0.0,3.799999952316284,0.0,0.0,0.0,0.0,0.0,0.0,0.0,-0.0,-0.0,0.0
914.311531,0.0,0.0,3.799999952316284,0.0,0.0,0.0,3.799999952316284,0.0,0.0,0.0,0.0,0.0,0.0,0.0,-0.0,-0.0,0.0
914.331468,0.0,0.0,3.799999952316284,0.0,0.0,0.0,3.799999952316284,0.0,0.0,0.0,0.0,0.0,0.0,0.0,-0.0,-0.0,0.0
914.352148,0.0,0.0,3.799999952316284,0.0,0.0,0.0,3.799999952316284,0.0,0.0,0.0,0.0,0.0,0.0,0.0,-0.0,-0.0,0.0
914.371813,0.0,0.0,3.799999952316284,0.0,0.0,0.0,3.799999952316284,0.0,0.0,0.0,0.0,0.0,0.0,0.0,-0.0,-0.0,0.0
914.391615,0.0,0.0,3.799999952316284,0.0,0.0,0.0,3.799999952316284,0.0,0.0,0.0,0.0,0.0,0.0,0.0,-0.0,-0.0,0.0
914.411831,0.0,0.0,3.799999952316284,0.0,0.0,0.0,3.799999952316284,0.0,0.0,0.0,0.0,0.0,0.0,0.0,-0.0,-0.0,0.0
914.431465,0.0,0.0,3.799999952316284,0.0,0.0,0.0,3.799999952316284,0.0,0.0,0.0,0.0,0.0,0.0,0.0,-0.0,-0.0,0.0
914.451501,0.0,0.0,3.799999952316284,0.0,0.0,0.0,3.799999952316284,0.0,0.0,0.0,0.0,0.0,0.0,0.0,-0.0,-0.0,0.0
914.471803,0.0,0.0,3.799999952316284,0.0,0.0,0.0,3.799999952316284,0.0,0.0,0.0,0.0,0.0,0.0,0.0,-0.0,-0.0,0.0
914.491563,0.0,0.0,3.799999952316284,0.0,0.0,0.0,3.799999952316284,0.0,0.0,0.0,0.0,0.0,0.0,0.0,-0.0,-0.0,0.0
914.511535,0.0,0.0,3.799999952316284,0.0,0.0,0.0,3.799999952316284,0.0,0.0,0.0,0.0,0.0,0.0,0.0,-0.0,-0.0,0.0
914.531911,0.0,0.0,3.799999952316284,0.0,0.0,0.0,3.799999952316284,0.0,0.0,0.0,0.0,0.0,0.0,0.0,-0.0,-0.0,0.0
914.551592,0.0,0.0,3.799999952316284,0.0,0.0,0.0,3.799999952316284,0.0,0.0,0.0,0.0,0.0,0.0,0.0,-0.0,-0.0,0.0
914.571687,0.0,0.0,3.799999952316284,0.0,0.0,0.0,3.799999952316284,0.0,0.0,0.0,0.0,0.0,0.0,0.0,-0.0,-0.0,0.0
914.591764,0.0,0.0,3.799999952316284,0.0,0.0,0.0,3.799999952316284,0.0,0.0,0.0,0.0,0.0,0.0,0.0,-0.0,-0.0,0.0
914.611693,0.0,0.0,3.799999952316284,0.0,0.0,0.0,3.799999952316284,0.0,0.0,0.0,0.0,0.0,0.0,0.0,-0.0,-0.0,0.0
914.631828,0.0,0.0,3.799999952316284,0.0,0.0,0.0,3.799999952316284,0.0,0.0,0.0,0.0,0.0,0.0,0.0,-0.0,-0.0,0.0
914.651795,0.0,0.0,3.799999952316284,0.0,0.0,0.0,3.799999952316284,0.0,0.0,0.0,0.0,0.0,0.0,0.0,-0.0,-0.0,0.0
914.671702,0.0,0.0,3.799999952316284,0.0,0.0,0.0,3.799999952316284,0.0,0.0,0.0,0.0,0.0,0.0,0.0,-0.0,-0.0,0.0
914.691459,0.0,0.0,3.799999952316284,0.0,0.0,0.0,3.799999952316284,0.0,0.0,0.0,0.0,0.0,0.0,0.0,-0.0,-0.0,0.0
914.711783,0.0,0.0,3.799999952316284,0.0,0.0,0.0,3.799999952316284,0.0,0.0,0.0,0.0,0.0,0.0,0.0,-0.0,-0.0,0.0
914.731485,0.0,0.0,3.799999952316284,0.0,0.0,0.0,3.799999952316284,0.0,0.0,0.0,0.0,0.0,0.0,0.0,-0.0,-0.0,0.0
914.751561,0.0,0.0,3.799999952316284,0.0,0.0,0.0,3.799999952316284,0.0,0.0,0.0,0.0,0.0,0.0,0.0,-0.0,-0.0,0.0
914.772829,0.0,0.0,3.799999952316284,0.0,0.0,0.0,3.799999952316284,0.0,0.0,0.0,0.0,0.0,0.0,0.0,-0.0,-0.0,0.0
914.791533,0.0,0.0,3.799999952316284,0.0,0.0,0.0,3.799999952316284,0.0,0.0,0.0,0.0,0.0,0.0,0.0,-0.0,-0.0,0.0
914.811482,0.0,0.0,3.799999952316284,0.0,0.0,0.0,3.8099999427795406,0.0,0.0,0.0,0.0,0.0,0.0,0.0,-0.0,-0.0,0.0
914.831725,0.0,0.0,3.8099999427795415,0.0,0.0,0.0,3.8099999427795406,0.0,0.0,0.0,0.0,0.0,0.0,0.0,-0.0,-0.0,0.0
914.851541,0.0,0.0,3.8099999427795415,0.0,0.0,0.0,3.799999952316284,0.0,0.0,0.0,0.0,0.0,0.0,0.0,-0.0,-0.0,0.0
914.871691,0.0,0.0,3.799999952316284,0.0,0.0,0.0,3.799999952316284,0.0,0.0,0.0,0.0,0.0,0.0,0.0,-0.0,-0.0,0.0
914.891868,0.0,0.0,3.799999952316284,0.0,0.0,0.0,3.799999952316284,0.0,0.0,0.0,0.0,0.0,0.0,0.0,-0.0,-0.0,0.0
914.911473,0.0,0.0,3.799999952316284,0.0,0.0,0.0,3.799999952316284,0.0,0.0,0.0,0.0,0.0,0.0,0.0,-0.0,-0.0,0.0
914.931662,0.0,0.0,3.799999952316284,0.0,0.0,0.0,3.799999952316284,0.0,0.0,0.0,0.0,0.0,0.0,0.0,-0.0,-0.0,0.0
914.951668,0.0,0.0,3.799999952316284,0.0,0.0,0.0,3.799999952316284,0.0,0.0,0.0,0.0,0.0,0.0,0.0,-0.0,-0.0,0.0
914.971662,0.0,0.0,3.799999952316284,0.0,0.0,0.0,3.799999952316284,0.0,0.0,0.0,0.0,0.0,0.0,0.0,-0.0,-0.0,0.0
914.991651,0.0,0.0,3.799999952316284,0.0,0.0,0.0,3.8099999427795406,0.0,0.0,0.0,0.0,0.0,0.0,0.0,-0.0,-0.0,0.0
915.011915,0.0,0.0,3.8099999427795415,0.0,0.0,0.0,3.8099999427795406,0.0,0.0,0.0,0.0,0.0,0.0,0.0,-0.0,-0.0,0.0
915.031519,0.0,0.0,3.8099999427795415,0.0,0.0,0.0,3.799999952316284,0.0,0.0,0.0,0.0,0.0,0.0,0.0,-0.0,-0.0,0.0
915.051633,0.0,0.0,3.799999952316284,0.0,0.0,0.0,3.799999952316284,0.0,0.0,0.0,0.0,0.0,0.0,0.0,-0.0,-0.0,0.0
915.072374,0.0,0.0,3.799999952316284,0.0,0.0,0.0,3.799999952316284,0.0,0.0,0.0,0.0,0.0,0.0,0.0,-0.0,-0.0,0.0
915.091404,0.0,0.0,3.799999952316284,0.0,0.0,0.0,3.799999952316284,0.0,0.0,0.0,0.0,0.0,0.0,0.0,-0.0,-0.0,0.0
915.11156,0.0,0.0,3.799999952316284,0.0,0.0,0.0,3.799999952316284,0.0,0.0,0.0,0.0,0.0,0.0,0.0,-0.0,-0.0,0.0
915.13184,0.0,0.0,3.799999952316284,0.0,0.0,0.0,3.799999952316284,0.0,0.0,0.0,0.0,0.0,0.0,0.0,-0.0,-0.0,0.0
915.151695,0.0,0.0,3.799999952316284,0.0,0.0,0.0,3.799999952316284,0.0,0.0,0.0,0.0,0.0,0.0,0.0,-0.0,-0.0,0.0
915.171728,0.0,0.0,3.799999952316284,0.0,0.0,0.0,3.799999952316284,0.0,0.0,0.0,0.0,0.0,0.0,0.0,-0.0,-0.0,0.0
915.191964,0.0,0.0,3.799999952316284,0.0,0.0,0.0,3.799999952316284,0.0,0.0,0.0,0.0,0.0,0.0,0.0,-0.0,-0.0,0.0
915.211612,0.0,0.0,3.799999952316284,0.0,0.0,0.0,3.799999952316284,0.0,0.0,0.0,0.0,0.0,0.0,0.0,-0.0,-0.0,0.0
915.231532,0.0,0.0,3.799999952316284,0.0,0.0,0.0,3.799999952316284,0.0,0.0,0.0,0.0,0.0,0.0,0.0,-0.0,-0.0,0.0
915.251816,0.0,0.0,3.799999952316284,0.0,0.0,0.0,3.799999952316284,0.0,0.0,0.0,0.0,0.0,0.0,0.0,-0.0,-0.0,0.0
915.271575,0.0,0.0,3.799999952316284,0.0,0.0,0.0,3.799999952316284,0.0,0.0,0.0,0.0,0.0,0.0,0.0,-0.0,-0.0,0.0
915.291719,0.0,0.0,3.799999952316284,0.0,0.0,0.0,3.799999952316284,0.0,0.0,0.0,0.0,0.0,0.0,0.0,-0.0,-0.0,0.0
915.311831,0.0,0.0,3.799999952316284,0.0,0.0,0.0,3.799999952316284,0.0,0.0,0.0,0.0,0.0,0.0,0.0,-0.0,-0.0,0.0
915.331573,0.0,0.0,3.799999952316284,0.0,0.0,0.0,3.799999952316284,0.0,0.0,0.0,0.0,0.0,0.0,0.0,-0.0,-0.0,0.0
915.351608,0.0,0.0,3.799999952316284,0.0,0.0,0.0,3.799999952316284,0.0,0.0,0.0,0.0,0.0,0.0,0.0,-0.0,-0.0,0.0
915.372038,0.0,0.0,3.799999952316284,0.0,0.0,0.0,3.799999952316284,0.0,0.0,0.0,0.0,0.0,0.0,0.0,-0.0,-0.0,0.0
915.391443,0.0,0.0,3.799999952316284,0.0,0.0,0.0,3.799999952316284,0.0,0.0,0.0,0.0,0.0,0.0,0.0,-0.0,-0.0,0.0
915.411608,0.0,0.0,3.799999952316284,0.0,0.0,0.0,3.799999952316284,0.0,0.0,0.0,0.0,0.0,0.0,0.0,-0.0,-0.0,0.0
915.431871,0.0,0.0,3.799999952316284,0.0,0.0,0.0,3.799999952316284,0.0,0.0,0.0,0.0,0.0,0.0,0.0,-0.0,-0.0,0.0
915.451478,0.0,0.0,3.799999952316284,0.0,0.0,0.0,3.799999952316284,0.0,0.0,0.0,0.0,0.0,0.0,0.0,-0.0,-0.0,0.0
915.471666,0.0,0.0,3.799999952316284,0.0,0.0,0.0,3.799999952316284,0.0,0.0,0.0,0.0,0.0,0.0,0.0,-0.0,-0.0,0.0
915.491757,0.0,0.0,3.799999952316284,0.0,0.0,0.0,3.799999952316284,0.0,0.0,0.0,0.0,0.0,0.0,0.0,-0.0,-0.0,0.0
915.51176,0.0,0.0,3.799999952316284,0.0,0.0,0.0,3.799999952316284,0.0,0.0,0.0,0.0,0.0,0.0,0.0,-0.0,-0.0,0.0
915.531502,0.0,0.0,3.799999952316284,0.0,0.0,0.0,3.799999952316284,0.0,0.0,0.0,0.0,0.0,0.0,0.0,-0.0,-0.0,0.0
915.551751,0.0,0.0,3.799999952316284,0.0,0.0,0.0,3.799999952316284,0.0,0.0,0.0,0.0,0.0,0.0,0.0,-0.0,-0.0,0.0
915.57163,0.0,0.0,3.799999952316284,0.0,0.0,0.0,3.799999952316284,0.0,0.0,0.0,0.0,0.0,0.0,0.0,-0.0,-0.0,0.0
915.591593,0.0,0.0,3.799999952316284,0.0,0.0,0.0,3.799999952316284,0.0,0.0,0.0,0.0,0.0,0.0,0.0,-0.0,-0.0,0.0
915.611785,0.0,0.0,3.799999952316284,0.0,0.0,0.0,3.799999952316284,0.0,0.0,0.0,0.0,0.0,0.0,0.0,-0.0,-0.0,0.0
915.631533,0.0,0.0,3.799999952316284,0.0,0.0,0.0,3.799999952316284,0.0,0.0,0.0,0.0,0.0,0.0,0.0,-0.0,-0.0,0.0
915.65161,0.0,0.0,3.799999952316284,0.0,0.0,0.0,3.799999952316284,0.0,0.0,0.0,0.0,0.0,0.0,0.0,-0.0,-0.0,0.0
915.671878,0.0,0.0,3.799999952316284,0.0,0.0,0.0,3.799999952316284,0.0,0.0,0.0,0.0,0.0,0.0,0.0,-0.0,-0.0,0.0
915.691432,0.0,0.0,3.799999952316284,0.0,0.0,0.0,3.799999952316284,0.0,0.0,0.0,0.0,0.0,0.0,0.0,-0.0,-0.0,0.0
915.711516,0.0,0.0,3.799999952316284,0.0,0.0,0.0,3.8099999427795406,0.0,0.0,0.0,0.0,0.0,0.0,0.0,-0.0,-0.0,0.0
915.732041,0.0,0.0,3.8099999427795415,0.0,0.0,0.0,3.8099999427795406,0.0,0.0,0.0,0.0,0.0,0.0,0.0,-0.0,-0.0,0.0
915.751462,0.0,0.0,3.8099999427795415,0.0,0.0,0.0,3.799999952316284,0.0,0.0,0.0,0.0,0.0,0.0,0.0,-0.0,-0.0,0.0
915.771794,0.0,0.0,3.799999952316284,0.0,0.0,0.0,3.8099999427795406,0.0,0.0,0.0,0.0,0.0,0.0,0.0,-0.0,-0.0,0.0
915.791844,0.0,0.0,3.8099999427795415,0.0,0.0,0.0,3.8099999427795406,0.0,0.0,0.0,0.0,0.0,0.0,0.0,-0.0,-0.0,0.0
915.811536,0.0,0.0,3.8099999427795415,0.0,0.0,0.0,3.8099999427795406,0.0,0.0,0.0,0.0,0.0,0.0,0.0,-0.0,-0.0,0.0
915.831552,0.0,0.0,3.8099999427795415,0.0,0.0,0.0,3.799999952316284,0.0,0.0,0.0,0.0,0.0,0.0,0.0,-0.0,-0.0,0.0
915.851744,0.0,0.0,3.799999952316284,0.0,0.0,0.0,3.799999952316284,0.0,0.0,0.0,0.0,0.0,0.0,0.0,-0.0,-0.0,0.0
915.871736,0.0,0.0,3.799999952316284,0.0,0.0,0.0,3.799999952316284,0.0,0.0,0.0,0.0,0.0,0.0,0.0,-0.0,-0.0,0.0
915.891619,0.0,0.0,3.799999952316284,0.0,0.0,0.0,3.799999952316284,0.0,0.0,0.0,0.0,0.0,0.0,0.0,-0.0,-0.0,0.0
915.91176,0.0,0.0,3.799999952316284,0.0,0.0,0.0,3.799999952316284,0.0,0.0,0.0,0.0,0.0,0.0,0.0,-0.0,-0.0,0.0
915.931438,0.0,0.0,3.799999952316284,0.0,0.0,0.0,3.799999952316284,0.0,0.0,0.0,0.0,0.0,0.0,0.0,-0.0,-0.0,0.0
915.951437,0.0,0.0,3.799999952316284,0.0,0.0,0.0,3.799999952316284,0.0,0.0,0.0,0.0,0.0,0.0,0.0,-0.0,-0.0,0.0
915.972164,0.0,0.0,3.799999952316284,0.0,0.0,0.0,3.799999952316284,0.0,0.0,0.0,0.0,0.0,0.0,0.0,-0.0,-0.0,0.0
915.991568,0.0,0.0,3.799999952316284,0.0,0.0,0.0,3.799999952316284,0.0,0.0,0.0,0.0,0.0,0.0,0.0,-0.0,-0.0,0.0
916.011602,0.0,0.0,3.799999952316284,0.0,0.0,0.0,3.799999952316284,0.0,0.0,0.0,0.0,0.0,0.0,0.0,-0.0,-0.0,0.0
916.03176,0.0,0.0,3.799999952316284,0.0,0.0,0.0,3.799999952316284,0.0,0.0,0.0,0.0,0.0,0.0,0.0,-0.0,-0.0,0.0
916.051941,0.0,0.0,3.799999952316284,0.0,0.0,0.0,3.799999952316284,0.0,0.0,0.0,0.0,0.0,0.0,0.0,-0.0,-0.0,0.0
916.071659,0.0,0.0,3.799999952316284,0.0,0.0,0.0,3.799999952316284,0.0,0.0,0.0,0.0,0.0,0.0,0.0,-0.0,-0.0,0.0
916.091978,0.0,0.0,3.799999952316284,0.0,0.0,0.0,3.799999952316284,0.0,0.0,0.0,0.0,0.0,0.0,0.0,-0.0,-0.0,0.0
916.111462,0.0,0.0,3.799999952316284,0.0,0.0,0.0,3.799999952316284,0.0,0.0,0.0,0.0,0.0,0.0,0.0,-0.0,-0.0,0.0
916.131449,0.0,0.0,3.799999952316284,0.0,0.0,0.0,3.799999952316284,0.0,0.0,0.0,0.0,0.0,0.0,0.0,-0.0,-0.0,0.0
916.151736,0.0,0.0,3.799999952316284,0.0,0.0,0.0,3.799999952316284,0.0,0.0,0.0,0.0,0.0,0.0,0.0,-0.0,-0.0,0.0
916.172577,0.0,0.0,3.799999952316284,0.0,0.0,0.0,3.799999952316284,0.0,0.0,0.0,0.0,0.0,0.0,0.0,-0.0,-0.0,0.0
916.19156,0.0,0.0,3.799999952316284,0.0,0.0,0.0,3.799999952316284,0.0,0.0,0.0,0.0,0.0,0.0,0.0,-0.0,-0.0,0.0
916.211739,0.0,0.0,3.799999952316284,0.0,0.0,0.0,3.8099999427795406,0.0,0.0,0.0,0.0,0.0,0.0,0.0,-0.0,-0.0,0.0
916.231545,0.0,0.0,3.8099999427795415,0.0,0.0,0.0,3.8099999427795406,0.0,0.0,0.0,0.0,0.0,0.0,0.0,-0.0,-0.0,0.0
916.251424,0.0,0.0,3.8099999427795415,0.0,0.0,0.0,3.8099999427795406,0.0,0.0,0.0,0.0,0.0,0.0,0.0,-0.0,-0.0,0.0
916.271903,0.0,0.0,3.8099999427795415,0.0,0.0,0.0,3.8099999427795406,0.0,0.0,0.0,0.0,0.0,0.0,0.0,-0.0,-0.0,0.0
916.291457,0.0,0.0,3.8099999427795415,0.0,0.0,0.0,3.8099999427795406,0.0,0.0,0.0,0.0,0.0,0.0,0.0,-0.0,-0.0,0.0
916.311535,0.0,0.0,3.8099999427795415,0.0,0.0,0.0,3.8099999427795406,0.0,0.0,0.0,0.0,0.0,0.0,0.0,-0.0,-0.0,0.0
916.331714,0.0,0.0,3.8099999427795415,0.0,0.0,0.0,3.8099999427795406,0.0,0.0,0.0,0.0,0.0,0.0,0.0,-0.0,-0.0,0.0
916.351502,0.0,0.0,3.8099999427795415,0.0,0.0,0.0,3.8099999427795406,0.0,0.0,0.0,0.0,0.0,0.0,0.0,-0.0,-0.0,0.0
916.371729,0.0,0.0,3.8099999427795415,0.0,0.0,0.0,3.8099999427795406,0.0,0.0,0.0,0.0,0.0,0.0,0.0,-0.0,-0.0,0.0
916.392,0.0,0.0,3.8099999427795415,0.0,0.0,0.0,3.8099999427795406,0.0,0.0,0.0,0.0,0.0,0.0,0.0,-0.0,-0.0,0.0
916.411537,0.0,0.0,3.8099999427795415,0.0,0.0,0.0,3.8099999427795406,0.0,0.0,0.0,0.0,0.0,0.0,0.0,-0.0,-0.0,0.0
916.431534,0.0,0.0,3.8099999427795415,0.0,0.0,0.0,3.8099999427795406,0.0,0.0,0.0,0.0,0.0,0.0,0.0,-0.0,-0.0,0.0
916.451838,0.0,0.0,3.8099999427795415,0.0,0.0,0.0,3.8099999427795406,0.0,0.0,0.0,0.0,0.0,0.0,0.0,-0.0,-0.0,0.0
916.471682,0.0,0.0,3.8099999427795415,0.0,0.0,0.0,3.8099999427795406,0.0,0.0,0.0,0.0,0.0,0.0,0.0,-0.0,-0.0,0.0
916.491671,0.0,0.0,3.8099999427795415,0.0,0.0,0.0,3.8099999427795406,0.0,0.0,0.0,0.0,0.0,0.0,0.0,-0.0,-0.0,0.0
916.511775,0.0,0.0,3.8099999427795415,0.0,0.0,0.0,3.8099999427795406,0.0,0.0,0.0,0.0,0.0,0.0,0.0,-0.0,-0.0,0.0
916.531524,0.0,0.0,3.8099999427795415,0.0,0.0,0.0,3.799999952316284,0.0,0.0,0.0,0.0,0.0,0.0,0.0,-0.0,-0.0,0.0
916.5515,0.0,0.0,3.799999952316284,0.0,0.0,0.0,3.799999952316284,0.0,0.0,0.0,0.0,0.0,0.0,0.0,-0.0,-0.0,0.0
916.571964,0.0,0.0,3.799999952316284,0.0,0.0,0.0,3.8099999427795406,0.0,0.0,0.0,0.0,0.0,0.0,0.0,-0.0,-0.0,0.0
916.591513,0.0,0.0,3.8099999427795415,0.0,0.0,0.0,3.819999933242798,0.0,0.0,0.0,0.0,0.0,0.0,0.0,-0.0,-0.0,0.0
916.611571,0.0,0.0,3.8199999332427974,0.0,0.0,0.0,3.819999933242798,0.0,0.0,0.0,0.0,0.0,0.0,0.0,-0.0,-0.0,0.0
916.631791,0.0,0.0,3.8199999332427974,0.0,0.0,0.0,3.8099999427795406,0.0,0.0,0.0,0.0,0.0,0.0,0.0,-0.0,-0.0,0.0
916.651598,0.0,0.0,3.8099999427795415,0.0,0.0,0.0,3.8099999427795406,0.0,0.0,0.0,0.0,0.0,0.0,0.0,-0.0,-0.0,0.0
916.671609,0.0,0.0,3.8099999427795415,0.0,0.0,0.0,3.8099999427795406,0.0,0.0,0.0,0.0,0.0,0.0,0.0,-0.0,-0.0,0.0
916.691927,0.0,0.0,3.8099999427795415,0.0,0.0,0.0,3.819999933242798,0.0,0.0,0.0,0.0,0.0,0.0,0.0,-0.0,-0.0,0.0
916.71148,0.0,0.0,3.8199999332427974,0.0,0.0,0.0,3.8099999427795406,0.0,0.0,0.0,0.0,0.0,0.0,0.0,-0.0,-0.0,0.0
916.731554,0.0,0.0,3.8099999427795415,0.0,0.0,0.0,3.8099999427795406,0.0,0.0,0.0,0.0,0.0,0.0,0.0,-0.0,-0.0,0.0
916.75185,0.0,0.0,3.8099999427795415,0.0,0.0,0.0,3.8099999427795406,0.0,0.0,0.0,0.0,0.0,0.0,0.0,-0.0,-0.0,0.0
916.772306,0.0,0.0,3.8099999427795415,0.0,0.0,0.0,3.819999933242798,0.0,0.0,0.0,0.0,0.0,0.0,0.0,-0.0,-0.0,0.0
916.791642,0.0,0.0,3.8199999332427974,0.0,0.0,0.0,3.819999933242798,0.0,0.0,0.0,0.0,0.0,0.0,0.0,-0.0,-0.0,0.0
916.811708,0.0,0.0,3.8199999332427974,0.0,0.0,0.0,3.819999933242798,0.0,0.0,0.0,0.0,0.0,0.0,0.0,-0.0,-0.0,0.0
916.831451,0.0,0.0,3.8199999332427974,0.0,0.0,0.0,3.819999933242798,0.0,0.0,0.0,0.0,0.0,0.0,0.0,-0.0,-0.0,0.0
916.851595,0.0,0.0,3.8199999332427974,0.0,0.0,0.0,3.819999933242798,0.0,0.0,0.0,0.0,0.0,0.0,0.0,-0.0,-0.0,0.0
916.871961,0.0,0.0,3.8199999332427974,0.0,0.0,0.0,3.819999933242798,0.0,0.0,0.0,0.0,0.0,0.0,0.0,-0.0,-0.0,0.0
916.891461,0.0,0.0,3.8199999332427974,0.0,0.0,0.0,3.819999933242798,0.0,0.0,0.0,0.0,0.0,0.0,0.0,-0.0,-0.0,0.0
916.911993,0.0,0.0,3.8199999332427974,0.0,0.0,0.0,3.819999933242798,0.0,0.0,0.0,0.0,0.0,0.0,0.0,-0.0,-0.0,0.0
916.931756,0.0,0.0,3.8199999332427974,0.0,0.0,0.0,3.819999933242798,0.0,0.0,0.0,0.0,0.0,0.0,0.0,-0.0,-0.0,0.0
916.951518,0.0,0.0,3.8199999332427974,0.0,0.0,0.0,3.819999933242798,0.0,0.0,0.0,0.0,0.0,0.0,0.0,-0.0,-0.0,0.0
916.971813,0.0,0.0,3.8199999332427974,0.0,0.0,0.0,3.819999933242798,0.0,0.0,0.0,0.0,0.0,0.0,0.0,-0.0,-0.0,0.0
916.991894,0.0,0.0,3.8199999332427974,0.0,0.0,0.0,3.8299999237060547,0.0,0.0,0.0,0.0,0.0,0.0,0.0,-0.0,-0.0,0.0
917.01158,0.0,0.0,3.8299999237060547,0.0,0.0,0.0,3.8299999237060547,0.0,0.0,0.0,0.0,0.0,0.0,0.0,-0.0,-0.0,0.0
917.03163,0.0,0.0,3.8299999237060547,0.0,0.0,0.0,3.8299999237060547,0.0,0.0,0.0,0.0,0.0,0.0,0.0,-0.0,-0.0,0.0
917.051742,0.0,0.0,3.8299999237060547,0.0,0.0,0.0,3.819999933242798,0.0,0.0,0.0,0.0,0.0,0.0,0.0,-0.0,-0.0,0.0
917.071741,0.0,0.0,3.8199999332427974,0.0,0.0,0.0,3.819999933242798,0.0,0.0,0.0,0.0,0.0,0.0,0.0,-0.0,-0.0,0.0
917.091704,0.0,0.0,3.8199999332427974,0.0,0.0,0.0,3.819999933242798,0.0,0.0,0.0,0.0,0.0,0.0,0.0,-0.0,-0.0,0.0
917.111861,0.0,0.0,3.8199999332427974,0.0,0.0,0.0,3.819999933242798,0.0,0.0,0.0,0.0,0.0,0.0,0.0,-0.0,-0.0,0.0
917.131896,0.0,0.0,3.8199999332427974,0.0,0.0,0.0,3.819999933242798,0.0,0.0,0.0,0.0,0.0,0.0,0.0,-0.0,-0.0,0.0
917.151739,0.0,0.0,3.8199999332427974,0.0,0.0,0.0,3.819999933242798,0.0,0.0,0.0,0.0,0.0,0.0,0.0,-0.0,-0.0,0.0
917.171966,0.0,0.0,3.8199999332427974,0.0,0.0,0.0,3.819999933242798,0.0,0.0,0.0,0.0,0.0,0.0,0.0,-0.0,-0.0,0.0
917.191554,0.0,0.0,3.8199999332427974,0.0,0.0,0.0,3.819999933242798,0.0,0.0,0.0,0.0,0.0,0.0,0.0,-0.0,-0.0,0.0
917.211806,0.0,0.0,3.8199999332427974,0.0,0.0,0.0,3.819999933242798,0.0,0.0,0.0,0.0,0.0,0.0,0.0,-0.0,-0.0,0.0
917.23184,0.0,0.0,3.8199999332427974,0.0,0.0,0.0,3.819999933242798,0.0,0.0,0.0,0.0,0.0,0.0,0.0,-0.0,-0.0,0.0
917.251439,0.0,0.0,3.8199999332427974,0.0,0.0,0.0,3.819999933242798,0.0,0.0,0.0,0.0,0.0,0.0,0.0,-0.0,-0.0,0.0
917.271705,0.0,0.0,3.8199999332427974,0.0,0.0,0.0,3.819999933242798,0.0,0.0,0.0,0.0,0.0,0.0,0.0,-0.0,-0.0,0.0
917.291771,0.0,0.0,3.8199999332427974,0.0,0.0,0.0,3.8299999237060547,0.0,0.0,0.0,0.0,0.0,0.0,0.0,-0.0,-0.0,0.0
917.311505,0.0,0.0,3.8299999237060547,0.0,0.0,0.0,3.8299999237060547,0.0,0.0,0.0,0.0,0.0,0.0,0.0,-0.0,-0.0,0.0
917.33163,0.0,0.0,3.8299999237060547,0.0,0.0,0.0,3.819999933242798,0.0,0.0,0.0,0.0,0.0,0.0,0.0,-0.0,-0.0,0.0
917.351826,0.0,0.0,3.8199999332427974,0.0,0.0,0.0,3.819999933242798,0.0,0.0,0.0,0.0,0.0,0.0,0.0,-0.0,-0.0,0.0
917.371823,0.0,0.0,3.8199999332427974,0.0,0.0,0.0,3.819999933242798,0.0,0.0,0.0,0.0,0.0,0.0,0.0,-0.0,-0.0,0.0
917.39147,0.0,0.0,3.8199999332427974,0.0,0.0,0.0,3.819999933242798,0.0,0.0,0.0,0.0,0.0,0.0,0.0,-0.0,-0.0,0.0
917.411849,0.0,0.0,3.8199999332427974,0.0,0.0,0.0,3.819999933242798,0.0,0.0,0.0,0.0,0.0,0.0,0.0,-0.0,-0.0,0.0
917.431512,0.0,0.0,3.8199999332427974,0.0,0.0,0.0,3.819999933242798,0.0,0.0,0.0,0.0,0.0,0.0,0.0,-0.0,-0.0,0.0
917.451435,0.0,0.0,3.8199999332427974,0.0,0.0,0.0,3.819999933242798,0.0,0.0,0.0,0.0,0.0,0.0,0.0,-0.0,-0.0,0.0
917.471771,0.0,0.0,3.8199999332427974,0.0,0.0,0.0,3.819999933242798,0.0,0.0,0.0,0.0,0.0,0.0,0.0,-0.0,-0.0,0.0
917.491767,0.0,0.0,3.8199999332427974,0.0,0.0,0.0,3.819999933242798,0.0,0.0,0.0,0.0,0.0,0.0,0.0,-0.0,-0.0,0.0
917.511592,0.0,0.0,3.8199999332427974,0.0,0.0,0.0,3.819999933242798,0.0,0.0,0.0,0.0,0.0,0.0,0.0,-0.0,-0.0,0.0
917.531859,0.0,0.0,3.8199999332427974,0.0,0.0,0.0,3.819999933242798,0.0,0.0,0.0,0.0,0.0,0.0,0.0,-0.0,-0.0,0.0
917.551593,0.0,0.0,3.8199999332427974,0.0,0.0,0.0,3.819999933242798,0.0,0.0,0.0,0.0,0.0,0.0,0.0,-0.0,-0.0,0.0
917.571743,0.0,0.0,3.8199999332427974,0.0,0.0,0.0,3.819999933242798,0.0,0.0,0.0,0.0,0.0,0.0,0.0,-0.0,-0.0,0.0
917.591719,0.0,0.0,3.8199999332427974,0.0,0.0,0.0,3.819999933242798,0.0,0.0,0.0,0.0,0.0,0.0,0.0,-0.0,-0.0,0.0
917.61185,0.0,0.0,3.8199999332427974,0.0,0.0,0.0,3.819999933242798,0.0,0.0,0.0,0.0,0.0,0.0,0.0,-0.0,-0.0,0.0
917.63147,0.0,0.0,3.8199999332427974,0.0,0.0,0.0,3.819999933242798,0.0,0.0,0.0,0.0,0.0,0.0,0.0,-0.0,-0.0,0.0
917.65176,0.0,0.0,3.8199999332427974,0.0,0.0,0.0,3.8299999237060547,0.0,0.0,0.0,0.0,0.0,0.0,0.0,-0.0,-0.0,0.0
917.671834,0.0,0.0,3.8299999237060547,0.0,0.0,0.0,3.8299999237060547,0.0,0.0,0.0,0.0,0.0,0.0,0.0,-0.0,-0.0,0.0
917.691641,0.0,0.0,3.8299999237060547,0.0,0.0,0.0,3.819999933242798,0.0,0.0,0.0,0.0,0.0,0.0,0.0,-0.0,-0.0,0.0
917.711763,0.0,0.0,3.8199999332427974,0.0,0.0,0.0,3.819999933242798,0.0,0.0,0.0,0.0,0.0,0.0,0.0,-0.0,-0.0,0.0
917.731516,0.0,0.0,3.8199999332427974,0.0,0.0,0.0,3.819999933242798,0.0,0.0,0.0,0.0,0.0,0.0,0.0,-0.0,-0.0,0.0
917.751508,0.0,0.0,3.8199999332427974,0.0,0.0,0.0,3.819999933242798,0.0,0.0,0.0,0.0,0.0,0.0,0.0,-0.0,-0.0,0.0
917.772539,0.0,0.0,3.8199999332427974,0.0,0.0,0.0,3.819999933242798,0.0,0.0,0.0,0.0,0.0,0.0,0.0,-0.0,-0.0,0.0
917.791445,0.0,0.0,3.8199999332427974,0.0,0.0,0.0,3.819999933242798,0.0,0.0,0.0,0.0,0.0,0.0,0.0,-0.0,-0.0,0.0
917.811613,0.0,0.0,3.8199999332427974,0.0,0.0,0.0,3.819999933242798,0.0,0.0,0.0,0.0,0.0,0.0,0.0,-0.0,-0.0,0.0
917.831801,0.0,0.0,3.8199999332427974,0.0,0.0,0.0,3.819999933242798,0.0,0.0,0.0,0.0,0.0,0.0,0.0,-0.0,-0.0,0.0
917.851572,0.0,0.0,3.8199999332427974,0.0,0.0,0.0,3.819999933242798,0.0,0.0,0.0,0.0,0.0,0.0,0.0,-0.0,-0.0,0.0
917.871597,0.0,0.0,3.8199999332427974,0.0,0.0,0.0,3.819999933242798,0.0,0.0,0.0,0.0,0.0,0.0,0.0,-0.0,-0.0,0.0
917.891788,0.0,0.0,3.8199999332427974,0.0,0.0,0.0,3.819999933242798,0.0,0.0,0.0,0.0,0.0,0.0,0.0,-0.0,-0.0,0.0
917.911512,0.0,0.0,3.8199999332427974,0.0,0.0,0.0,3.819999933242798,0.0,0.0,0.0,0.0,0.0,0.0,0.0,-0.0,-0.0,0.0
917.931523,0.0,0.0,3.8199999332427974,0.0,0.0,0.0,3.819999933242798,0.0,0.0,0.0,0.0,0.0,0.0,0.0,-0.0,-0.0,0.0
917.951773,0.0,0.0,3.8199999332427974,0.0,0.0,0.0,3.819999933242798,0.0,0.0,0.0,0.0,0.0,0.0,0.0,-0.0,-0.0,0.0
917.971674,0.0,0.0,3.8199999332427974,0.0,0.0,0.0,3.819999933242798,0.0,0.0,0.0,0.0,0.0,0.0,0.0,-0.0,-0.0,0.0
917.991414,0.0,0.0,3.8199999332427974,0.0,0.0,0.0,3.819999933242798,0.0,0.0,0.0,0.0,0.0,0.0,0.0,-0.0,-0.0,0.0
918.012043,0.0,0.0,3.8199999332427974,0.0,0.0,0.0,3.819999933242798,0.0,0.0,0.0,0.0,0.0,0.0,0.0,-0.0,-0.0,0.0
918.031586,0.0,0.0,3.8199999332427974,0.0,0.0,0.0,3.819999933242798,0.0,0.0,0.0,0.0,0.0,0.0,0.0,-0.0,-0.0,0.0
918.051481,0.0,0.0,3.8199999332427974,0.0,0.0,0.0,3.819999933242798,0.0,0.0,0.0,0.0,0.0,0.0,0.0,-0.0,-0.0,0.0
918.072033,0.0,0.0,3.8199999332427974,0.0,0.0,0.0,3.819999933242798,0.0,0.0,0.0,0.0,0.0,0.0,0.0,-0.0,-0.0,0.0
918.09153,0.0,0.0,3.8199999332427974,0.0,0.0,0.0,3.819999933242798,0.0,0.0,0.0,0.0,0.0,0.0,0.0,-0.0,-0.0,0.0
918.111578,0.0,0.0,3.8199999332427974,0.0,0.0,0.0,3.8299999237060547,0.0,0.0,0.0,0.0,0.0,0.0,0.0,-0.0,-0.0,0.0
918.131749,0.0,0.0,3.8299999237060547,0.0,0.0,0.0,3.8299999237060547,0.0,0.0,0.0,0.0,0.0,0.0,0.0,-0.0,-0.0,0.0
918.151572,0.0,0.0,3.8299999237060547,0.0,0.0,0.0,3.8399999141693115,0.0,0.0,0.0,0.0,0.0,0.0,0.0,-0.0,-0.0,0.0
918.171586,0.0,0.0,3.8399999141693115,0.0,0.0,0.0,3.8399999141693115,0.0,0.0,0.0,0.0,0.0,0.0,0.0,-0.0,-0.0,0.0
918.191939,0.0,0.0,3.8399999141693115,0.0,0.0,0.0,3.8399999141693115,0.0,0.0,0.0,0.0,0.0,0.0,0.0,-0.0,-0.0,0.0
918.211478,0.0,0.0,3.8399999141693115,0.0,0.0,0.0,3.8299999237060547,0.0,0.0,0.0,0.0,0.0,0.0,0.0,-0.0,-0.0,0.0
918.231479,0.0,0.0,3.8299999237060547,0.0,0.0,0.0,3.8299999237060547,0.0,0.0,0.0,0.0,0.0,0.0,0.0,-0.0,-0.0,0.0
918.251867,0.0,0.0,3.8299999237060547,0.0,0.0,0.0,3.8299999237060547,0.0,0.0,0.0,0.0,0.0,0.0,0.0,-0.0,-0.0,0.0
918.271579,0.0,0.0,3.8299999237060547,0.0,0.0,0.0,3.8299999237060547,0.0,0.0,0.0,0.0,0.0,0.0,0.0,-0.0,-0.0,0.0
918.291511,0.0,0.0,3.8299999237060547,0.0,0.0,0.0,3.8299999237060547,0.0,0.0,0.0,0.0,0.0,0.0,0.0,-0.0,-0.0,0.0
918.311701,0.0,0.0,3.8299999237060547,0.0,0.0,0.0,3.819999933242798,0.0,0.0,0.0,0.0,0.0,0.0,0.0,-0.0,-0.0,0.0
918.331691,0.0,0.0,3.8199999332427974,0.0,0.0,0.0,3.819999933242798,0.0,0.0,0.0,0.0,0.0,0.0,0.0,-0.0,-0.0,0.0
918.351715,0.0,0.0,3.8199999332427974,0.0,0.0,0.0,3.819999933242798,0.0,0.0,0.0,0.0,0.0,0.0,0.0,-0.0,-0.0,0.0
918.371876,0.0,0.0,3.8199999332427974,0.0,0.0,0.0,3.8299999237060547,0.0,0.0,0.0,0.0,0.0,0.0,0.0,-0.0,-0.0,0.0
918.39159,0.0,0.0,3.8299999237060547,0.0,0.0,0.0,3.8299999237060547,0.0,0.0,0.0,0.0,0.0,0.0,0.0,-0.0,-0.0,0.0
918.411634,0.0,0.0,3.8299999237060547,0.0,0.0,0.0,3.8299999237060547,0.0,0.0,0.0,0.0,0.0,0.0,0.0,-0.0,-0.0,0.0
918.431851,0.0,0.0,3.8299999237060547,0.0,0.0,0.0,3.8299999237060547,0.0,0.0,0.0,0.0,0.0,0.0,0.0,-0.0,-0.0,0.0
918.451489,0.0,0.0,3.8299999237060547,0.0,0.0,0.0,3.8299999237060547,0.0,0.0,0.0,0.0,0.0,0.0,0.0,-0.0,-0.0,0.0
918.471584,0.0,0.0,3.8299999237060547,0.0,0.0,0.0,3.8299999237060547,0.0,0.0,0.0,0.0,0.0,0.0,0.0,-0.0,-0.0,0.0
918.491798,0.0,0.0,3.8299999237060547,0.0,0.0,0.0,3.819999933242798,0.0,0.0,0.0,0.0,0.0,0.0,0.0,-0.0,-0.0,0.0
918.511555,0.0,0.0,3.8199999332427974,0.0,0.0,0.0,3.819999933242798,0.0,0.0,0.0,0.0,0.0,0.0,0.0,-0.0,-0.0,0.0
918.531512,0.0,0.0,3.8199999332427974,0.0,0.0,0.0,3.819999933242798,0.0,0.0,0.0,0.0,0.0,0.0,0.0,-0.0,-0.0,0.0
918.551876,0.0,0.0,3.8199999332427974,0.0,0.0,0.0,3.819999933242798,0.0,0.0,0.0,0.0,0.0,0.0,0.0,-0.0,-0.0,0.0
918.571897,0.0,0.0,3.8199999332427974,0.0,0.0,0.0,3.819999933242798,0.0,0.0,0.0,0.0,0.0,0.0,0.0,-0.0,-0.0,0.0
918.591459,0.0,0.0,3.8199999332427974,0.0,0.0,0.0,3.819999933242798,0.0,0.0,0.0,0.0,0.0,0.0,0.0,-0.0,-0.0,0.0
918.611855,0.0,0.0,3.8199999332427974,0.0,0.0,0.0,3.819999933242798,0.0,0.0,0.0,0.0,0.0,0.0,0.0,-0.0,-0.0,0.0
918.631664,0.0,0.0,3.8199999332427974,0.0,0.0,0.0,3.819999933242798,0.0,0.0,0.0,0.0,0.0,0.0,0.0,-0.0,-0.0,0.0
918.651735,0.0,0.0,3.8199999332427974,0.0,0.0,0.0,3.819999933242798,0.0,0.0,0.0,0.0,0.0,0.0,0.0,-0.0,-0.0,0.0
918.671838,0.0,0.0,3.8199999332427974,0.0,0.0,0.0,3.819999933242798,0.0,0.0,0.0,0.0,0.0,0.0,0.0,-0.0,-0.0,0.0
918.691581,0.0,0.0,3.8199999332427974,0.0,0.0,0.0,3.819999933242798,0.0,0.0,0.0,0.0,0.0,0.0,0.0,-0.0,-0.0,0.0
918.711468,0.0,0.0,3.8199999332427974,0.0,0.0,0.0,3.819999933242798,0.0,0.0,0.0,0.0,0.0,0.0,0.0,-0.0,-0.0,0.0
918.731899,0.0,0.0,3.8199999332427974,0.0,0.0,0.0,3.8099999427795406,0.0,0.0,0.0,0.0,0.0,0.0,0.0,-0.0,-0.0,0.0
918.751413,0.0,0.0,3.8099999427795415,0.0,0.0,0.0,3.819999933242798,0.0,0.0,0.0,0.0,0.0,0.0,0.0,-0.0,-0.0,0.0
918.771904,0.0,0.0,3.8199999332427974,0.0,0.0,0.0,3.819999933242798,0.0,0.0,0.0,0.0,0.0,0.0,0.0,-0.0,-0.0,0.0
918.791887,0.0,0.0,3.8199999332427974,0.0,0.0,0.0,3.819999933242798,0.0,0.0,0.0,0.0,0.0,0.0,0.0,-0.0,-0.0,0.0
918.811485,0.0,0.0,3.8199999332427974,0.0,0.0,0.0,3.8299999237060547,0.0,0.0,0.0,0.0,0.0,0.0,0.0,-0.0,-0.0,0.0
918.831616,0.0,0.0,3.8299999237060547,0.0,0.0,0.0,3.819999933242798,0.0,0.0,0.0,0.0,0.0,0.0,0.0,-0.0,-0.0,0.0
918.851721,0.0,0.0,3.8199999332427974,0.0,0.0,0.0,3.819999933242798,0.0,0.0,0.0,0.0,0.0,0.0,0.0,-0.0,-0.0,0.0
918.87161,0.0,0.0,3.8199999332427974,0.0,0.0,0.0,3.819999933242798,0.0,0.0,0.0,0.0,0.0,0.0,0.0,-0.0,-0.0,0.0
918.891665,0.0,0.0,3.8199999332427974,0.0,0.0,0.0,3.819999933242798,0.0,0.0,0.0,0.0,0.0,0.0,0.0,-0.0,-0.0,0.0
918.911679,0.0,0.0,3.8199999332427974,0.0,0.0,0.0,3.819999933242798,0.0,0.0,0.0,0.0,0.0,0.0,0.0,-0.0,-0.0,0.0
918.931708,0.0,0.0,3.8199999332427974,0.0,0.0,0.0,3.819999933242798,0.0,0.0,0.0,0.0,0.0,0.0,0.0,-0.0,-0.0,0.0
918.951473,0.0,0.0,3.8199999332427974,0.0,0.0,0.0,3.819999933242798,0.0,0.0,0.0,0.0,0.0,0.0,0.0,-0.0,-0.0,0.0
918.971829,0.0,0.0,3.8199999332427974,0.0,0.0,0.0,3.819999933242798,0.0,0.0,0.0,0.0,0.0,0.0,0.0,-0.0,-0.0,0.0
918.991474,0.0,0.0,3.8199999332427974,0.0,0.0,0.0,3.819999933242798,0.0,0.0,0.0,0.0,0.0,0.0,0.0,-0.0,-0.0,0.0
919.011454,0.0,0.0,3.8199999332427974,0.0,0.0,0.0,3.8299999237060547,0.0,0.0,0.0,0.0,0.0,0.0,0.0,-0.0,-0.0,0.0
919.031677,0.0,0.0,3.8299999237060547,0.0,0.0,0.0,3.8299999237060547,0.0,0.0,0.0,0.0,0.0,0.0,0.0,-0.0,-0.0,0.0
919.051537,0.0,0.0,3.8299999237060547,0.0,0.0,0.0,3.8299999237060547,0.0,0.0,0.0,0.0,0.0,0.0,0.0,-0.0,-0.0,0.0
919.071681,0.0,0.0,3.8299999237060547,0.0,0.0,0.0,3.819999933242798,0.0,0.0,0.0,0.0,0.0,0.0,0.0,-0.0,-0.0,0.0
919.091784,0.0,0.0,3.8199999332427974,0.0,0.0,0.0,3.819999933242798,0.0,0.0,0.0,0.0,0.0,0.0,0.0,-0.0,-0.0,0.0
919.111443,0.0,0.0,3.8199999332427974,0.0,0.0,0.0,3.819999933242798,0.0,0.0,0.0,0.0,0.0,0.0,0.0,-0.0,-0.0,0.0
919.13144,0.0,0.0,3.8199999332427974,0.0,0.0,0.0,3.819999933242798,0.0,0.0,0.0,0.0,0.0,0.0,0.0,-0.0,-0.0,0.0
919.151868,0.0,0.0,3.8199999332427974,0.0,0.0,0.0,3.819999933242798,0.0,0.0,0.0,0.0,0.0,0.0,0.0,-0.0,-0.0,0.0
919.171765,0.0,0.0,3.8199999332427974,0.0,0.0,0.0,3.819999933242798,0.0,0.0,0.0,0.0,0.0,0.0,0.0,-0.0,-0.0,0.0
919.191622,0.0,0.0,3.8199999332427974,0.0,0.0,0.0,3.819999933242798,0.0,0.0,0.0,0.0,0.0,0.0,0.0,-0.0,-0.0,0.0
919.211817,0.0,0.0,3.8199999332427974,0.0,0.0,0.0,3.819999933242798,0.0,0.0,0.0,0.0,0.0,0.0,0.0,-0.0,-0.0,0.0
919.231462,0.0,0.0,3.8199999332427974,0.0,0.0,0.0,3.819999933242798,0.0,0.0,0.0,0.0,0.0,0.0,0.0,-0.0,-0.0,0.0
919.251641,0.0,0.0,3.8199999332427974,0.0,0.0,0.0,3.819999933242798,0.0,0.0,0.0,0.0,0.0,0.0,0.0,-0.0,-0.0,0.0
919.271866,0.0,0.0,3.8199999332427974,0.0,0.0,0.0,3.819999933242798,0.0,0.0,0.0,0.0,0.0,0.0,0.0,-0.0,-0.0,0.0
919.291589,0.0,0.0,3.8199999332427974,0.0,0.0,0.0,3.819999933242798,0.0,0.0,0.0,0.0,0.0,0.0,0.0,-0.0,-0.0,0.0
919.311687,0.0,0.0,3.8199999332427974,0.0,0.0,0.0,3.819999933242798,0.0,0.0,0.0,0.0,0.0,0.0,0.0,-0.0,-0.0,0.0
919.331806,0.0,0.0,3.8199999332427974,0.0,0.0,0.0,3.819999933242798,0.0,0.0,0.0,0.0,0.0,0.0,0.0,-0.0,-0.0,0.0
919.351565,0.0,0.0,3.8199999332427974,0.0,0.0,0.0,3.819999933242798,0.0,0.0,0.0,0.0,0.0,0.0,0.0,-0.0,-0.0,0.0
919.371843,0.0,0.0,3.8199999332427974,0.0,0.0,0.0,3.8299999237060547,0.0,0.0,0.0,0.0,0.0,0.0,0.0,-0.0,-0.0,0.0
919.391773,0.0,0.0,3.8299999237060547,0.0,0.0,0.0,3.8299999237060547,0.0,0.0,0.0,0.0,0.0,0.0,0.0,-0.0,-0.0,0.0
919.411584,0.0,0.0,3.8299999237060547,0.0,0.0,0.0,3.8299999237060547,0.0,0.0,0.0,0.0,0.0,0.0,0.0,-0.0,-0.0,0.0
919.431606,0.0,0.0,3.8299999237060547,0.0,0.0,0.0,3.8299999237060547,0.0,0.0,0.0,0.0,0.0,0.0,0.0,-0.0,-0.0,0.0
919.451863,0.0,0.0,3.8299999237060547,0.0,0.0,0.0,3.8299999237060547,0.0,0.0,0.0,0.0,0.0,0.0,0.0,-0.0,-0.0,0.0
919.471618,0.0,0.0,3.8299999237060547,0.0,0.0,0.0,3.8299999237060547,0.0,0.0,0.0,0.0,0.0,0.0,0.0,-0.0,-0.0,0.0
919.491666,0.0,0.0,3.8299999237060547,0.0,0.0,0.0,3.8299999237060547,0.0,0.0,0.0,0.0,0.0,0.0,0.0,-0.0,-0.0,0.0
919.511666,0.0,0.0,3.8299999237060547,0.0,0.0,0.0,3.8299999237060547,0.0,0.0,0.0,0.0,0.0,0.0,0.0,-0.0,-0.0,0.0
919.531663,0.0,0.0,3.8299999237060547,0.0,0.0,0.0,3.8299999237060547,0.0,0.0,0.0,0.0,0.0,0.0,0.0,-0.0,-0.0,0.0
919.551503,0.0,0.0,3.8299999237060547,0.0,0.0,0.0,3.8299999237060547,0.0,0.0,0.0,0.0,0.0,0.0,0.0,-0.0,-0.0,0.0
919.572077,0.0,0.0,3.8299999237060547,0.0,0.0,0.0,3.8299999237060547,0.0,0.0,0.0,0.0,0.0,0.0,0.0,-0.0,-0.0,0.0
919.591697,0.0,0.0,3.8299999237060547,0.0,0.0,0.0,3.8299999237060547,0.0,0.0,0.0,0.0,0.0,0.0,0.0,-0.0,-0.0,0.0
919.611712,0.0,0.0,3.8299999237060547,0.0,0.0,0.0,3.819999933242798,0.0,0.0,0.0,0.0,0.0,0.0,0.0,-0.0,-0.0,0.0
919.63179,0.0,0.0,3.8199999332427974,0.0,0.0,0.0,3.819999933242798,0.0,0.0,0.0,0.0,0.0,0.0,0.0,-0.0,-0.0,0.0
919.65141,0.0,0.0,3.8199999332427974,0.0,0.0,0.0,3.819999933242798,0.0,0.0,0.0,0.0,0.0,0.0,0.0,-0.0,-0.0,0.0
919.671686,0.0,0.0,3.8199999332427974,0.0,0.0,0.0,3.819999933242798,0.0,0.0,0.0,0.0,0.0,0.0,0.0,-0.0,-0.0,0.0
919.691898,0.0,0.0,3.8199999332427974,0.0,0.0,0.0,3.819999933242798,0.0,0.0,0.0,0.0,0.0,0.0,0.0,-0.0,-0.0,0.0
919.711494,0.0,0.0,3.8199999332427974,0.0,0.0,0.0,3.819999933242798,0.0,0.0,0.0,0.0,0.0,0.0,0.0,-0.0,-0.0,0.0
919.731464,0.0,0.0,3.8199999332427974,0.0,0.0,0.0,3.8299999237060547,0.0,0.0,0.0,0.0,0.0,0.0,0.0,-0.0,-0.0,0.0
919.751734,0.0,0.0,3.8299999237060547,0.0,0.0,0.0,3.8299999237060547,0.0,0.0,0.0,0.0,0.0,0.0,0.0,-0.0,-0.0,0.0
919.772221,0.0,0.0,3.8299999237060547,0.0,0.0,0.0,3.819999933242798,0.0,0.0,0.0,0.0,0.0,0.0,0.0,-0.0,-0.0,0.0
919.791671,0.0,0.0,3.8199999332427974,0.0,0.0,0.0,3.819999933242798,0.0,0.0,0.0,0.0,0.0,0.0,0.0,-0.0,-0.0,0.0
919.811939,0.0,0.0,3.8199999332427974,0.0,0.0,0.0,3.819999933242798,0.0,0.0,0.0,0.0,0.0,0.0,0.0,-0.0,-0.0,0.0
919.831519,0.0,0.0,3.8199999332427974,0.0,0.0,0.0,3.819999933242798,0.0,0.0,0.0,0.0,0.0,0.0,0.0,-0.0,-0.0,0.0
919.851462,0.0,0.0,3.8199999332427974,0.0,0.0,0.0,3.819999933242798,0.0,0.0,0.0,0.0,0.0,0.0,0.0,-0.0,-0.0,0.0
919.87219,0.0,0.0,3.8199999332427974,0.0,0.0,0.0,3.819999933242798,0.0,0.0,0.0,0.0,0.0,0.0,0.0,-0.0,-0.0,0.0
919.891805,0.0,0.0,3.8199999332427974,0.0,0.0,0.0,3.819999933242798,0.0,0.0,0.0,0.0,0.0,0.0,0.0,-0.0,-0.0,0.0
919.911624,0.0,0.0,3.8199999332427974,0.0,0.0,0.0,3.819999933242798,0.0,0.0,0.0,0.0,0.0,0.0,0.0,-0.0,-0.0,0.0
919.931783,0.0,0.0,3.8199999332427974,0.0,0.0,0.0,3.819999933242798,0.0,0.0,0.0,0.0,0.0,0.0,0.0,-0.0,-0.0,0.0
919.951505,0.0,0.0,3.8199999332427974,0.0,0.0,0.0,3.819999933242798,0.0,0.0,0.0,0.0,0.0,0.0,0.0,-0.0,-0.0,0.0
919.971615,0.0,0.0,3.8199999332427974,0.0,0.0,0.0,3.819999933242798,0.0,0.0,0.0,0.0,0.0,0.0,0.0,-0.0,-0.0,0.0
919.991891,0.0,0.0,3.8199999332427974,0.0,0.0,0.0,3.819999933242798,0.0,0.0,0.0,0.0,0.0,0.0,0.0,-0.0,-0.0,0.0
920.011633,0.0,0.0,3.8199999332427974,0.0,0.0,0.0,3.8099999427795406,0.0,0.0,0.0,0.0,0.0,0.0,0.0,-0.0,-0.0,0.0
920.031637,0.0,0.0,3.8099999427795415,0.0,0.0,0.0,3.8099999427795406,0.0,0.0,0.0,0.0,0.0,0.0,0.0,-0.0,-0.0,0.0
920.051884,0.0,0.0,3.8099999427795415,0.0,0.0,0.0,3.8099999427795406,0.0,0.0,0.0,0.0,0.0,0.0,0.0,-0.0,-0.0,0.0
920.071608,0.0,0.0,3.8099999427795415,0.0,0.0,0.0,3.8099999427795406,0.0,0.0,0.0,0.0,0.0,0.0,0.0,-0.0,-0.0,0.0
920.091568,0.0,0.0,3.8099999427795415,0.0,0.0,0.0,3.8099999427795406,0.0,0.0,0.0,0.0,0.0,0.0,0.0,-0.0,-0.0,0.0
920.111792,0.0,0.0,3.8099999427795415,0.0,0.0,0.0,3.8099999427795406,0.0,0.0,0.0,0.0,0.0,0.0,0.0,-0.0,-0.0,0.0
920.131534,0.0,0.0,3.8099999427795415,0.0,0.0,0.0,3.8099999427795406,0.0,0.0,0.0,0.0,0.0,0.0,0.0,-0.0,-0.0,0.0
920.151558,0.0,0.0,3.8099999427795415,0.0,0.0,0.0,3.8099999427795406,0.0,0.0,0.0,0.0,0.0,0.0,0.0,-0.0,-0.0,0.0
920.172628,0.0,0.0,3.8099999427795415,0.0,0.0,0.0,3.8099999427795406,0.0,0.0,0.0,0.0,0.0,0.0,0.0,-0.0,-0.0,0.0
920.191514,0.0,0.0,3.8099999427795415,0.0,0.0,0.0,3.8099999427795406,0.0,0.0,0.0,0.0,0.0,0.0,0.0,-0.0,-0.0,0.0
920.211522,0.0,0.0,3.8099999427795415,0.0,0.0,0.0,3.8099999427795406,0.0,0.0,0.0,0.0,0.0,0.0,0.0,-0.0,-0.0,0.0
920.231812,0.0,0.0,3.8099999427795415,0.0,0.0,0.0,3.8099999427795406,0.0,0.0,0.0,0.0,0.0,0.0,0.0,-0.0,-0.0,0.0
920.251536,0.0,0.0,3.8099999427795415,0.0,0.0,0.0,3.8099999427795406,0.0,0.0,0.0,0.0,0.0,0.0,0.0,-0.0,-0.0,0.0
920.271779,0.0,0.0,3.8099999427795415,0.0,0.0,0.0,3.8099999427795406,0.0,0.0,0.0,0.0,0.0,0.0,0.0,-0.0,-0.0,0.0
920.291855,0.0,0.0,3.8099999427795415,0.0,0.0,0.0,3.8099999427795406,0.0,0.0,0.0,0.0,0.0,0.0,0.0,-0.0,-0.0,0.0
920.311644,0.0,0.0,3.8099999427795415,0.0,0.0,0.0,3.8099999427795406,0.0,0.0,0.0,0.0,0.0,0.0,0.0,-0.0,-0.0,0.0
920.331505,0.0,0.0,3.8099999427795415,0.0,0.0,0.0,3.8099999427795406,0.0,0.0,0.0,0.0,0.0,0.0,0.0,-0.0,-0.0,0.0
920.351751,0.0,0.0,3.8099999427795415,0.0,0.0,0.0,3.8099999427795406,0.0,0.0,0.0,0.0,0.0,0.0,0.0,-0.0,-0.0,0.0
920.371603,0.0,0.0,3.8099999427795415,0.0,0.0,0.0,3.8099999427795406,0.0,0.0,0.0,0.0,0.0,0.0,0.0,-0.0,-0.0,0.0
920.391648,0.0,0.0,3.8099999427795415,0.0,0.0,0.0,3.8099999427795406,0.0,0.0,0.0,0.0,0.0,0.0,0.0,-0.0,-0.0,0.0
920.411779,0.0,0.0,3.8099999427795415,0.0,0.0,0.0,3.8099999427795406,0.0,0.0,0.0,0.0,0.0,0.0,0.0,-0.0,-0.0,0.0
920.431592,0.0,0.0,3.8099999427795415,0.0,0.0,0.0,3.8099999427795406,0.0,0.0,0.0,0.0,0.0,0.0,0.0,-0.0,-0.0,0.0
920.451579,0.0,0.0,3.8099999427795415,0.0,0.0,0.0,3.8099999427795406,0.0,0.0,0.0,0.0,0.0,0.0,0.0,-0.0,-0.0,0.0
920.471949,0.0,0.0,3.8099999427795415,0.0,0.0,0.0,3.799999952316284,0.0,0.0,0.0,0.0,0.0,0.0,0.0,-0.0,-0.0,0.0
920.49164,0.0,0.0,3.799999952316284,0.0,0.0,0.0,3.8099999427795406,0.0,0.0,0.0,0.0,0.0,0.0,0.0,-0.0,-0.0,0.0
920.511542,0.0,0.0,3.8099999427795415,0.0,0.0,0.0,3.8099999427795406,0.0,0.0,0.0,0.0,0.0,0.0,0.0,-0.0,-0.0,0.0
920.531758,0.0,0.0,3.8099999427795415,0.0,0.0,0.0,3.8099999427795406,0.0,0.0,0.0,0.0,0.0,0.0,0.0,-0.0,-0.0,0.0
920.551548,0.0,0.0,3.8099999427795415,0.0,0.0,0.0,3.8099999427795406,0.0,0.0,0.0,0.0,0.0,0.0,0.0,-0.0,-0.0,0.0
920.571653,0.0,0.0,3.8099999427795415,0.0,0.0,0.0,3.8099999427795406,0.0,0.0,0.0,0.0,0.0,0.0,0.0,-0.0,-0.0,0.0
920.59178,0.0,0.0,3.8099999427795415,0.0,0.0,0.0,3.8099999427795406,0.0,0.0,0.0,0.0,0.0,0.0,0.0,-0.0,-0.0,0.0
920.61165,0.0,0.0,3.8099999427795415,0.0,0.0,0.0,3.8099999427795406,0.0,0.0,0.0,0.0,0.0,0.0,0.0,-0.0,-0.0,0.0
920.631402,0.0,0.0,3.8099999427795415,0.0,0.0,0.0,3.8099999427795406,0.0,0.0,0.0,0.0,0.0,0.0,0.0,-0.0,-0.0,0.0
920.651867,0.0,0.0,3.8099999427795415,0.0,0.0,0.0,3.8099999427795406,0.0,0.0,0.0,0.0,0.0,0.0,0.0,-0.0,-0.0,0.0
920.671609,0.0,0.0,3.8099999427795415,0.0,0.0,0.0,3.8099999427795406,0.0,0.0,0.0,0.0,0.0,0.0,0.0,-0.0,-0.0,0.0
920.691487,0.0,0.0,3.8099999427795415,0.0,0.0,0.0,3.8099999427795406,0.0,0.0,0.0,0.0,0.0,0.0,0.0,-0.0,-0.0,0.0
920.711825,0.0,0.0,3.8099999427795415,0.0,0.0,0.0,3.8099999427795406,0.0,0.0,0.0,0.0,0.0,0.0,0.0,-0.0,-0.0,0.0
920.731867,0.0,0.0,3.8099999427795415,0.0,0.0,0.0,3.8099999427795406,0.0,0.0,0.0,0.0,0.0,0.0,0.0,-0.0,-0.0,0.0
920.751712,0.0,0.0,3.8099999427795415,0.0,0.0,0.0,3.8099999427795406,0.0,0.0,0.0,0.0,0.0,0.0,0.0,-0.0,-0.0,0.0
920.772523,0.0,0.0,3.8099999427795415,0.0,0.0,0.0,3.8099999427795406,0.0,0.0,0.0,0.0,0.0,0.0,0.0,-0.0,-0.0,0.0
920.791472,0.0,0.0,3.8099999427795415,0.0,0.0,0.0,3.8099999427795406,0.0,0.0,0.0,0.0,0.0,0.0,0.0,-0.0,-0.0,0.0
920.811463,0.0,0.0,3.8099999427795415,0.0,0.0,0.0,3.8099999427795406,0.0,0.0,0.0,0.0,0.0,0.0,0.0,-0.0,-0.0,0.0
920.831833,0.0,0.0,3.8099999427795415,0.0,0.0,0.0,3.8099999427795406,0.0,0.0,0.0,0.0,0.0,0.0,0.0,-0.0,-0.0,0.0
920.851479,0.0,0.0,3.8099999427795415,0.0,0.0,0.0,3.8099999427795406,0.0,0.0,0.0,0.0,0.0,0.0,0.0,-0.0,-0.0,0.0
920.871709,0.0,0.0,3.8099999427795415,0.0,0.0,0.0,3.8099999427795406,0.0,0.0,0.0,0.0,0.0,0.0,0.0,-0.0,-0.0,0.0
920.89174,0.0,0.0,3.8099999427795415,0.0,0.0,0.0,3.8099999427795406,0.0,0.0,0.0,0.0,0.0,0.0,0.0,-0.0,-0.0,0.0
920.911469,0.0,0.0,3.8099999427795415,0.0,0.0,0.0,3.8099999427795406,0.0,0.0,0.0,0.0,0.0,0.0,0.0,-0.0,-0.0,0.0
920.931553,0.0,0.0,3.8099999427795415,0.0,0.0,0.0,3.8099999427795406,0.0,0.0,0.0,0.0,0.0,0.0,0.0,-0.0,-0.0,0.0
920.95198,0.0,0.0,3.8099999427795415,0.0,0.0,0.0,3.8099999427795406,0.0,0.0,0.0,0.0,0.0,0.0,0.0,-0.0,-0.0,0.0
920.97163,0.0,0.0,3.8099999427795415,0.0,0.0,0.0,3.8099999427795406,0.0,0.0,0.0,0.0,0.0,0.0,0.0,-0.0,-0.0,0.0
920.991515,0.0,0.0,3.8099999427795415,0.0,0.0,0.0,3.8099999427795406,0.0,0.0,0.0,0.0,0.0,0.0,0.0,-0.0,-0.0,0.0
921.011781,0.0,0.0,3.8099999427795415,0.0,0.0,0.0,3.8099999427795406,0.0,0.0,0.0,0.0,0.0,0.0,0.0,-0.0,-0.0,0.0
921.031508,0.0,0.0,3.8099999427795415,0.0,0.0,0.0,3.8099999427795406,0.0,0.0,0.0,0.0,0.0,0.0,0.0,-0.0,-0.0,0.0
921.051604,0.0,0.0,3.8099999427795415,0.0,0.0,0.0,3.8099999427795406,0.0,0.0,0.0,0.0,0.0,0.0,0.0,-0.0,-0.0,0.0
921.071934,0.0,0.0,3.8099999427795415,0.0,0.0,0.0,3.8099999427795406,0.0,0.0,0.0,0.0,0.0,0.0,0.0,-0.0,-0.0,0.0
921.091544,0.0,0.0,3.8099999427795415,0.0,0.0,0.0,3.8099999427795406,0.0,0.0,0.0,0.0,0.0,0.0,0.0,-0.0,-0.0,0.0
921.111488,0.0,0.0,3.8099999427795415,0.0,0.0,0.0,3.8099999427795406,0.0,0.0,0.0,0.0,0.0,0.0,0.0,-0.0,-0.0,0.0
921.131957,0.0,0.0,3.8099999427795415,0.0,0.0,0.0,3.8099999427795406,0.0,0.0,0.0,0.0,0.0,0.0,0.0,-0.0,-0.0,0.0
921.151526,0.0,0.0,3.8099999427795415,0.0,0.0,0.0,3.8099999427795406,0.0,0.0,0.0,0.0,0.0,0.0,0.0,-0.0,-0.0,0.0
921.171986,0.0,0.0,3.8099999427795415,0.0,0.0,0.0,3.8099999427795406,0.0,0.0,0.0,0.0,0.0,0.0,0.0,-0.0,-0.0,0.0
921.191771,0.0,0.0,3.8099999427795415,0.0,0.0,0.0,3.8099999427795406,0.0,0.0,0.0,0.0,0.0,0.0,0.0,-0.0,-0.0,0.0
921.21146,0.0,0.0,3.8099999427795415,0.0,0.0,0.0,3.8099999427795406,0.0,0.0,0.0,0.0,0.0,0.0,0.0,-0.0,-0.0,0.0
921.23161,0.0,0.0,3.8099999427795415,0.0,0.0,0.0,3.8099999427795406,0.0,0.0,0.0,0.0,0.0,0.0,0.0,-0.0,-0.0,0.0
921.251698,0.0,0.0,3.8099999427795415,0.0,0.0,0.0,3.8099999427795406,0.0,0.0,0.0,0.0,0.0,0.0,0.0,-0.0,-0.0,0.0
921.271885,0.0,0.0,3.8099999427795415,0.0,0.0,0.0,3.8099999427795406,0.0,0.0,0.0,0.0,0.0,0.0,0.0,-0.0,-0.0,0.0
921.291552,0.0,0.0,3.8099999427795415,0.0,0.0,0.0,3.8099999427795406,0.0,0.0,0.0,0.0,0.0,0.0,0.0,-0.0,-0.0,0.0
921.311896,0.0,0.0,3.8099999427795415,0.0,0.0,0.0,3.8099999427795406,0.0,0.0,0.0,0.0,0.0,0.0,0.0,-0.0,-0.0,0.0
921.331458,0.0,0.0,3.8099999427795415,0.0,0.0,0.0,3.8099999427795406,0.0,0.0,0.0,0.0,0.0,0.0,0.0,-0.0,-0.0,0.0
921.351528,0.0,0.0,3.8099999427795415,0.0,0.0,0.0,3.8099999427795406,0.0,0.0,0.0,0.0,0.0,0.0,0.0,-0.0,-0.0,0.0
921.372312,0.0,0.0,3.8099999427795415,0.0,0.0,0.0,3.8099999427795406,0.0,0.0,0.0,0.0,0.0,0.0,0.0,-0.0,-0.0,0.0
921.391416,0.0,0.0,3.8099999427795415,0.0,0.0,0.0,3.8099999427795406,0.0,0.0,0.0,0.0,0.0,0.0,0.0,-0.0,-0.0,0.0
921.411459,0.0,0.0,3.8099999427795415,0.0,0.0,0.0,3.8099999427795406,0.0,0.0,0.0,0.0,0.0,0.0,0.0,-0.0,-0.0,0.0
921.431894,0.0,0.0,3.8099999427795415,0.0,0.0,0.0,3.8099999427795406,0.0,0.0,0.0,0.0,0.0,0.0,0.0,-0.0,-0.0,0.0
921.451477,0.0,0.0,3.8099999427795415,0.0,0.0,0.0,3.8099999427795406,0.0,0.0,0.0,0.0,0.0,0.0,0.0,-0.0,-0.0,0.0
921.471784,0.0,0.0,3.8099999427795415,0.0,0.0,0.0,3.8099999427795406,0.0,0.0,0.0,0.0,0.0,0.0,0.0,-0.0,-0.0,0.0
921.491815,0.0,0.0,3.8099999427795415,0.0,0.0,0.0,3.8099999427795406,0.0,0.0,0.0,0.0,0.0,0.0,0.0,-0.0,-0.0,0.0
921.511409,0.0,0.0,3.8099999427795415,0.0,0.0,0.0,3.8099999427795406,0.0,0.0,0.0,0.0,0.0,0.0,0.0,-0.0,-0.0,0.0
921.531535,0.0,0.0,3.8099999427795415,0.0,0.0,0.0,3.8099999427795406,0.0,0.0,0.0,0.0,0.0,0.0,0.0,-0.0,-0.0,0.0
921.551722,0.0,0.0,3.8099999427795415,0.0,0.0,0.0,3.8099999427795406,0.0,0.0,0.0,0.0,0.0,0.0,0.0,-0.0,-0.0,0.0
921.571735,0.0,0.0,3.8099999427795415,0.0,0.0,0.0,3.8099999427795406,0.0,0.0,0.0,0.0,0.0,0.0,0.0,-0.0,-0.0,0.0
921.591474,0.0,0.0,3.8099999427795415,0.0,0.0,0.0,3.8099999427795406,0.0,0.0,0.0,0.0,0.0,0.0,0.0,-0.0,-0.0,0.0
921.612114,0.0,0.0,3.8099999427795415,0.0,0.0,0.0,3.8099999427795406,0.0,0.0,0.0,0.0,0.0,0.0,0.0,-0.0,-0.0,0.0
921.631445,0.0,0.0,3.8099999427795415,0.0,0.0,0.0,3.8099999427795406,0.0,0.0,0.0,0.0,0.0,0.0,0.0,-0.0,-0.0,0.0
921.651477,0.0,0.0,3.8099999427795415,0.0,0.0,0.0,3.8099999427795406,0.0,0.0,0.0,0.0,0.0,0.0,0.0,-0.0,-0.0,0.0
921.671946,0.0,0.0,3.8099999427795415,0.0,0.0,0.0,3.8099999427795406,0.0,0.0,0.0,0.0,0.0,0.0,0.0,-0.0,-0.0,0.0
921.691479,0.0,0.0,3.8099999427795415,0.0,0.0,0.0,3.8099999427795406,0.0,0.0,0.0,0.0,0.0,0.0,0.0,-0.0,-0.0,0.0
921.711493,0.0,0.0,3.8099999427795415,0.0,0.0,0.0,3.8099999427795406,0.0,0.0,0.0,0.0,0.0,0.0,0.0,-0.0,-0.0,0.0
921.73175,0.0,0.0,3.8099999427795415,0.0,0.0,0.0,3.8099999427795406,0.0,0.0,0.0,0.0,0.0,0.0,0.0,-0.0,-0.0,0.0
921.751709,0.0,0.0,3.8099999427795415,0.0,0.0,0.0,3.8099999427795406,0.0,0.0,0.0,0.0,0.0,0.0,0.0,-0.0,-0.0,0.0
921.773108,0.0,0.0,3.8099999427795415,0.0,0.0,0.0,3.8099999427795406,0.0,0.0,0.0,0.0,0.0,0.0,0.0,-0.0,-0.0,0.0
921.791695,0.0,0.0,3.8099999427795415,0.0,0.0,0.0,3.8099999427795406,0.0,0.0,0.0,0.0,0.0,0.0,0.0,-0.0,-0.0,0.0
921.811563,0.0,0.0,3.8099999427795415,0.0,0.0,0.0,3.8099999427795406,0.0,0.0,0.0,0.0,0.0,0.0,0.0,-0.0,-0.0,0.0
921.831615,0.0,0.0,3.8099999427795415,0.0,0.0,0.0,3.8099999427795406,0.0,0.0,0.0,0.0,0.0,0.0,0.0,-0.0,-0.0,0.0
921.851739,0.0,0.0,3.8099999427795415,0.0,0.0,0.0,3.8099999427795406,0.0,0.0,0.0,0.0,0.0,0.0,0.0,-0.0,-0.0,0.0
921.871643,0.0,0.0,3.8099999427795415,0.0,0.0,0.0,3.8099999427795406,0.0,0.0,0.0,0.0,0.0,0.0,0.0,-0.0,-0.0,0.0
921.891475,0.0,0.0,3.8099999427795415,0.0,0.0,0.0,3.8099999427795406,0.0,0.0,0.0,0.0,0.0,0.0,0.0,-0.0,-0.0,0.0
921.911779,0.0,0.0,3.8099999427795415,0.0,0.0,0.0,3.8099999427795406,0.0,0.0,0.0,0.0,0.0,0.0,0.0,-0.0,-0.0,0.0
921.931468,0.0,0.0,3.8099999427795415,0.0,0.0,0.0,3.8099999427795406,0.0,0.0,0.0,0.0,0.0,0.0,0.0,-0.0,-0.0,0.0
921.951528,0.0,0.0,3.8099999427795415,0.0,0.0,0.0,3.8099999427795406,0.0,0.0,0.0,0.0,0.0,0.0,0.0,-0.0,-0.0,0.0
921.971931,0.0,0.0,3.8099999427795415,0.0,0.0,0.0,3.8099999427795406,0.0,0.0,0.0,0.0,0.0,0.0,0.0,-0.0,-0.0,0.0
921.991477,0.0,0.0,3.8099999427795415,0.0,0.0,0.0,3.8099999427795406,0.0,0.0,0.0,0.0,0.0,0.0,0.0,-0.0,-0.0,0.0
922.011683,0.0,0.0,3.8099999427795415,0.0,0.0,0.0,3.8099999427795406,0.0,0.0,0.0,0.0,0.0,0.0,0.0,-0.0,-0.0,0.0
922.031786,0.0,0.0,3.8099999427795415,0.0,0.0,0.0,3.8099999427795406,0.0,0.0,0.0,0.0,0.0,0.0,0.0,-0.0,-0.0,0.0
922.051517,0.0,0.0,3.8099999427795415,0.0,0.0,0.0,3.8099999427795406,0.0,0.0,0.0,0.0,0.0,0.0,0.0,-0.0,-0.0,0.0
922.071663,0.0,0.0,3.8099999427795415,0.0,0.0,0.0,3.8099999427795406,0.0,0.0,0.0,0.0,0.0,0.0,0.0,-0.0,-0.0,0.0
922.091873,0.0,0.0,3.8099999427795415,0.0,0.0,0.0,3.8099999427795406,0.0,0.0,0.0,0.0,0.0,0.0,0.0,-0.0,-0.0,0.0
922.112747,0.0,0.0,3.8099999427795415,0.0,0.0,0.0,3.8099999427795406,0.0,0.0,0.0,0.0,0.0,0.0,0.0,-0.0,-0.0,0.0
922.131617,0.0,0.0,3.8099999427795415,0.0,0.0,0.0,3.8099999427795406,0.0,0.0,0.0,0.0,0.0,0.0,0.0,-0.0,-0.0,0.0
922.151768,0.0,0.0,3.8099999427795415,0.0,0.0,0.0,3.8099999427795406,0.0,0.0,0.0,0.0,0.0,0.0,0.0,-0.0,-0.0,0.0
922.171594,0.0,0.0,3.8099999427795415,0.0,0.0,0.0,3.8099999427795406,0.0,0.0,0.0,0.0,0.0,0.0,0.0,-0.0,-0.0,0.0
922.191606,0.0,0.0,3.8099999427795415,0.0,0.0,0.0,3.8099999427795406,0.0,0.0,0.0,0.0,0.0,0.0,0.0,-0.0,-0.0,0.0
922.211721,0.0,0.0,3.8099999427795415,0.0,0.0,0.0,3.8099999427795406,0.0,0.0,0.0,0.0,0.0,0.0,0.0,-0.0,-0.0,0.0
922.231556,0.0,0.0,3.8099999427795415,0.0,0.0,0.0,3.8099999427795406,0.0,0.0,0.0,0.0,0.0,0.0,0.0,-0.0,-0.0,0.0
922.251528,0.0,0.0,3.8099999427795415,0.0,0.0,0.0,3.8099999427795406,0.0,0.0,0.0,0.0,0.0,0.0,0.0,-0.0,-0.0,0.0
922.271821,0.0,0.0,3.8099999427795415,0.0,0.0,0.0,3.8099999427795406,0.0,0.0,0.0,0.0,0.0,0.0,0.0,-0.0,-0.0,0.0
922.291565,0.0,0.0,3.8099999427795415,0.0,0.0,0.0,3.8099999427795406,0.0,0.0,0.0,0.0,0.0,0.0,0.0,-0.0,-0.0,0.0
922.311437,0.0,0.0,3.8099999427795415,0.0,0.0,0.0,3.8099999427795406,0.0,0.0,0.0,0.0,0.0,0.0,0.0,-0.0,-0.0,0.0
922.331648,0.0,0.0,3.8099999427795415,0.0,0.0,0.0,3.799999952316284,0.0,0.0,0.0,0.0,0.0,0.0,0.0,-0.0,-0.0,0.0
922.351583,0.0,0.0,3.799999952316284,0.0,0.0,0.0,3.799999952316284,0.0,0.0,0.0,0.0,0.0,0.0,0.0,-0.0,-0.0,0.0
922.371596,0.0,0.0,3.799999952316284,0.0,0.0,0.0,3.799999952316284,0.0,0.0,0.0,0.0,0.0,0.0,0.0,-0.0,-0.0,0.0
922.391789,0.0,0.0,3.799999952316284,0.0,0.0,0.0,3.799999952316284,0.0,0.0,0.0,0.0,0.0,0.0,0.0,-0.0,-0.0,0.0
922.411504,0.0,0.0,3.799999952316284,0.0,0.0,0.0,3.799999952316284,0.0,0.0,0.0,0.0,0.0,0.0,0.0,-0.0,-0.0,0.0
922.431423,0.0,0.0,3.799999952316284,0.0,0.0,0.0,3.799999952316284,0.0,0.0,0.0,0.0,0.0,0.0,0.0,-0.0,-0.0,0.0
922.451673,0.0,0.0,3.799999952316284,0.0,0.0,0.0,3.799999952316284,0.0,0.0,0.0,0.0,0.0,0.0,0.0,-0.0,-0.0,0.0
922.471681,0.0,0.0,3.799999952316284,0.0,0.0,0.0,3.799999952316284,0.0,0.0,0.0,0.0,0.0,0.0,0.0,-0.0,-0.0,0.0
922.491485,0.0,0.0,3.799999952316284,0.0,0.0,0.0,3.799999952316284,0.0,0.0,0.0,0.0,0.0,0.0,0.0,-0.0,-0.0,0.0
922.51171,0.0,0.0,3.799999952316284,0.0,0.0,0.0,3.799999952316284,0.0,0.0,0.0,0.0,0.0,0.0,0.0,-0.0,-0.0,0.0
922.531552,0.0,0.0,3.799999952316284,0.0,0.0,0.0,3.799999952316284,0.0,0.0,0.0,0.0,0.0,0.0,0.0,-0.0,-0.0,0.0
922.551487,0.0,0.0,3.799999952316284,0.0,0.0,0.0,3.799999952316284,0.0,0.0,0.0,0.0,0.0,0.0,0.0,-0.0,-0.0,0.0
922.572115,0.0,0.0,3.799999952316284,0.0,0.0,0.0,3.799999952316284,0.0,0.0,0.0,0.0,0.0,0.0,0.0,-0.0,-0.0,0.0
922.59148,0.0,0.0,3.799999952316284,0.0,0.0,0.0,3.799999952316284,0.0,0.0,0.0,0.0,0.0,0.0,0.0,-0.0,-0.0,0.0
922.611482,0.0,0.0,3.799999952316284,0.0,0.0,0.0,3.799999952316284,0.0,0.0,0.0,0.0,0.0,0.0,0.0,-0.0,-0.0,0.0
922.631857,0.0,0.0,3.799999952316284,0.0,0.0,0.0,3.799999952316284,0.0,0.0,0.0,0.0,0.0,0.0,0.0,-0.0,-0.0,0.0
922.651557,0.0,0.0,3.799999952316284,0.0,0.0,0.0,3.799999952316284,0.0,0.0,0.0,0.0,0.0,0.0,0.0,-0.0,-0.0,0.0
922.671833,0.0,0.0,3.799999952316284,0.0,0.0,0.0,3.799999952316284,0.0,0.0,0.0,0.0,0.0,0.0,0.0,-0.0,-0.0,0.0
922.691752,0.0,0.0,3.799999952316284,0.0,0.0,0.0,3.799999952316284,0.0,0.0,0.0,0.0,0.0,0.0,0.0,-0.0,-0.0,0.0
922.711615,0.0,0.0,3.799999952316284,0.0,0.0,0.0,3.799999952316284,0.0,0.0,0.0,0.0,0.0,0.0,0.0,-0.0,-0.0,0.0
922.731564,0.0,0.0,3.799999952316284,0.0,0.0,0.0,3.799999952316284,0.0,0.0,0.0,0.0,0.0,0.0,0.0,-0.0,-0.0,0.0
922.751755,0.0,0.0,3.799999952316284,0.0,0.0,0.0,3.799999952316284,0.0,0.0,0.0,0.0,0.0,0.0,0.0,-0.0,-0.0,0.0
922.771696,0.0,0.0,3.799999952316284,0.0,0.0,0.0,3.799999952316284,0.0,0.0,0.0,0.0,0.0,0.0,0.0,-0.0,-0.0,0.0
922.791434,0.0,0.0,3.799999952316284,0.0,0.0,0.0,3.799999952316284,0.0,0.0,0.0,0.0,0.0,0.0,0.0,-0.0,-0.0,0.0
922.811738,0.0,0.0,3.799999952316284,0.0,0.0,0.0,3.799999952316284,0.0,0.0,0.0,0.0,0.0,0.0,0.0,-0.0,-0.0,0.0
922.831483,0.0,0.0,3.799999952316284,0.0,0.0,0.0,3.799999952316284,0.0,0.0,0.0,0.0,0.0,0.0,0.0,-0.0,-0.0,0.0
922.851435,0.0,0.0,3.799999952316284,0.0,0.0,0.0,3.799999952316284,0.0,0.0,0.0,0.0,0.0,0.0,0.0,-0.0,-0.0,0.0
922.872229,0.0,0.0,3.799999952316284,0.0,0.0,0.0,3.799999952316284,0.0,0.0,0.0,0.0,0.0,0.0,0.0,-0.0,-0.0,0.0
922.891505,0.0,0.0,3.799999952316284,0.0,0.0,0.0,3.799999952316284,0.0,0.0,0.0,0.0,0.0,0.0,0.0,-0.0,-0.0,0.0
922.911599,0.0,0.0,3.799999952316284,0.0,0.0,0.0,3.799999952316284,0.0,0.0,0.0,0.0,0.0,0.0,0.0,-0.0,-0.0,0.0
922.931761,0.0,0.0,3.799999952316284,0.0,0.0,0.0,3.799999952316284,0.0,0.0,0.0,0.0,0.0,0.0,0.0,-0.0,-0.0,0.0
922.951439,0.0,0.0,3.799999952316284,0.0,0.0,0.0,3.799999952316284,0.0,0.0,0.0,0.0,0.0,0.0,0.0,-0.0,-0.0,0.0
922.971853,0.0,0.0,3.799999952316284,0.0,0.0,0.0,3.799999952316284,0.0,0.0,0.0,0.0,0.0,0.0,0.0,-0.0,-0.0,0.0
922.991829,0.0,0.0,3.799999952316284,0.0,0.0,0.0,3.799999952316284,0.0,0.0,0.0,0.0,0.0,0.0,0.0,-0.0,-0.0,0.0
923.011673,0.0,0.0,3.799999952316284,0.0,0.0,0.0,3.799999952316284,0.0,0.0,0.0,0.0,0.0,0.0,0.0,-0.0,-0.0,0.0
923.031511,0.0,0.0,3.799999952316284,0.0,0.0,0.0,3.799999952316284,0.0,0.0,0.0,0.0,0.0,0.0,0.0,-0.0,-0.0,0.0
923.051771,0.0,0.0,3.799999952316284,0.0,0.0,0.0,3.799999952316284,0.0,0.0,0.0,0.0,0.0,0.0,0.0,-0.0,-0.0,0.0
923.071659,0.0,0.0,3.799999952316284,0.0,0.0,0.0,3.799999952316284,0.0,0.0,0.0,0.0,0.0,0.0,0.0,-0.0,-0.0,0.0
923.091431,0.0,0.0,3.799999952316284,0.0,0.0,0.0,3.799999952316284,0.0,0.0,0.0,0.0,0.0,0.0,0.0,-0.0,-0.0,0.0
923.111833,0.0,0.0,3.799999952316284,0.0,0.0,0.0,3.799999952316284,0.0,0.0,0.0,0.0,0.0,0.0,0.0,-0.0,-0.0,0.0
923.131639,0.0,0.0,3.799999952316284,0.0,0.0,0.0,3.799999952316284,0.0,0.0,0.0,0.0,0.0,0.0,0.0,-0.0,-0.0,0.0
923.151512,0.0,0.0,3.799999952316284,0.0,0.0,0.0,3.799999952316284,0.0,0.0,0.0,0.0,0.0,0.0,0.0,-0.0,-0.0,0.0
923.171917,0.0,0.0,3.799999952316284,0.0,0.0,0.0,3.799999952316284,0.0,0.0,0.0,0.0,0.0,0.0,0.0,-0.0,-0.0,0.0
923.191452,0.0,0.0,3.799999952316284,0.0,0.0,0.0,3.799999952316284,0.0,0.0,0.0,0.0,0.0,0.0,0.0,-0.0,-0.0,0.0
923.211574,0.0,0.0,3.799999952316284,0.0,0.0,0.0,3.799999952316284,0.0,0.0,0.0,0.0,0.0,0.0,0.0,-0.0,-0.0,0.0
923.231642,0.0,0.0,3.799999952316284,0.0,0.0,0.0,3.799999952316284,0.0,0.0,0.0,0.0,0.0,0.0,0.0,-0.0,-0.0,0.0
923.251439,0.0,0.0,3.799999952316284,0.0,0.0,0.0,3.799999952316284,0.0,0.0,0.0,0.0,0.0,0.0,0.0,-0.0,-0.0,0.0
923.271713,0.0,0.0,3.799999952316284,0.0,0.0,0.0,3.799999952316284,0.0,0.0,0.0,0.0,0.0,0.0,0.0,-0.0,-0.0,0.0
923.291931,0.0,0.0,3.799999952316284,0.0,0.0,0.0,3.799999952316284,0.0,0.0,0.0,0.0,0.0,0.0,0.0,-0.0,-0.0,0.0
923.311554,0.0,0.0,3.799999952316284,0.0,0.0,0.0,3.799999952316284,0.0,0.0,0.0,0.0,0.0,0.0,0.0,-0.0,-0.0,0.0
923.331652,0.0,0.0,3.799999952316284,0.0,0.0,0.0,3.799999952316284,0.0,0.0,0.0,0.0,0.0,0.0,0.0,-0.0,-0.0,0.0
923.351781,0.0,0.0,3.799999952316284,0.0,0.0,0.0,3.8099999427795406,0.0,0.0,0.0,0.0,0.0,0.0,0.0,-0.0,-0.0,0.0
923.371769,0.0,0.0,3.8099999427795415,0.0,0.0,0.0,3.8099999427795406,0.0,0.0,0.0,0.0,0.0,0.0,0.0,-0.0,-0.0,0.0
923.391822,0.0,0.0,3.8099999427795415,0.0,0.0,0.0,3.8099999427795406,0.0,0.0,0.0,0.0,0.0,0.0,0.0,-0.0,-0.0,0.0
923.411666,0.0,0.0,3.8099999427795415,0.0,0.0,0.0,3.8099999427795406,0.0,0.0,0.0,0.0,0.0,0.0,0.0,-0.0,-0.0,0.0
923.431504,0.0,0.0,3.8099999427795415,0.0,0.0,0.0,3.8099999427795406,0.0,0.0,0.0,0.0,0.0,0.0,0.0,-0.0,-0.0,0.0
923.451475,0.0,0.0,3.8099999427795415,0.0,0.0,0.0,3.8099999427795406,0.0,0.0,0.0,0.0,0.0,0.0,0.0,-0.0,-0.0,0.0
923.471888,0.0,0.0,3.8099999427795415,0.0,0.0,0.0,3.8099999427795406,0.0,0.0,0.0,0.0,0.0,0.0,0.0,-0.0,-0.0,0.0
923.49164,0.0,0.0,3.8099999427795415,0.0,0.0,0.0,3.8099999427795406,0.0,0.0,0.0,0.0,0.0,0.0,0.0,-0.0,-0.0,0.0
923.511627,0.0,0.0,3.8099999427795415,0.0,0.0,0.0,3.8099999427795406,0.0,0.0,0.0,0.0,0.0,0.0,0.0,-0.0,-0.0,0.0
923.531618,0.0,0.0,3.8099999427795415,0.0,0.0,0.0,3.8099999427795406,0.0,0.0,0.0,0.0,0.0,0.0,0.0,-0.0,-0.0,0.0
923.551423,0.0,0.0,3.8099999427795415,0.0,0.0,0.0,3.8099999427795406,0.0,0.0,0.0,0.0,0.0,0.0,0.0,-0.0,-0.0,0.0
923.571835,0.0,0.0,3.8099999427795415,0.0,0.0,0.0,3.8099999427795406,0.0,0.0,0.0,0.0,0.0,0.0,0.0,-0.0,-0.0,0.0
923.591737,0.0,0.0,3.8099999427795415,0.0,0.0,0.0,3.8099999427795406,0.0,0.0,0.0,0.0,0.0,0.0,0.0,-0.0,-0.0,0.0
923.611465,0.0,0.0,3.8099999427795415,0.0,0.0,0.0,3.8099999427795406,0.0,0.0,0.0,0.0,0.0,0.0,0.0,-0.0,-0.0,0.0
923.63162,0.0,0.0,3.8099999427795415,0.0,0.0,0.0,3.8099999427795406,0.0,0.0,0.0,0.0,0.0,0.0,0.0,-0.0,-0.0,0.0
923.65193,0.0,0.0,3.8099999427795415,0.0,0.0,0.0,3.8099999427795406,0.0,0.0,0.0,0.0,0.0,0.0,0.0,-0.0,-0.0,0.0
923.671714,0.0,0.0,3.8099999427795415,0.0,0.0,0.0,3.8099999427795406,0.0,0.0,0.0,0.0,0.0,0.0,0.0,-0.0,-0.0,0.0
923.691474,0.0,0.0,3.8099999427795415,0.0,0.0,0.0,3.8099999427795406,0.0,0.0,0.0,0.0,0.0,0.0,0.0,-0.0,-0.0,0.0
923.711698,0.0,0.0,3.8099999427795415,0.0,0.0,0.0,3.8099999427795406,0.0,0.0,0.0,0.0,0.0,0.0,0.0,-0.0,-0.0,0.0
923.731431,0.0,0.0,3.8099999427795415,0.0,0.0,0.0,3.8099999427795406,0.0,0.0,0.0,0.0,0.0,0.0,0.0,-0.0,-0.0,0.0
923.75182,0.0,0.0,3.8099999427795415,0.0,0.0,0.0,3.8099999427795406,0.0,0.0,0.0,0.0,0.0,0.0,0.0,-0.0,-0.0,0.0
923.772226,0.0,0.0,3.8099999427795415,0.0,0.0,0.0,3.799999952316284,0.0,0.0,0.0,0.0,0.0,0.0,0.0,-0.0,-0.0,0.0
923.791801,0.0,0.0,3.799999952316284,0.0,0.0,0.0,3.799999952316284,0.0,0.0,0.0,0.0,0.0,0.0,0.0,-0.0,-0.0,0.0
923.811511,0.0,0.0,3.799999952316284,0.0,0.0,0.0,3.799999952316284,0.0,0.0,0.0,0.0,0.0,0.0,0.0,-0.0,-0.0,0.0
923.831695,0.0,0.0,3.799999952316284,0.0,0.0,0.0,3.799999952316284,0.0,0.0,0.0,0.0,0.0,0.0,0.0,-0.0,-0.0,0.0
923.851738,0.0,0.0,3.799999952316284,0.0,0.0,0.0,3.799999952316284,0.0,0.0,0.0,0.0,0.0,0.0,0.0,-0.0,-0.0,0.0
923.871969,0.0,0.0,3.799999952316284,0.0,0.0,0.0,3.799999952316284,0.0,0.0,0.0,0.0,0.0,0.0,0.0,-0.0,-0.0,0.0
923.891809,0.0,0.0,3.799999952316284,0.0,0.0,0.0,3.799999952316284,0.0,0.0,0.0,0.0,0.0,0.0,0.0,-0.0,-0.0,0.0
923.911583,0.0,0.0,3.799999952316284,0.0,0.0,0.0,3.799999952316284,0.0,0.0,0.0,0.0,0.0,0.0,0.0,-0.0,-0.0,0.0
923.931532,0.0,0.0,3.799999952316284,0.0,0.0,0.0,3.8099999427795406,0.0,0.0,0.0,0.0,0.0,0.0,0.0,-0.0,-0.0,0.0
923.951798,0.0,0.0,3.8099999427795415,0.0,0.0,0.0,3.799999952316284,0.0,0.0,0.0,0.0,0.0,0.0,0.0,-0.0,-0.0,0.0
923.971725,0.0,0.0,3.799999952316284,0.0,0.0,0.0,3.8099999427795406,0.0,0.0,0.0,0.0,0.0,0.0,0.0,-0.0,-0.0,0.0
923.991448,0.0,0.0,3.8099999427795415,0.0,0.0,0.0,3.8099999427795406,0.0,0.0,0.0,0.0,0.0,0.0,0.0,-0.0,-0.0,0.0
924.011833,0.0,0.0,3.8099999427795415,0.0,0.0,0.0,3.8099999427795406,0.0,0.0,0.0,0.0,0.0,0.0,0.0,-0.0,-0.0,0.0
924.031486,0.0,0.0,3.8099999427795415,0.0,0.0,0.0,3.8099999427795406,0.0,0.0,0.0,0.0,0.0,0.0,0.0,-0.0,-0.0,0.0
924.051542,0.0,0.0,3.8099999427795415,0.0,0.0,0.0,3.8099999427795406,0.0,0.0,0.0,0.0,0.0,0.0,0.0,-0.0,-0.0,0.0
924.072002,0.0,0.0,3.8099999427795415,0.0,0.0,0.0,3.8099999427795406,0.0,0.0,0.0,0.0,0.0,0.0,0.0,-0.0,-0.0,0.0
924.09163,0.0,0.0,3.8099999427795415,0.0,0.0,0.0,3.8099999427795406,0.0,0.0,0.0,0.0,0.0,0.0,0.0,-0.0,-0.0,0.0
924.111435,0.0,0.0,3.8099999427795415,0.0,0.0,0.0,3.799999952316284,0.0,0.0,0.0,0.0,0.0,0.0,0.0,-0.0,-0.0,0.0
924.131825,0.0,0.0,3.799999952316284,0.0,0.0,0.0,3.799999952316284,0.0,0.0,0.0,0.0,0.0,0.0,0.0,-0.0,-0.0,0.0
924.151557,0.0,0.0,3.799999952316284,0.0,0.0,0.0,3.799999952316284,0.0,0.0,0.0,0.0,0.0,0.0,0.0,-0.0,-0.0,0.0
924.171669,0.0,0.0,3.799999952316284,0.0,0.0,0.0,3.799999952316284,0.0,0.0,0.0,0.0,0.0,0.0,0.0,-0.0,-0.0,0.0
924.193355,0.0,0.0,3.799999952316284,0.0,0.0,0.0,3.799999952316284,0.0,0.0,0.0,0.0,0.0,0.0,0.0,-0.0,-0.0,0.0
924.211675,0.0,0.0,3.799999952316284,0.0,0.0,0.0,3.799999952316284,0.0,0.0,0.0,0.0,0.0,0.0,0.0,-0.0,-0.0,0.0
924.231474,0.0,0.0,3.799999952316284,0.0,0.0,0.0,3.799999952316284,0.0,0.0,0.0,0.0,0.0,0.0,0.0,-0.0,-0.0,0.0
924.25185,0.0,0.0,3.799999952316284,0.0,0.0,0.0,3.799999952316284,0.0,0.0,0.0,0.0,0.0,0.0,0.0,-0.0,-0.0,0.0
924.271773,0.0,0.0,3.799999952316284,0.0,0.0,0.0,3.799999952316284,0.0,0.0,0.0,0.0,0.0,0.0,0.0,-0.0,-0.0,0.0
924.291654,0.0,0.0,3.799999952316284,0.0,0.0,0.0,3.799999952316284,0.0,0.0,0.0,0.0,0.0,0.0,0.0,-0.0,-0.0,0.0
924.311721,0.0,0.0,3.799999952316284,0.0,0.0,0.0,3.799999952316284,0.0,0.0,0.0,0.0,0.0,0.0,0.0,-0.0,-0.0,0.0
924.331437,0.0,0.0,3.799999952316284,0.0,0.0,0.0,3.799999952316284,0.0,0.0,0.0,0.0,0.0,0.0,0.0,-0.0,-0.0,0.0
924.351588,0.0,0.0,3.799999952316284,0.0,0.0,0.0,3.799999952316284,0.0,0.0,0.0,0.0,0.0,0.0,0.0,-0.0,-0.0,0.0
924.375672,0.0,0.0,3.799999952316284,0.0,0.0,0.0,3.799999952316284,0.0,0.0,0.0,0.0,0.0,0.0,0.0,-0.0,-0.0,0.0
924.391518,0.0,0.0,3.799999952316284,0.0,0.0,0.0,3.799999952316284,0.0,0.0,0.0,0.0,0.0,0.0,0.0,-0.0,-0.0,0.0
924.411507,0.0,0.0,3.799999952316284,0.0,0.0,0.0,3.799999952316284,0.0,0.0,0.0,0.0,0.0,0.0,0.0,-0.0,-0.0,0.0
924.431921,0.0,0.0,3.799999952316284,0.0,0.0,0.0,3.799999952316284,0.0,0.0,0.0,0.0,0.0,0.0,0.0,-0.0,-0.0,0.0
924.451466,0.0,0.0,3.799999952316284,0.0,0.0,0.0,3.799999952316284,0.0,0.0,0.0,0.0,0.0,0.0,0.0,-0.0,-0.0,0.0
924.47157,0.0,0.0,3.799999952316284,0.0,0.0,0.0,3.799999952316284,0.0,0.0,0.0,0.0,0.0,0.0,0.0,-0.0,-0.0,0.0
924.491878,0.0,0.0,3.799999952316284,0.0,0.0,0.0,3.799999952316284,0.0,0.0,0.0,0.0,0.0,0.0,0.0,-0.0,-0.0,0.0
924.51178,0.0,0.0,3.799999952316284,0.0,0.0,0.0,3.799999952316284,0.0,0.0,0.0,0.0,0.0,0.0,0.0,-0.0,-0.0,0.0
924.531617,0.0,0.0,3.799999952316284,0.0,0.0,0.0,3.799999952316284,0.0,0.0,0.0,0.0,0.0,0.0,0.0,-0.0,-0.0,0.0
924.551843,0.0,0.0,3.799999952316284,0.0,0.0,0.0,3.799999952316284,0.0,0.0,0.0,0.0,0.0,0.0,0.0,-0.0,-0.0,0.0
924.571654,0.0,0.0,3.799999952316284,0.0,0.0,0.0,3.799999952316284,0.0,0.0,0.0,0.0,0.0,0.0,0.0,-0.0,-0.0,0.0
924.591527,0.0,0.0,3.799999952316284,0.0,0.0,0.0,3.799999952316284,0.0,0.0,0.0,0.0,0.0,0.0,0.0,-0.0,-0.0,0.0
924.611911,0.0,0.0,3.799999952316284,0.0,0.0,0.0,3.799999952316284,0.0,0.0,0.0,0.0,0.0,0.0,0.0,-0.0,-0.0,0.0
924.631556,0.0,0.0,3.799999952316284,0.0,0.0,0.0,3.799999952316284,0.0,0.0,0.0,0.0,0.0,0.0,0.0,-0.0,-0.0,0.0
924.651727,0.0,0.0,3.799999952316284,0.0,0.0,0.0,3.799999952316284,0.0,0.0,0.0,0.0,0.0,0.0,0.0,-0.0,-0.0,0.0
924.671947,0.0,0.0,3.799999952316284,0.0,0.0,0.0,3.799999952316284,0.0,0.0,0.0,0.0,0.0,0.0,0.0,-0.0,-0.0,0.0
924.691432,0.0,0.0,3.799999952316284,0.0,0.0,0.0,3.799999952316284,0.0,0.0,0.0,0.0,0.0,0.0,0.0,-0.0,-0.0,0.0
924.71158,0.0,0.0,3.799999952316284,0.0,0.0,0.0,3.799999952316284,0.0,0.0,0.0,0.0,0.0,0.0,0.0,-0.0,-0.0,0.0
924.732169,0.0,0.0,3.799999952316284,0.0,0.0,0.0,3.789999961853027,0.0,0.0,0.0,0.0,0.0,0.0,0.0,-0.0,-0.0,0.0
924.751459,0.0,0.0,3.789999961853027,0.0,0.0,0.0,3.789999961853027,0.0,0.0,0.0,0.0,0.0,0.0,0.0,-0.0,-0.0,0.0
924.772312,0.0,0.0,3.789999961853027,0.0,0.0,0.0,3.789999961853027,0.0,0.0,0.0,0.0,0.0,0.0,0.0,-0.0,-0.0,0.0
924.791709,0.0,0.0,3.789999961853027,0.0,0.0,0.0,3.799999952316284,0.0,0.0,0.0,0.0,0.0,0.0,0.0,-0.0,-0.0,0.0
924.811435,0.0,0.0,3.799999952316284,0.0,0.0,0.0,3.799999952316284,0.0,0.0,0.0,0.0,0.0,0.0,0.0,-0.0,-0.0,0.0
924.831472,0.0,0.0,3.799999952316284,0.0,0.0,0.0,3.799999952316284,0.0,0.0,0.0,0.0,0.0,0.0,0.0,-0.0,-0.0,0.0
924.851805,0.0,0.0,3.799999952316284,0.0,0.0,0.0,3.789999961853027,0.0,0.0,0.0,0.0,0.0,0.0,0.0,-0.0,-0.0,0.0
924.871589,0.0,0.0,3.789999961853027,0.0,0.0,0.0,3.789999961853027,0.0,0.0,0.0,0.0,0.0,0.0,0.0,-0.0,-0.0,0.0
924.891543,0.0,0.0,3.789999961853027,0.0,0.0,0.0,3.789999961853027,0.0,0.0,0.0,0.0,0.0,0.0,0.0,-0.0,-0.0,0.0
924.911689,0.0,0.0,3.789999961853027,0.0,0.0,0.0,3.789999961853027,0.0,0.0,0.0,0.0,0.0,0.0,0.0,-0.0,-0.0,0.0
924.931535,0.0,0.0,3.789999961853027,0.0,0.0,0.0,3.799999952316284,0.0,0.0,0.0,0.0,0.0,0.0,0.0,-0.0,-0.0,0.0
924.951791,0.0,0.0,3.799999952316284,0.0,0.0,0.0,3.789999961853027,0.0,0.0,0.0,0.0,0.0,0.0,0.0,-0.0,-0.0,0.0
924.971926,0.0,0.0,3.789999961853027,0.0,0.0,0.0,3.789999961853027,0.0,0.0,0.0,0.0,0.0,0.0,0.0,-0.0,-0.0,0.0
924.991444,0.0,0.0,3.789999961853027,0.0,0.0,0.0,3.789999961853027,0.0,0.0,0.0,0.0,0.0,0.0,0.0,-0.0,-0.0,0.0
925.011847,0.0,0.0,3.789999961853027,0.0,0.0,0.0,3.789999961853027,0.0,0.0,0.0,0.0,0.0,0.0,0.0,-0.0,-0.0,0.0
925.031717,0.0,0.0,3.789999961853027,0.0,0.0,0.0,3.789999961853027,0.0,0.0,0.0,0.0,0.0,0.0,0.0,-0.0,-0.0,0.0
925.051541,0.0,0.0,3.789999961853027,0.0,0.0,0.0,3.789999961853027,0.0,0.0,0.0,0.0,0.0,0.0,0.0,-0.0,-0.0,0.0
925.071654,0.0,0.0,3.789999961853027,0.0,0.0,0.0,3.789999961853027,0.0,0.0,0.0,0.0,0.0,0.0,0.0,-0.0,-0.0,0.0
925.091861,0.0,0.0,3.789999961853027,0.0,0.0,0.0,3.789999961853027,0.0,0.0,0.0,0.0,0.0,0.0,0.0,-0.0,-0.0,0.0
925.111592,0.0,0.0,3.789999961853027,0.0,0.0,0.0,3.789999961853027,0.0,0.0,0.0,0.0,0.0,0.0,0.0,-0.0,-0.0,0.0
925.131544,0.0,0.0,3.789999961853027,0.0,0.0,0.0,3.789999961853027,0.0,0.0,0.0,0.0,0.0,0.0,0.0,-0.0,-0.0,0.0
925.151776,0.0,0.0,3.789999961853027,0.0,0.0,0.0,3.789999961853027,0.0,0.0,0.0,0.0,0.0,0.0,0.0,-0.0,-0.0,0.0
925.171811,0.0,0.0,3.789999961853027,0.0,0.0,0.0,3.789999961853027,0.0,0.0,0.0,0.0,0.0,0.0,0.0,-0.0,-0.0,0.0
925.191598,0.0,0.0,3.789999961853027,0.0,0.0,0.0,3.789999961853027,0.0,0.0,0.0,0.0,0.0,0.0,0.0,-0.0,-0.0,0.0
925.211816,0.0,0.0,3.789999961853027,0.0,0.0,0.0,3.789999961853027,0.0,0.0,0.0,0.0,0.0,0.0,0.0,-0.0,-0.0,0.0
925.231554,0.0,0.0,3.789999961853027,0.0,0.0,0.0,3.789999961853027,0.0,0.0,0.0,0.0,0.0,0.0,0.0,-0.0,-0.0,0.0
925.251478,0.0,0.0,3.789999961853027,0.0,0.0,0.0,3.7799999713897705,0.0,0.0,0.0,0.0,0.0,0.0,0.0,-0.0,-0.0,0.0
925.272147,0.0,0.0,3.7799999713897714,0.0,0.0,0.0,3.7799999713897705,0.0,0.0,0.0,0.0,0.0,0.0,0.0,-0.0,-0.0,0.0
925.291674,0.0,0.0,3.7799999713897714,0.0,0.0,0.0,3.789999961853027,0.0,0.0,0.0,0.0,0.0,0.0,0.0,-0.0,-0.0,0.0
925.311576,0.0,0.0,3.789999961853027,0.0,0.0,0.0,3.789999961853027,0.0,0.0,0.0,0.0,0.0,0.0,0.0,-0.0,-0.0,0.0
925.331782,0.0,0.0,3.789999961853027,0.0,0.0,0.0,3.789999961853027,0.0,0.0,0.0,0.0,0.0,0.0,0.0,-0.0,-0.0,0.0
925.351567,0.0,0.0,3.789999961853027,0.0,0.0,0.0,3.789999961853027,0.0,0.0,0.0,0.0,0.0,0.0,0.0,-0.0,-0.0,0.0
925.371783,0.0,0.0,3.789999961853027,0.0,0.0,0.0,3.7799999713897705,0.0,0.0,0.0,0.0,0.0,0.0,0.0,-0.0,-0.0,0.0
925.391848,0.0,0.0,3.7799999713897714,0.0,0.0,0.0,3.7799999713897705,0.0,0.0,0.0,0.0,0.0,0.0,0.0,-0.0,-0.0,0.0
925.411593,0.0,0.0,3.7799999713897714,0.0,0.0,0.0,3.7799999713897705,0.0,0.0,0.0,0.0,0.0,0.0,0.0,-0.0,-0.0,0.0
925.431504,0.0,0.0,3.7799999713897714,0.0,0.0,0.0,3.7799999713897705,0.0,0.0,0.0,0.0,0.0,0.0,0.0,-0.0,-0.0,0.0
925.451848,0.0,0.0,3.7799999713897714,0.0,0.0,0.0,3.7799999713897705,0.0,0.0,0.0,0.0,0.0,0.0,0.0,-0.0,-0.0,0.0
925.472003,0.0,0.0,3.7799999713897714,0.0,0.0,0.0,3.7799999713897705,0.0,0.0,0.0,0.0,0.0,0.0,0.0,-0.0,-0.0,0.0
925.491455,0.0,0.0,3.7799999713897714,0.0,0.0,0.0,3.7799999713897705,0.0,0.0,0.0,0.0,0.0,0.0,0.0,-0.0,-0.0,0.0
925.512049,0.0,0.0,3.7799999713897714,0.0,0.0,0.0,3.7799999713897705,0.0,0.0,0.0,0.0,0.0,0.0,0.0,-0.0,-0.0,0.0
925.531456,0.0,0.0,3.7799999713897714,0.0,0.0,0.0,3.7799999713897705,0.0,0.0,0.0,0.0,0.0,0.0,0.0,-0.0,-0.0,0.0
925.551412,0.0,0.0,3.7799999713897714,0.0,0.0,0.0,3.7799999713897705,0.0,0.0,0.0,0.0,0.0,0.0,0.0,-0.0,-0.0,0.0
925.57181,0.0,0.0,3.7799999713897714,0.0,0.0,0.0,3.7699999809265132,0.0,0.0,0.0,0.0,0.0,0.0,0.0,-0.0,-0.0,0.0
925.591614,0.0,0.0,3.7699999809265132,0.0,0.0,0.0,3.7699999809265132,0.0,0.0,0.0,0.0,0.0,0.0,0.0,-0.0,-0.0,0.0
925.611627,0.0,0.0,3.7699999809265132,0.0,0.0,0.0,3.7699999809265132,0.0,0.0,0.0,0.0,0.0,0.0,0.0,-0.0,-0.0,0.0
925.632115,0.0,0.0,3.7699999809265132,0.0,0.0,0.0,3.7699999809265132,0.0,0.0,0.0,0.0,0.0,0.0,0.0,-0.0,-0.0,0.0
925.651553,0.0,0.0,3.7699999809265132,0.0,0.0,0.0,3.7699999809265132,0.0,0.0,0.0,0.0,0.0,0.0,0.0,-0.0,-0.0,0.0
925.671584,0.0,0.0,3.7699999809265132,0.0,0.0,0.0,3.7699999809265132,0.0,0.0,0.0,0.0,0.0,0.0,0.0,-0.0,-0.0,0.0
925.69186,0.0,0.0,3.7699999809265132,0.0,0.0,0.0,3.7699999809265132,0.0,0.0,0.0,0.0,0.0,0.0,0.0,-0.0,-0.0,0.0
925.711564,0.0,0.0,3.7699999809265132,0.0,0.0,0.0,3.7699999809265132,0.0,0.0,0.0,0.0,0.0,0.0,0.0,-0.0,-0.0,0.0
925.731667,0.0,0.0,3.7699999809265132,0.0,0.0,0.0,3.7699999809265132,0.0,0.0,0.0,0.0,0.0,0.0,0.0,-0.0,-0.0,0.0
925.751805,0.0,0.0,3.7699999809265132,0.0,0.0,0.0,3.7699999809265132,0.0,0.0,0.0,0.0,0.0,0.0,0.0,-0.0,-0.0,0.0
925.771916,0.0,0.0,3.7699999809265132,0.0,0.0,0.0,3.7699999809265132,0.0,0.0,0.0,0.0,0.0,0.0,0.0,-0.0,-0.0,0.0
925.791511,0.0,0.0,3.7699999809265132,0.0,0.0,0.0,3.7699999809265132,0.0,0.0,0.0,0.0,0.0,0.0,0.0,-0.0,-0.0,0.0
925.811742,0.0,0.0,3.7699999809265132,0.0,0.0,0.0,3.7699999809265132,0.0,0.0,0.0,0.0,0.0,0.0,0.0,-0.0,-0.0,0.0
925.831519,0.0,0.0,3.7699999809265132,0.0,0.0,0.0,3.7699999809265132,0.0,0.0,0.0,0.0,0.0,0.0,0.0,-0.0,-0.0,0.0
925.851584,0.0,0.0,3.7699999809265132,0.0,0.0,0.0,3.7699999809265132,0.0,0.0,0.0,0.0,0.0,0.0,0.0,-0.0,-0.0,0.0
925.872254,0.0,0.0,3.7699999809265132,0.0,0.0,0.0,3.7699999809265132,0.0,0.0,0.0,0.0,0.0,0.0,0.0,-0.0,-0.0,0.0
925.891593,0.0,0.0,3.7699999809265132,0.0,0.0,0.0,3.7699999809265132,0.0,0.0,0.0,0.0,0.0,0.0,0.0,-0.0,-0.0,0.0
925.911471,0.0,0.0,3.7699999809265132,0.0,0.0,0.0,3.7699999809265132,0.0,0.0,0.0,0.0,0.0,0.0,0.0,-0.0,-0.0,0.0
925.931757,0.0,0.0,3.7699999809265132,0.0,0.0,0.0,3.7699999809265132,0.0,0.0,0.0,0.0,0.0,0.0,0.0,-0.0,-0.0,0.0
925.951422,0.0,0.0,3.7699999809265132,0.0,0.0,0.0,3.7699999809265132,0.0,0.0,0.0,0.0,0.0,0.0,0.0,-0.0,-0.0,0.0
925.971913,0.0,0.0,3.7699999809265132,0.0,0.0,0.0,3.7699999809265132,0.0,0.0,0.0,0.0,0.0,0.0,0.0,-0.0,-0.0,0.0
925.991734,0.0,0.0,3.7699999809265132,0.0,0.0,0.0,3.7699999809265132,0.0,0.0,0.0,0.0,0.0,0.0,0.0,-0.0,-0.0,0.0
926.011493,0.0,0.0,3.7699999809265132,0.0,0.0,0.0,3.7699999809265132,0.0,0.0,0.0,0.0,0.0,0.0,0.0,-0.0,-0.0,0.0
926.031446,0.0,0.0,3.7699999809265132,0.0,0.0,0.0,3.7699999809265132,0.0,0.0,0.0,0.0,0.0,0.0,0.0,-0.0,-0.0,0.0
926.05198,0.0,0.0,3.7699999809265132,0.0,0.0,0.0,3.7699999809265132,0.0,0.0,0.0,0.0,0.0,0.0,0.0,-0.0,-0.0,0.0
926.071543,0.0,0.0,3.7699999809265132,0.0,0.0,0.0,3.7699999809265132,0.0,0.0,0.0,0.0,0.0,0.0,0.0,-0.0,-0.0,0.0
926.091665,0.0,0.0,3.7699999809265132,0.0,0.0,0.0,3.7699999809265132,0.0,0.0,0.0,0.0,0.0,0.0,0.0,-0.0,-0.0,0.0
926.111937,0.0,0.0,3.7699999809265132,0.0,0.0,0.0,3.7699999809265132,0.0,0.0,0.0,0.0,0.0,0.0,0.0,-0.0,-0.0,0.0
926.131452,0.0,0.0,3.7699999809265132,0.0,0.0,0.0,3.7699999809265132,0.0,0.0,0.0,0.0,0.0,0.0,0.0,-0.0,-0.0,0.0
926.151449,0.0,0.0,3.7699999809265132,0.0,0.0,0.0,3.7699999809265132,0.0,0.0,0.0,0.0,0.0,0.0,0.0,-0.0,-0.0,0.0
926.171975,0.0,0.0,3.7699999809265132,0.0,0.0,0.0,3.7699999809265132,0.0,0.0,0.0,0.0,0.0,0.0,0.0,-0.0,-0.0,0.0
926.191523,0.0,0.0,3.7699999809265132,0.0,0.0,0.0,3.7699999809265132,0.0,0.0,0.0,0.0,0.0,0.0,0.0,-0.0,-0.0,0.0
926.211551,0.0,0.0,3.7699999809265132,0.0,0.0,0.0,3.759999990463257,0.0,0.0,0.0,0.0,0.0,0.0,0.0,-0.0,-0.0,0.0
926.231804,0.0,0.0,3.7599999904632577,0.0,0.0,0.0,3.759999990463257,0.0,0.0,0.0,0.0,0.0,0.0,0.0,-0.0,-0.0,0.0
926.251513,0.0,0.0,3.7599999904632577,0.0,0.0,0.0,3.759999990463257,0.0,0.0,0.0,0.0,0.0,0.0,0.0,-0.0,-0.0,0.0
926.271948,0.0,0.0,3.7599999904632577,0.0,0.0,0.0,3.7699999809265132,0.0,0.0,0.0,0.0,0.0,0.0,0.0,-0.0,-0.0,0.0
926.291767,0.0,0.0,3.7699999809265132,0.0,0.0,0.0,3.7699999809265132,0.0,0.0,0.0,0.0,0.0,0.0,0.0,-0.0,-0.0,0.0
926.311444,0.0,0.0,3.7699999809265132,0.0,0.0,0.0,3.7699999809265132,0.0,0.0,0.0,0.0,0.0,0.0,0.0,-0.0,-0.0,0.0
926.331441,0.0,0.0,3.7699999809265132,0.0,0.0,0.0,3.7699999809265132,0.0,0.0,0.0,0.0,0.0,0.0,0.0,-0.0,-0.0,0.0
926.351609,0.0,0.0,3.7699999809265132,0.0,0.0,0.0,3.7699999809265132,0.0,0.0,0.0,0.0,0.0,0.0,0.0,-0.0,-0.0,0.0
926.371753,0.0,0.0,3.7699999809265132,0.0,0.0,0.0,3.7699999809265132,0.0,0.0,0.0,0.0,0.0,0.0,0.0,-0.0,-0.0,0.0
926.391583,0.0,0.0,3.7699999809265132,0.0,0.0,0.0,3.7699999809265132,0.0,0.0,0.0,0.0,0.0,0.0,0.0,-0.0,-0.0,0.0
926.411723,0.0,0.0,3.7699999809265132,0.0,0.0,0.0,3.759999990463257,0.0,0.0,0.0,0.0,0.0,0.0,0.0,-0.0,-0.0,0.0
926.431508,0.0,0.0,3.7599999904632577,0.0,0.0,0.0,3.759999990463257,0.0,0.0,0.0,0.0,0.0,0.0,0.0,-0.0,-0.0,0.0
926.451609,0.0,0.0,3.7599999904632577,0.0,0.0,0.0,3.759999990463257,0.0,0.0,0.0,0.0,0.0,0.0,0.0,-0.0,-0.0,0.0
926.471899,0.0,0.0,3.7599999904632577,0.0,0.0,0.0,3.759999990463257,0.0,0.0,0.0,0.0,0.0,0.0,0.0,-0.0,-0.0,0.0
926.491613,0.0,0.0,3.7599999904632577,0.0,0.0,0.0,3.759999990463257,0.0,0.0,0.0,0.0,0.0,0.0,0.0,-0.0,-0.0,0.0
926.511559,0.0,0.0,3.7599999904632577,0.0,0.0,0.0,3.759999990463257,0.0,0.0,0.0,0.0,0.0,0.0,0.0,-0.0,-0.0,0.0
926.531728,0.0,0.0,3.7599999904632577,0.0,0.0,0.0,3.759999990463257,0.0,0.0,0.0,0.0,0.0,0.0,0.0,-0.0,-0.0,0.0
926.551596,0.0,0.0,3.7599999904632577,0.0,0.0,0.0,3.759999990463257,0.0,0.0,0.0,0.0,0.0,0.0,0.0,-0.0,-0.0,0.0
926.571819,0.0,0.0,3.7599999904632577,0.0,0.0,0.0,3.7699999809265132,0.0,0.0,0.0,0.0,0.0,0.0,0.0,-0.0,-0.0,0.0
926.591789,0.0,0.0,3.7699999809265132,0.0,0.0,0.0,3.759999990463257,0.0,0.0,0.0,0.0,0.0,0.0,0.0,-0.0,-0.0,0.0
926.611453,0.0,0.0,3.7599999904632577,0.0,0.0,0.0,3.759999990463257,0.0,0.0,0.0,0.0,0.0,0.0,0.0,-0.0,-0.0,0.0
926.631639,0.0,0.0,3.7599999904632577,0.0,0.0,0.0,3.759999990463257,0.0,0.0,0.0,0.0,0.0,0.0,0.0,-0.0,-0.0,0.0
926.651823,0.0,0.0,3.7599999904632577,0.0,0.0,0.0,3.759999990463257,0.0,0.0,0.0,0.0,0.0,0.0,0.0,-0.0,-0.0,0.0
926.671955,0.0,0.0,3.7599999904632577,0.0,0.0,0.0,3.759999990463257,0.0,0.0,0.0,0.0,0.0,0.0,0.0,-0.0,-0.0,0.0
926.691458,0.0,0.0,3.7599999904632577,0.0,0.0,0.0,3.7699999809265132,0.0,0.0,0.0,0.0,0.0,0.0,0.0,-0.0,-0.0,0.0
926.711748,0.0,0.0,3.7699999809265132,0.0,0.0,0.0,3.7699999809265132,0.0,0.0,0.0,0.0,0.0,0.0,0.0,-0.0,-0.0,0.0
926.731856,0.0,0.0,3.7699999809265132,0.0,0.0,0.0,3.7699999809265132,0.0,0.0,0.0,0.0,0.0,0.0,0.0,-0.0,-0.0,0.0
926.751561,0.0,0.0,3.7699999809265132,0.0,0.0,0.0,3.7699999809265132,0.0,0.0,0.0,0.0,0.0,0.0,0.0,-0.0,-0.0,0.0
926.772672,0.0,0.0,3.7699999809265132,0.0,0.0,0.0,3.7699999809265132,0.0,0.0,0.0,0.0,0.0,0.0,0.0,-0.0,-0.0,0.0
926.791477,0.0,0.0,3.7699999809265132,0.0,0.0,0.0,3.7699999809265132,0.0,0.0,0.0,0.0,0.0,0.0,0.0,-0.0,-0.0,0.0
926.811449,0.0,0.0,3.7699999809265132,0.0,0.0,0.0,3.7699999809265132,0.0,0.0,0.0,0.0,0.0,0.0,0.0,-0.0,-0.0,0.0
926.831772,0.0,0.0,3.7699999809265132,0.0,0.0,0.0,3.7699999809265132,0.0,0.0,0.0,0.0,0.0,0.0,0.0,-0.0,-0.0,0.0
926.851535,0.0,0.0,3.7699999809265132,0.0,0.0,0.0,3.7699999809265132,0.0,0.0,0.0,0.0,0.0,0.0,0.0,-0.0,-0.0,0.0
926.871818,0.0,0.0,3.7699999809265132,0.0,0.0,0.0,3.7699999809265132,0.0,0.0,0.0,0.0,0.0,0.0,0.0,-0.0,-0.0,0.0
926.891854,0.0,0.0,3.7699999809265132,0.0,0.0,0.0,3.7699999809265132,0.0,0.0,0.0,0.0,0.0,0.0,0.0,-0.0,-0.0,0.0
926.911606,0.0,0.0,3.7699999809265132,0.0,0.0,0.0,3.7699999809265132,0.0,0.0,0.0,0.0,0.0,0.0,0.0,-0.0,-0.0,0.0
926.931487,0.0,0.0,3.7699999809265132,0.0,0.0,0.0,3.7699999809265132,0.0,0.0,0.0,0.0,0.0,0.0,0.0,-0.0,-0.0,0.0
926.951797,0.0,0.0,3.7699999809265132,0.0,0.0,0.0,3.7699999809265132,0.0,0.0,0.0,0.0,0.0,0.0,0.0,-0.0,-0.0,0.0
926.971652,0.0,0.0,3.7699999809265132,0.0,0.0,0.0,3.7699999809265132,0.0,0.0,0.0,0.0,0.0,0.0,0.0,-0.0,-0.0,0.0
926.991503,0.0,0.0,3.7699999809265132,0.0,0.0,0.0,3.7699999809265132,0.0,0.0,0.0,0.0,0.0,0.0,0.0,-0.0,-0.0,0.0
927.011928,0.0,0.0,3.7699999809265132,0.0,0.0,0.0,3.7699999809265132,0.0,0.0,0.0,0.0,0.0,0.0,0.0,-0.0,-0.0,0.0
927.03162,0.0,0.0,3.7699999809265132,0.0,0.0,0.0,3.759999990463257,0.0,0.0,0.0,0.0,0.0,0.0,0.0,-0.0,-0.0,0.0
927.051573,0.0,0.0,3.7599999904632577,0.0,0.0,0.0,3.759999990463257,0.0,0.0,0.0,0.0,0.0,0.0,0.0,-0.0,-0.0,0.0
927.071993,0.0,0.0,3.7599999904632577,0.0,0.0,0.0,3.759999990463257,0.0,0.0,0.0,0.0,0.0,0.0,0.0,-0.0,-0.0,0.0
927.091592,0.0,0.0,3.7599999904632577,0.0,0.0,0.0,3.759999990463257,0.0,0.0,0.0,0.0,0.0,0.0,0.0,-0.0,-0.0,0.0
927.111505,0.0,0.0,3.7599999904632577,0.0,0.0,0.0,3.759999990463257,0.0,0.0,0.0,0.0,0.0,0.0,0.0,-0.0,-0.0,0.0
927.131696,0.0,0.0,3.7599999904632577,0.0,0.0,0.0,3.759999990463257,0.0,0.0,0.0,0.0,0.0,0.0,0.0,-0.0,-0.0,0.0
927.151591,0.0,0.0,3.7599999904632577,0.0,0.0,0.0,3.759999990463257,0.0,0.0,0.0,0.0,0.0,0.0,0.0,-0.0,-0.0,0.0
927.171992,0.0,0.0,3.7599999904632577,0.0,0.0,0.0,3.759999990463257,0.0,0.0,0.0,0.0,0.0,0.0,0.0,-0.0,-0.0,0.0
927.191827,0.0,0.0,3.7599999904632577,0.0,0.0,0.0,3.759999990463257,0.0,0.0,0.0,0.0,0.0,0.0,0.0,-0.0,-0.0,0.0
927.211829,0.0,0.0,3.7599999904632577,0.0,0.0,0.0,3.759999990463257,0.0,0.0,0.0,0.0,0.0,0.0,0.0,-0.0,-0.0,0.0
927.231479,0.0,0.0,3.7599999904632577,0.0,0.0,0.0,3.759999990463257,0.0,0.0,0.0,0.0,0.0,0.0,0.0,-0.0,-0.0,0.0
927.251877,0.0,0.0,3.7599999904632577,0.0,0.0,0.0,3.759999990463257,0.0,0.0,0.0,0.0,0.0,0.0,0.0,-0.0,-0.0,0.0
927.271802,0.0,0.0,3.7599999904632577,0.0,0.0,0.0,3.759999990463257,0.0,0.0,0.0,0.0,0.0,0.0,0.0,-0.0,-0.0,0.0
927.29153,0.0,0.0,3.7599999904632577,0.0,0.0,0.0,3.759999990463257,0.0,0.0,0.0,0.0,0.0,0.0,0.0,-0.0,-0.0,0.0
927.31175,0.0,0.0,3.7599999904632577,0.0,0.0,0.0,3.759999990463257,0.0,0.0,0.0,0.0,0.0,0.0,0.0,-0.0,-0.0,0.0
927.331438,0.0,0.0,3.7599999904632577,0.0,0.0,0.0,3.759999990463257,0.0,0.0,0.0,0.0,0.0,0.0,0.0,-0.0,-0.0,0.0
927.351479,0.0,0.0,3.7599999904632577,0.0,0.0,0.0,3.759999990463257,0.0,0.0,0.0,0.0,0.0,0.0,0.0,-0.0,-0.0,0.0
927.37211,0.0,0.0,3.7599999904632577,0.0,0.0,0.0,3.759999990463257,0.0,0.0,0.0,0.0,0.0,0.0,0.0,-0.0,-0.0,0.0
927.391828,0.0,0.0,3.7599999904632577,0.0,0.0,0.0,3.759999990463257,0.0,0.0,0.0,0.0,0.0,0.0,0.0,-0.0,-0.0,0.0
927.411527,0.0,0.0,3.7599999904632577,0.0,0.0,0.0,3.759999990463257,0.0,0.0,0.0,0.0,0.0,0.0,0.0,-0.0,-0.0,0.0
927.431698,0.0,0.0,3.7599999904632577,0.0,0.0,0.0,3.759999990463257,0.0,0.0,0.0,0.0,0.0,0.0,0.0,-0.0,-0.0,0.0
927.451648,0.0,0.0,3.7599999904632577,0.0,0.0,0.0,3.759999990463257,0.0,0.0,0.0,0.0,0.0,0.0,0.0,-0.0,-0.0,0.0
927.471759,0.0,0.0,3.7599999904632577,0.0,0.0,0.0,3.759999990463257,0.0,0.0,0.0,0.0,0.0,0.0,0.0,-0.0,-0.0,0.0
927.491913,0.0,0.0,3.7599999904632577,0.0,0.0,0.0,3.759999990463257,0.0,0.0,0.0,0.0,0.0,0.0,0.0,-0.0,-0.0,0.0
927.511525,0.0,0.0,3.7599999904632577,0.0,0.0,0.0,3.7499999999999996,0.0,0.0,0.0,0.0,0.0,0.0,0.0,-0.0,-0.0,0.0
927.5318,0.0,0.0,3.7499999999999996,0.0,0.0,0.0,3.7499999999999996,0.0,0.0,0.0,0.0,0.0,0.0,0.0,-0.0,-0.0,0.0
927.552101,0.0,0.0,3.7499999999999996,0.0,0.0,0.0,3.7499999999999996,0.0,0.0,0.0,0.0,0.0,0.0,0.0,-0.0,-0.0,0.0
927.571581,0.0,0.0,3.7499999999999996,0.0,0.0,0.0,3.7499999999999996,0.0,0.0,0.0,0.0,0.0,0.0,0.0,-0.0,-0.0,0.0
927.591565,0.0,0.0,3.7499999999999996,0.0,0.0,0.0,3.7499999999999996,0.0,0.0,0.0,0.0,0.0,0.0,0.0,-0.0,-0.0,0.0
927.611976,0.0,0.0,3.7499999999999996,0.0,0.0,0.0,3.7499999999999996,0.0,0.0,0.0,0.0,0.0,0.0,0.0,-0.0,-0.0,0.0
927.631538,0.0,0.0,3.7499999999999996,0.0,0.0,0.0,3.7499999999999996,0.0,0.0,0.0,0.0,0.0,0.0,0.0,-0.0,-0.0,0.0
927.651459,0.0,0.0,3.7499999999999996,0.0,0.0,0.0,3.7499999999999996,0.0,0.0,0.0,0.0,0.0,0.0,0.0,-0.0,-0.0,0.0
927.671906,0.0,0.0,3.7499999999999996,0.0,0.0,0.0,3.7499999999999996,0.0,0.0,0.0,0.0,0.0,0.0,0.0,-0.0,-0.0,0.0
927.691537,0.0,0.0,3.7499999999999996,0.0,0.0,0.0,3.7499999999999996,0.0,0.0,0.0,0.0,0.0,0.0,0.0,-0.0,-0.0,0.0
927.711563,0.0,0.0,3.7499999999999996,0.0,0.0,0.0,3.7499999999999996,0.0,0.0,0.0,0.0,0.0,0.0,0.0,-0.0,-