Timestamp,LeftVelocity,RightVelocity,PoseRotationDeg,PoseTransY,PoseTransX,PoseTransNorm,Heading,RightWheelSpeed,LeftWheelSpeed,LeftDistanceMeters,RightDistanceMeters,XValue,YValue,Found,motor 1 speed,motor 2 speed,motor 3 speed
10.60362,0.0,0.0,0.0,0.0,0.0,0.0,0.019999999552965164,0.0,0.0,0.0,0.0,0.0,0.0,0.0,-0.0,-0.0,0.0
11.09925,0.0,0.0,0.019999999552965164,0.0,0.0,0.0,0.029999999329447746,0.0,0.0,0.0,0.0,0.0,0.0,0.0,-0.0,-0.0,0.0
11.173479,0.0,0.0,0.029999999329447746,0.0,0.0,0.0,0.029999999329447746,0.0,0.0,0.0,0.0,0.0,0.0,0.0,-0.0,-0.0,0.0
11.21473,0.0,0.0,0.029999999329447746,0.0,0.0,0.0,0.029999999329447746,0.0,0.0,0.0,0.0,0.0,0.0,0.0,-0.0,-0.0,0.0
11.260411,0.0,0.0,0.029999999329447746,0.0,0.0,0.0,0.029999999329447746,0.0,0.0,0.0,0.0,0.0,0.0,0.0,-0.0,-0.0,0.0
11.316504,0.0,0.0,0.029999999329447746,0.0,0.0,0.0,0.029999999329447746,0.0,0.0,0.0,0.0,0.0,0.0,0.0,-0.0,-0.0,0.0
11.364929,0.0,0.0,0.029999999329447746,0.0,0.0,0.0,0.029999999329447746,0.0,0.0,0.0,0.0,0.0,0.0,0.0,-0.0,-0.0,0.0
11.40434,0.0,0.0,0.029999999329447746,0.0,0.0,0.0,0.029999999329447746,0.0,0.0,0.0,0.0,0.0,0.0,0.0,-0.0,-0.0,0.0
11.438304,0.0,0.0,0.029999999329447746,0.0,0.0,0.0,0.029999999329447746,0.0,0.0,0.0,0.0,0.0,0.0,0.0,-0.0,-0.0,0.0
11.483994,0.0,0.0,0.029999999329447746,0.0,0.0,0.0,0.029999999329447746,0.0,0.0,0.0,0.0,0.0,0.0,0.0,-0.0,-0.0,0.0
11.534922,0.0,0.0,0.029999999329447746,0.0,0.0,0.0,0.029999999329447746,0.0,0.0,0.0,0.0,0.0,0.0,0.0,-0.0,-0.0,0.0
11.584744,0.0,0.0,0.029999999329447746,0.0,0.0,0.0,0.029999999329447746,0.0,0.0,0.0,0.0,0.0,0.0,0.0,-0.0,-0.0,0.0
11.624686,0.0,0.0,0.029999999329447746,0.0,0.0,0.0,0.029999999329447746,0.0,0.0,0.0,0.0,0.0,0.0,0.0,-0.0,-0.0,0.0
11.655909,0.0,0.0,0.029999999329447746,0.0,0.0,0.0,0.029999999329447746,0.0,0.0,0.0,0.0,0.0,0.0,0.0,-0.0,-0.0,0.0
11.690689,0.0,0.0,0.029999999329447746,0.0,0.0,0.0,0.029999999329447746,0.0,0.0,0.0,0.0,0.0,0.0,0.0,-0.0,-0.0,0.0
11.724799,0.0,0.0,0.029999999329447746,0.0,0.0,0.0,0.029999999329447746,0.0,0.0,0.0,0.0,0.0,0.0,0.0,-0.0,-0.0,0.0
11.755908,0.0,0.0,0.029999999329447746,0.0,0.0,0.0,0.029999999329447746,0.0,0.0,0.0,0.0,0.0,0.0,0.0,-0.0,-0.0,0.0
11.797959,0.0,0.0,0.029999999329447746,0.0,0.0,0.0,0.029999999329447746,0.0,0.0,0.0,0.0,0.0,0.0,0.0,-0.0,-0.0,0.0
11.832668,0.0,0.0,0.029999999329447746,0.0,0.0,0.0,0.029999999329447746,0.0,0.0,0.0,0.0,0.0,0.0,0.0,-0.0,-0.0,0.0
11.905912,0.0,0.0,0.029999999329447746,0.0,0.0,0.0,0.029999999329447746,0.0,0.0,0.0,0.0,0.0,0.0,0.0,-0.0,-0.0,0.0
11.995573,0.0,0.0,0.029999999329447746,0.0,0.0,0.0,0.029999999329447746,0.0,0.0,0.0,0.0,0.0,0.0,0.0,-0.0,-0.0,0.0
12.026836,0.0,0.0,0.029999999329447746,0.0,0.0,0.0,0.03999999910593033,0.0,0.0,0.0,0.0,0.0,0.0,0.0,-0.0,-0.0,0.0
12.060106,0.0,0.0,0.039999999105930335,0.0,0.0,0.0,0.03999999910593033,0.0,0.0,0.0,0.0,0.0,0.0,0.0,-0.0,-0.0,0.0
12.114925,0.0,0.0,0.039999999105930335,0.0,0.0,0.0,0.03999999910593033,0.0,0.0,0.0,0.0,0.0,0.0,0.0,-0.0,-0.0,0.0
12.149912,0.0,0.0,0.039999999105930335,0.0,0.0,0.0,0.03999999910593033,0.0,0.0,0.0,0.0,0.0,0.0,0.0,-0.0,-0.0,0.0
12.182005,0.0,0.0,0.039999999105930335,0.0,0.0,0.0,0.03999999910593033,0.0,0.0,0.0,0.0,0.0,0.0,0.0,-0.0,-0.0,0.0
12.216726,0.0,0.0,0.039999999105930335,0.0,0.0,0.0,0.03999999910593033,0.0,0.0,0.0,0.0,0.0,0.0,0.0,-0.0,-0.0,0.0
12.249979,0.0,0.0,0.039999999105930335,0.0,0.0,0.0,0.03999999910593033,0.0,0.0,0.0,0.0,0.0,0.0,0.0,-0.0,-0.0,0.0
12.28061,0.0,0.0,0.039999999105930335,0.0,0.0,0.0,0.03999999910593033,0.0,0.0,0.0,0.0,0.0,0.0,0.0,-0.0,-0.0,0.0
12.316836,0.0,0.0,0.039999999105930335,0.0,0.0,0.0,0.03999999910593033,0.0,0.0,0.0,0.0,0.0,0.0,0.0,-0.0,-0.0,0.0
12.376704,0.0,0.0,0.039999999105930335,0.0,0.0,0.0,0.03999999910593033,0.0,0.0,0.0,0.0,0.0,0.0,0.0,-0.0,-0.0,0.0
12.449312,0.0,0.0,0.039999999105930335,0.0,0.0,0.0,0.05000000074505806,0.0,0.0,0.0,0.0,0.0,0.0,0.0,-0.0,-0.0,0.0
12.580619,0.0,0.0,0.05000000074505806,0.0,0.0,0.0,0.03999999910593033,0.0,0.0,0.0,0.0,0.0,0.0,0.0,-0.0,-0.0,0.0
12.65822,0.0,0.0,0.05000000074505806,0.0,0.0,0.0,0.05000000074505806,0.0,0.0,0.0,0.0,0.0,0.0,0.0,-0.0,-0.0,0.0
12.721979,0.0,0.0,0.039999999105930335,0.0,0.0,0.0,0.05000000074505806,0.0,0.0,0.0,0.0,0.0,0.0,0.0,-0.0,-0.0,0.0
12.777502,0.0,0.0,0.05000000074505806,0.0,0.0,0.0,0.05000000074505806,0.0,0.0,0.0,0.0,0.0,0.0,0.0,-0.0,-0.0,0.0
12.827875,0.0,0.0,0.05000000074505806,0.0,0.0,0.0,0.05000000074505806,0.0,0.0,0.0,0.0,0.0,0.0,0.0,-0.0,-0.0,0.0
12.879306,0.0,0.0,0.05000000074505806,0.0,0.0,0.0,0.05000000074505806,0.0,0.0,0.0,0.0,0.0,0.0,0.0,-0.0,-0.0,0.0
12.927781,0.0,0.0,0.05000000074505806,0.0,0.0,0.0,0.05000000074505806,0.0,0.0,0.0,0.0,0.0,0.0,0.0,-0.0,-0.0,0.0
12.98134,0.0,0.0,0.05000000074505806,0.0,0.0,0.0,0.05000000074505806,0.0,0.0,0.0,0.0,0.0,0.0,0.0,-0.0,-0.0,0.0
13.075438,0.0,0.0,0.05000000074505806,0.0,0.0,0.0,0.05000000074505806,0.0,0.0,0.0,0.0,0.0,0.0,0.0,-0.0,-0.0,0.0
13.216664,0.0,0.0,0.05000000074505806,0.0,0.0,0.0,0.05000000074505806,0.0,0.0,0.0,0.0,0.0,0.0,0.0,-0.0,-0.0,0.0
13.29584,0.0,0.0,0.05000000074505806,0.0,0.0,0.0,0.05000000074505806,0.0,0.0,0.0,0.0,0.0,0.0,0.0,-0.0,-0.0,0.0
13.371289,0.0,0.0,0.05000000074505806,0.0,0.0,0.0,0.05000000074505806,0.0,0.0,0.0,0.0,0.0,0.0,0.0,-0.0,-0.0,0.0
13.468587,0.0,0.0,0.05000000074505806,0.0,0.0,0.0,0.05000000074505806,0.0,0.0,0.0,0.0,0.0,0.0,0.0,-0.0,-0.0,0.0
13.522782,0.0,0.0,0.05000000074505806,0.0,0.0,0.0,0.05999999865889549,0.0,0.0,0.0,0.0,0.0,0.0,0.0,-0.0,-0.0,0.0
13.596905,0.0,0.0,0.059999998658895506,0.0,0.0,0.0,0.05999999865889549,0.0,0.0,0.0,0.0,0.0,0.0,0.0,-0.0,-0.0,0.0
13.65645,0.0,0.0,0.059999998658895506,0.0,0.0,0.0,0.05999999865889549,0.0,0.0,0.0,0.0,0.0,0.0,0.0,-0.0,-0.0,0.0
13.737115,0.0,0.0,0.059999998658895506,0.0,0.0,0.0,0.05999999865889549,0.0,0.0,0.0,0.0,0.0,0.0,0.0,-0.0,-0.0,0.0
13.801767,0.0,0.0,0.059999998658895506,0.0,0.0,0.0,0.05999999865889549,0.0,0.0,0.0,0.0,0.0,0.0,0.0,-0.0,-0.0,0.0
13.837808,0.0,0.0,0.059999998658895506,0.0,0.0,0.0,0.05999999865889549,0.0,0.0,0.0,0.0,0.0,0.0,0.0,-0.0,-0.0,0.0
13.872804,0.0,0.0,0.059999998658895506,0.0,0.0,0.0,0.05999999865889549,0.0,0.0,0.0,0.0,0.0,0.0,0.0,-0.0,-0.0,0.0
13.904158,0.0,0.0,0.059999998658895506,0.0,0.0,0.0,0.05999999865889549,0.0,0.0,0.0,0.0,0.0,0.0,0.0,-0.0,-0.0,0.0
13.934891,0.0,0.0,0.059999998658895506,0.0,0.0,0.0,0.05999999865889549,0.0,0.0,0.0,0.0,0.0,0.0,0.0,-0.0,-0.0,0.0
13.964405,0.0,0.0,0.059999998658895506,0.0,0.0,0.0,0.05999999865889549,0.0,0.0,0.0,0.0,0.0,0.0,0.0,-0.0,-0.0,0.0
13.995394,0.0,0.0,0.059999998658895506,0.0,0.0,0.0,0.05999999865889549,0.0,0.0,0.0,0.0,0.0,0.0,0.0,-0.0,-0.0,0.0
14.033367,0.0,0.0,0.059999998658895506,0.0,0.0,0.0,0.05999999865889549,0.0,0.0,0.0,0.0,0.0,0.0,0.0,-0.0,-0.0,0.0
14.072829,0.0,0.0,0.059999998658895506,0.0,0.0,0.0,0.05999999865889549,0.0,0.0,0.0,0.0,0.0,0.0,0.0,-0.0,-0.0,0.0
14.14657,0.0,0.0,0.059999998658895506,0.0,0.0,0.0,0.05999999865889549,0.0,0.0,0.0,0.0,0.0,0.0,0.0,-0.0,-0.0,0.0
14.255282,0.0,0.0,0.059999998658895506,0.0,0.0,0.0,0.05999999865889549,0.0,0.0,0.0,0.0,0.0,0.0,0.0,-0.0,-0.0,0.0
14.295649,0.0,0.0,0.059999998658895506,0.0,0.0,0.0,0.05999999865889549,0.0,0.0,0.0,0.0,0.0,0.0,0.0,-0.0,-0.0,0.0
14.324314,0.0,0.0,0.059999998658895506,0.0,0.0,0.0,0.05999999865889549,0.0,0.0,0.0,0.0,0.0,0.0,0.0,-0.0,-0.0,0.0
14.353373,0.0,0.0,0.059999998658895506,0.0,0.0,0.0,0.05999999865889549,0.0,0.0,0.0,0.0,0.0,0.0,0.0,-0.0,-0.0,0.0
14.38361,0.0,0.0,0.059999998658895506,0.0,0.0,0.0,0.05999999865889549,0.0,0.0,0.0,0.0,0.0,0.0,0.0,-0.0,-0.0,0.0
14.406232,0.0,0.0,0.059999998658895506,0.0,0.0,0.0,0.05999999865889549,0.0,0.0,0.0,0.0,0.0,0.0,0.0,-0.0,-0.0,0.0
14.447175,0.0,0.0,0.059999998658895506,0.0,0.0,0.0,0.05999999865889549,0.0,0.0,0.0,0.0,0.0,0.0,0.0,-0.0,-0.0,0.0
14.474382,0.0,0.0,0.059999998658895506,0.0,0.0,0.0,0.05999999865889549,0.0,0.0,0.0,0.0,0.0,0.0,0.0,-0.0,-0.0,0.0
14.499616,0.0,0.0,0.059999998658895506,0.0,0.0,0.0,0.05999999865889549,0.0,0.0,0.0,0.0,0.0,0.0,0.0,-0.0,-0.0,0.0
14.534286,0.0,0.0,0.059999998658895506,0.0,0.0,0.0,0.05999999865889549,0.0,0.0,0.0,0.0,0.0,0.0,0.0,-0.0,-0.0,0.0
14.559231,0.0,0.0,0.059999998658895506,0.0,0.0,0.0,0.05999999865889549,0.0,0.0,0.0,0.0,0.0,0.0,0.0,-0.0,-0.0,0.0
14.58956,0.0,0.0,0.059999998658895506,0.0,0.0,0.0,0.05999999865889549,0.0,0.0,0.0,0.0,0.0,0.0,0.0,-0.0,-0.0,0.0
14.624362,0.0,0.0,0.059999998658895506,0.0,0.0,0.0,0.05999999865889549,0.0,0.0,0.0,0.0,0.0,0.0,0.0,-0.0,-0.0,0.0
14.659134,0.0,0.0,0.059999998658895506,0.0,0.0,0.0,0.05999999865889549,0.0,0.0,0.0,0.0,0.0,0.0,0.0,-0.0,-0.0,0.0
14.700228,0.0,0.0,0.059999998658895506,0.0,0.0,0.0,0.05999999865889549,0.0,0.0,0.0,0.0,0.0,0.0,0.0,-0.0,-0.0,0.0
14.729438,0.0,0.0,0.059999998658895506,0.0,0.0,0.0,0.05999999865889549,0.0,0.0,0.0,0.0,0.0,0.0,0.0,-0.0,-0.0,0.0
14.780672,0.0,0.0,0.059999998658895506,0.0,0.0,0.0,0.05999999865889549,0.0,0.0,0.0,0.0,0.0,0.0,0.0,-0.0,-0.0,0.0
14.869886,0.0,0.0,0.059999998658895506,0.0,0.0,0.0,0.05999999865889549,0.0,0.0,0.0,0.0,0.0,0.0,0.0,-0.0,-0.0,0.0
14.92971,0.0,0.0,0.059999998658895506,0.0,0.0,0.0,0.05999999865889549,0.0,0.0,0.0,0.0,0.0,0.0,0.0,-0.0,-0.0,0.0
14.985696,0.0,0.0,0.059999998658895506,0.0,0.0,0.0,0.05999999865889549,0.0,0.0,0.0,0.0,0.0,0.0,0.0,-0.0,-0.0,0.0
15.017583,0.0,0.0,0.059999998658895506,0.0,0.0,0.0,0.05999999865889549,0.0,0.0,0.0,0.0,0.0,0.0,0.0,-0.0,-0.0,0.0
15.039942,0.0,0.0,0.059999998658895506,0.0,0.0,0.0,0.05999999865889549,0.0,0.0,0.0,0.0,0.0,0.0,0.0,-0.0,-0.0,0.0
15.06902,0.0,0.0,0.059999998658895506,0.0,0.0,0.0,0.05999999865889549,0.0,0.0,0.0,0.0,0.0,0.0,0.0,-0.0,-0.0,0.0
15.099255,0.0,0.0,0.059999998658895506,0.0,0.0,0.0,0.05999999865889549,0.0,0.0,0.0,0.0,0.0,0.0,0.0,-0.0,-0.0,0.0
15.127232,0.0,0.0,0.059999998658895506,0.0,0.0,0.0,0.05999999865889549,0.0,0.0,0.0,0.0,0.0,0.0,0.0,-0.0,-0.0,0.0
15.153669,0.0,0.0,0.059999998658895506,0.0,0.0,0.0,0.05999999865889549,0.0,0.0,0.0,0.0,0.0,0.0,0.0,-0.0,-0.0,0.0
15.181731,0.0,0.0,0.059999998658895506,0.0,0.0,0.0,0.05999999865889549,0.0,0.0,0.0,0.0,0.0,0.0,0.0,-0.0,-0.0,0.0
15.317343,0.0,0.0,0.059999998658895506,0.0,0.0,0.0,0.07000000029802322,0.0,0.0,0.0,0.0,0.0,0.0,0.0,-0.0,-0.0,0.0
15.363782,0.0,0.0,0.059999998658895506,0.0,0.0,0.0,0.07000000029802322,0.0,0.0,0.0,0.0,0.0,0.0,0.0,-0.0,-0.0,0.0
15.391701,0.0,0.0,0.059999998658895506,0.0,0.0,0.0,0.07000000029802322,0.0,0.0,0.0,0.0,0.0,0.0,0.0,-0.0,-0.0,0.0
15.4205,0.0,0.0,0.07000000029802321,0.0,0.0,0.0,0.07000000029802322,0.0,0.0,0.0,0.0,0.0,0.0,0.0,-0.0,-0.0,0.0
15.446794,0.0,0.0,0.07000000029802321,0.0,0.0,0.0,0.07000000029802322,0.0,0.0,0.0,0.0,0.0,0.0,0.0,-0.0,-0.0,0.0
15.472896,0.0,0.0,0.07000000029802321,0.0,0.0,0.0,0.07000000029802322,0.0,0.0,0.0,0.0,0.0,0.0,0.0,-0.0,-0.0,0.0
15.501793,0.0,0.0,0.07000000029802321,0.0,0.0,0.0,0.07000000029802322,0.0,0.0,0.0,0.0,0.0,0.0,0.0,-0.0,-0.0,0.0
15.52662,0.0,0.0,0.07000000029802321,0.0,0.0,0.0,0.07000000029802322,0.0,0.0,0.0,0.0,0.0,0.0,0.0,-0.0,-0.0,0.0
15.556361,0.0,0.0,0.07000000029802321,0.0,0.0,0.0,0.07000000029802322,0.0,0.0,0.0,0.0,0.0,0.0,0.0,-0.0,-0.0,0.0
15.582655,0.0,0.0,0.07000000029802321,0.0,0.0,0.0,0.07999999821186066,0.0,0.0,0.0,0.0,0.0,0.0,0.0,-0.0,-0.0,0.0
15.609814,0.0,0.0,0.07999999821186066,0.0,0.0,0.0,0.07999999821186066,0.0,0.0,0.0,0.0,0.0,0.0,0.0,-0.0,-0.0,0.0
15.633599,0.0,0.0,0.07999999821186066,0.0,0.0,0.0,0.07999999821186066,0.0,0.0,0.0,0.0,0.0,0.0,0.0,-0.0,-0.0,0.0
15.673089,0.0,0.0,0.07999999821186066,0.0,0.0,0.0,0.07999999821186066,0.0,0.0,0.0,0.0,0.0,0.0,0.0,-0.0,-0.0,0.0
15.776502,0.0,0.0,0.07999999821186066,0.0,0.0,0.0,0.07999999821186066,0.0,0.0,0.0,0.0,0.0,0.0,0.0,-0.0,-0.0,0.0
15.807339,0.0,0.0,0.07999999821186066,0.0,0.0,0.0,0.07999999821186066,0.0,0.0,0.0,0.0,0.0,0.0,0.0,-0.0,-0.0,0.0
15.844178,0.0,0.0,0.07999999821186066,0.0,0.0,0.0,0.07999999821186066,0.0,0.0,0.0,0.0,0.0,0.0,0.0,-0.0,-0.0,0.0
15.903003,0.0,0.0,0.07999999821186066,0.0,0.0,0.0,0.07999999821186066,0.0,0.0,0.0,0.0,0.0,0.0,0.0,-0.0,-0.0,0.0
15.956707,0.0,0.0,0.07999999821186066,0.0,0.0,0.0,0.07999999821186066,0.0,0.0,0.0,0.0,0.0,0.0,0.0,-0.0,-0.0,0.0
15.980044,0.0,0.0,0.07999999821186066,0.0,0.0,0.0,0.09000000357627869,0.0,0.0,0.0,0.0,0.0,0.0,0.0,-0.0,-0.0,0.0
16.007031,0.0,0.0,0.0900000035762787,0.0,0.0,0.0,0.09000000357627869,0.0,0.0,0.0,0.0,0.0,0.0,0.0,-0.0,-0.0,0.0
16.089134,0.0,0.0,0.0900000035762787,0.0,0.0,0.0,0.09000000357627869,0.0,0.0,0.0,0.0,0.0,0.0,0.0,-0.0,-0.0,0.0
16.149927,0.0,0.0,0.0900000035762787,0.0,0.0,0.0,0.09000000357627869,0.0,0.0,0.0,0.0,0.0,0.0,0.0,-0.0,-0.0,0.0
16.183291,0.0,0.0,0.0900000035762787,0.0,0.0,0.0,0.09000000357627869,0.0,0.0,0.0,0.0,0.0,0.0,0.0,-0.0,-0.0,0.0
16.209249,0.0,0.0,0.0900000035762787,0.0,0.0,0.0,0.09000000357627869,0.0,0.0,0.0,0.0,0.0,0.0,0.0,-0.0,-0.0,0.0
16.234921,0.0,0.0,0.0900000035762787,0.0,0.0,0.0,0.09000000357627869,0.0,0.0,0.0,0.0,0.0,0.0,0.0,-0.0,-0.0,0.0
16.285423,0.0,0.0,0.0900000035762787,0.0,0.0,0.0,0.09000000357627869,0.0,0.0,0.0,0.0,0.0,0.0,0.0,-0.0,-0.0,0.0
16.309254,0.0,0.0,0.0900000035762787,0.0,0.0,0.0,0.09000000357627869,0.0,0.0,0.0,0.0,0.0,0.0,0.0,-0.0,-0.0,0.0
16.334082,0.0,0.0,0.0900000035762787,0.0,0.0,0.0,0.09000000357627869,0.0,0.0,0.0,0.0,0.0,0.0,0.0,-0.0,-0.0,0.0
16.358826,0.0,0.0,0.0900000035762787,0.0,0.0,0.0,0.09000000357627869,0.0,0.0,0.0,0.0,0.0,0.0,0.0,-0.0,-0.0,0.0
16.385929,0.0,0.0,0.0900000035762787,0.0,0.0,0.0,0.09000000357627869,0.0,0.0,0.0,0.0,0.0,0.0,0.0,-0.0,-0.0,0.0
16.414993,0.0,0.0,0.0900000035762787,0.0,0.0,0.0,0.09000000357627869,0.0,0.0,0.0,0.0,0.0,0.0,0.0,-0.0,-0.0,0.0
16.443159,0.0,0.0,0.0900000035762787,0.0,0.0,0.0,0.09000000357627869,0.0,0.0,0.0,0.0,0.0,0.0,0.0,-0.0,-0.0,0.0
16.468804,0.0,0.0,0.0900000035762787,0.0,0.0,0.0,0.09000000357627869,0.0,0.0,0.0,0.0,0.0,0.0,0.0,-0.0,-0.0,0.0
16.49499,0.0,0.0,0.0900000035762787,0.0,0.0,0.0,0.09000000357627869,0.0,0.0,0.0,0.0,0.0,0.0,0.0,-0.0,-0.0,0.0
16.527325,0.0,0.0,0.0900000035762787,0.0,0.0,0.0,0.09000000357627869,0.0,0.0,0.0,0.0,0.0,0.0,0.0,-0.0,-0.0,0.0
16.553596,0.0,0.0,0.0900000035762787,0.0,0.0,0.0,0.09000000357627869,0.0,0.0,0.0,0.0,0.0,0.0,0.0,-0.0,-0.0,0.0
16.579072,0.0,0.0,0.0900000035762787,0.0,0.0,0.0,0.09000000357627869,0.0,0.0,0.0,0.0,0.0,0.0,0.0,-0.0,-0.0,0.0
16.603653,0.0,0.0,0.0900000035762787,0.0,0.0,0.0,0.09000000357627869,0.0,0.0,0.0,0.0,0.0,0.0,0.0,-0.0,-0.0,0.0
16.630627,0.0,0.0,0.0900000035762787,0.0,0.0,0.0,0.09000000357627869,0.0,0.0,0.0,0.0,0.0,0.0,0.0,-0.0,-0.0,0.0
16.659972,0.0,0.0,0.0900000035762787,0.0,0.0,0.0,0.09000000357627869,0.0,0.0,0.0,0.0,0.0,0.0,0.0,-0.0,-0.0,0.0
16.688546,0.0,0.0,0.0900000035762787,0.0,0.0,0.0,0.09000000357627869,0.0,0.0,0.0,0.0,0.0,0.0,0.0,-0.0,-0.0,0.0
16.717036,0.0,0.0,0.0900000035762787,0.0,0.0,0.0,0.09000000357627869,0.0,0.0,0.0,0.0,0.0,0.0,0.0,-0.0,-0.0,0.0
16.746378,0.0,0.0,0.0900000035762787,0.0,0.0,0.0,0.09000000357627869,0.0,0.0,0.0,0.0,0.0,0.0,0.0,-0.0,-0.0,0.0
16.774551,0.0,0.0,0.0900000035762787,0.0,0.0,0.0,0.09000000357627869,0.0,0.0,0.0,0.0,0.0,0.0,0.0,-0.0,-0.0,0.0
16.803746,0.0,0.0,0.0900000035762787,0.0,0.0,0.0,0.09000000357627869,0.0,0.0,0.0,0.0,0.0,0.0,0.0,-0.0,-0.0,0.0
16.834622,0.0,0.0,0.0900000035762787,0.0,0.0,0.0,0.09000000357627869,0.0,0.0,0.0,0.0,0.0,0.0,0.0,-0.0,-0.0,0.0
16.863501,0.0,0.0,0.0900000035762787,0.0,0.0,0.0,0.09000000357627869,0.0,0.0,0.0,0.0,0.0,0.0,0.0,-0.0,-0.0,0.0
16.895534,0.0,0.0,0.0900000035762787,0.0,0.0,0.0,0.09000000357627869,0.0,0.0,0.0,0.0,0.0,0.0,0.0,-0.0,-0.0,0.0
16.92408,0.0,0.0,0.0900000035762787,0.0,0.0,0.0,0.09000000357627869,0.0,0.0,0.0,0.0,0.0,0.0,0.0,-0.0,-0.0,0.0
16.951648,0.0,0.0,0.0900000035762787,0.0,0.0,0.0,0.09000000357627869,0.0,0.0,0.0,0.0,0.0,0.0,0.0,-0.0,-0.0,0.0
16.981107,0.0,0.0,0.0900000035762787,0.0,0.0,0.0,0.09000000357627869,0.0,0.0,0.0,0.0,0.0,0.0,0.0,-0.0,-0.0,0.0
17.01426,0.0,0.0,0.0900000035762787,0.0,0.0,0.0,0.09000000357627869,0.0,0.0,0.0,0.0,0.0,0.0,0.0,-0.0,-0.0,0.0
17.041812,0.0,0.0,0.0900000035762787,0.0,0.0,0.0,0.09000000357627869,0.0,0.0,0.0,0.0,0.0,0.0,0.0,-0.0,-0.0,0.0
17.068669,0.0,0.0,0.0900000035762787,0.0,0.0,0.0,0.09000000357627869,0.0,0.0,0.0,0.0,0.0,0.0,0.0,-0.0,-0.0,0.0
17.097255,0.0,0.0,0.0900000035762787,0.0,0.0,0.0,0.09000000357627869,0.0,0.0,0.0,0.0,0.0,0.0,0.0,-0.0,-0.0,0.0
17.122591,0.0,0.0,0.0900000035762787,0.0,0.0,0.0,0.09000000357627869,0.0,0.0,0.0,0.0,0.0,0.0,0.0,-0.0,-0.0,0.0
17.148974,0.0,0.0,0.0900000035762787,0.0,0.0,0.0,0.09000000357627869,0.0,0.0,0.0,0.0,0.0,0.0,0.0,-0.0,-0.0,0.0
17.173981,0.0,0.0,0.0900000035762787,0.0,0.0,0.0,0.09000000357627869,0.0,0.0,0.0,0.0,0.0,0.0,0.0,-0.0,-0.0,0.0
17.200134,0.0,0.0,0.0900000035762787,0.0,0.0,0.0,0.09000000357627869,0.0,0.0,0.0,0.0,0.0,0.0,0.0,-0.0,-0.0,0.0
17.226851,0.0,0.0,0.0900000035762787,0.0,0.0,0.0,0.09000000357627869,0.0,0.0,0.0,0.0,0.0,0.0,0.0,-0.0,-0.0,0.0
17.251977,0.0,0.0,0.0900000035762787,0.0,0.0,0.0,0.09000000357627869,0.0,0.0,0.0,0.0,0.0,0.0,0.0,-0.0,-0.0,0.0
17.301761,0.0,0.0,0.0900000035762787,0.0,0.0,0.0,0.09000000357627869,0.0,0.0,0.0,0.0,0.0,0.0,0.0,-0.0,-0.0,0.0
17.327235,0.0,0.0,0.0900000035762787,0.0,0.0,0.0,0.09000000357627869,0.0,0.0,0.0,0.0,0.0,0.0,0.0,-0.0,-0.0,0.0
17.364011,0.0,0.0,0.0900000035762787,0.0,0.0,0.0,0.09000000357627869,0.0,0.0,0.0,0.0,0.0,0.0,0.0,-0.0,-0.0,0.0
17.410559,0.0,0.0,0.0900000035762787,0.0,0.0,0.0,0.09000000357627869,0.0,0.0,0.0,0.0,0.0,0.0,0.0,-0.0,-0.0,0.0
17.460592,0.0,0.0,0.10000000149011612,0.0,0.0,0.0,0.09000000357627869,0.0,0.0,0.0,0.0,0.0,0.0,0.0,-0.0,-0.0,0.0
17.540195,0.0,0.0,0.0900000035762787,0.0,0.0,0.0,0.09000000357627869,0.0,0.0,0.0,0.0,0.0,0.0,0.0,-0.0,-0.0,0.0
17.596161,0.0,0.0,0.0900000035762787,0.0,0.0,0.0,0.09000000357627869,0.0,0.0,0.0,0.0,0.0,0.0,0.0,-0.0,-0.0,0.0
17.65079,0.0,0.0,0.0900000035762787,0.0,0.0,0.0,0.09000000357627869,0.0,0.0,0.0,0.0,0.0,0.0,0.0,-0.0,-0.0,0.0
17.697257,0.0,0.0,0.10000000149011612,0.0,0.0,0.0,0.09000000357627869,0.0,0.0,0.0,0.0,0.0,0.0,0.0,-0.0,-0.0,0.0
17.740626,0.0,0.0,0.0900000035762787,0.0,0.0,0.0,0.09000000357627869,0.0,0.0,0.0,0.0,0.0,0.0,0.0,-0.0,-0.0,0.0
17.7761,0.0,0.0,0.0900000035762787,0.0,0.0,0.0,0.09000000357627869,0.0,0.0,0.0,0.0,0.0,0.0,0.0,-0.0,-0.0,0.0
17.818419,0.0,0.0,0.0900000035762787,0.0,0.0,0.0,0.10000000149011612,0.0,0.0,0.0,0.0,0.0,0.0,0.0,-0.0,-0.0,0.0
17.864885,0.0,0.0,0.10000000149011612,0.0,0.0,0.0,0.10000000149011612,0.0,0.0,0.0,0.0,0.0,0.0,0.0,-0.0,-0.0,0.0
17.884901,0.0,0.0,0.10000000149011612,0.0,0.0,0.0,0.10000000149011612,0.0,0.0,0.0,0.0,0.0,0.0,0.0,-0.0,-0.0,0.0
17.908689,0.0,0.0,0.10000000149011612,0.0,0.0,0.0,0.09000000357627869,0.0,0.0,0.0,0.0,0.0,0.0,0.0,-0.0,-0.0,0.0
17.927314,0.0,0.0,0.0900000035762787,0.0,0.0,0.0,0.09000000357627869,0.0,0.0,0.0,0.0,0.0,0.0,0.0,-0.0,-0.0,0.0
17.94734,0.0,0.0,0.0900000035762787,0.0,0.0,0.0,0.09000000357627869,0.0,0.0,0.0,0.0,0.0,0.0,0.0,-0.0,-0.0,0.0
17.963805,0.0,0.0,0.0900000035762787,0.0,0.0,0.0,0.09000000357627869,0.0,0.0,0.0,0.0,0.0,0.0,0.0,-0.0,-0.0,0.0
17.983692,0.0,0.0,0.0900000035762787,0.0,0.0,0.0,0.09000000357627869,0.0,0.0,0.0,0.0,0.0,0.0,0.0,-0.0,-0.0,0.0
18.004568,0.0,0.0,0.0900000035762787,0.0,0.0,0.0,0.09000000357627869,0.0,0.0,0.0,0.0,0.0,0.0,0.0,-0.0,-0.0,0.0
18.042653,0.0,0.0,0.0900000035762787,0.0,0.0,0.0,0.09000000357627869,0.0,0.0,0.0,0.0,0.0,0.0,0.0,-0.0,-0.0,0.0
18.053549,0.0,0.0,0.0900000035762787,0.0,0.0,0.0,0.09000000357627869,0.0,0.0,0.0,0.0,0.0,0.0,0.0,-0.0,-0.0,0.0
18.076809,0.0,0.0,0.0900000035762787,0.0,0.0,0.0,0.09000000357627869,0.0,0.0,0.0,0.0,0.0,0.0,0.0,-0.0,-0.0,0.0
18.093143,0.0,0.0,0.0900000035762787,0.0,0.0,0.0,0.09000000357627869,0.0,0.0,0.0,0.0,0.0,0.0,0.0,-0.0,-0.0,0.0
18.109129,0.0,0.0,0.0900000035762787,0.0,0.0,0.0,0.09000000357627869,0.0,0.0,0.0,0.0,0.0,0.0,0.0,-0.0,-0.0,0.0
18.131984,0.0,0.0,0.0900000035762787,0.0,0.0,0.0,0.09000000357627869,0.0,0.0,0.0,0.0,0.0,0.0,0.0,-0.0,-0.0,0.0
18.146887,0.0,0.0,0.0900000035762787,0.0,0.0,0.0,0.09000000357627869,0.0,0.0,0.0,0.0,0.0,0.0,0.0,-0.0,-0.0,0.0
18.16852,0.0,0.0,0.0900000035762787,0.0,0.0,0.0,0.09000000357627869,0.0,0.0,0.0,0.0,0.0,0.0,0.0,-0.0,-0.0,0.0
18.177433,0.0,0.0,0.0900000035762787,0.0,0.0,0.0,0.09000000357627869,0.0,0.0,0.0,0.0,0.0,0.0,0.0,-0.0,-0.0,0.0
18.216952,0.0,0.0,0.0900000035762787,0.0,0.0,0.0,0.09000000357627869,0.0,0.0,0.0,0.0,0.0,0.0,0.0,-0.0,-0.0,0.0
18.254132,0.0,0.0,0.0900000035762787,0.0,0.0,0.0,0.09000000357627869,0.0,0.0,0.0,0.0,0.0,0.0,0.0,-0.0,-0.0,0.0
18.329424,0.0,0.0,0.0900000035762787,0.0,0.0,0.0,0.09000000357627869,0.0,0.0,0.0,0.0,0.0,0.0,0.0,-0.0,-0.0,0.0
18.370815,0.0,0.0,0.0900000035762787,0.0,0.0,0.0,0.09000000357627869,0.0,0.0,0.0,0.0,0.0,0.0,0.0,-0.0,-0.0,0.0
18.40661,0.0,0.0,0.0900000035762787,0.0,0.0,0.0,0.09000000357627869,0.0,0.0,0.0,0.0,0.0,0.0,0.0,-0.0,-0.0,0.0
18.438175,0.0,0.0,0.0900000035762787,0.0,0.0,0.0,0.09000000357627869,0.0,0.0,0.0,0.0,0.0,0.0,0.0,-0.0,-0.0,0.0
18.469972,0.0,0.0,0.0900000035762787,0.0,0.0,0.0,0.10000000149011612,0.0,0.0,0.0,0.0,0.0,0.0,0.0,-0.0,-0.0,0.0
18.502601,0.0,0.0,0.10000000149011612,0.0,0.0,0.0,0.10000000149011612,0.0,0.0,0.0,0.0,0.0,0.0,0.0,-0.0,-0.0,0.0
18.549029,0.0,0.0,0.10000000149011612,0.0,0.0,0.0,0.10000000149011612,0.0,0.0,0.0,0.0,0.0,0.0,0.0,-0.0,-0.0,0.0
18.586052,0.0,0.0,0.10000000149011612,0.0,0.0,0.0,0.09000000357627869,0.0,0.0,0.0,0.0,0.0,0.0,0.0,-0.0,-0.0,0.0
18.614179,0.0,0.0,0.0900000035762787,0.0,0.0,0.0,0.09000000357627869,0.0,0.0,0.0,0.0,0.0,0.0,0.0,-0.0,-0.0,0.0
18.651332,0.0,0.0,0.0900000035762787,0.0,0.0,0.0,0.10000000149011612,0.0,0.0,0.0,0.0,0.0,0.0,0.0,-0.0,-0.0,0.0
18.683987,0.0,0.0,0.0900000035762787,0.0,0.0,0.0,0.09000000357627869,0.0,0.0,0.0,0.0,0.0,0.0,0.0,-0.0,-0.0,0.0
18.714977,0.0,0.0,0.0900000035762787,0.0,0.0,0.0,0.10000000149011612,0.0,0.0,0.0,0.0,0.0,0.0,0.0,-0.0,-0.0,0.0
18.74295,0.0,0.0,0.10000000149011612,0.0,0.0,0.0,0.10000000149011612,0.0,0.0,0.0,0.0,0.0,0.0,0.0,-0.0,-0.0,0.0
18.770745,0.0,0.0,0.10000000149011612,0.0,0.0,0.0,0.10000000149011612,0.0,0.0,0.0,0.0,0.0,0.0,0.0,-0.0,-0.0,0.0
18.799141,0.0,0.0,0.10000000149011612,0.0,0.0,0.0,0.10000000149011612,0.0,0.0,0.0,0.0,0.0,0.0,0.0,-0.0,-0.0,0.0
18.828622,0.0,0.0,0.10000000149011612,0.0,0.0,0.0,0.10000000149011612,0.0,0.0,0.0,0.0,0.0,0.0,0.0,-0.0,-0.0,0.0
18.858658,0.0,0.0,0.10000000149011612,0.0,0.0,0.0,0.09000000357627869,0.0,0.0,0.0,0.0,0.0,0.0,0.0,-0.0,-0.0,0.0
18.887011,0.0,0.0,0.0900000035762787,0.0,0.0,0.0,0.09000000357627869,0.0,0.0,0.0,0.0,0.0,0.0,0.0,-0.0,-0.0,0.0
18.92425,0.0,0.0,0.0900000035762787,0.0,0.0,0.0,0.10000000149011612,0.0,0.0,0.0,0.0,0.0,0.0,0.0,-0.0,-0.0,0.0
18.954018,0.0,0.0,0.10000000149011612,0.0,0.0,0.0,0.10000000149011612,0.0,0.0,0.0,0.0,0.0,0.0,0.0,-0.0,-0.0,0.0
18.982446,0.0,0.0,0.10000000149011612,0.0,0.0,0.0,0.10000000149011612,0.0,0.0,0.0,0.0,0.0,0.0,0.0,-0.0,-0.0,0.0
19.013729,0.0,0.0,0.10000000149011612,0.0,0.0,0.0,0.10000000149011612,0.0,0.0,0.0,0.0,0.0,0.0,0.0,-0.0,-0.0,0.0
19.047703,0.0,0.0,0.10000000149011612,0.0,0.0,0.0,0.10000000149011612,0.0,0.0,0.0,0.0,0.0,0.0,0.0,-0.0,-0.0,0.0
19.075306,0.0,0.0,0.10000000149011612,0.0,0.0,0.0,0.10000000149011612,0.0,0.0,0.0,0.0,0.0,0.0,0.0,-0.0,-0.0,0.0
19.10528,0.0,0.0,0.10000000149011612,0.0,0.0,0.0,0.10000000149011612,0.0,0.0,0.0,0.0,0.0,0.0,0.0,-0.0,-0.0,0.0
19.1452,0.0,0.0,0.10000000149011612,0.0,0.0,0.0,0.10000000149011612,0.0,0.0,0.0,0.0,0.0,0.0,0.0,-0.0,-0.0,0.0
19.198363,0.0,0.0,0.10000000149011612,0.0,0.0,0.0,0.10000000149011612,0.0,0.0,0.0,0.0,0.0,0.0,0.0,-0.0,-0.0,0.0
19.256498,0.0,0.0,0.10000000149011612,0.0,0.0,0.0,0.10000000149011612,0.0,0.0,0.0,0.0,0.0,0.0,0.0,-0.0,-0.0,0.0
19.33539,0.0,0.0,0.10000000149011612,0.0,0.0,0.0,0.10000000149011612,0.0,0.0,0.0,0.0,0.0,0.0,0.0,-0.0,-0.0,0.0
19.381932,0.0,0.0,0.10000000149011612,0.0,0.0,0.0,0.10000000149011612,0.0,0.0,0.0,0.0,0.0,0.0,0.0,-0.0,-0.0,0.0
19.422372,0.0,0.0,0.10000000149011612,0.0,0.0,0.0,0.10000000149011612,0.0,0.0,0.0,0.0,0.0,0.0,0.0,-0.0,-0.0,0.0
19.460543,0.0,0.0,0.10000000149011612,0.0,0.0,0.0,0.10000000149011612,0.0,0.0,0.0,0.0,0.0,0.0,0.0,-0.0,-0.0,0.0
19.469605,0.0,0.0,0.10000000149011612,0.0,0.0,0.0,0.10000000149011612,0.0,0.0,0.0,0.0,0.0,0.0,0.0,-0.0,-0.0,0.0
19.491471,0.0,0.0,0.10000000149011612,0.0,0.0,0.0,0.10000000149011612,0.0,0.0,0.0,0.0,0.0,0.0,0.0,-0.0,-0.0,0.0
19.553657,0.0,0.0,0.10000000149011612,0.0,0.0,0.0,0.10000000149011612,0.0,0.0,0.0,0.0,0.0,0.0,0.0,-0.0,-0.0,0.0
19.622601,0.0,0.0,0.10000000149011612,0.0,0.0,0.0,0.10000000149011612,0.0,0.0,0.0,0.0,0.0,0.0,0.0,-0.0,-0.0,0.0
19.673069,0.0,0.0,0.10000000149011612,0.0,0.0,0.0,0.10000000149011612,0.0,0.0,0.0,0.0,0.0,0.0,0.0,-0.0,-0.0,0.0
19.703552,0.0,0.0,0.10000000149011612,0.0,0.0,0.0,0.10000000149011612,0.0,0.0,0.0,0.0,0.0,0.0,0.0,-0.0,-0.0,0.0
19.745363,0.0,0.0,0.10000000149011612,0.0,0.0,0.0,0.10000000149011612,0.0,0.0,0.0,0.0,0.0,0.0,0.0,-0.0,-0.0,0.0
19.754687,0.0,0.0,0.10000000149011612,0.0,0.0,0.0,0.10000000149011612,0.0,0.0,0.0,0.0,0.0,0.0,0.0,-0.0,-0.0,0.0
19.76821,0.0,0.0,0.10000000149011612,0.0,0.0,0.0,0.10000000149011612,0.0,0.0,0.0,0.0,0.0,0.0,0.0,-0.0,-0.0,0.0
19.800026,0.0,0.0,0.10000000149011612,0.0,0.0,0.0,0.10000000149011612,0.0,0.0,0.0,0.0,0.0,0.0,0.0,-0.0,-0.0,0.0
19.822581,0.0,0.0,0.10000000149011612,0.0,0.0,0.0,0.10000000149011612,0.0,0.0,0.0,0.0,0.0,0.0,0.0,-0.0,-0.0,0.0
19.83407,0.0,0.0,0.10000000149011612,0.0,0.0,0.0,0.10000000149011612,0.0,0.0,0.0,0.0,0.0,0.0,0.0,-0.0,-0.0,0.0
19.863532,0.0,0.0,0.10000000149011612,0.0,0.0,0.0,0.10000000149011612,0.0,0.0,0.0,0.0,0.0,0.0,0.0,-0.0,-0.0,0.0
19.878287,0.0,0.0,0.10000000149011612,0.0,0.0,0.0,0.10000000149011612,0.0,0.0,0.0,0.0,0.0,0.0,0.0,-0.0,-0.0,0.0
19.908992,0.0,0.0,0.10000000149011612,0.0,0.0,0.0,0.10000000149011612,0.0,0.0,0.0,0.0,0.0,0.0,0.0,-0.0,-0.0,0.0
19.928439,0.0,0.0,0.10000000149011612,0.0,0.0,0.0,0.10000000149011612,0.0,0.0,0.0,0.0,0.0,0.0,0.0,-0.0,-0.0,0.0
19.949311,0.0,0.0,0.10000000149011612,0.0,0.0,0.0,0.10999999940395355,0.0,0.0,0.0,0.0,0.0,0.0,0.0,-0.0,-0.0,0.0
19.973328,0.0,0.0,0.10999999940395355,0.0,0.0,0.0,0.10000000149011612,0.0,0.0,0.0,0.0,0.0,0.0,0.0,-0.0,-0.0,0.0
19.992668,0.0,0.0,0.10999999940395355,0.0,0.0,0.0,0.10999999940395355,0.0,0.0,0.0,0.0,0.0,0.0,0.0,-0.0,-0.0,0.0
20.013566,0.0,0.0,0.10999999940395355,0.0,0.0,0.0,0.10999999940395355,0.0,0.0,0.0,0.0,0.0,0.0,0.0,-0.0,-0.0,0.0
20.037208,0.0,0.0,0.10999999940395355,0.0,0.0,0.0,0.10999999940395355,0.0,0.0,0.0,0.0,0.0,0.0,0.0,-0.0,-0.0,0.0
20.073513,0.0,0.0,0.10999999940395355,0.0,0.0,0.0,0.10999999940395355,0.0,0.0,0.0,0.0,0.0,0.0,0.0,-0.0,-0.0,0.0
20.093971,0.0,0.0,0.10999999940395355,0.0,0.0,0.0,0.10999999940395355,0.0,0.0,0.0,0.0,0.0,0.0,0.0,-0.0,-0.0,0.0
20.145226,0.0,0.0,0.10999999940395355,0.0,0.0,0.0,0.10999999940395355,0.0,0.0,0.0,0.0,0.0,0.0,0.0,-0.0,-0.0,0.0
20.199491,0.0,0.0,0.10999999940395355,0.0,0.0,0.0,0.10999999940395355,0.0,0.0,0.0,0.0,0.0,0.0,0.0,-0.0,-0.0,0.0
20.251042,0.0,0.0,0.10999999940395355,0.0,0.0,0.0,0.10999999940395355,0.0,0.0,0.0,0.0,0.0,0.0,0.0,-0.0,-0.0,0.0
20.262693,0.0,0.0,0.10999999940395355,0.0,0.0,0.0,0.10999999940395355,0.0,0.0,0.0,0.0,0.0,0.0,0.0,-0.0,-0.0,0.0
20.28564,0.0,0.0,0.10999999940395355,0.0,0.0,0.0,0.10999999940395355,0.0,0.0,0.0,0.0,0.0,0.0,0.0,-0.0,-0.0,0.0
20.317132,0.0,0.0,0.10999999940395355,0.0,0.0,0.0,0.10999999940395355,0.0,0.0,0.0,0.0,0.0,0.0,0.0,-0.0,-0.0,0.0
20.337545,0.0,0.0,0.10999999940395355,0.0,0.0,0.0,0.10999999940395355,0.0,0.0,0.0,0.0,0.0,0.0,0.0,-0.0,-0.0,0.0
20.362594,0.0,0.0,0.10999999940395355,0.0,0.0,0.0,0.10999999940395355,0.0,0.0,0.0,0.0,0.0,0.0,0.0,-0.0,-0.0,0.0
20.387377,0.0,0.0,0.10999999940395355,0.0,0.0,0.0,0.10999999940395355,0.0,0.0,0.0,0.0,0.0,0.0,0.0,-0.0,-0.0,0.0
20.412783,0.0,0.0,0.10999999940395355,0.0,0.0,0.0,0.10999999940395355,0.0,0.0,0.0,0.0,0.0,0.0,0.0,-0.0,-0.0,0.0
20.448499,0.0,0.0,0.10999999940395355,0.0,0.0,0.0,0.10999999940395355,0.0,0.0,0.0,0.0,0.0,0.0,0.0,-0.0,-0.0,0.0
20.471882,0.0,0.0,0.10999999940395355,0.0,0.0,0.0,0.10999999940395355,0.0,0.0,0.0,0.0,0.0,0.0,0.0,-0.0,-0.0,0.0
20.495411,0.0,0.0,0.10999999940395355,0.0,0.0,0.0,0.10999999940395355,0.0,0.0,0.0,0.0,0.0,0.0,0.0,-0.0,-0.0,0.0
20.519398,0.0,0.0,0.10999999940395355,0.0,0.0,0.0,0.10999999940395355,0.0,0.0,0.0,0.0,0.0,0.0,0.0,-0.0,-0.0,0.0
20.54271,0.0,0.0,0.10999999940395355,0.0,0.0,0.0,0.10999999940395355,0.0,0.0,0.0,0.0,0.0,0.0,0.0,-0.0,-0.0,0.0
20.565886,0.0,0.0,0.10999999940395355,0.0,0.0,0.0,0.10999999940395355,0.0,0.0,0.0,0.0,0.0,0.0,0.0,-0.0,-0.0,0.0
20.595363,0.0,0.0,0.10999999940395355,0.0,0.0,0.0,0.10999999940395355,0.0,0.0,0.0,0.0,0.0,0.0,0.0,-0.0,-0.0,0.0
20.622569,0.0,0.0,0.10999999940395355,0.0,0.0,0.0,0.10999999940395355,0.0,0.0,0.0,0.0,0.0,0.0,0.0,-0.0,-0.0,0.0
20.647609,0.0,0.0,0.10999999940395355,0.0,0.0,0.0,0.10999999940395355,0.0,0.0,0.0,0.0,0.0,0.0,0.0,-0.0,-0.0,0.0
20.672888,0.0,0.0,0.10999999940395355,0.0,0.0,0.0,0.10999999940395355,0.0,0.0,0.0,0.0,0.0,0.0,0.0,-0.0,-0.0,0.0
20.699997,0.0,0.0,0.10999999940395355,0.0,0.0,0.0,0.10999999940395355,0.0,0.0,0.0,0.0,0.0,0.0,0.0,-0.0,-0.0,0.0
20.724695,0.0,0.0,0.10999999940395355,0.0,0.0,0.0,0.10999999940395355,0.0,0.0,0.0,0.0,0.0,0.0,0.0,-0.0,-0.0,0.0
20.748727,0.0,0.0,0.10999999940395355,0.0,0.0,0.0,0.10999999940395355,0.0,0.0,0.0,0.0,0.0,0.0,0.0,-0.0,-0.0,0.0
20.775249,0.0,0.0,0.10999999940395355,0.0,0.0,0.0,0.10999999940395355,0.0,0.0,0.0,0.0,0.0,0.0,0.0,-0.0,-0.0,0.0
20.799032,0.0,0.0,0.10999999940395355,0.0,0.0,0.0,0.10999999940395355,0.0,0.0,0.0,0.0,0.0,0.0,0.0,-0.0,-0.0,0.0
20.824299,0.0,0.0,0.10999999940395355,0.0,0.0,0.0,0.10999999940395355,0.0,0.0,0.0,0.0,0.0,0.0,0.0,-0.0,-0.0,0.0
20.848889,0.0,0.0,0.10999999940395355,0.0,0.0,0.0,0.10999999940395355,0.0,0.0,0.0,0.0,0.0,0.0,0.0,-0.0,-0.0,0.0
20.874112,0.0,0.0,0.10999999940395355,0.0,0.0,0.0,0.10999999940395355,0.0,0.0,0.0,0.0,0.0,0.0,0.0,-0.0,-0.0,0.0
20.896459,0.0,0.0,0.10999999940395355,0.0,0.0,0.0,0.10999999940395355,0.0,0.0,0.0,0.0,0.0,0.0,0.0,-0.0,-0.0,0.0
20.91824,0.0,0.0,0.10999999940395355,0.0,0.0,0.0,0.10999999940395355,0.0,0.0,0.0,0.0,0.0,0.0,0.0,-0.0,-0.0,0.0
20.941968,0.0,0.0,0.10999999940395355,0.0,0.0,0.0,0.10999999940395355,0.0,0.0,0.0,0.0,0.0,0.0,0.0,-0.0,-0.0,0.0
20.964867,0.0,0.0,0.10999999940395355,0.0,0.0,0.0,0.10999999940395355,0.0,0.0,0.0,0.0,0.0,0.0,0.0,-0.0,-0.0,0.0
20.978834,0.0,0.0,0.10999999940395355,0.0,0.0,0.0,0.10999999940395355,0.0,0.0,0.0,0.0,0.0,0.0,0.0,-0.0,-0.0,0.0
21.029808,0.0,0.0,0.10999999940395355,0.0,0.0,0.0,0.10999999940395355,0.0,0.0,0.0,0.0,0.0,0.0,0.0,-0.0,-0.0,0.0
21.080195,0.0,0.0,0.10999999940395355,0.0,0.0,0.0,0.10999999940395355,0.0,0.0,0.0,0.0,0.0,0.0,0.0,-0.0,-0.0,0.0
21.129999,0.0,0.0,0.10999999940395355,0.0,0.0,0.0,0.10999999940395355,0.0,0.0,0.0,0.0,0.0,0.0,0.0,-0.0,-0.0,0.0
21.183733,0.0,0.0,0.10999999940395355,0.0,0.0,0.0,0.10999999940395355,0.0,0.0,0.0,0.0,0.0,0.0,0.0,-0.0,-0.0,0.0
21.218717,0.0,0.0,0.10999999940395355,0.0,0.0,0.0,0.10999999940395355,0.0,0.0,0.0,0.0,0.0,0.0,0.0,-0.0,-0.0,0.0
21.249484,0.0,0.0,0.10999999940395355,0.0,0.0,0.0,0.10999999940395355,0.0,0.0,0.0,0.0,0.0,0.0,0.0,-0.0,-0.0,0.0
21.27353,0.0,0.0,0.10999999940395355,0.0,0.0,0.0,0.10999999940395355,0.0,0.0,0.0,0.0,0.0,0.0,0.0,-0.0,-0.0,0.0
21.296269,0.0,0.0,0.10999999940395355,0.0,0.0,0.0,0.10999999940395355,0.0,0.0,0.0,0.0,0.0,0.0,0.0,-0.0,-0.0,0.0
21.346809,0.0,0.0,0.10999999940395355,0.0,0.0,0.0,0.10999999940395355,0.0,0.0,0.0,0.0,0.0,0.0,0.0,-0.0,-0.0,0.0
21.380634,0.0,0.0,0.10999999940395355,0.0,0.0,0.0,0.10999999940395355,0.0,0.0,0.0,0.0,0.0,0.0,0.0,-0.0,-0.0,0.0
21.406061,0.0,0.0,0.10999999940395355,0.0,0.0,0.0,0.10999999940395355,0.0,0.0,0.0,0.0,0.0,0.0,0.0,-0.0,-0.0,0.0
21.426903,0.0,0.0,0.10999999940395355,0.0,0.0,0.0,0.10999999940395355,0.0,0.0,0.0,0.0,0.0,0.0,0.0,-0.0,-0.0,0.0
21.448763,0.0,0.0,0.10999999940395355,0.0,0.0,0.0,0.10999999940395355,0.0,0.0,0.0,0.0,0.0,0.0,0.0,-0.0,-0.0,0.0
21.463096,0.0,0.0,0.10999999940395355,0.0,0.0,0.0,0.10999999940395355,0.0,0.0,0.0,0.0,0.0,0.0,0.0,-0.0,-0.0,0.0
21.474653,0.0,0.0,0.10999999940395355,0.0,0.0,0.0,0.10999999940395355,0.0,0.0,0.0,0.0,0.0,0.0,0.0,-0.0,-0.0,0.0
21.504708,0.0,0.0,0.10999999940395355,0.0,0.0,0.0,0.11999999731779099,0.0,0.0,0.0,0.0,0.0,0.0,0.0,-0.0,-0.0,0.0
21.548049,0.0,0.0,0.11999999731779099,0.0,0.0,0.0,0.10999999940395355,0.0,0.0,0.0,0.0,0.0,0.0,0.0,-0.0,-0.0,0.0
21.598962,0.0,0.0,0.10999999940395355,0.0,0.0,0.0,0.10999999940395355,0.0,0.0,0.0,0.0,0.0,0.0,0.0,-0.0,-0.0,0.0
21.662728,0.0,0.0,0.10999999940395355,0.0,0.0,0.0,0.10999999940395355,0.0,0.0,0.0,0.0,0.0,0.0,0.0,-0.0,-0.0,0.0
21.691152,0.0,0.0,0.10999999940395355,0.0,0.0,0.0,0.10999999940395355,0.0,0.0,0.0,0.0,0.0,0.0,0.0,-0.0,-0.0,0.0
21.721519,0.0,0.0,0.10999999940395355,0.0,0.0,0.0,0.10999999940395355,0.0,0.0,0.0,0.0,0.0,0.0,0.0,-0.0,-0.0,0.0
21.74955,0.0,0.0,0.10999999940395355,0.0,0.0,0.0,0.10999999940395355,0.0,0.0,0.0,0.0,0.0,0.0,0.0,-0.0,-0.0,0.0
21.778035,0.0,0.0,0.10999999940395355,0.0,0.0,0.0,0.10999999940395355,0.0,0.0,0.0,0.0,0.0,0.0,0.0,-0.0,-0.0,0.0
21.808423,0.0,0.0,0.10999999940395355,0.0,0.0,0.0,0.10999999940395355,0.0,0.0,0.0,0.0,0.0,0.0,0.0,-0.0,-0.0,0.0
21.842708,0.0,0.0,0.10999999940395355,0.0,0.0,0.0,0.10999999940395355,0.0,0.0,0.0,0.0,0.0,0.0,0.0,-0.0,-0.0,0.0
21.878257,0.0,0.0,0.10999999940395355,0.0,0.0,0.0,0.11999999731779099,0.0,0.0,0.0,0.0,0.0,0.0,0.0,-0.0,-0.0,0.0
21.91427,0.0,0.0,0.11999999731779099,0.0,0.0,0.0,0.11999999731779099,0.0,0.0,0.0,0.0,0.0,0.0,0.0,-0.0,-0.0,0.0
21.949614,0.0,0.0,0.11999999731779099,0.0,0.0,0.0,0.11999999731779099,0.0,0.0,0.0,0.0,0.0,0.0,0.0,-0.0,-0.0,0.0
21.981361,0.0,0.0,0.11999999731779099,0.0,0.0,0.0,0.11999999731779099,0.0,0.0,0.0,0.0,0.0,0.0,0.0,-0.0,-0.0,0.0
22.017409,0.0,0.0,0.11999999731779099,0.0,0.0,0.0,0.11999999731779099,0.0,0.0,0.0,0.0,0.0,0.0,0.0,-0.0,-0.0,0.0
22.0535,0.0,0.0,0.11999999731779099,0.0,0.0,0.0,0.11999999731779099,0.0,0.0,0.0,0.0,0.0,0.0,0.0,-0.0,-0.0,0.0
22.065311,0.0,0.0,0.11999999731779099,0.0,0.0,0.0,0.11999999731779099,0.0,0.0,0.0,0.0,0.0,0.0,0.0,-0.0,-0.0,0.0
22.081171,0.0,0.0,0.11999999731779099,0.0,0.0,0.0,0.11999999731779099,0.0,0.0,0.0,0.0,0.0,0.0,0.0,-0.0,-0.0,0.0
22.098351,0.0,0.0,0.11999999731779099,0.0,0.0,0.0,0.11999999731779099,0.0,0.0,0.0,0.0,0.0,0.0,0.0,-0.0,-0.0,0.0
22.133767,0.0,0.0,0.11999999731779099,0.0,0.0,0.0,0.11999999731779099,0.0,0.0,0.0,0.0,0.0,0.0,0.0,-0.0,-0.0,0.0
22.153294,0.0,0.0,0.11999999731779099,0.0,0.0,0.0,0.11999999731779099,0.0,0.0,0.0,0.0,0.0,0.0,0.0,-0.0,-0.0,0.0
22.167081,0.0,0.0,0.11999999731779099,0.0,0.0,0.0,0.11999999731779099,0.0,0.0,0.0,0.0,0.0,0.0,0.0,-0.0,-0.0,0.0
22.182934,0.0,0.0,0.11999999731779099,0.0,0.0,0.0,0.11999999731779099,0.0,0.0,0.0,0.0,0.0,0.0,0.0,-0.0,-0.0,0.0
22.197046,0.0,0.0,0.11999999731779099,0.0,0.0,0.0,0.11999999731779099,0.0,0.0,0.0,0.0,0.0,0.0,0.0,-0.0,-0.0,0.0
22.21292,0.0,0.0,0.11999999731779099,0.0,0.0,0.0,0.11999999731779099,0.0,0.0,0.0,0.0,0.0,0.0,0.0,-0.0,-0.0,0.0
22.228406,0.0,0.0,0.11999999731779099,0.0,0.0,0.0,0.11999999731779099,0.0,0.0,0.0,0.0,0.0,0.0,0.0,-0.0,-0.0,0.0
22.242947,0.0,0.0,0.11999999731779099,0.0,0.0,0.0,0.11999999731779099,0.0,0.0,0.0,0.0,0.0,0.0,0.0,-0.0,-0.0,0.0
22.261161,0.0,0.0,0.11999999731779099,0.0,0.0,0.0,0.11999999731779099,0.0,0.0,0.0,0.0,0.0,0.0,0.0,-0.0,-0.0,0.0
22.27793,0.0,0.0,0.11999999731779099,0.0,0.0,0.0,0.11999999731779099,0.0,0.0,0.0,0.0,0.0,0.0,0.0,-0.0,-0.0,0.0
22.298668,0.0,0.0,0.11999999731779099,0.0,0.0,0.0,0.11999999731779099,0.0,0.0,0.0,0.0,0.0,0.0,0.0,-0.0,-0.0,0.0
22.308066,0.0,0.0,0.11999999731779099,0.0,0.0,0.0,0.11999999731779099,0.0,0.0,0.0,0.0,0.0,0.0,0.0,-0.0,-0.0,0.0
22.316327,0.0,0.0,0.11999999731779099,0.0,0.0,0.0,0.11999999731779099,0.0,0.0,0.0,0.0,0.0,0.0,0.0,-0.0,-0.0,0.0
22.331632,0.0,0.0,0.11999999731779099,0.0,0.0,0.0,0.11999999731779099,0.0,0.0,0.0,0.0,0.0,0.0,0.0,-0.0,-0.0,0.0
22.403018,0.0,0.0,0.11999999731779099,0.0,0.0,0.0,0.11999999731779099,0.0,0.0,0.0,0.0,0.0,0.0,0.0,-0.0,-0.0,0.0
22.437844,0.0,0.0,0.11999999731779099,0.0,0.0,0.0,0.11999999731779099,0.0,0.0,0.0,0.0,0.0,0.0,0.0,-0.0,-0.0,0.0
22.484695,0.0,0.0,0.11999999731779099,0.0,0.0,0.0,0.11999999731779099,0.0,0.0,0.0,0.0,0.0,0.0,0.0,-0.0,-0.0,0.0
22.534604,0.0,0.0,0.11999999731779099,0.0,0.0,0.0,0.11999999731779099,0.0,0.0,0.0,0.0,0.0,0.0,0.0,-0.0,-0.0,0.0
22.582495,0.0,0.0,0.11999999731779099,0.0,0.0,0.0,0.11999999731779099,0.0,0.0,0.0,0.0,0.0,0.0,0.0,-0.0,-0.0,0.0
22.612799,0.0,0.0,0.11999999731779099,0.0,0.0,0.0,0.11999999731779099,0.0,0.0,0.0,0.0,0.0,0.0,0.0,-0.0,-0.0,0.0
22.633215,0.0,0.0,0.11999999731779099,0.0,0.0,0.0,0.11999999731779099,0.0,0.0,0.0,0.0,0.0,0.0,0.0,-0.0,-0.0,0.0
22.656421,0.0,0.0,0.11999999731779099,0.0,0.0,0.0,0.11999999731779099,0.0,0.0,0.0,0.0,0.0,0.0,0.0,-0.0,-0.0,0.0
22.675243,0.0,0.0,0.11999999731779099,0.0,0.0,0.0,0.11999999731779099,0.0,0.0,0.0,0.0,0.0,0.0,0.0,-0.0,-0.0,0.0
22.688441,0.0,0.0,0.11999999731779099,0.0,0.0,0.0,0.11999999731779099,0.0,0.0,0.0,0.0,0.0,0.0,0.0,-0.0,-0.0,0.0
22.701326,0.0,0.0,0.11999999731779099,0.0,0.0,0.0,0.11999999731779099,0.0,0.0,0.0,0.0,0.0,0.0,0.0,-0.0,-0.0,0.0
22.726375,0.0,0.0,0.11999999731779099,0.0,0.0,0.0,0.11999999731779099,0.0,0.0,0.0,0.0,0.0,0.0,0.0,-0.0,-0.0,0.0
22.749537,0.0,0.0,0.11999999731779099,0.0,0.0,0.0,0.12999999523162842,0.0,0.0,0.0,0.0,0.0,0.0,0.0,-0.0,-0.0,0.0
22.77456,0.0,0.0,0.12999999523162842,0.0,0.0,0.0,0.12999999523162842,0.0,0.0,0.0,0.0,0.0,0.0,0.0,-0.0,-0.0,0.0
22.799789,0.0,0.0,0.12999999523162842,0.0,0.0,0.0,0.12999999523162842,0.0,0.0,0.0,0.0,0.0,0.0,0.0,-0.0,-0.0,0.0
22.815921,0.0,0.0,0.12999999523162842,0.0,0.0,0.0,0.12999999523162842,0.0,0.0,0.0,0.0,0.0,0.0,0.0,-0.0,-0.0,0.0
22.838495,0.0,0.0,0.12999999523162842,0.0,0.0,0.0,0.12999999523162842,0.0,0.0,0.0,0.0,0.0,0.0,0.0,-0.0,-0.0,0.0
22.859698,0.0,0.0,0.12999999523162842,0.0,0.0,0.0,0.12999999523162842,0.0,0.0,0.0,0.0,0.0,0.0,0.0,-0.0,-0.0,0.0
22.870898,0.0,0.0,0.12999999523162842,0.0,0.0,0.0,0.12999999523162842,0.0,0.0,0.0,0.0,0.0,0.0,0.0,-0.0,-0.0,0.0
22.883462,0.0,0.0,0.12999999523162842,0.0,0.0,0.0,0.12999999523162842,0.0,0.0,0.0,0.0,0.0,0.0,0.0,-0.0,-0.0,0.0
22.896143,0.0,0.0,0.12999999523162842,0.0,0.0,0.0,0.12999999523162842,0.0,0.0,0.0,0.0,0.0,0.0,0.0,-0.0,-0.0,0.0
22.90804,0.0,0.0,0.12999999523162842,0.0,0.0,0.0,0.12999999523162842,0.0,0.0,0.0,0.0,0.0,0.0,0.0,-0.0,-0.0,0.0
22.919102,0.0,0.0,0.12999999523162842,0.0,0.0,0.0,0.12999999523162842,0.0,0.0,0.0,0.0,0.0,0.0,0.0,-0.0,-0.0,0.0
22.930632,0.0,0.0,0.12999999523162842,0.0,0.0,0.0,0.12999999523162842,0.0,0.0,0.0,0.0,0.0,0.0,0.0,-0.0,-0.0,0.0
22.943283,0.0,0.0,0.12999999523162842,0.0,0.0,0.0,0.12999999523162842,0.0,0.0,0.0,0.0,0.0,0.0,0.0,-0.0,-0.0,0.0
22.955716,0.0,0.0,0.12999999523162842,0.0,0.0,0.0,0.12999999523162842,0.0,0.0,0.0,0.0,0.0,0.0,0.0,-0.0,-0.0,0.0
22.968759,0.0,0.0,0.12999999523162842,0.0,0.0,0.0,0.12999999523162842,0.0,0.0,0.0,0.0,0.0,0.0,0.0,-0.0,-0.0,0.0
22.979515,0.0,0.0,0.12999999523162842,0.0,0.0,0.0,0.12999999523162842,0.0,0.0,0.0,0.0,0.0,0.0,0.0,-0.0,-0.0,0.0
22.991082,0.0,0.0,0.12999999523162842,0.0,0.0,0.0,0.12999999523162842,0.0,0.0,0.0,0.0,0.0,0.0,0.0,-0.0,-0.0,0.0
23.007259,0.0,0.0,0.12999999523162842,0.0,0.0,0.0,0.12999999523162842,0.0,0.0,0.0,0.0,0.0,0.0,0.0,-0.0,-0.0,0.0
23.022371,0.0,0.0,0.12999999523162842,0.0,0.0,0.0,0.12999999523162842,0.0,0.0,0.0,0.0,0.0,0.0,0.0,-0.0,-0.0,0.0
23.043123,0.0,0.0,0.12999999523162842,0.0,0.0,0.0,0.12999999523162842,0.0,0.0,0.0,0.0,0.0,0.0,0.0,-0.0,-0.0,0.0
23.067092,0.0,0.0,0.12999999523162842,0.0,0.0,0.0,0.12999999523162842,0.0,0.0,0.0,0.0,0.0,0.0,0.0,-0.0,-0.0,0.0
23.115744,0.0,0.0,0.12999999523162842,0.0,0.0,0.0,0.12999999523162842,0.0,0.0,0.0,0.0,0.0,0.0,0.0,-0.0,-0.0,0.0
23.161748,0.0,0.0,0.12999999523162842,0.0,0.0,0.0,0.12999999523162842,0.0,0.0,0.0,0.0,0.0,0.0,0.0,-0.0,-0.0,0.0
23.209584,0.0,0.0,0.12999999523162842,0.0,0.0,0.0,0.12999999523162842,0.0,0.0,0.0,0.0,0.0,0.0,0.0,-0.0,-0.0,0.0
23.259247,0.0,0.0,0.12999999523162842,0.0,0.0,0.0,0.12999999523162842,0.0,0.0,0.0,0.0,0.0,0.0,0.0,-0.0,-0.0,0.0
23.306257,0.0,0.0,0.12999999523162842,0.0,0.0,0.0,0.12999999523162842,0.0,0.0,0.0,0.0,0.0,0.0,0.0,-0.0,-0.0,0.0
23.340251,0.0,0.0,0.12999999523162842,0.0,0.0,0.0,0.12999999523162842,0.0,0.0,0.0,0.0,0.0,0.0,0.0,-0.0,-0.0,0.0
23.360095,0.0,0.0,0.12999999523162842,0.0,0.0,0.0,0.12999999523162842,0.0,0.0,0.0,0.0,0.0,0.0,0.0,-0.0,-0.0,0.0
23.379784,0.0,0.0,0.12999999523162842,0.0,0.0,0.0,0.12999999523162842,0.0,0.0,0.0,0.0,0.0,0.0,0.0,-0.0,-0.0,0.0
23.439989,0.0,0.0,0.12999999523162842,0.0,0.0,0.0,0.12999999523162842,0.0,0.0,0.0,0.0,0.0,0.0,0.0,-0.0,-0.0,0.0
23.48579,0.0,0.0,0.12999999523162842,0.0,0.0,0.0,0.12999999523162842,0.0,0.0,0.0,0.0,0.0,0.0,0.0,-0.0,-0.0,0.0
23.529788,0.0,0.0,0.12999999523162842,0.0,0.0,0.0,0.12999999523162842,0.0,0.0,0.0,0.0,0.0,0.0,0.0,-0.0,-0.0,0.0
23.57588,0.0,0.0,0.12999999523162842,0.0,0.0,0.0,0.12999999523162842,0.0,0.0,0.0,0.0,0.0,0.0,0.0,-0.0,-0.0,0.0
23.611342,0.0,0.0,0.12999999523162842,0.0,0.0,0.0,0.12999999523162842,0.0,0.0,0.0,0.0,0.0,0.0,0.0,-0.0,-0.0,0.0
23.63871,0.0,0.0,0.12999999523162842,0.0,0.0,0.0,0.12999999523162842,0.0,0.0,0.0,0.0,0.0,0.0,0.0,-0.0,-0.0,0.0
23.661216,0.0,0.0,0.12999999523162842,0.0,0.0,0.0,0.12999999523162842,0.0,0.0,0.0,0.0,0.0,0.0,0.0,-0.0,-0.0,0.0
23.684401,0.0,0.0,0.12999999523162842,0.0,0.0,0.0,0.12999999523162842,0.0,0.0,0.0,0.0,0.0,0.0,0.0,-0.0,-0.0,0.0
23.714937,0.0,0.0,0.12999999523162842,0.0,0.0,0.0,0.12999999523162842,0.0,0.0,0.0,0.0,0.0,0.0,0.0,-0.0,-0.0,0.0
23.756742,0.0,0.0,0.12999999523162842,0.0,0.0,0.0,0.12999999523162842,0.0,0.0,0.0,0.0,0.0,0.0,0.0,-0.0,-0.0,0.0
23.801317,0.0,0.0,0.12999999523162842,0.0,0.0,0.0,0.14000000059604645,0.0,0.0,0.0,0.0,0.0,0.0,0.0,-0.0,-0.0,0.0
23.843101,0.0,0.0,0.14000000059604645,0.0,0.0,0.0,0.14000000059604645,0.0,0.0,0.0,0.0,0.0,0.0,0.0,-0.0,-0.0,0.0
23.881766,0.0,0.0,0.14000000059604645,0.0,0.0,0.0,0.12999999523162842,0.0,0.0,0.0,0.0,0.0,0.0,0.0,-0.0,-0.0,0.0
23.916554,0.0,0.0,0.12999999523162842,0.0,0.0,0.0,0.12999999523162842,0.0,0.0,0.0,0.0,0.0,0.0,0.0,-0.0,-0.0,0.0
23.9518,0.0,0.0,0.12999999523162842,0.0,0.0,0.0,0.12999999523162842,0.0,0.0,0.0,0.0,0.0,0.0,0.0,-0.0,-0.0,0.0
24.001136,0.0,0.0,0.12999999523162842,0.0,0.0,0.0,0.12999999523162842,0.0,0.0,0.0,0.0,0.0,0.0,0.0,-0.0,-0.0,0.0
24.035905,0.0,0.0,0.12999999523162842,0.0,0.0,0.0,0.12999999523162842,0.0,0.0,0.0,0.0,0.0,0.0,0.0,-0.0,-0.0,0.0
24.068578,0.0,0.0,0.12999999523162842,0.0,0.0,0.0,0.12999999523162842,0.0,0.0,0.0,0.0,0.0,0.0,0.0,-0.0,-0.0,0.0
24.103689,0.0,0.0,0.12999999523162842,0.0,0.0,0.0,0.12999999523162842,0.0,0.0,0.0,0.0,0.0,0.0,0.0,-0.0,-0.0,0.0
24.137436,0.0,0.0,0.12999999523162842,0.0,0.0,0.0,0.12999999523162842,0.0,0.0,0.0,0.0,0.0,0.0,0.0,-0.0,-0.0,0.0
24.17657,0.0,0.0,0.12999999523162842,0.0,0.0,0.0,0.12999999523162842,0.0,0.0,0.0,0.0,0.0,0.0,0.0,-0.0,-0.0,0.0
24.185081,0.0,0.0,0.12999999523162842,0.0,0.0,0.0,0.12999999523162842,0.0,0.0,0.0,0.0,0.0,0.0,0.0,-0.0,-0.0,0.0
24.202239,0.0,0.0,0.12999999523162842,0.0,0.0,0.0,0.12999999523162842,0.0,0.0,0.0,0.0,0.0,0.0,0.0,-0.0,-0.0,0.0
24.220187,0.0,0.0,0.12999999523162842,0.0,0.0,0.0,0.12999999523162842,0.0,0.0,0.0,0.0,0.0,0.0,0.0,-0.0,-0.0,0.0
24.239884,0.0,0.0,0.12999999523162842,0.0,0.0,0.0,0.12999999523162842,0.0,0.0,0.0,0.0,0.0,0.0,0.0,-0.0,-0.0,0.0
24.255395,0.0,0.0,0.12999999523162842,0.0,0.0,0.0,0.12999999523162842,0.0,0.0,0.0,0.0,0.0,0.0,0.0,-0.0,-0.0,0.0
24.27025,0.0,0.0,0.12999999523162842,0.0,0.0,0.0,0.12999999523162842,0.0,0.0,0.0,0.0,0.0,0.0,0.0,-0.0,-0.0,0.0
24.286382,0.0,0.0,0.12999999523162842,0.0,0.0,0.0,0.12999999523162842,0.0,0.0,0.0,0.0,0.0,0.0,0.0,-0.0,-0.0,0.0
24.301066,0.0,0.0,0.12999999523162842,0.0,0.0,0.0,0.12999999523162842,0.0,0.0,0.0,0.0,0.0,0.0,0.0,-0.0,-0.0,0.0
24.324504,0.0,0.0,0.12999999523162842,0.0,0.0,0.0,0.12999999523162842,0.0,0.0,0.0,0.0,0.0,0.0,0.0,-0.0,-0.0,0.0
24.357896,0.0,0.0,0.12999999523162842,0.0,0.0,0.0,0.12999999523162842,0.0,0.0,0.0,0.0,0.0,0.0,0.0,-0.0,-0.0,0.0
24.39238,0.0,0.0,0.12999999523162842,0.0,0.0,0.0,0.12999999523162842,0.0,0.0,0.0,0.0,0.0,0.0,0.0,-0.0,-0.0,0.0
24.408042,0.0,0.0,0.12999999523162842,0.0,0.0,0.0,0.12999999523162842,0.0,0.0,0.0,0.0,0.0,0.0,0.0,-0.0,-0.0,0.0
24.422891,0.0,0.0,0.12999999523162842,0.0,0.0,0.0,0.12999999523162842,0.0,0.0,0.0,0.0,0.0,0.0,0.0,-0.0,-0.0,0.0
24.43897,0.0,0.0,0.12999999523162842,0.0,0.0,0.0,0.12999999523162842,0.0,0.0,0.0,0.0,0.0,0.0,0.0,-0.0,-0.0,0.0
24.460612,0.0,0.0,0.12999999523162842,0.0,0.0,0.0,0.12999999523162842,0.0,0.0,0.0,0.0,0.0,0.0,0.0,-0.0,-0.0,0.0
24.555338,0.0,0.0,0.12999999523162842,0.0,0.0,0.0,0.12999999523162842,0.0,0.0,0.0,0.0,0.0,0.0,0.0,-0.0,-0.0,0.0
24.613693,0.0,0.0,0.12999999523162842,0.0,0.0,0.0,0.12999999523162842,0.0,0.0,0.0,0.0,0.0,0.0,0.0,-0.0,-0.0,0.0
24.659019,0.0,0.0,0.12999999523162842,0.0,0.0,0.0,0.12999999523162842,0.0,0.0,0.0,0.0,0.0,0.0,0.0,-0.0,-0.0,0.0
24.684238,0.0,0.0,0.12999999523162842,0.0,0.0,0.0,0.12999999523162842,0.0,0.0,0.0,0.0,0.0,0.0,0.0,-0.0,-0.0,0.0
24.711747,0.0,0.0,0.12999999523162842,0.0,0.0,0.0,0.12999999523162842,0.0,0.0,0.0,0.0,0.0,0.0,0.0,-0.0,-0.0,0.0
24.73922,0.0,0.0,0.12999999523162842,0.0,0.0,0.0,0.12999999523162842,0.0,0.0,0.0,0.0,0.0,0.0,0.0,-0.0,-0.0,0.0
24.766097,0.0,0.0,0.12999999523162842,0.0,0.0,0.0,0.12999999523162842,0.0,0.0,0.0,0.0,0.0,0.0,0.0,-0.0,-0.0,0.0
24.791611,0.0,0.0,0.12999999523162842,0.0,0.0,0.0,0.12999999523162842,0.0,0.0,0.0,0.0,0.0,0.0,0.0,-0.0,-0.0,0.0
24.832927,0.0,0.0,0.12999999523162842,0.0,0.0,0.0,0.12999999523162842,0.0,0.0,0.0,0.0,0.0,0.0,0.0,-0.0,-0.0,0.0
24.848424,0.0,0.0,0.12999999523162842,0.0,0.0,0.0,0.12999999523162842,0.0,0.0,0.0,0.0,0.0,0.0,0.0,-0.0,-0.0,0.0
24.865248,0.0,0.0,0.12999999523162842,0.0,0.0,0.0,0.12999999523162842,0.0,0.0,0.0,0.0,0.0,0.0,0.0,-0.0,-0.0,0.0
24.880247,0.0,0.0,0.12999999523162842,0.0,0.0,0.0,0.12999999523162842,0.0,0.0,0.0,0.0,0.0,0.0,0.0,-0.0,-0.0,0.0
24.895681,0.0,0.0,0.12999999523162842,0.0,0.0,0.0,0.12999999523162842,0.0,0.0,0.0,0.0,0.0,0.0,0.0,-0.0,-0.0,0.0
24.916038,0.0,0.0,0.12999999523162842,0.0,0.0,0.0,0.12999999523162842,0.0,0.0,0.0,0.0,0.0,0.0,0.0,-0.0,-0.0,0.0
24.926787,0.0,0.0,0.12999999523162842,0.0,0.0,0.0,0.12999999523162842,0.0,0.0,0.0,0.0,0.0,0.0,0.0,-0.0,-0.0,0.0
24.943191,0.0,0.0,0.12999999523162842,0.0,0.0,0.0,0.12999999523162842,0.0,0.0,0.0,0.0,0.0,0.0,0.0,-0.0,-0.0,0.0
24.958198,0.0,0.0,0.12999999523162842,0.0,0.0,0.0,0.12999999523162842,0.0,0.0,0.0,0.0,0.0,0.0,0.0,-0.0,-0.0,0.0
24.974131,0.0,0.0,0.12999999523162842,0.0,0.0,0.0,0.12999999523162842,0.0,0.0,0.0,0.0,0.0,0.0,0.0,-0.0,-0.0,0.0
24.99318,0.0,0.0,0.12999999523162842,0.0,0.0,0.0,0.12999999523162842,0.0,0.0,0.0,0.0,0.0,0.0,0.0,-0.0,-0.0,0.0
25.009018,0.0,0.0,0.12999999523162842,0.0,0.0,0.0,0.12999999523162842,0.0,0.0,0.0,0.0,0.0,0.0,0.0,-0.0,-0.0,0.0
25.024057,0.0,0.0,0.12999999523162842,0.0,0.0,0.0,0.12999999523162842,0.0,0.0,0.0,0.0,0.0,0.0,0.0,-0.0,-0.0,0.0
25.037508,0.0,0.0,0.12999999523162842,0.0,0.0,0.0,0.12999999523162842,0.0,0.0,0.0,0.0,0.0,0.0,0.0,-0.0,-0.0,0.0
25.084532,0.0,0.0,0.12999999523162842,0.0,0.0,0.0,0.12999999523162842,0.0,0.0,0.0,0.0,0.0,0.0,0.0,-0.0,-0.0,0.0
25.146891,0.0,0.0,0.12999999523162842,0.0,0.0,0.0,0.12999999523162842,0.0,0.0,0.0,0.0,0.0,0.0,0.0,-0.0,-0.0,0.0
25.205361,0.0,0.0,0.12999999523162842,0.0,0.0,0.0,0.12999999523162842,0.0,0.0,0.0,0.0,0.0,0.0,0.0,-0.0,-0.0,0.0
25.265077,0.0,0.0,0.12999999523162842,0.0,0.0,0.0,0.12999999523162842,0.0,0.0,0.0,0.0,0.0,0.0,0.0,-0.0,-0.0,0.0
25.278558,0.0,0.0,0.12999999523162842,0.0,0.0,0.0,0.12999999523162842,0.0,0.0,0.0,0.0,0.0,0.0,0.0,-0.0,-0.0,0.0
25.295804,0.0,0.0,0.12999999523162842,0.0,0.0,0.0,0.12999999523162842,0.0,0.0,0.0,0.0,0.0,0.0,0.0,-0.0,-0.0,0.0
25.3094,0.0,0.0,0.12999999523162842,0.0,0.0,0.0,0.12999999523162842,0.0,0.0,0.0,0.0,0.0,0.0,0.0,-0.0,-0.0,0.0
25.326174,0.0,0.0,0.12999999523162842,0.0,0.0,0.0,0.12999999523162842,0.0,0.0,0.0,0.0,0.0,0.0,0.0,-0.0,-0.0,0.0
25.342454,0.0,0.0,0.12999999523162842,0.0,0.0,0.0,0.12999999523162842,0.0,0.0,0.0,0.0,0.0,0.0,0.0,-0.0,-0.0,0.0
25.358389,0.0,0.0,0.12999999523162842,0.0,0.0,0.0,0.12999999523162842,0.0,0.0,0.0,0.0,0.0,0.0,0.0,-0.0,-0.0,0.0
25.373355,0.0,0.0,0.12999999523162842,0.0,0.0,0.0,0.12999999523162842,0.0,0.0,0.0,0.0,0.0,0.0,0.0,-0.0,-0.0,0.0
25.391696,0.0,0.0,0.12999999523162842,0.0,0.0,0.0,0.12999999523162842,0.0,0.0,0.0,0.0,0.0,0.0,0.0,-0.0,-0.0,0.0
25.411574,0.0,0.0,0.12999999523162842,0.0,0.0,0.0,0.12999999523162842,0.0,0.0,0.0,0.0,0.0,0.0,0.0,-0.0,-0.0,0.0
25.429838,0.0,0.0,0.12999999523162842,0.0,0.0,0.0,0.12999999523162842,0.0,0.0,0.0,0.0,0.0,0.0,0.0,-0.0,-0.0,0.0
25.448414,0.0,0.0,0.12999999523162842,0.0,0.0,0.0,0.12999999523162842,0.0,0.0,0.0,0.0,0.0,0.0,0.0,-0.0,-0.0,0.0
25.46663,0.0,0.0,0.12999999523162842,0.0,0.0,0.0,0.12999999523162842,0.0,0.0,0.0,0.0,0.0,0.0,0.0,-0.0,-0.0,0.0
25.503188,0.0,0.0,0.12999999523162842,0.0,0.0,0.0,0.12999999523162842,0.0,0.0,0.0,0.0,0.0,0.0,0.0,-0.0,-0.0,0.0
25.568084,0.0,0.0,0.12999999523162842,0.0,0.0,0.0,0.12999999523162842,0.0,0.0,0.0,0.0,0.0,0.0,0.0,-0.0,-0.0,0.0
25.606848,0.0,0.0,0.12999999523162842,0.0,0.0,0.0,0.12999999523162842,0.0,0.0,0.0,0.0,0.0,0.0,0.0,-0.0,-0.0,0.0
25.625766,0.0,0.0,0.12999999523162842,0.0,0.0,0.0,0.12999999523162842,0.0,0.0,0.0,0.0,0.0,0.0,0.0,-0.0,-0.0,0.0
25.642876,0.0,0.0,0.12999999523162842,0.0,0.0,0.0,0.12999999523162842,0.0,0.0,0.0,0.0,0.0,0.0,0.0,-0.0,-0.0,0.0
25.65192,0.0,0.0,0.12999999523162842,0.0,0.0,0.0,0.12999999523162842,0.0,0.0,0.0,0.0,0.0,0.0,0.0,-0.0,-0.0,0.0
25.668133,0.0,0.0,0.12999999523162842,0.0,0.0,0.0,0.12999999523162842,0.0,0.0,0.0,0.0,0.0,0.0,0.0,-0.0,-0.0,0.0
25.687524,0.0,0.0,0.12999999523162842,0.0,0.0,0.0,0.12999999523162842,0.0,0.0,0.0,0.0,0.0,0.0,0.0,-0.0,-0.0,0.0
25.707183,0.0,0.0,0.12999999523162842,0.0,0.0,0.0,0.12999999523162842,0.0,0.0,0.0,0.0,0.0,0.0,0.0,-0.0,-0.0,0.0
25.72654,0.0,0.0,0.12999999523162842,0.0,0.0,0.0,0.12999999523162842,0.0,0.0,0.0,0.0,0.0,0.0,0.0,-0.0,-0.0,0.0
25.7473,0.0,0.0,0.12999999523162842,0.0,0.0,0.0,0.12999999523162842,0.0,0.0,0.0,0.0,0.0,0.0,0.0,-0.0,-0.0,0.0
25.766222,0.0,0.0,0.12999999523162842,0.0,0.0,0.0,0.12999999523162842,0.0,0.0,0.0,0.0,0.0,0.0,0.0,-0.0,-0.0,0.0
25.784636,0.0,0.0,0.12999999523162842,0.0,0.0,0.0,0.12999999523162842,0.0,0.0,0.0,0.0,0.0,0.0,0.0,-0.0,-0.0,0.0
25.807116,0.0,0.0,0.12999999523162842,0.0,0.0,0.0,0.12999999523162842,0.0,0.0,0.0,0.0,0.0,0.0,0.0,-0.0,-0.0,0.0
25.865478,0.0,0.0,0.12999999523162842,0.0,0.0,0.0,0.12999999523162842,0.0,0.0,0.0,0.0,0.0,0.0,0.0,-0.0,-0.0,0.0
25.922202,0.0,0.0,0.12999999523162842,0.0,0.0,0.0,0.12999999523162842,0.0,0.0,0.0,0.0,0.0,0.0,0.0,-0.0,-0.0,0.0
25.977606,0.0,0.0,0.12999999523162842,0.0,0.0,0.0,0.12999999523162842,0.0,0.0,0.0,0.0,0.0,0.0,0.0,-0.0,-0.0,0.0
26.006449,0.0,0.0,0.12999999523162842,0.0,0.0,0.0,0.14000000059604645,0.0,0.0,0.0,0.0,0.0,0.0,0.0,-0.0,-0.0,0.0
26.028244,0.0,0.0,0.14000000059604645,0.0,0.0,0.0,0.14000000059604645,0.0,0.0,0.0,0.0,0.0,0.0,0.0,-0.0,-0.0,0.0
26.051746,0.0,0.0,0.14000000059604645,0.0,0.0,0.0,0.14000000059604645,0.0,0.0,0.0,0.0,0.0,0.0,0.0,-0.0,-0.0,0.0
26.074889,0.0,0.0,0.14000000059604645,0.0,0.0,0.0,0.14000000059604645,0.0,0.0,0.0,0.0,0.0,0.0,0.0,-0.0,-0.0,0.0
26.10052,0.0,0.0,0.14000000059604645,0.0,0.0,0.0,0.14000000059604645,0.0,0.0,0.0,0.0,0.0,0.0,0.0,-0.0,-0.0,0.0
26.125612,0.0,0.0,0.14000000059604645,0.0,0.0,0.0,0.14000000059604645,0.0,0.0,0.0,0.0,0.0,0.0,0.0,-0.0,-0.0,0.0
26.154122,0.0,0.0,0.14000000059604645,0.0,0.0,0.0,0.14000000059604645,0.0,0.0,0.0,0.0,0.0,0.0,0.0,-0.0,-0.0,0.0
26.170446,0.0,0.0,0.14000000059604645,0.0,0.0,0.0,0.14000000059604645,0.0,0.0,0.0,0.0,0.0,0.0,0.0,-0.0,-0.0,0.0
26.188883,0.0,0.0,0.14000000059604645,0.0,0.0,0.0,0.14000000059604645,0.0,0.0,0.0,0.0,0.0,0.0,0.0,-0.0,-0.0,0.0
26.20973,0.0,0.0,0.14000000059604645,0.0,0.0,0.0,0.14000000059604645,0.0,0.0,0.0,0.0,0.0,0.0,0.0,-0.0,-0.0,0.0
26.224454,0.0,0.0,0.14000000059604645,0.0,0.0,0.0,0.14000000059604645,0.0,0.0,0.0,0.0,0.0,0.0,0.0,-0.0,-0.0,0.0
26.244249,0.0,0.0,0.14000000059604645,0.0,0.0,0.0,0.14000000059604645,0.0,0.0,0.0,0.0,0.0,0.0,0.0,-0.0,-0.0,0.0
26.262882,0.0,0.0,0.14000000059604645,0.0,0.0,0.0,0.14000000059604645,0.0,0.0,0.0,0.0,0.0,0.0,0.0,-0.0,-0.0,0.0
26.272591,0.0,0.0,0.14000000059604645,0.0,0.0,0.0,0.14000000059604645,0.0,0.0,0.0,0.0,0.0,0.0,0.0,-0.0,-0.0,0.0
26.295853,0.0,0.0,0.14000000059604645,0.0,0.0,0.0,0.14000000059604645,0.0,0.0,0.0,0.0,0.0,0.0,0.0,-0.0,-0.0,0.0
26.317136,0.0,0.0,0.14000000059604645,0.0,0.0,0.0,0.14000000059604645,0.0,0.0,0.0,0.0,0.0,0.0,0.0,-0.0,-0.0,0.0
26.360371,0.0,0.0,0.14000000059604645,0.0,0.0,0.0,0.14000000059604645,0.0,0.0,0.0,0.0,0.0,0.0,0.0,-0.0,-0.0,0.0
26.40016,0.0,0.0,0.14000000059604645,0.0,0.0,0.0,0.14000000059604645,0.0,0.0,0.0,0.0,0.0,0.0,0.0,-0.0,-0.0,0.0
26.443512,0.0,0.0,0.14000000059604645,0.0,0.0,0.0,0.14000000059604645,0.0,0.0,0.0,0.0,0.0,0.0,0.0,-0.0,-0.0,0.0
26.486167,0.0,0.0,0.14000000059604645,0.0,0.0,0.0,0.14000000059604645,0.0,0.0,0.0,0.0,0.0,0.0,0.0,-0.0,-0.0,0.0
26.528854,0.0,0.0,0.14000000059604645,0.0,0.0,0.0,0.14000000059604645,0.0,0.0,0.0,0.0,0.0,0.0,0.0,-0.0,-0.0,0.0
26.574345,0.0,0.0,0.14000000059604645,0.0,0.0,0.0,0.14000000059604645,0.0,0.0,0.0,0.0,0.0,0.0,0.0,-0.0,-0.0,0.0
26.594662,0.0,0.0,0.14000000059604645,0.0,0.0,0.0,0.14000000059604645,0.0,0.0,0.0,0.0,0.0,0.0,0.0,-0.0,-0.0,0.0
26.618979,0.0,0.0,0.14000000059604645,0.0,0.0,0.0,0.14000000059604645,0.0,0.0,0.0,0.0,0.0,0.0,0.0,-0.0,-0.0,0.0
26.640668,0.0,0.0,0.14000000059604645,0.0,0.0,0.0,0.14000000059604645,0.0,0.0,0.0,0.0,0.0,0.0,0.0,-0.0,-0.0,0.0
26.672503,0.0,0.0,0.14000000059604645,0.0,0.0,0.0,0.14000000059604645,0.0,0.0,0.0,0.0,0.0,0.0,0.0,-0.0,-0.0,0.0
26.708109,0.0,0.0,0.14000000059604645,0.0,0.0,0.0,0.14000000059604645,0.0,0.0,0.0,0.0,0.0,0.0,0.0,-0.0,-0.0,0.0
26.720473,0.0,0.0,0.14000000059604645,0.0,0.0,0.0,0.14000000059604645,0.0,0.0,0.0,0.0,0.0,0.0,0.0,-0.0,-0.0,0.0
26.734404,0.0,0.0,0.14000000059604645,0.0,0.0,0.0,0.14000000059604645,0.0,0.0,0.0,0.0,0.0,0.0,0.0,-0.0,-0.0,0.0
26.756812,0.0,0.0,0.14000000059604645,0.0,0.0,0.0,0.14000000059604645,0.0,0.0,0.0,0.0,0.0,0.0,0.0,-0.0,-0.0,0.0
26.77986,0.0,0.0,0.14000000059604645,0.0,0.0,0.0,0.14000000059604645,0.0,0.0,0.0,0.0,0.0,0.0,0.0,-0.0,-0.0,0.0
26.803824,0.0,0.0,0.14000000059604645,0.0,0.0,0.0,0.14000000059604645,0.0,0.0,0.0,0.0,0.0,0.0,0.0,-0.0,-0.0,0.0
26.826839,0.0,0.0,0.14000000059604645,0.0,0.0,0.0,0.14000000059604645,0.0,0.0,0.0,0.0,0.0,0.0,0.0,-0.0,-0.0,0.0
26.85398,0.0,0.0,0.14000000059604645,0.0,0.0,0.0,0.14000000059604645,0.0,0.0,0.0,0.0,0.0,0.0,0.0,-0.0,-0.0,0.0
26.877793,0.0,0.0,0.14000000059604645,0.0,0.0,0.0,0.14000000059604645,0.0,0.0,0.0,0.0,0.0,0.0,0.0,-0.0,-0.0,0.0
26.900096,0.0,0.0,0.14000000059604645,0.0,0.0,0.0,0.14000000059604645,0.0,0.0,0.0,0.0,0.0,0.0,0.0,-0.0,-0.0,0.0
26.923863,0.0,0.0,0.14000000059604645,0.0,0.0,0.0,0.14000000059604645,0.0,0.0,0.0,0.0,0.0,0.0,0.0,-0.0,-0.0,0.0
26.947699,0.0,0.0,0.14000000059604645,0.0,0.0,0.0,0.14000000059604645,0.0,0.0,0.0,0.0,0.0,0.0,0.0,-0.0,-0.0,0.0
26.972105,0.0,0.0,0.14000000059604645,0.0,0.0,0.0,0.14000000059604645,0.0,0.0,0.0,0.0,0.0,0.0,0.0,-0.0,-0.0,0.0
26.997842,0.0,0.0,0.14000000059604645,0.0,0.0,0.0,0.14000000059604645,0.0,0.0,0.0,0.0,0.0,0.0,0.0,-0.0,-0.0,0.0
27.023498,0.0,0.0,0.14000000059604645,0.0,0.0,0.0,0.14000000059604645,0.0,0.0,0.0,0.0,0.0,0.0,0.0,-0.0,-0.0,0.0
27.04908,0.0,0.0,0.14000000059604645,0.0,0.0,0.0,0.14000000059604645,0.0,0.0,0.0,0.0,0.0,0.0,0.0,-0.0,-0.0,0.0
27.060026,0.0,0.0,0.14000000059604645,0.0,0.0,0.0,0.14000000059604645,0.0,0.0,0.0,0.0,0.0,0.0,0.0,-0.0,-0.0,0.0
27.069294,0.0,0.0,0.14000000059604645,0.0,0.0,0.0,0.14000000059604645,0.0,0.0,0.0,0.0,0.0,0.0,0.0,-0.0,-0.0,0.0
27.079404,0.0,0.0,0.14000000059604645,0.0,0.0,0.0,0.14000000059604645,0.0,0.0,0.0,0.0,0.0,0.0,0.0,-0.0,-0.0,0.0
27.088911,0.0,0.0,0.14000000059604645,0.0,0.0,0.0,0.14000000059604645,0.0,0.0,0.0,0.0,0.0,0.0,0.0,-0.0,-0.0,0.0
27.099745,0.0,0.0,0.14000000059604645,0.0,0.0,0.0,0.14000000059604645,0.0,0.0,0.0,0.0,0.0,0.0,0.0,-0.0,-0.0,0.0
27.123573,0.0,0.0,0.14000000059604645,0.0,0.0,0.0,0.14000000059604645,0.0,0.0,0.0,0.0,0.0,0.0,0.0,-0.0,-0.0,0.0
27.168466,0.0,0.0,0.14000000059604645,0.0,0.0,0.0,0.14000000059604645,0.0,0.0,0.0,0.0,0.0,0.0,0.0,-0.0,-0.0,0.0
27.199754,0.0,0.0,0.14000000059604645,0.0,0.0,0.0,0.14000000059604645,0.0,0.0,0.0,0.0,0.0,0.0,0.0,-0.0,-0.0,0.0
27.209548,0.0,0.0,0.14000000059604645,0.0,0.0,0.0,0.14000000059604645,0.0,0.0,0.0,0.0,0.0,0.0,0.0,-0.0,-0.0,0.0
27.219194,0.0,0.0,0.14000000059604645,0.0,0.0,0.0,0.14000000059604645,0.0,0.0,0.0,0.0,0.0,0.0,0.0,-0.0,-0.0,0.0
27.228736,0.0,0.0,0.14000000059604645,0.0,0.0,0.0,0.14000000059604645,0.0,0.0,0.0,0.0,0.0,0.0,0.0,-0.0,-0.0,0.0
27.2449,0.0,0.0,0.14000000059604645,0.0,0.0,0.0,0.14000000059604645,0.0,0.0,0.0,0.0,0.0,0.0,0.0,-0.0,-0.0,0.0
27.270871,0.0,0.0,0.14000000059604645,0.0,0.0,0.0,0.14000000059604645,0.0,0.0,0.0,0.0,0.0,0.0,0.0,-0.0,-0.0,0.0
27.288539,0.0,0.0,0.14000000059604645,0.0,0.0,0.0,0.14000000059604645,0.0,0.0,0.0,0.0,0.0,0.0,0.0,-0.0,-0.0,0.0
27.297107,0.0,0.0,0.14000000059604645,0.0,0.0,0.0,0.14000000059604645,0.0,0.0,0.0,0.0,0.0,0.0,0.0,-0.0,-0.0,0.0
27.306431,0.0,0.0,0.14000000059604645,0.0,0.0,0.0,0.14000000059604645,0.0,0.0,0.0,0.0,0.0,0.0,0.0,-0.0,-0.0,0.0
27.315566,0.0,0.0,0.14000000059604645,0.0,0.0,0.0,0.14000000059604645,0.0,0.0,0.0,0.0,0.0,0.0,0.0,-0.0,-0.0,0.0
27.324166,0.0,0.0,0.14000000059604645,0.0,0.0,0.0,0.14000000059604645,0.0,0.0,0.0,0.0,0.0,0.0,0.0,-0.0,-0.0,0.0
27.333922,0.0,0.0,0.14000000059604645,0.0,0.0,0.0,0.14000000059604645,0.0,0.0,0.0,0.0,0.0,0.0,0.0,-0.0,-0.0,0.0
27.34196,0.0,0.0,0.14000000059604645,0.0,0.0,0.0,0.14000000059604645,0.0,0.0,0.0,0.0,0.0,0.0,0.0,-0.0,-0.0,0.0
27.357079,0.0,0.0,0.14000000059604645,0.0,0.0,0.0,0.14000000059604645,0.0,0.0,0.0,0.0,0.0,0.0,0.0,-0.0,-0.0,0.0
27.378411,0.0,0.0,0.14000000059604645,0.0,0.0,0.0,0.14000000059604645,0.0,0.0,0.0,0.0,0.0,0.0,0.0,-0.0,-0.0,0.0
27.397183,0.0,0.0,0.14000000059604645,0.0,0.0,0.0,0.14000000059604645,0.0,0.0,0.0,0.0,0.0,0.0,0.0,-0.0,-0.0,0.0
27.415475,0.0,0.0,0.14000000059604645,0.0,0.0,0.0,0.14000000059604645,0.0,0.0,0.0,0.0,0.0,0.0,0.0,-0.0,-0.0,0.0
27.433158,0.0,0.0,0.14000000059604645,0.0,0.0,0.0,0.14000000059604645,0.0,0.0,0.0,0.0,0.0,0.0,0.0,-0.0,-0.0,0.0
27.453454,0.0,0.0,0.14000000059604645,0.0,0.0,0.0,0.14000000059604645,0.0,0.0,0.0,0.0,0.0,0.0,0.0,-0.0,-0.0,0.0
27.472294,0.0,0.0,0.14000000059604645,0.0,0.0,0.0,0.14000000059604645,0.0,0.0,0.0,0.0,0.0,0.0,0.0,-0.0,-0.0,0.0
27.4903,0.0,0.0,0.14000000059604645,0.0,0.0,0.0,0.14000000059604645,0.0,0.0,0.0,0.0,0.0,0.0,0.0,-0.0,-0.0,0.0
27.509307,0.0,0.0,0.14000000059604645,0.0,0.0,0.0,0.14000000059604645,0.0,0.0,0.0,0.0,0.0,0.0,0.0,-0.0,-0.0,0.0
27.527762,0.0,0.0,0.14000000059604645,0.0,0.0,0.0,0.14000000059604645,0.0,0.0,0.0,0.0,0.0,0.0,0.0,-0.0,-0.0,0.0
27.54607,0.0,0.0,0.14000000059604645,0.0,0.0,0.0,0.14000000059604645,0.0,0.0,0.0,0.0,0.0,0.0,0.0,-0.0,-0.0,0.0
27.566119,0.0,0.0,0.14000000059604645,0.0,0.0,0.0,0.14000000059604645,0.0,0.0,0.0,0.0,0.0,0.0,0.0,-0.0,-0.0,0.0
27.584248,0.0,0.0,0.14000000059604645,0.0,0.0,0.0,0.14000000059604645,0.0,0.0,0.0,0.0,0.0,0.0,0.0,-0.0,-0.0,0.0
27.603641,0.0,0.0,0.14000000059604645,0.0,0.0,0.0,0.14000000059604645,0.0,0.0,0.0,0.0,0.0,0.0,0.0,-0.0,-0.0,0.0
27.623049,0.0,0.0,0.14000000059604645,0.0,0.0,0.0,0.14000000059604645,0.0,0.0,0.0,0.0,0.0,0.0,0.0,-0.0,-0.0,0.0
27.641167,0.0,0.0,0.14000000059604645,0.0,0.0,0.0,0.14000000059604645,0.0,0.0,0.0,0.0,0.0,0.0,0.0,-0.0,-0.0,0.0
27.660665,0.0,0.0,0.14000000059604645,0.0,0.0,0.0,0.14000000059604645,0.0,0.0,0.0,0.0,0.0,0.0,0.0,-0.0,-0.0,0.0
27.678601,0.0,0.0,0.14000000059604645,0.0,0.0,0.0,0.14000000059604645,0.0,0.0,0.0,0.0,0.0,0.0,0.0,-0.0,-0.0,0.0
27.697896,0.0,0.0,0.14000000059604645,0.0,0.0,0.0,0.14000000059604645,0.0,0.0,0.0,0.0,0.0,0.0,0.0,-0.0,-0.0,0.0
27.717656,0.0,0.0,0.14000000059604645,0.0,0.0,0.0,0.14000000059604645,0.0,0.0,0.0,0.0,0.0,0.0,0.0,-0.0,-0.0,0.0
27.735765,0.0,0.0,0.14000000059604645,0.0,0.0,0.0,0.14000000059604645,0.0,0.0,0.0,0.0,0.0,0.0,0.0,-0.0,-0.0,0.0
27.771391,0.0,0.0,0.14000000059604645,0.0,0.0,0.0,0.14000000059604645,0.0,0.0,0.0,0.0,0.0,0.0,0.0,-0.0,-0.0,0.0
27.791394,0.0,0.0,0.14000000059604645,0.0,0.0,0.0,0.15000000596046448,0.0,0.0,0.0,0.0,0.0,0.0,0.0,-0.0,-0.0,0.0
27.810028,0.0,0.0,0.1500000059604645,0.0,0.0,0.0,0.15000000596046448,0.0,0.0,0.0,0.0,0.0,0.0,0.0,-0.0,-0.0,0.0
27.828832,0.0,0.0,0.1500000059604645,0.0,0.0,0.0,0.14000000059604645,0.0,0.0,0.0,0.0,0.0,0.0,0.0,-0.0,-0.0,0.0
27.847114,0.0,0.0,0.14000000059604645,0.0,0.0,0.0,0.14000000059604645,0.0,0.0,0.0,0.0,0.0,0.0,0.0,-0.0,-0.0,0.0
27.866788,0.0,0.0,0.14000000059604645,0.0,0.0,0.0,0.15000000596046448,0.0,0.0,0.0,0.0,0.0,0.0,0.0,-0.0,-0.0,0.0
27.885595,0.0,0.0,0.1500000059604645,0.0,0.0,0.0,0.15000000596046448,0.0,0.0,0.0,0.0,0.0,0.0,0.0,-0.0,-0.0,0.0
27.908622,0.0,0.0,0.1500000059604645,0.0,0.0,0.0,0.14000000059604645,0.0,0.0,0.0,0.0,0.0,0.0,0.0,-0.0,-0.0,0.0
27.928839,0.0,0.0,0.14000000059604645,0.0,0.0,0.0,0.15000000596046448,0.0,0.0,0.0,0.0,0.0,0.0,0.0,-0.0,-0.0,0.0
27.948182,0.0,0.0,0.1500000059604645,0.0,0.0,0.0,0.15000000596046448,0.0,0.0,0.0,0.0,0.0,0.0,0.0,-0.0,-0.0,0.0
27.967513,0.0,0.0,0.1500000059604645,0.0,0.0,0.0,0.15000000596046448,0.0,0.0,0.0,0.0,0.0,0.0,0.0,-0.0,-0.0,0.0
27.986082,0.0,0.0,0.1500000059604645,0.0,0.0,0.0,0.15000000596046448,0.0,0.0,0.0,0.0,0.0,0.0,0.0,-0.0,-0.0,0.0
28.005337,0.0,0.0,0.1500000059604645,0.0,0.0,0.0,0.14000000059604645,0.0,0.0,0.0,0.0,0.0,0.0,0.0,-0.0,-0.0,0.0
28.026477,0.0,0.0,0.14000000059604645,0.0,0.0,0.0,0.14000000059604645,0.0,0.0,0.0,0.0,0.0,0.0,0.0,-0.0,-0.0,0.0
28.045002,0.0,0.0,0.14000000059604645,0.0,0.0,0.0,0.14000000059604645,0.0,0.0,0.0,0.0,0.0,0.0,0.0,-0.0,-0.0,0.0
28.073584,0.0,0.0,0.14000000059604645,0.0,0.0,0.0,0.15000000596046448,0.0,0.0,0.0,0.0,0.0,0.0,0.0,-0.0,-0.0,0.0
28.093016,0.0,0.0,0.1500000059604645,0.0,0.0,0.0,0.14000000059604645,0.0,0.0,0.0,0.0,0.0,0.0,0.0,-0.0,-0.0,0.0
28.116311,0.0,0.0,0.14000000059604645,0.0,0.0,0.0,0.14000000059604645,0.0,0.0,0.0,0.0,0.0,0.0,0.0,-0.0,-0.0,0.0
28.134822,0.0,0.0,0.14000000059604645,0.0,0.0,0.0,0.15000000596046448,0.0,0.0,0.0,0.0,0.0,0.0,0.0,-0.0,-0.0,0.0
28.153392,0.0,0.0,0.1500000059604645,0.0,0.0,0.0,0.15000000596046448,0.0,0.0,0.0,0.0,0.0,0.0,0.0,-0.0,-0.0,0.0
28.175701,0.0,0.0,0.1500000059604645,0.0,0.0,0.0,0.15000000596046448,0.0,0.0,0.0,0.0,0.0,0.0,0.0,-0.0,-0.0,0.0
28.198403,0.0,0.0,0.1500000059604645,0.0,0.0,0.0,0.15000000596046448,0.0,0.0,0.0,0.0,0.0,0.0,0.0,-0.0,-0.0,0.0
28.217743,0.0,0.0,0.1500000059604645,0.0,0.0,0.0,0.15000000596046448,0.0,0.0,0.0,0.0,0.0,0.0,0.0,-0.0,-0.0,0.0
28.226958,0.0,0.0,0.1500000059604645,0.0,0.0,0.0,0.15000000596046448,0.0,0.0,0.0,0.0,0.0,0.0,0.0,-0.0,-0.0,0.0
28.236385,0.0,0.0,0.1500000059604645,0.0,0.0,0.0,0.15000000596046448,0.0,0.0,0.0,0.0,0.0,0.0,0.0,-0.0,-0.0,0.0
28.255061,0.0,0.0,0.1500000059604645,0.0,0.0,0.0,0.15000000596046448,0.0,0.0,0.0,0.0,0.0,0.0,0.0,-0.0,-0.0,0.0
28.272778,0.0,0.0,0.1500000059604645,0.0,0.0,0.0,0.14000000059604645,0.0,0.0,0.0,0.0,0.0,0.0,0.0,-0.0,-0.0,0.0
28.291163,0.0,0.0,0.14000000059604645,0.0,0.0,0.0,0.15000000596046448,0.0,0.0,0.0,0.0,0.0,0.0,0.0,-0.0,-0.0,0.0
28.314335,0.0,0.0,0.1500000059604645,0.0,0.0,0.0,0.14000000059604645,0.0,0.0,0.0,0.0,0.0,0.0,0.0,-0.0,-0.0,0.0
28.332662,0.0,0.0,0.14000000059604645,0.0,0.0,0.0,0.14000000059604645,0.0,0.0,0.0,0.0,0.0,0.0,0.0,-0.0,-0.0,0.0
28.350633,0.0,0.0,0.14000000059604645,0.0,0.0,0.0,0.15000000596046448,0.0,0.0,0.0,0.0,0.0,0.0,0.0,-0.0,-0.0,0.0
28.3686,0.0,0.0,0.1500000059604645,0.0,0.0,0.0,0.15000000596046448,0.0,0.0,0.0,0.0,0.0,0.0,0.0,-0.0,-0.0,0.0
28.386749,0.0,0.0,0.1500000059604645,0.0,0.0,0.0,0.14000000059604645,0.0,0.0,0.0,0.0,0.0,0.0,0.0,-0.0,-0.0,0.0
28.405524,0.0,0.0,0.14000000059604645,0.0,0.0,0.0,0.14000000059604645,0.0,0.0,0.0,0.0,0.0,0.0,0.0,-0.0,-0.0,0.0
28.414575,0.0,0.0,0.14000000059604645,0.0,0.0,0.0,0.14000000059604645,0.0,0.0,0.0,0.0,0.0,0.0,0.0,-0.0,-0.0,0.0
28.435453,0.0,0.0,0.14000000059604645,0.0,0.0,0.0,0.14000000059604645,0.0,0.0,0.0,0.0,0.0,0.0,0.0,-0.0,-0.0,0.0
28.455948,0.0,0.0,0.14000000059604645,0.0,0.0,0.0,0.14000000059604645,0.0,0.0,0.0,0.0,0.0,0.0,0.0,-0.0,-0.0,0.0
28.473749,0.0,0.0,0.14000000059604645,0.0,0.0,0.0,0.14000000059604645,0.0,0.0,0.0,0.0,0.0,0.0,0.0,-0.0,-0.0,0.0
28.483312,0.0,0.0,0.14000000059604645,0.0,0.0,0.0,0.14000000059604645,0.0,0.0,0.0,0.0,0.0,0.0,0.0,-0.0,-0.0,0.0
28.492195,0.0,0.0,0.14000000059604645,0.0,0.0,0.0,0.14000000059604645,0.0,0.0,0.0,0.0,0.0,0.0,0.0,-0.0,-0.0,0.0
28.50976,0.0,0.0,0.14000000059604645,0.0,0.0,0.0,0.14000000059604645,0.0,0.0,0.0,0.0,0.0,0.0,0.0,-0.0,-0.0,0.0
28.528156,0.0,0.0,0.14000000059604645,0.0,0.0,0.0,0.14000000059604645,0.0,0.0,0.0,0.0,0.0,0.0,0.0,-0.0,-0.0,0.0
28.564053,0.0,0.0,0.1500000059604645,0.0,0.0,0.0,0.15000000596046448,0.0,0.0,0.0,0.0,0.0,0.0,0.0,-0.0,-0.0,0.0
28.573094,0.0,0.0,0.1500000059604645,0.0,0.0,0