Timestamp,LeftVelocity,RightVelocity,PoseRotationDeg,PoseTransY,PoseTransX,PoseTransNorm,Heading,RightWheelSpeed,LeftWheelSpeed,LeftDistanceMeters,RightDistanceMeters,XValue,YValue,Found,VisionHeight,motor 1 speed,motor 2 speed,motor 3 speed
5.908708,0.0,0.0,0.0,0.0,0.0,0.0,0.3199999928474426,0.0,0.0,0.0,0.0,0.0,0.0,0.0,0.0,-0.0,-0.0,0.0
6.107543,0.0,0.0,0.3199999928474427,0.0,0.0,0.0,0.33000001311302185,0.0,0.0,0.0,0.0,0.0,0.0,0.0,0.0,-0.0,-0.0,0.0
6.127975,0.0,0.0,0.33000001311302185,0.0,0.0,0.0,0.33000001311302185,0.0,0.0,0.0,0.0,0.0,0.0,0.0,0.0,-0.0,-0.0,0.0
6.148278,0.0,0.0,0.33000001311302185,0.0,0.0,0.0,0.33000001311302185,0.0,0.0,0.0,0.0,0.0,0.0,0.0,0.0,-0.0,-0.0,0.0
6.173152,0.0,0.0,0.33000001311302185,0.0,0.0,0.0,0.33000001311302185,0.0,0.0,0.0,0.0,0.0,0.0,0.0,0.0,-0.0,-0.0,0.0
6.187275,0.0,0.0,0.33000001311302185,0.0,0.0,0.0,0.33000001311302185,0.0,0.0,0.0,0.0,0.0,0.0,0.0,0.0,-0.0,-0.0,0.0
6.20361,0.0,0.0,0.33000001311302185,0.0,0.0,0.0,0.33000001311302185,0.0,0.0,0.0,0.0,0.0,0.0,0.0,0.0,-0.0,-0.0,0.0
6.218669,0.0,0.0,0.33000001311302185,0.0,0.0,0.0,0.33000001311302185,0.0,0.0,0.0,0.0,0.0,0.0,0.0,0.0,-0.0,-0.0,0.0
6.23373,0.0,0.0,0.33000001311302185,0.0,0.0,0.0,0.33000001311302185,0.0,0.0,0.0,0.0,0.0,0.0,0.0,0.0,-0.0,-0.0,0.0
6.248767,0.0,0.0,0.33000001311302185,0.0,0.0,0.0,0.33000001311302185,0.0,0.0,0.0,0.0,0.0,0.0,0.0,0.0,-0.0,-0.0,0.0
6.264226,0.0,0.0,0.33000001311302185,0.0,0.0,0.0,0.33000001311302185,0.0,0.0,0.0,0.0,0.0,0.0,0.0,0.0,-0.0,-0.0,0.0
6.282913,0.0,0.0,0.33000001311302185,0.0,0.0,0.0,0.33000001311302185,0.0,0.0,0.0,0.0,0.0,0.0,0.0,0.0,-0.0,-0.0,0.0
6.313881,0.0,0.0,0.33000001311302185,0.0,0.0,0.0,0.33000001311302185,0.0,0.0,0.0,0.0,0.0,0.0,0.0,0.0,-0.0,-0.0,0.0
6.328265,0.0,0.0,0.33000001311302185,0.0,0.0,0.0,0.33000001311302185,0.0,0.0,0.0,0.0,0.0,0.0,0.0,0.0,-0.0,-0.0,0.0
6.341601,0.0,0.0,0.33000001311302185,0.0,0.0,0.0,0.33000001311302185,0.0,0.0,0.0,0.0,0.0,0.0,0.0,0.0,-0.0,-0.0,0.0
6.35547,0.0,0.0,0.33000001311302185,0.0,0.0,0.0,0.33000001311302185,0.0,0.0,0.0,0.0,0.0,0.0,0.0,0.0,-0.0,-0.0,0.0
6.372647,0.0,0.0,0.33000001311302185,0.0,0.0,0.0,0.33000001311302185,0.0,0.0,0.0,0.0,0.0,0.0,0.0,0.0,-0.0,-0.0,0.0
6.386977,0.0,0.0,0.33000001311302185,0.0,0.0,0.0,0.33000001311302185,0.0,0.0,0.0,0.0,0.0,0.0,0.0,0.0,-0.0,-0.0,0.0
6.400448,0.0,0.0,0.33000001311302185,0.0,0.0,0.0,0.33000001311302185,0.0,0.0,0.0,0.0,0.0,0.0,0.0,0.0,-0.0,-0.0,0.0
6.4161,0.0,0.0,0.33000001311302185,0.0,0.0,0.0,0.33000001311302185,0.0,0.0,0.0,0.0,0.0,0.0,0.0,0.0,-0.0,-0.0,0.0
6.431466,0.0,0.0,0.33000001311302185,0.0,0.0,0.0,0.33000001311302185,0.0,0.0,0.0,0.0,0.0,0.0,0.0,0.0,-0.0,-0.0,0.0
6.443976,0.0,0.0,0.33000001311302185,0.0,0.0,0.0,0.33000001311302185,0.0,0.0,0.0,0.0,0.0,0.0,0.0,0.0,-0.0,-0.0,0.0
6.458558,0.0,0.0,0.33000001311302185,0.0,0.0,0.0,0.33000001311302185,0.0,0.0,0.0,0.0,0.0,0.0,0.0,0.0,-0.0,-0.0,0.0
6.471228,0.0,0.0,0.33000001311302185,0.0,0.0,0.0,0.33000001311302185,0.0,0.0,0.0,0.0,0.0,0.0,0.0,0.0,-0.0,-0.0,0.0
6.486365,0.0,0.0,0.33000001311302185,0.0,0.0,0.0,0.33000001311302185,0.0,0.0,0.0,0.0,0.0,0.0,0.0,0.0,-0.0,-0.0,0.0
6.499756,0.0,0.0,0.33000001311302185,0.0,0.0,0.0,0.33000001311302185,0.0,0.0,0.0,0.0,0.0,0.0,0.0,0.0,-0.0,-0.0,0.0
6.513601,0.0,0.0,0.33000001311302185,0.0,0.0,0.0,0.33000001311302185,0.0,0.0,0.0,0.0,0.0,0.0,0.0,0.0,-0.0,-0.0,0.0
6.527754,0.0,0.0,0.33000001311302185,0.0,0.0,0.0,0.33000001311302185,0.0,0.0,0.0,0.0,0.0,0.0,0.0,0.0,-0.0,-0.0,0.0
6.540236,0.0,0.0,0.33000001311302185,0.0,0.0,0.0,0.33000001311302185,0.0,0.0,0.0,0.0,0.0,0.0,0.0,0.0,-0.0,-0.0,0.0
6.555603,0.0,0.0,0.33000001311302185,0.0,0.0,0.0,0.33000001311302185,0.0,0.0,0.0,0.0,0.0,0.0,0.0,0.0,-0.0,-0.0,0.0
6.581602,0.0,0.0,0.33000001311302185,0.0,0.0,0.0,0.33000001311302185,0.0,0.0,0.0,0.0,0.0,0.0,0.0,0.0,-0.0,-0.0,0.0
6.595137,0.0,0.0,0.33000001311302185,0.0,0.0,0.0,0.3400000035762787,0.0,0.0,0.0,0.0,0.0,0.0,0.0,0.0,-0.0,-0.0,0.0
6.607888,0.0,0.0,0.3400000035762787,0.0,0.0,0.0,0.3400000035762787,0.0,0.0,0.0,0.0,0.0,0.0,0.0,0.0,-0.0,-0.0,0.0
6.620096,0.0,0.0,0.3400000035762787,0.0,0.0,0.0,0.3400000035762787,0.0,0.0,0.0,0.0,0.0,0.0,0.0,0.0,-0.0,-0.0,0.0
6.634539,0.0,0.0,0.3400000035762787,0.0,0.0,0.0,0.3400000035762787,0.0,0.0,0.0,0.0,0.0,0.0,0.0,0.0,-0.0,-0.0,0.0
6.652432,0.0,0.0,0.3400000035762787,0.0,0.0,0.0,0.3400000035762787,0.0,0.0,0.0,0.0,0.0,0.0,0.0,0.0,-0.0,-0.0,0.0
6.66537,0.0,0.0,0.3400000035762787,0.0,0.0,0.0,0.3400000035762787,0.0,0.0,0.0,0.0,0.0,0.0,0.0,0.0,-0.0,-0.0,0.0
6.678996,0.0,0.0,0.3400000035762787,0.0,0.0,0.0,0.3400000035762787,0.0,0.0,0.0,0.0,0.0,0.0,0.0,0.0,-0.0,-0.0,0.0
6.708848,0.0,0.0,0.3400000035762787,0.0,0.0,0.0,0.3400000035762787,0.0,0.0,0.0,0.0,0.0,0.0,0.0,0.0,-0.0,-0.0,0.0
6.72544,0.0,0.0,0.3400000035762787,0.0,0.0,0.0,0.3400000035762787,0.0,0.0,0.0,0.0,0.0,0.0,0.0,0.0,-0.0,-0.0,0.0
6.736916,0.0,0.0,0.3400000035762787,0.0,0.0,0.0,0.3400000035762787,0.0,0.0,0.0,0.0,0.0,0.0,0.0,0.0,-0.0,-0.0,0.0
6.749536,0.0,0.0,0.3400000035762787,0.0,0.0,0.0,0.3400000035762787,0.0,0.0,0.0,0.0,0.0,0.0,0.0,0.0,-0.0,-0.0,0.0
6.761359,0.0,0.0,0.3400000035762787,0.0,0.0,0.0,0.3400000035762787,0.0,0.0,0.0,0.0,0.0,0.0,0.0,0.0,-0.0,-0.0,0.0
6.774256,0.0,0.0,0.3400000035762787,0.0,0.0,0.0,0.3400000035762787,0.0,0.0,0.0,0.0,0.0,0.0,0.0,0.0,-0.0,-0.0,0.0
6.79297,0.0,0.0,0.3400000035762787,0.0,0.0,0.0,0.3400000035762787,0.0,0.0,0.0,0.0,0.0,0.0,0.0,0.0,-0.0,-0.0,0.0
6.806832,0.0,0.0,0.3400000035762787,0.0,0.0,0.0,0.3400000035762787,0.0,0.0,0.0,0.0,0.0,0.0,0.0,0.0,-0.0,-0.0,0.0
6.819713,0.0,0.0,0.3400000035762787,0.0,0.0,0.0,0.3400000035762787,0.0,0.0,0.0,0.0,0.0,0.0,0.0,0.0,-0.0,-0.0,0.0
6.830837,0.0,0.0,0.3400000035762787,0.0,0.0,0.0,0.3400000035762787,0.0,0.0,0.0,0.0,0.0,0.0,0.0,0.0,-0.0,-0.0,0.0
6.845347,0.0,0.0,0.3400000035762787,0.0,0.0,0.0,0.3400000035762787,0.0,0.0,0.0,0.0,0.0,0.0,0.0,0.0,-0.0,-0.0,0.0
6.858756,0.0,0.0,0.3400000035762787,0.0,0.0,0.0,0.3400000035762787,0.0,0.0,0.0,0.0,0.0,0.0,0.0,0.0,-0.0,-0.0,0.0
6.869667,0.0,0.0,0.3400000035762787,0.0,0.0,0.0,0.3400000035762787,0.0,0.0,0.0,0.0,0.0,0.0,0.0,0.0,-0.0,-0.0,0.0
6.880732,0.0,0.0,0.3400000035762787,0.0,0.0,0.0,0.3400000035762787,0.0,0.0,0.0,0.0,0.0,0.0,0.0,0.0,-0.0,-0.0,0.0
6.891712,0.0,0.0,0.3400000035762787,0.0,0.0,0.0,0.3400000035762787,0.0,0.0,0.0,0.0,0.0,0.0,0.0,0.0,-0.0,-0.0,0.0
6.903358,0.0,0.0,0.3400000035762787,0.0,0.0,0.0,0.3400000035762787,0.0,0.0,0.0,0.0,0.0,0.0,0.0,0.0,-0.0,-0.0,0.0
6.917285,0.0,0.0,0.3400000035762787,0.0,0.0,0.0,0.3400000035762787,0.0,0.0,0.0,0.0,0.0,0.0,0.0,0.0,-0.0,-0.0,0.0
6.936941,0.0,0.0,0.3400000035762787,0.0,0.0,0.0,0.3400000035762787,0.0,0.0,0.0,0.0,0.0,0.0,0.0,0.0,-0.0,-0.0,0.0
6.956745,0.0,0.0,0.3400000035762787,0.0,0.0,0.0,0.3400000035762787,0.0,0.0,0.0,0.0,0.0,0.0,0.0,0.0,-0.0,-0.0,0.0
6.977151,0.0,0.0,0.3400000035762787,0.0,0.0,0.0,0.3400000035762787,0.0,0.0,0.0,0.0,0.0,0.0,0.0,0.0,-0.0,-0.0,0.0
6.996969,0.0,0.0,0.3400000035762787,0.0,0.0,0.0,0.3400000035762787,0.0,0.0,0.0,0.0,0.0,0.0,0.0,0.0,-0.0,-0.0,0.0
7.017149,0.0,0.0,0.3400000035762787,0.0,0.0,0.0,0.3499999940395355,0.0,0.0,0.0,0.0,0.0,0.0,0.0,0.0,-0.0,-0.0,0.0
7.036956,0.0,0.0,0.3499999940395356,0.0,0.0,0.0,0.3499999940395355,0.0,0.0,0.0,0.0,0.0,0.0,0.0,0.0,-0.0,-0.0,0.0
7.056941,0.0,0.0,0.3499999940395356,0.0,0.0,0.0,0.3499999940395355,0.0,0.0,0.0,0.0,0.0,0.0,0.0,0.0,-0.0,-0.0,0.0
7.076583,0.0,0.0,0.3499999940395356,0.0,0.0,0.0,0.3499999940395355,0.0,0.0,0.0,0.0,0.0,0.0,0.0,0.0,-0.0,-0.0,0.0
7.096891,0.0,0.0,0.3499999940395356,0.0,0.0,0.0,0.3499999940395355,0.0,0.0,0.0,0.0,0.0,0.0,0.0,0.0,-0.0,-0.0,0.0
7.116875,0.0,0.0,0.3499999940395356,0.0,0.0,0.0,0.3499999940395355,0.0,0.0,0.0,0.0,0.0,0.0,0.0,0.0,-0.0,-0.0,0.0
7.136952,0.0,0.0,0.3499999940395356,0.0,0.0,0.0,0.3499999940395355,0.0,0.0,0.0,0.0,0.0,0.0,0.0,0.0,-0.0,-0.0,0.0
7.16548,0.0,0.0,0.3499999940395356,0.0,0.0,0.0,0.3499999940395355,0.0,0.0,0.0,0.0,0.0,0.0,0.0,0.0,-0.0,-0.0,0.0
7.176409,0.0,0.0,0.3499999940395356,0.0,0.0,0.0,0.3499999940395355,0.0,0.0,0.0,0.0,0.0,0.0,0.0,0.0,-0.0,-0.0,0.0
7.197021,0.0,0.0,0.3499999940395356,0.0,0.0,0.0,0.3499999940395355,0.0,0.0,0.0,0.0,0.0,0.0,0.0,0.0,-0.0,-0.0,0.0
7.217024,0.0,0.0,0.3499999940395356,0.0,0.0,0.0,0.3499999940395355,0.0,0.0,0.0,0.0,0.0,0.0,0.0,0.0,-0.0,-0.0,0.0
7.236381,0.0,0.0,0.3499999940395356,0.0,0.0,0.0,0.3499999940395355,0.0,0.0,0.0,0.0,0.0,0.0,0.0,0.0,-0.0,-0.0,0.0
7.256838,0.0,0.0,0.3499999940395356,0.0,0.0,0.0,0.3499999940395355,0.0,0.0,0.0,0.0,0.0,0.0,0.0,0.0,-0.0,-0.0,0.0
7.276838,0.0,0.0,0.3499999940395356,0.0,0.0,0.0,0.3400000035762787,0.0,0.0,0.0,0.0,0.0,0.0,0.0,0.0,-0.0,-0.0,0.0
7.296636,0.0,0.0,0.3400000035762787,0.0,0.0,0.0,0.3400000035762787,0.0,0.0,0.0,0.0,0.0,0.0,0.0,0.0,-0.0,-0.0,0.0
7.316834,0.0,0.0,0.3400000035762787,0.0,0.0,0.0,0.3400000035762787,0.0,0.0,0.0,0.0,0.0,0.0,0.0,0.0,-0.0,-0.0,0.0
7.337072,0.0,0.0,0.3400000035762787,0.0,0.0,0.0,0.3499999940395355,0.0,0.0,0.0,0.0,0.0,0.0,0.0,0.0,-0.0,-0.0,0.0
7.356541,0.0,0.0,0.3499999940395356,0.0,0.0,0.0,0.3499999940395355,0.0,0.0,0.0,0.0,0.0,0.0,0.0,0.0,-0.0,-0.0,0.0
7.37647,0.0,0.0,0.3499999940395356,0.0,0.0,0.0,0.3499999940395355,0.0,0.0,0.0,0.0,0.0,0.0,0.0,0.0,-0.0,-0.0,0.0
7.39697,0.0,0.0,0.3499999940395356,0.0,0.0,0.0,0.3499999940395355,0.0,0.0,0.0,0.0,0.0,0.0,0.0,0.0,-0.0,-0.0,0.0
7.418899,0.0,0.0,0.3499999940395356,0.0,0.0,0.0,0.3499999940395355,0.0,0.0,0.0,0.0,0.0,0.0,0.0,0.0,-0.0,-0.0,0.0
7.459755,0.0,0.0,0.3499999940395356,0.0,0.0,0.0,0.3499999940395355,0.0,0.0,0.0,0.0,0.0,0.0,0.0,0.0,-0.0,-0.0,0.0
7.47456,0.0,0.0,0.3499999940395356,0.0,0.0,0.0,0.3499999940395355,0.0,0.0,0.0,0.0,0.0,0.0,0.0,0.0,-0.0,-0.0,0.0
7.487124,0.0,0.0,0.3499999940395356,0.0,0.0,0.0,0.3499999940395355,0.0,0.0,0.0,0.0,0.0,0.0,0.0,0.0,-0.0,-0.0,0.0
7.498505,0.0,0.0,0.3499999940395356,0.0,0.0,0.0,0.3499999940395355,0.0,0.0,0.0,0.0,0.0,0.0,0.0,0.0,-0.0,-0.0,0.0
7.517709,0.0,0.0,0.3499999940395356,0.0,0.0,0.0,0.3499999940395355,0.0,0.0,0.0,0.0,0.0,0.0,0.0,0.0,-0.0,-0.0,0.0
7.536394,0.0,0.0,0.3499999940395356,0.0,0.0,0.0,0.3499999940395355,0.0,0.0,0.0,0.0,0.0,0.0,0.0,0.0,-0.0,-0.0,0.0
7.556484,0.0,0.0,0.3499999940395356,0.0,0.0,0.0,0.3499999940395355,0.0,0.0,0.0,0.0,0.0,0.0,0.0,0.0,-0.0,-0.0,0.0
7.576527,0.0,0.0,0.3499999940395356,0.0,0.0,0.0,0.3499999940395355,0.0,0.0,0.0,0.0,0.0,0.0,0.0,0.0,-0.0,-0.0,0.0
7.596301,0.0,0.0,0.3499999940395356,0.0,0.0,0.0,0.3499999940395355,0.0,0.0,0.0,0.0,0.0,0.0,0.0,0.0,-0.0,-0.0,0.0
7.616597,0.0,0.0,0.3499999940395356,0.0,0.0,0.0,0.3499999940395355,0.0,0.0,0.0,0.0,0.0,0.0,0.0,0.0,-0.0,-0.0,0.0
7.636955,0.0,0.0,0.3499999940395356,0.0,0.0,0.0,0.3499999940395355,0.0,0.0,0.0,0.0,0.0,0.0,0.0,0.0,-0.0,-0.0,0.0
7.656607,0.0,0.0,0.3499999940395356,0.0,0.0,0.0,0.3499999940395355,0.0,0.0,0.0,0.0,0.0,0.0,0.0,0.0,-0.0,-0.0,0.0
7.676402,0.0,0.0,0.3499999940395356,0.0,0.0,0.0,0.3499999940395355,0.0,0.0,0.0,0.0,0.0,0.0,0.0,0.0,-0.0,-0.0,0.0
7.696902,0.0,0.0,0.3499999940395356,0.0,0.0,0.0,0.3499999940395355,0.0,0.0,0.0,0.0,0.0,0.0,0.0,0.0,-0.0,-0.0,0.0
7.716384,0.0,0.0,0.3499999940395356,0.0,0.0,0.0,0.3499999940395355,0.0,0.0,0.0,0.0,0.0,0.0,0.0,0.0,-0.0,-0.0,0.0
7.736188,0.0,0.0,0.3499999940395356,0.0,0.0,0.0,0.3499999940395355,0.0,0.0,0.0,0.0,0.0,0.0,0.0,0.0,-0.0,-0.0,0.0
7.757121,0.0,0.0,0.3499999940395356,0.0,0.0,0.0,0.3499999940395355,0.0,0.0,0.0,0.0,0.0,0.0,0.0,0.0,-0.0,-0.0,0.0
7.776331,0.0,0.0,0.3499999940395356,0.0,0.0,0.0,0.3499999940395355,0.0,0.0,0.0,0.0,0.0,0.0,0.0,0.0,-0.0,-0.0,0.0
7.796544,0.0,0.0,0.3499999940395356,0.0,0.0,0.0,0.36000001430511475,0.0,0.0,0.0,0.0,0.0,0.0,0.0,0.0,-0.0,-0.0,0.0
7.821308,0.0,0.0,0.3600000143051148,0.0,0.0,0.0,0.3499999940395355,0.0,0.0,0.0,0.0,0.0,0.0,0.0,0.0,-0.0,-0.0,0.0
7.836538,0.0,0.0,0.3499999940395356,0.0,0.0,0.0,0.36000001430511475,0.0,0.0,0.0,0.0,0.0,0.0,0.0,0.0,-0.0,-0.0,0.0
7.856311,0.0,0.0,0.3600000143051148,0.0,0.0,0.0,0.3499999940395355,0.0,0.0,0.0,0.0,0.0,0.0,0.0,0.0,-0.0,-0.0,0.0
7.87671,0.0,0.0,0.3499999940395356,0.0,0.0,0.0,0.36000001430511475,0.0,0.0,0.0,0.0,0.0,0.0,0.0,0.0,-0.0,-0.0,0.0
7.896549,0.0,0.0,0.3600000143051148,0.0,0.0,0.0,0.36000001430511475,0.0,0.0,0.0,0.0,0.0,0.0,0.0,0.0,-0.0,-0.0,0.0
7.916619,0.0,0.0,0.3600000143051148,0.0,0.0,0.0,0.36000001430511475,0.0,0.0,0.0,0.0,0.0,0.0,0.0,0.0,-0.0,-0.0,0.0
7.936737,0.0,0.0,0.3600000143051148,0.0,0.0,0.0,0.36000001430511475,0.0,0.0,0.0,0.0,0.0,0.0,0.0,0.0,-0.0,-0.0,0.0
7.956466,0.0,0.0,0.3600000143051148,0.0,0.0,0.0,0.36000001430511475,0.0,0.0,0.0,0.0,0.0,0.0,0.0,0.0,-0.0,-0.0,0.0
7.97662,0.0,0.0,0.3600000143051148,0.0,0.0,0.0,0.36000001430511475,0.0,0.0,0.0,0.0,0.0,0.0,0.0,0.0,-0.0,-0.0,0.0
7.996908,0.0,0.0,0.3600000143051148,0.0,0.0,0.0,0.36000001430511475,0.0,0.0,0.0,0.0,0.0,0.0,0.0,0.0,-0.0,-0.0,0.0
8.016911,0.0,0.0,0.3600000143051148,0.0,0.0,0.0,0.36000001430511475,0.0,0.0,0.0,0.0,0.0,0.0,0.0,0.0,-0.0,-0.0,0.0
8.036366,0.0,0.0,0.3600000143051148,0.0,0.0,0.0,0.36000001430511475,0.0,0.0,0.0,0.0,0.0,0.0,0.0,0.0,-0.0,-0.0,0.0
8.05673,0.0,0.0,0.3600000143051148,0.0,0.0,0.0,0.36000001430511475,0.0,0.0,0.0,0.0,0.0,0.0,0.0,0.0,-0.0,-0.0,0.0
8.076411,0.0,0.0,0.3600000143051148,0.0,0.0,0.0,0.36000001430511475,0.0,0.0,0.0,0.0,0.0,0.0,0.0,0.0,-0.0,-0.0,0.0
8.096459,0.0,0.0,0.3600000143051148,0.0,0.0,0.0,0.36000001430511475,0.0,0.0,0.0,0.0,0.0,0.0,0.0,0.0,-0.0,-0.0,0.0
8.117155,0.0,0.0,0.3600000143051148,0.0,0.0,0.0,0.36000001430511475,0.0,0.0,0.0,0.0,0.0,0.0,0.0,0.0,-0.0,-0.0,0.0
8.136531,0.0,0.0,0.3600000143051148,0.0,0.0,0.0,0.36000001430511475,0.0,0.0,0.0,0.0,0.0,0.0,0.0,0.0,-0.0,-0.0,0.0
8.156954,0.0,0.0,0.3600000143051148,0.0,0.0,0.0,0.36000001430511475,0.0,0.0,0.0,0.0,0.0,0.0,0.0,0.0,-0.0,-0.0,0.0
8.176685,0.0,0.0,0.3600000143051148,0.0,0.0,0.0,0.36000001430511475,0.0,0.0,0.0,0.0,0.0,0.0,0.0,0.0,-0.0,-0.0,0.0
8.196473,0.0,0.0,0.3600000143051148,0.0,0.0,0.0,0.36000001430511475,0.0,0.0,0.0,0.0,0.0,0.0,0.0,0.0,-0.0,-0.0,0.0
8.216788,0.0,0.0,0.3600000143051148,0.0,0.0,0.0,0.36000001430511475,0.0,0.0,0.0,0.0,0.0,0.0,0.0,0.0,-0.0,-0.0,0.0
8.236934,0.0,0.0,0.3600000143051148,0.0,0.0,0.0,0.36000001430511475,0.0,0.0,0.0,0.0,0.0,0.0,0.0,0.0,-0.0,-0.0,0.0
8.256389,0.0,0.0,0.3600000143051148,0.0,0.0,0.0,0.36000001430511475,0.0,0.0,0.0,0.0,0.0,0.0,0.0,0.0,-0.0,-0.0,0.0
8.276392,0.0,0.0,0.3600000143051148,0.0,0.0,0.0,0.36000001430511475,0.0,0.0,0.0,0.0,0.0,0.0,0.0,0.0,-0.0,-0.0,0.0
8.29651,0.0,0.0,0.3600000143051148,0.0,0.0,0.0,0.36000001430511475,0.0,0.0,0.0,0.0,0.0,0.0,0.0,0.0,-0.0,-0.0,0.0
8.316687,0.0,0.0,0.3600000143051148,0.0,0.0,0.0,0.3700000047683716,0.0,0.0,0.0,0.0,0.0,0.0,0.0,0.0,-0.0,-0.0,0.0
8.336374,0.0,0.0,0.3700000047683716,0.0,0.0,0.0,0.3700000047683716,0.0,0.0,0.0,0.0,0.0,0.0,0.0,0.0,-0.0,-0.0,0.0
8.356568,0.0,0.0,0.3700000047683716,0.0,0.0,0.0,0.3700000047683716,0.0,0.0,0.0,0.0,0.0,0.0,0.0,0.0,-0.0,-0.0,0.0
8.376043,0.0,0.0,0.3700000047683716,0.0,0.0,0.0,0.36000001430511475,0.0,0.0,0.0,0.0,0.0,0.0,0.0,0.0,-0.0,-0.0,0.0
8.396379,0.0,0.0,0.3600000143051148,0.0,0.0,0.0,0.36000001430511475,0.0,0.0,0.0,0.0,0.0,0.0,0.0,0.0,-0.0,-0.0,0.0
8.417366,0.0,0.0,0.3600000143051148,0.0,0.0,0.0,0.36000001430511475,0.0,0.0,0.0,0.0,0.0,0.0,0.0,0.0,-0.0,-0.0,0.0
8.436279,0.0,0.0,0.3600000143051148,0.0,0.0,0.0,0.36000001430511475,0.0,0.0,0.0,0.0,0.0,0.0,0.0,0.0,-0.0,-0.0,0.0
8.456348,0.0,0.0,0.3600000143051148,0.0,0.0,0.0,0.36000001430511475,0.0,0.0,0.0,0.0,0.0,0.0,0.0,0.0,-0.0,-0.0,0.0
8.476368,0.0,0.0,0.3600000143051148,0.0,0.0,0.0,0.36000001430511475,0.0,0.0,0.0,0.0,0.0,0.0,0.0,0.0,-0.0,-0.0,0.0
8.496064,0.0,0.0,0.3600000143051148,0.0,0.0,0.0,0.36000001430511475,0.0,0.0,0.0,0.0,0.0,0.0,0.0,0.0,-0.0,-0.0,0.0
8.516819,0.0,0.0,0.3600000143051148,0.0,0.0,0.0,0.36000001430511475,0.0,0.0,0.0,0.0,0.0,0.0,0.0,0.0,-0.0,-0.0,0.0
8.537084,0.0,0.0,0.3600000143051148,0.0,0.0,0.0,0.36000001430511475,0.0,0.0,0.0,0.0,0.0,0.0,0.0,0.0,-0.0,-0.0,0.0
8.558384,0.0,0.0,0.3600000143051148,0.0,0.0,0.0,0.36000001430511475,0.0,0.0,0.0,0.0,0.0,0.0,0.0,0.0,-0.0,-0.0,0.0
8.575997,0.0,0.0,0.3600000143051148,0.0,0.0,0.0,0.36000001430511475,0.0,0.0,0.0,0.0,0.0,0.0,0.0,0.0,-0.0,-0.0,0.0
8.596381,0.0,0.0,0.3600000143051148,0.0,0.0,0.0,0.36000001430511475,0.0,0.0,0.0,0.0,0.0,0.0,0.0,0.0,-0.0,-0.0,0.0
8.616614,0.0,0.0,0.3600000143051148,0.0,0.0,0.0,0.36000001430511475,0.0,0.0,0.0,0.0,0.0,0.0,0.0,0.0,-0.0,-0.0,0.0
8.636271,0.0,0.0,0.3600000143051148,0.0,0.0,0.0,0.36000001430511475,0.0,0.0,0.0,0.0,0.0,0.0,0.0,0.0,-0.0,-0.0,0.0
8.656368,0.0,0.0,0.3600000143051148,0.0,0.0,0.0,0.36000001430511475,0.0,0.0,0.0,0.0,0.0,0.0,0.0,0.0,-0.0,-0.0,0.0
8.676679,0.0,0.0,0.3600000143051148,0.0,0.0,0.0,0.36000001430511475,0.0,0.0,0.0,0.0,0.0,0.0,0.0,0.0,-0.0,-0.0,0.0
8.696723,0.0,0.0,0.3600000143051148,0.0,0.0,0.0,0.36000001430511475,0.0,0.0,0.0,0.0,0.0,0.0,0.0,0.0,-0.0,-0.0,0.0
8.716885,0.0,0.0,0.3600000143051148,0.0,0.0,0.0,0.36000001430511475,0.0,0.0,0.0,0.0,0.0,0.0,0.0,0.0,-0.0,-0.0,0.0
8.736208,0.0,0.0,0.3600000143051148,0.0,0.0,0.0,0.3700000047683716,0.0,0.0,0.0,0.0,0.0,0.0,0.0,0.0,-0.0,-0.0,0.0
8.756272,0.0,0.0,0.3700000047683716,0.0,0.0,0.0,0.36000001430511475,0.0,0.0,0.0,0.0,0.0,0.0,0.0,0.0,-0.0,-0.0,0.0
8.776438,0.0,0.0,0.3600000143051148,0.0,0.0,0.0,0.36000001430511475,0.0,0.0,0.0,0.0,0.0,0.0,0.0,0.0,-0.0,-0.0,0.0
8.796203,0.0,0.0,0.3600000143051148,0.0,0.0,0.0,0.36000001430511475,0.0,0.0,0.0,0.0,0.0,0.0,0.0,0.0,-0.0,-0.0,0.0
8.831917,0.0,0.0,0.3600000143051148,0.0,0.0,0.0,0.3700000047683716,0.0,0.0,0.0,0.0,0.0,0.0,0.0,0.0,-0.0,-0.0,0.0
8.871181,0.0,0.0,0.3700000047683716,0.0,0.0,0.0,0.3700000047683716,0.0,0.0,0.0,0.0,0.0,0.0,0.0,0.0,-0.0,-0.0,0.0
8.882581,0.0,0.0,0.3700000047683716,0.0,0.0,0.0,0.3700000047683716,0.0,0.0,0.0,0.0,0.0,0.0,0.0,0.0,-0.0,-0.0,0.0
8.89142,0.0,0.0,0.3700000047683716,0.0,0.0,0.0,0.3700000047683716,0.0,0.0,0.0,0.0,0.0,0.0,0.0,0.0,-0.0,-0.0,0.0
8.901034,0.0,0.0,0.3700000047683716,0.0,0.0,0.0,0.3700000047683716,0.0,0.0,0.0,0.0,0.0,0.0,0.0,0.0,-0.0,-0.0,0.0
8.91715,0.0,0.0,0.3700000047683716,0.0,0.0,0.0,0.3700000047683716,0.0,0.0,0.0,0.0,0.0,0.0,0.0,0.0,-0.0,-0.0,0.0
8.936117,0.0,0.0,0.3700000047683716,0.0,0.0,0.0,0.3700000047683716,0.0,0.0,0.0,0.0,0.0,0.0,0.0,0.0,-0.0,-0.0,0.0
8.956592,0.0,0.0,0.3700000047683716,0.0,0.0,0.0,0.36000001430511475,0.0,0.0,0.0,0.0,0.0,0.0,0.0,0.0,-0.0,-0.0,0.0
8.97625,0.0,0.0,0.3600000143051148,0.0,0.0,0.0,0.3700000047683716,0.0,0.0,0.0,0.0,0.0,0.0,0.0,0.0,-0.0,-0.0,0.0
8.99628,0.0,0.0,0.3700000047683716,0.0,0.0,0.0,0.3700000047683716,0.0,0.0,0.0,0.0,0.0,0.0,0.0,0.0,-0.0,-0.0,0.0
9.016752,0.0,0.0,0.3700000047683716,0.0,0.0,0.0,0.36000001430511475,0.0,0.0,0.0,0.0,0.0,0.0,0.0,0.0,-0.0,-0.0,0.0
9.036353,0.0,0.0,0.3600000143051148,0.0,0.0,0.0,0.36000001430511475,0.0,0.0,0.0,0.0,0.0,0.0,0.0,0.0,-0.0,-0.0,0.0
9.056226,0.0,0.0,0.3600000143051148,0.0,0.0,0.0,0.36000001430511475,0.0,0.0,0.0,0.0,0.0,0.0,0.0,0.0,-0.0,-0.0,0.0
9.076485,0.0,0.0,0.3600000143051148,0.0,0.0,0.0,0.36000001430511475,0.0,0.0,0.0,0.0,0.0,0.0,0.0,0.0,-0.0,-0.0,0.0
9.096387,0.0,0.0,0.3600000143051148,0.0,0.0,0.0,0.36000001430511475,0.0,0.0,0.0,0.0,0.0,0.0,0.0,0.0,-0.0,-0.0,0.0
9.116468,0.0,0.0,0.3600000143051148,0.0,0.0,0.0,0.3700000047683716,0.0,0.0,0.0,0.0,0.0,0.0,0.0,0.0,-0.0,-0.0,0.0
9.136479,0.0,0.0,0.3700000047683716,0.0,0.0,0.0,0.3700000047683716,0.0,0.0,0.0,0.0,0.0,0.0,0.0,0.0,-0.0,-0.0,0.0
9.156108,0.0,0.0,0.3700000047683716,0.0,0.0,0.0,0.3700000047683716,0.0,0.0,0.0,0.0,0.0,0.0,0.0,0.0,-0.0,-0.0,0.0
9.176212,0.0,0.0,0.3700000047683716,0.0,0.0,0.0,0.3700000047683716,0.0,0.0,0.0,0.0,0.0,0.0,0.0,0.0,-0.0,-0.0,0.0
9.19637,0.0,0.0,0.3700000047683716,0.0,0.0,0.0,0.3700000047683716,0.0,0.0,0.0,0.0,0.0,0.0,0.0,0.0,-0.0,-0.0,0.0
9.216565,0.0,0.0,0.3700000047683716,0.0,0.0,0.0,0.3700000047683716,0.0,0.0,0.0,0.0,0.0,0.0,0.0,0.0,-0.0,-0.0,0.0
9.23632,0.0,0.0,0.3700000047683716,0.0,0.0,0.0,0.3700000047683716,0.0,0.0,0.0,0.0,0.0,0.0,0.0,0.0,-0.0,-0.0,0.0
9.256815,0.0,0.0,0.3700000047683716,0.0,0.0,0.0,0.3700000047683716,0.0,0.0,0.0,0.0,0.0,0.0,0.0,0.0,-0.0,-0.0,0.0
9.276598,0.0,0.0,0.3700000047683716,0.0,0.0,0.0,0.3700000047683716,0.0,0.0,0.0,0.0,0.0,0.0,0.0,0.0,-0.0,-0.0,0.0
9.296409,0.0,0.0,0.3700000047683716,0.0,0.0,0.0,0.3700000047683716,0.0,0.0,0.0,0.0,0.0,0.0,0.0,0.0,-0.0,-0.0,0.0
9.316661,0.0,0.0,0.3700000047683716,0.0,0.0,0.0,0.3700000047683716,0.0,0.0,0.0,0.0,0.0,0.0,0.0,0.0,-0.0,-0.0,0.0
9.335979,0.0,0.0,0.3700000047683716,0.0,0.0,0.0,0.3700000047683716,0.0,0.0,0.0,0.0,0.0,0.0,0.0,0.0,-0.0,-0.0,0.0
9.356755,0.0,0.0,0.3700000047683716,0.0,0.0,0.0,0.3700000047683716,0.0,0.0,0.0,0.0,0.0,0.0,0.0,0.0,-0.0,-0.0,0.0
9.376528,0.0,0.0,0.3700000047683716,0.0,0.0,0.0,0.3700000047683716,0.0,0.0,0.0,0.0,0.0,0.0,0.0,0.0,-0.0,-0.0,0.0
9.396263,0.0,0.0,0.3700000047683716,0.0,0.0,0.0,0.3799999952316284,0.0,0.0,0.0,0.0,0.0,0.0,0.0,0.0,-0.0,-0.0,0.0
9.416415,0.0,0.0,0.3799999952316284,0.0,0.0,0.0,0.3799999952316284,0.0,0.0,0.0,0.0,0.0,0.0,0.0,0.0,-0.0,-0.0,0.0
9.436279,0.0,0.0,0.3799999952316284,0.0,0.0,0.0,0.3799999952316284,0.0,0.0,0.0,0.0,0.0,0.0,0.0,0.0,-0.0,-0.0,0.0
9.456255,0.0,0.0,0.3799999952316284,0.0,0.0,0.0,0.3700000047683716,0.0,0.0,0.0,0.0,0.0,0.0,0.0,0.0,-0.0,-0.0,0.0
9.47653,0.0,0.0,0.3700000047683716,0.0,0.0,0.0,0.3799999952316284,0.0,0.0,0.0,0.0,0.0,0.0,0.0,0.0,-0.0,-0.0,0.0
9.496609,0.0,0.0,0.3799999952316284,0.0,0.0,0.0,0.3700000047683716,0.0,0.0,0.0,0.0,0.0,0.0,0.0,0.0,-0.0,-0.0,0.0
9.516515,0.0,0.0,0.3700000047683716,0.0,0.0,0.0,0.3799999952316284,0.0,0.0,0.0,0.0,0.0,0.0,0.0,0.0,-0.0,-0.0,0.0
9.536525,0.0,0.0,0.3799999952316284,0.0,0.0,0.0,0.3799999952316284,0.0,0.0,0.0,0.0,0.0,0.0,0.0,0.0,-0.0,-0.0,0.0
9.556327,0.0,0.0,0.3799999952316284,0.0,0.0,0.0,0.3799999952316284,0.0,0.0,0.0,0.0,0.0,0.0,0.0,0.0,-0.0,-0.0,0.0
9.576259,0.0,0.0,0.3799999952316284,0.0,0.0,0.0,0.3799999952316284,0.0,0.0,0.0,0.0,0.0,0.0,0.0,0.0,-0.0,-0.0,0.0
9.596281,0.0,0.0,0.3799999952316284,0.0,0.0,0.0,0.3799999952316284,0.0,0.0,0.0,0.0,0.0,0.0,0.0,0.0,-0.0,-0.0,0.0
9.616817,0.0,0.0,0.3799999952316284,0.0,0.0,0.0,0.3799999952316284,0.0,0.0,0.0,0.0,0.0,0.0,0.0,0.0,-0.0,-0.0,0.0
9.636079,0.0,0.0,0.3799999952316284,0.0,0.0,0.0,0.3799999952316284,0.0,0.0,0.0,0.0,0.0,0.0,0.0,0.0,-0.0,-0.0,0.0
9.6561,0.0,0.0,0.3799999952316284,0.0,0.0,0.0,0.3799999952316284,0.0,0.0,0.0,0.0,0.0,0.0,0.0,0.0,-0.0,-0.0,0.0
9.676272,0.0,0.0,0.3799999952316284,0.0,0.0,0.0,0.3799999952316284,0.0,0.0,0.0,0.0,0.0,0.0,0.0,0.0,-0.0,-0.0,0.0
9.696198,0.0,0.0,0.3799999952316284,0.0,0.0,0.0,0.3799999952316284,0.0,0.0,0.0,0.0,0.0,0.0,0.0,0.0,-0.0,-0.0,0.0
9.716402,0.0,0.0,0.3799999952316284,0.0,0.0,0.0,0.3799999952316284,0.0,0.0,0.0,0.0,0.0,0.0,0.0,0.0,-0.0,-0.0,0.0
9.736482,0.0,0.0,0.3799999952316284,0.0,0.0,0.0,0.3799999952316284,0.0,0.0,0.0,0.0,0.0,0.0,0.0,0.0,-0.0,-0.0,0.0
9.760248,0.0,0.0,0.3799999952316284,0.0,0.0,0.0,0.3799999952316284,0.0,0.0,0.0,0.0,0.0,0.0,0.0,0.0,-0.0,-0.0,0.0
9.776353,0.0,0.0,0.3799999952316284,0.0,0.0,0.0,0.3799999952316284,0.0,0.0,0.0,0.0,0.0,0.0,0.0,0.0,-0.0,-0.0,0.0
9.796331,0.0,0.0,0.3799999952316284,0.0,0.0,0.0,0.3799999952316284,0.0,0.0,0.0,0.0,0.0,0.0,0.0,0.0,-0.0,-0.0,0.0
9.817111,0.0,0.0,0.3799999952316284,0.0,0.0,0.0,0.3799999952316284,0.0,0.0,0.0,0.0,0.0,0.0,0.0,0.0,-0.0,-0.0,0.0
9.836494,0.0,0.0,0.3799999952316284,0.0,0.0,0.0,0.3799999952316284,0.0,0.0,0.0,0.0,0.0,0.0,0.0,0.0,-0.0,-0.0,0.0
9.856421,0.0,0.0,0.3799999952316284,0.0,0.0,0.0,0.38999998569488525,0.0,0.0,0.0,0.0,0.0,0.0,0.0,0.0,-0.0,-0.0,0.0
9.876252,0.0,0.0,0.38999998569488525,0.0,0.0,0.0,0.38999998569488525,0.0,0.0,0.0,0.0,0.0,0.0,0.0,0.0,-0.0,-0.0,0.0
9.896294,0.0,0.0,0.38999998569488525,0.0,0.0,0.0,0.38999998569488525,0.0,0.0,0.0,0.0,0.0,0.0,0.0,0.0,-0.0,-0.0,0.0
9.916983,0.0,0.0,0.38999998569488525,0.0,0.0,0.0,0.3799999952316284,0.0,0.0,0.0,0.0,0.0,0.0,0.0,0.0,-0.0,-0.0,0.0
9.936264,0.0,0.0,0.3799999952316284,0.0,0.0,0.0,0.3799999952316284,0.0,0.0,0.0,0.0,0.0,0.0,0.0,0.0,-0.0,-0.0,0.0
9.956145,0.0,0.0,0.3799999952316284,0.0,0.0,0.0,0.3799999952316284,0.0,0.0,0.0,0.0,0.0,0.0,0.0,0.0,-0.0,-0.0,0.0
9.976659,0.0,0.0,0.3799999952316284,0.0,0.0,0.0,0.3799999952316284,0.0,0.0,0.0,0.0,0.0,0.0,0.0,0.0,-0.0,-0.0,0.0
9.996233,0.0,0.0,0.3799999952316284,0.0,0.0,0.0,0.3799999952316284,0.0,0.0,0.0,0.0,0.0,0.0,0.0,0.0,-0.0,-0.0,0.0
10.016281,0.0,0.0,0.3799999952316284,0.0,0.0,0.0,0.3799999952316284,0.0,0.0,0.0,0.0,0.0,0.0,0.0,0.0,-0.0,-0.0,0.0
10.036464,0.0,0.0,0.3799999952316284,0.0,0.0,0.0,0.38999998569488525,0.0,0.0,0.0,0.0,0.0,0.0,0.0,0.0,-0.0,-0.0,0.0
10.056179,0.0,0.0,0.38999998569488525,0.0,0.0,0.0,0.38999998569488525,0.0,0.0,0.0,0.0,0.0,0.0,0.0,0.0,-0.0,-0.0,0.0
10.076097,0.0,0.0,0.38999998569488525,0.0,0.0,0.0,0.38999998569488525,0.0,0.0,0.0,0.0,0.0,0.0,0.0,0.0,-0.0,-0.0,0.0
10.096401,0.0,0.0,0.38999998569488525,0.0,0.0,0.0,0.38999998569488525,0.0,0.0,0.0,0.0,0.0,0.0,0.0,0.0,-0.0,-0.0,0.0
10.117197,0.0,0.0,0.38999998569488525,0.0,0.0,0.0,0.38999998569