Timestamp,LeftVelocity,RightVelocity,PoseRotationDeg,PoseTransY,PoseTransX,PoseTransNorm,Heading,RightWheelSpeed,LeftWheelSpeed,LeftDistanceMeters,RightDistanceMeters,XValue,YValue,Found,VisionHeight,motor 1 speed,motor 2 speed,motor 3 speed
16.600524,0.0,0.0,0.0,0.0,0.0,0.0,0.17000000178813934,0.0,0.0,0.018819183101938624,0.021040080486639454,0.0,0.0,0.0,0.0,-0.0,-0.0,0.0
16.824972,0.0,0.0,0.17000000178813934,2.9566182569664872E-5,0.019929602552736944,0.0199296244838986,0.18000000715255737,0.0,0.0,0.018819183101938624,0.021040080486639454,0.0,0.0,0.0,0.0,-0.0,-0.0,0.0
16.845447,0.0,0.0,0.18000000715255737,2.9566182569664872E-5,0.019929602552736944,0.0199296244838986,0.18000000715255737,0.0,0.0,0.018819183101938624,0.021040080486639454,0.0,0.0,0.0,0.0,-0.0,-0.0,0.0
16.866389,0.0,0.0,0.18000000715255737,2.9566182569664872E-5,0.019929602552736944,0.0199296244838986,0.18000000715255737,0.0,0.0,0.018819183101938624,0.021040080486639454,0.0,0.0,0.0,0.0,-0.0,-0.0,0.0
16.890905,0.0,0.0,0.18000000715255737,2.9566182569664872E-5,0.019929602552736944,0.0199296244838986,0.18000000715255737,0.0,0.0,0.018819183101938624,0.021040080486639454,0.0,0.0,0.0,0.0,-0.0,-0.0,0.0
16.913753,0.0,0.0,0.18000000715255737,2.9566182569664872E-5,0.019929602552736944,0.0199296244838986,0.18000000715255737,0.0,0.0,0.018819183101938624,0.021040080486639454,0.0,0.0,0.0,0.0,-0.0,-0.0,0.0
16.931239,0.0,0.0,0.18000000715255737,2.9566182569664872E-5,0.019929602552736944,0.0199296244838986,0.18000000715255737,0.0,0.0,0.018819183101938624,0.021040080486639454,0.0,0.0,0.0,0.0,-0.0,-0.0,0.0
16.947783,0.0,0.0,0.18000000715255737,2.9566182569664872E-5,0.019929602552736944,0.0199296244838986,0.18000000715255737,0.0,0.0,0.018819183101938624,0.021040080486639454,0.0,0.0,0.0,0.0,-0.0,-0.0,0.0
16.965267,0.0,0.0,0.18000000715255737,2.9566182569664872E-5,0.019929602552736944,0.0199296244838986,0.18000000715255737,0.0,0.0,0.018819183101938624,0.021040080486639454,0.0,0.0,0.0,0.0,-0.0,-0.0,0.0
16.983338,0.0,0.0,0.18000000715255737,2.9566182569664872E-5,0.019929602552736944,0.0199296244838986,0.18000000715255737,0.0,0.0,0.018819183101938624,0.021040080486639454,0.0,0.0,0.0,0.0,-0.0,-0.0,0.0
17.004809,0.0,0.0,0.18000000715255737,2.9566182569664872E-5,0.019929602552736944,0.0199296244838986,0.18000000715255737,0.0,0.0,0.018819183101938624,0.021040080486639454,0.0,0.0,0.0,0.0,-0.0,-0.0,0.0
17.023609,0.0,0.0,0.18000000715255737,2.9566182569664872E-5,0.019929602552736944,0.0199296244838986,0.18000000715255737,0.0,0.0,0.018819183101938624,0.021040080486639454,0.0,0.0,0.0,0.0,-0.0,-0.0,0.0
17.050522,0.0,0.0,0.18000000715255737,2.9566182569664872E-5,0.019929602552736944,0.0199296244838986,0.18000000715255737,0.0,0.0,0.018819183101938624,0.021040080486639454,0.0,0.0,0.0,0.0,-0.0,-0.0,0.0
17.084958,0.0,0.0,0.18000000715255737,2.9566182569664872E-5,0.019929602552736944,0.0199296244838986,0.18000000715255737,0.0,0.0,0.018819183101938624,0.021040080486639454,0.0,0.0,0.0,0.0,-0.0,-0.0,0.0
17.099226,0.0,0.0,0.18000000715255737,2.9566182569664872E-5,0.019929602552736944,0.0199296244838986,0.18000000715255737,0.0,0.0,0.018819183101938624,0.021040080486639454,0.0,0.0,0.0,0.0,-0.0,-0.0,0.0
17.117808,0.0,0.0,0.18000000715255737,2.9566182569664872E-5,0.019929602552736944,0.0199296244838986,0.18000000715255737,0.0,0.0,0.018819183101938624,0.021040080486639454,0.0,0.0,0.0,0.0,-0.0,-0.0,0.0
17.134791,0.0,0.0,0.18000000715255737,2.9566182569664872E-5,0.019929602552736944,0.0199296244838986,0.18000000715255737,0.0,0.0,0.018819183101938624,0.021040080486639454,0.0,0.0,0.0,0.0,-0.0,-0.0,0.0
17.152945,0.0,0.0,0.18000000715255737,2.9566182569664872E-5,0.019929602552736944,0.0199296244838986,0.18000000715255737,0.0,0.0,0.018819183101938624,0.021040080486639454,0.0,0.0,0.0,0.0,-0.0,-0.0,0.0
17.171923,0.0,0.0,0.18000000715255737,2.9566182569664872E-5,0.019929602552736944,0.0199296244838986,0.18000000715255737,0.0,0.0,0.018819183101938624,0.021040080486639454,0.0,0.0,0.0,0.0,-0.0,-0.0,0.0
17.186986,0.0,0.0,0.18000000715255737,2.9566182569664872E-5,0.019929602552736944,0.0199296244838986,0.18000000715255737,0.0,0.0,0.018819183101938624,0.021040080486639454,0.0,0.0,0.0,0.0,-0.0,-0.0,0.0
17.207306,0.0,0.0,0.18000000715255737,2.9566182569664872E-5,0.019929602552736944,0.0199296244838986,0.18000000715255737,0.0,0.0,0.018819183101938624,0.021040080486639454,0.0,0.0,0.0,0.0,-0.0,-0.0,0.0
17.236878,0.0,0.0,0.18000000715255737,2.9566182569664872E-5,0.019929602552736944,0.0199296244838986,0.18000000715255737,0.0,0.0,0.018819183101938624,0.021040080486639454,0.0,0.0,0.0,0.0,-0.0,-0.0,0.0
17.255354,0.0,0.0,0.18000000715255737,2.9566182569664872E-5,0.019929602552736944,0.0199296244838986,0.18000000715255737,0.0,0.0,0.018819183101938624,0.021040080486639454,0.0,0.0,0.0,0.0,-0.0,-0.0,0.0
17.268421,0.0,0.0,0.18000000715255737,2.9566182569664872E-5,0.019929602552736944,0.0199296244838986,0.18000000715255737,0.0,0.0,0.018819183101938624,0.021040080486639454,0.0,0.0,0.0,0.0,-0.0,-0.0,0.0
17.283904,0.0,0.0,0.18000000715255737,2.9566182569664872E-5,0.019929602552736944,0.0199296244838986,0.18000000715255737,0.0,0.0,0.018819183101938624,0.021040080486639454,0.0,0.0,0.0,0.0,-0.0,-0.0,0.0
17.301775,0.0,0.0,0.18000000715255737,2.9566182569664872E-5,0.019929602552736944,0.0199296244838986,0.18000000715255737,0.0,0.0,0.018819183101938624,0.021040080486639454,0.0,0.0,0.0,0.0,-0.0,-0.0,0.0
17.315475,0.0,0.0,0.18000000715255737,2.9566182569664872E-5,0.019929602552736944,0.0199296244838986,0.18000000715255737,0.0,0.0,0.018819183101938624,0.021040080486639454,0.0,0.0,0.0,0.0,-0.0,-0.0,0.0
17.33096,0.0,0.0,0.18000000715255737,2.9566182569664872E-5,0.019929602552736944,0.0199296244838986,0.18000000715255737,0.0,0.0,0.018819183101938624,0.021040080486639454,0.0,0.0,0.0,0.0,-0.0,-0.0,0.0
17.344249,0.0,0.0,0.18000000715255737,2.9566182569664872E-5,0.019929602552736944,0.0199296244838986,0.18000000715255737,0.0,0.0,0.018819183101938624,0.021040080486639454,0.0,0.0,0.0,0.0,-0.0,-0.0,0.0
17.357365,0.0,0.0,0.18000000715255737,2.9566182569664872E-5,0.019929602552736944,0.0199296244838986,0.18000000715255737,0.0,0.0,0.018819183101938624,0.021040080486639454,0.0,0.0,0.0,0.0,-0.0,-0.0,0.0
17.371299,0.0,0.0,0.18000000715255737,2.9566182569664872E-5,0.019929602552736944,0.0199296244838986,0.18000000715255737,0.0,0.0,0.018819183101938624,0.021040080486639454,0.0,0.0,0.0,0.0,-0.0,-0.0,0.0
17.385014,0.0,0.0,0.18000000715255737,2.9566182569664872E-5,0.019929602552736944,0.0199296244838986,0.18000000715255737,0.0,0.0,0.018819183101938624,0.021040080486639454,0.0,0.0,0.0,0.0,-0.0,-0.0,0.0
17.398351,0.0,0.0,0.18000000715255737,2.9566182569664872E-5,0.019929602552736944,0.0199296244838986,0.18000000715255737,0.0,0.0,0.018819183101938624,0.021040080486639454,0.0,0.0,0.0,0.0,-0.0,-0.0,0.0
17.413946,0.0,0.0,0.18000000715255737,2.9566182569664872E-5,0.019929602552736944,0.0199296244838986,0.18000000715255737,0.0,0.0,0.018819183101938624,0.021040080486639454,0.0,0.0,0.0,0.0,-0.0,-0.0,0.0
17.42801,0.0,0.0,0.18000000715255737,2.9566182569664872E-5,0.019929602552736944,0.0199296244838986,0.18000000715255737,0.0,0.0,0.018819183101938624,0.021040080486639454,0.0,0.0,0.0,0.0,-0.0,-0.0,0.0
17.439339,0.0,0.0,0.18000000715255737,2.9566182569664872E-5,0.019929602552736944,0.0199296244838986,0.18000000715255737,0.0,0.0,0.018819183101938624,0.021040080486639454,0.0,0.0,0.0,0.0,-0.0,-0.0,0.0
17.45473,0.0,0.0,0.18000000715255737,2.9566182569664872E-5,0.019929602552736944,0.0199296244838986,0.18000000715255737,0.0,0.0,0.018819183101938624,0.021040080486639454,0.0,0.0,0.0,0.0,-0.0,-0.0,0.0
17.467573,0.0,0.0,0.18000000715255737,2.9566182569664872E-5,0.019929602552736944,0.0199296244838986,0.18000000715255737,0.0,0.0,0.018819183101938624,0.021040080486639454,0.0,0.0,0.0,0.0,-0.0,-0.0,0.0
17.47956,0.0,0.0,0.18000000715255737,2.9566182569664872E-5,0.019929602552736944,0.0199296244838986,0.18000000715255737,0.0,0.0,0.018819183101938624,0.021040080486639454,0.0,0.0,0.0,0.0,-0.0,-0.0,0.0
17.492761,0.0,0.0,0.18000000715255737,2.9566182569664872E-5,0.019929602552736944,0.0199296244838986,0.18000000715255737,0.0,0.0,0.018819183101938624,0.021040080486639454,0.0,0.0,0.0,0.0,-0.0,-0.0,0.0
17.505847,0.0,0.0,0.18000000715255737,2.9566182569664872E-5,0.019929602552736944,0.0199296244838986,0.18000000715255737,0.0,0.0,0.018819183101938624,0.021040080486639454,0.0,0.0,0.0,0.0,-0.0,-0.0,0.0
17.518167,0.0,0.0,0.18000000715255737,2.9566182569664872E-5,0.019929602552736944,0.0199296244838986,0.18000000715255737,0.0,0.0,0.018819183101938624,0.021040080486639454,0.0,0.0,0.0,0.0,-0.0,-0.0,0.0
17.536371,0.0,0.0,0.18000000715255737,2.9566182569664872E-5,0.019929602552736944,0.0199296244838986,0.18000000715255737,0.0,0.0,0.018819183101938624,0.021040080486639454,0.0,0.0,0.0,0.0,-0.0,-0.0,0.0
17.560843,0.0,0.0,0.18000000715255737,2.9566182569664872E-5,0.019929602552736944,0.0199296244838986,0.18000000715255737,0.0,0.0,0.018819183101938624,0.021040080486639454,0.0,0.0,0.0,0.0,-0.0,-0.0,0.0
17.585179,0.0,0.0,0.18000000715255737,2.9566182569664872E-5,0.019929602552736944,0.0199296244838986,0.1899999976158142,0.0,0.0,0.018819183101938624,0.021040080486639454,0.0,0.0,0.0,0.0,-0.0,-0.0,0.0
17.603903,0.0,0.0,0.18999999761581424,2.9566182569664872E-5,0.019929602552736944,0.0199296244838986,0.1899999976158142,0.0,0.0,0.018819183101938624,0.021040080486639454,0.0,0.0,0.0,0.0,-0.0,-0.0,0.0
17.615146,0.0,0.0,0.18999999761581424,2.9566182569664872E-5,0.019929602552736944,0.0199296244838986,0.1899999976158142,0.0,0.0,0.018819183101938624,0.021040080486639454,0.0,0.0,0.0,0.0,-0.0,-0.0,0.0
17.62802,0.0,0.0,0.18999999761581424,2.9566182569664872E-5,0.019929602552736944,0.0199296244838986,0.1899999976158142,0.0,0.0,0.018819183101938624,0.021040080486639454,0.0,0.0,0.0,0.0,-0.0,-0.0,0.0
17.639672,0.0,0.0,0.18999999761581424,2.9566182569664872E-5,0.019929602552736944,0.0199296244838986,0.1899999976158142,0.0,0.0,0.018819183101938624,0.021040080486639454,0.0,0.0,0.0,0.0,-0.0,-0.0,0.0
17.662791,0.0,0.0,0.18999999761581424,2.9566182569664872E-5,0.019929602552736944,0.0199296244838986,0.1899999976158142,0.0,0.0,0.018819183101938624,0.021040080486639454,0.0,0.0,0.0,0.0,-0.0,-0.0,0.0
17.676424,0.0,0.0,0.18999999761581424,2.9566182569664872E-5,0.019929602552736944,0.0199296244838986,0.1899999976158142,0.0,0.0,0.018819183101938624,0.021040080486639454,0.0,0.0,0.0,0.0,-0.0,-0.0,0.0
17.688508,0.0,0.0,0.18999999761581424,2.9566182569664872E-5,0.019929602552736944,0.0199296244838986,0.1899999976158142,0.0,0.0,0.018819183101938624,0.021040080486639454,0.0,0.0,0.0,0.0,-0.0,-0.0,0.0
17.71731,0.0,0.0,0.18999999761581424,2.9566182569664872E-5,0.019929602552736944,0.0199296244838986,0.1899999976158142,0.0,0.0,0.018819183101938624,0.021040080486639454,0.0,0.0,0.0,0.0,-0.0,-0.0,0.0
17.736996,0.0,0.0,0.18999999761581424,2.9566182569664872E-5,0.019929602552736944,0.0199296244838986,0.1899999976158142,0.0,0.0,0.018819183101938624,0.021040080486639454,0.0,0.0,0.0,0.0,-0.0,-0.0,0.0
17.764759,0.0,0.0,0.18999999761581424,2.9566182569664872E-5,0.019929602552736944,0.0199296244838986,0.1899999976158142,0.0,0.0,0.018819183101938624,0.021040080486639454,0.0,0.0,0.0,0.0,-0.0,-0.0,0.0
17.827415,0.0,0.0,0.18999999761581424,2.9566182569664872E-5,0.019929602552736944,0.0199296244838986,0.1899999976158142,0.0,0.0,0.018819183101938624,0.021040080486639454,0.0,0.0,0.0,0.0,-0.0,-0.0,0.0
17.84058,0.0,0.0,0.18999999761581424,2.9566182569664872E-5,0.019929602552736944,0.0199296244838986,0.1899999976158142,0.0,0.0,0.018819183101938624,0.021040080486639454,0.0,0.0,0.0,0.0,-0.0,-0.0,0.0
17.857567,0.0,0.0,0.18999999761581424,2.9566182569664872E-5,0.019929602552736944,0.0199296244838986,0.1899999976158142,0.0,0.0,0.018819183101938624,0.021040080486639454,0.0,0.0,0.0,0.0,-0.0,-0.0,0.0
17.875744,0.0,0.0,0.18999999761581424,2.9566182569664872E-5,0.019929602552736944,0.0199296244838986,0.1899999976158142,0.0,0.0,0.018819183101938624,0.021040080486639454,0.0,0.0,0.0,0.0,-0.0,-0.0,0.0
17.892946,0.0,0.0,0.18999999761581424,2.9566182569664872E-5,0.019929602552736944,0.0199296244838986,0.1899999976158142,0.0,0.0,0.018819183101938624,0.021040080486639454,0.0,0.0,0.0,0.0,-0.0,-0.0,0.0
17.908186,0.0,0.0,0.18999999761581424,2.9566182569664872E-5,0.019929602552736944,0.0199296244838986,0.1899999976158142,0.0,0.0,0.018819183101938624,0.021040080486639454,0.0,0.0,0.0,0.0,-0.0,-0.0,0.0
17.919827,0.0,0.0,0.18999999761581424,2.9566182569664872E-5,0.019929602552736944,0.0199296244838986,0.1899999976158142,0.0,0.0,0.018819183101938624,0.021040080486639454,0.0,0.0,0.0,0.0,-0.0,-0.0,0.0
17.943486,0.0,0.0,0.18999999761581424,2.9566182569664872E-5,0.019929602552736944,0.0199296244838986,0.1899999976158142,0.0,0.0,0.018819183101938624,0.021040080486639454,0.0,0.0,0.0,0.0,-0.0,-0.0,0.0
17.955426,0.0,0.0,0.18999999761581424,2.9566182569664872E-5,0.019929602552736944,0.0199296244838986,0.1899999976158142,0.0,0.0,0.018819183101938624,0.021040080486639454,0.0,0.0,0.0,0.0,-0.0,-0.0,0.0
17.967653,0.0,0.0,0.18999999761581424,2.9566182569664872E-5,0.019929602552736944,0.0199296244838986,0.1899999976158142,0.0,0.0,0.018819183101938624,0.021040080486639454,0.0,0.0,0.0,0.0,-0.0,-0.0,0.0
17.978088,0.0,0.0,0.18999999761581424,2.9566182569664872E-5,0.019929602552736944,0.0199296244838986,0.1899999976158142,0.0,0.0,0.018819183101938624,0.021040080486639454,0.0,0.0,0.0,0.0,-0.0,-0.0,0.0
17.989132,0.0,0.0,0.18999999761581424,2.9566182569664872E-5,0.019929602552736944,0.0199296244838986,0.1899999976158142,0.0,0.0,0.018819183101938624,0.021040080486639454,0.0,0.0,0.0,0.0,-0.0,-0.0,0.0
17.9994,0.0,0.0,0.18999999761581424,2.9566182569664872E-5,0.019929602552736944,0.0199296244838986,0.1899999976158142,0.0,0.0,0.018819183101938624,0.021040080486639454,0.0,0.0,0.0,0.0,-0.0,-0.0,0.0
18.01321,0.0,0.0,0.18999999761581424,2.9566182569664872E-5,0.019929602552736944,0.0199296244838986,0.1899999976158142,0.0,0.0,0.018819183101938624,0.021040080486639454,0.0,0.0,0.0,0.0,-0.0,-0.0,0.0
18.025374,0.0,0.0,0.18999999761581424,2.9566182569664872E-5,0.019929602552736944,0.0199296244838986,0.1899999976158142,0.0,0.0,0.018819183101938624,0.021040080486639454,0.0,0.0,0.0,0.0,-0.0,-0.0,0.0
18.03644,0.0,0.0,0.18999999761581424,2.9566182569664872E-5,0.019929602552736944,0.0199296244838986,0.1899999976158142,0.0,0.0,0.018819183101938624,0.021040080486639454,0.0,0.0,0.0,0.0,-0.0,-0.0,0.0
18.04799,0.0,0.0,0.18999999761581424,2.9566182569664872E-5,0.019929602552736944,0.0199296244838986,0.1899999976158142,0.0,0.0,0.018819183101938624,0.021040080486639454,0.0,0.0,0.0,0.0,-0.0,-0.0,0.0
18.059528,0.0,0.0,0.18999999761581424,2.9566182569664872E-5,0.019929602552736944,0.0199296244838986,0.1899999976158142,0.0,0.0,0.018819183101938624,0.021040080486639454,0.0,0.0,0.0,0.0,-0.0,-0.0,0.0
18.072075,0.0,0.0,0.18999999761581424,2.9566182569664872E-5,0.019929602552736944,0.0199296244838986,0.1899999976158142,0.0,0.0,0.018819183101938624,0.021040080486639454,0.0,0.0,0.0,0.0,-0.0,-0.0,0.0
18.084721,0.0,0.0,0.18999999761581424,2.9566182569664872E-5,0.019929602552736944,0.0199296244838986,0.1899999976158142,0.0,0.0,0.018819183101938624,0.021040080486639454,0.0,0.0,0.0,0.0,-0.0,-0.0,0.0
18.09773,0.0,0.0,0.18999999761581424,2.9566182569664872E-5,0.019929602552736944,0.0199296244838986,0.1899999976158142,0.0,0.0,0.018819183101938624,0.021040080486639454,0.0,0.0,0.0,0.0,-0.0,-0.0,0.0
18.113121,0.0,0.0,0.18999999761581424,2.9566182569664872E-5,0.019929602552736944,0.0199296244838986,0.1899999976158142,0.0,0.0,0.018819183101938624,0.021040080486639454,0.0,0.0,0.0,0.0,-0.0,-0.0,0.0
18.134894,0.0,0.0,0.18999999761581424,2.9566182569664872E-5,0.019929602552736944,0.0199296244838986,0.1899999976158142,0.0,0.0,0.018819183101938624,0.021040080486639454,0.0,0.0,0.0,0.0,-0.0,-0.0,0.0
18.149442,0.0,0.0,0.18999999761581424,2.9566182569664872E-5,0.019929602552736944,0.0199296244838986,0.1899999976158142,0.0,0.0,0.018819183101938624,0.021040080486639454,0.0,0.0,0.0,0.0,-0.0,-0.0,0.0
18.167539,0.0,0.0,0.18999999761581424,2.9566182569664872E-5,0.019929602552736944,0.0199296244838986,0.1899999976158142,0.0,0.0,0.018819183101938624,0.021040080486639454,0.0,0.0,0.0,0.0,-0.0,-0.0,0.0
18.18375,0.0,0.0,0.18999999761581424,2.9566182569664872E-5,0.019929602552736944,0.0199296244838986,0.1899999976158142,0.0,0.0,0.018819183101938624,0.021040080486639454,0.0,0.0,0.0,0.0,-0.0,-0.0,0.0
18.197338,0.0,0.0,0.18999999761581424,2.9566182569664872E-5,0.019929602552736944,0.0199296244838986,0.1899999976158142,0.0,0.0,0.018819183101938624,0.021040080486639454,0.0,0.0,0.0,0.0,-0.0,-0.0,0.0
18.212439,0.0,0.0,0.18999999761581424,2.9566182569664872E-5,0.019929602552736944,0.0199296244838986,0.1899999976158142,0.0,0.0,0.018819183101938624,0.021040080486639454,0.0,0.0,0.0,0.0,-0.0,-0.0,0.0
18.235579,0.0,0.0,0.18999999761581424,2.9566182569664872E-5,0.019929602552736944,0.0199296244838986,0.20000000298023224,0.0,0.0,0.018819183101938624,0.021040080486639454,0.0,0.0,0.0,0.0,-0.0,-0.0,0.0
18.24646,0.0,0.0,0.20000000298023227,2.9566182569664872E-5,0.019929602552736944,0.0199296244838986,0.20000000298023224,0.0,0.0,0.018819183101938624,0.021040080486639454,0.0,0.0,0.0,0.0,-0.0,-0.0,0.0
18.258042,0.0,0.0,0.20000000298023227,2.9566182569664872E-5,0.019929602552736944,0.0199296244838986,0.20000000298023224,0.0,0.0,0.018819183101938624,0.021040080486639454,0.0,0.0,0.0,0.0,-0.0,-0.0,0.0
18.268805,0.0,0.0,0.20000000298023227,2.9566182569664872E-5,0.019929602552736944,0.0199296244838986,0.20000000298023224,0.0,0.0,0.018819183101938624,0.021040080486639454,0.0,0.0,0.0,0.0,-0.0,-0.0,0.0
18.278703,0.0,0.0,0.20000000298023227,2.9566182569664872E-5,0.019929602552736944,0.0199296244838986,0.20000000298023224,0.0,0.0,0.018819183101938624,0.021040080486639454,0.0,0.0,0.0,0.0,-0.0,-0.0,0.0
18.293212,0.0,0.0,0.20000000298023227,2.9566182569664872E-5,0.019929602552736944,0.0199296244838986,0.20000000298023224,0.0,0.0,0.018819183101938624,0.021040080486639454,0.0,0.0,0.0,0.0,-0.0,-0.0,0.0
18.308069,0.0,0.0,0.20000000298023227,2.9566182569664872E-5,0.019929602552736944,0.0199296244838986,0.20000000298023224,0.0,0.0,0.018819183101938624,0.021040080486639454,0.0,0.0,0.0,0.0,-0.0,-0.0,0.0
18.320807,0.0,0.0,0.20000000298023227,2.9566182569664872E-5,0.019929602552736944,0.0199296244838986,0.20000000298023224,0.0,0.0,0.018819183101938624,0.021040080486639454,0.0,0.0,0.0,0.0,-0.0,-0.0,0.0
18.334727,0.0,0.0,0.20000000298023227,2.9566182569664872E-5,0.019929602552736944,0.0199296244838986,0.20000000298023224,0.0,0.0,0.018819183101938624,0.021040080486639454,0.0,0.0,0.0,0.0,-0.0,-0.0,0.0
18.355158,0.0,0.0,0.20000000298023227,2.9566182569664872E-5,0.019929602552736944,0.0199296244838986,0.20000000298023224,0.0,0.0,0.018819183101938624,0.021040080486639454,0.0,0.0,0.0,0.0,-0.0,-0.0,0.0
18.37445,0.0,0.0,0.20000000298023227,2.9566182569664872E-5,0.019929602552736944,0.0199296244838986,0.20000000298023224,0.0,0.0,0.018819183101938624,0.021040080486639454,0.0,0.0,0.0,0.0,-0.0,-0.0,0.0
18.39466,0.0,0.0,0.20000000298023227,2.9566182569664872E-5,0.019929602552736944,0.0199296244838986,0.20000000298023224,0.0,0.0,0.018819183101938624,0.021040080486639454,0.0,0.0,0.0,0.0,-0.0,-0.0,0.0
18.414551,0.0,0.0,0.20000000298023227,2.9566182569664872E-5,0.019929602552736944,0.0199296244838986,0.20000000298023224,0.0,0.0,0.018819183101938624,0.021040080486639454,0.0,0.0,0.0,0.0,-0.0,-0.0,0.0
18.434156,0.0,0.0,0.20000000298023227,2.9566182569664872E-5,0.019929602552736944,0.0199296244838986,0.20000000298023224,0.0,0.0,0.018819183101938624,0.021040080486639454,0.0,0.0,0.0,0.0,-0.0,-0.0,0.0
18.454207,0.0,0.0,0.20000000298023227,2.9566182569664872E-5,0.019929602552736944,0.0199296244838986,0.20000000298023224,0.0,0.0,0.018819183101938624,0.021040080486639454,0.0,0.0,0.0,0.0,-0.0,-0.0,0.0
18.474182,0.0,0.0,0.20000000298023227,2.9566182569664872E-5,0.019929602552736944,0.0199296244838986,0.20000000298023224,0.0,0.0,0.018819183101938624,0.021040080486639454,0.0,0.0,0.0,0.0,-0.0,-0.0,0.0
18.500049,0.0,0.0,0.20000000298023227,2.9566182569664872E-5,0.019929602552736944,0.0199296244838986,0.20000000298023224,0.0,0.0,0.018819183101938624,0.021040080486639454,0.0,0.0,0.0,0.0,-0.0,-0.0,0.0
18.515246,0.0,0.0,0.20000000298023227,2.9566182569664872E-5,0.019929602552736944,0.0199296244838986,0.20000000298023224,0.0,0.0,0.018819183101938624,0.021040080486639454,0.0,0.0,0.0,0.0,-0.0,-0.0,0.0
18.534255,0.0,0.0,0.20000000298023227,2.9566182569664872E-5,0.019929602552736944,0.0199296244838986,0.20000000298023224,0.0,0.0,0.018819183101938624,0.021040080486639454,0.0,0.0,0.0,0.0,-0.0,-0.0,0.0
18.554511,0.0,0.0,0.20000000298023227,2.9566182569664872E-5,0.019929602552736944,0.0199296244838986,0.20000000298023224,0.0,0.0,0.018819183101938624,0.021040080486639454,0.0,0.0,0.0,0.0,-0.0,-0.0,0.0
18.574248,0.0,0.0,0.20000000298023227,2.9566182569664872E-5,0.019929602552736944,0.0199296244838986,0.20000000298023224,0.0,0.0,0.018819183101938624,0.021040080486639454,0.0,0.0,0.0,0.0,-0.0,-0.0,0.0
18.594408,0.0,0.0,0.20000000298023227,2.9566182569664872E-5,0.019929602552736944,0.0199296244838986,0.20000000298023224,0.0,0.0,0.018819183101938624,0.021040080486639454,0.0,0.0,0.0,0.0,-0.0,-0.0,0.0
18.614091,0.0,0.0,0.20000000298023227,2.9566182569664872E-5,0.019929602552736944,0.0199296244838986,0.20000000298023224,0.0,0.0,0.018819183101938624,0.021040080486639454,0.0,0.0,0.0,0.0,-0.0,-0.0,0.0
18.634269,0.0,0.0,0.20000000298023227,2.9566182569664872E-5,0.019929602552736944,0.0199296244838986,0.20000000298023224,0.0,0.0,0.018819183101938624,0.021040080486639454,0.0,0.0,0.0,0.0,-0.0,-0.0,0.0
18.654259,0.0,0.0,0.20000000298023227,2.9566182569664872E-5,0.019929602552736944,0.0199296244838986,0.20000000298023224,0.0,0.0,0.018819183101938624,0.021040080486639454,0.0,0.0,0.0,0.0,-0.0,-0.0,0.0
18.674302,0.0,0.0,0.20000000298023227,2.9566182569664872E-5,0.019929602552736944,0.0199296244838986,0.1899999976158142,0.0,0.0,0.018819183101938624,0.021040080486639454,0.0,0.0,0.0,0.0,-0.0,-0.0,0.0
18.694454,0.0,0.0,0.18999999761581424,2.9566182569664872E-5,0.019929602552736944,0.0199296244838986,0.1899999976158142,0.0,0.0,0.018819183101938624,0.021040080486639454,0.0,0.0,0.0,0.0,-0.0,-0.0,0.0
18.714233,0.0,0.0,0.18999999761581424,2.9566182569664872E-5,0.019929602552736944,0.0199296244838986,0.1899999976158142,0.0,0.0,0.018819183101938624,0.021040080486639454,0.0,0.0,0.0,0.0,-0.0,-0.0,0.0
18.7348,0.0,0.0,0.18999999761581424,2.9566182569664872E-5,0.019929602552736944,0.0199296244838986,0.1899999976158142,0.0,0.0,0.018819183101938624,0.021040080486639454,0.0,0.0,0.0,0.0,-0.0,-0.0,0.0
18.75421,0.0,0.0,0.18999999761581424,2.9566182569664872E-5,0.019929602552736944,0.0199296244838986,0.1899999976158142,0.0,0.0,0.018819183101938624,0.021040080486639454,0.0,0.0,0.0,0.0,-0.0,-0.0,0.0
18.774021,0.0,0.0,0.18999999761581424,2.9566182569664872E-5,0.019929602552736944,0.0199296244838986,0.1899999976158142,0.0,0.0,0.018819183101938624,0.021040080486639454,0.0,0.0,0.0,0.0,-0.0,-0.0,0.0
18.794655,0.0,0.0,0.18999999761581424,2.9566182569664872E-5,0.019929602552736944,0.0199296244838986,0.1899999976158142,0.0,0.0,0.018819183101938624,0.021040080486639454,0.0,0.0,0.0,0.0,-0.0,-0.0,0.0
18.814949,0.0,0.0,0.18999999761581424,2.9566182569664872E-5,0.019929602552736944,0.0199296244838986,0.1899999976158142,0.0,0.0,0.018819183101938624,0.021040080486639454,0.0,0.0,0.0,0.0,-0.0,-0.0,0.0
18.834812,0.0,0.0,0.18999999761581424,2.9566182569664872E-5,0.019929602552736944,0.0199296244838986,0.1899999976158142,0.0,0.0,0.018819183101938624,0.021040080486639454,0.0,0.0,0.0,0.0,-0.0,-0.0,0.0
18.854631,0.0,0.0,0.18999999761581424,2.9566182569664872E-5,0.019929602552736944,0.0199296244838986,0.1899999976158142,0.0,0.0,0.018819183101938624,0.021040080486639454,0.0,0.0,0.0,0.0,-0.0,-0.0,0.0
18.874255,0.0,0.0,0.18999999761581424,2.9566182569664872E-5,0.019929602552736944,0.0199296244838986,0.1899999976158142,0.0,0.0,0.018819183101938624,0.021040080486639454,0.0,0.0,0.0,0.0,-0.0,-0.0,0.0
18.894101,0.0,0.0,0.18999999761581424,2.9566182569664872E-5,0.019929602552736944,0.0199296244838986,0.1899999976158142,0.0,0.0,0.018819183101938624,0.021040080486639454,0.0,0.0,0.0,0.0,-0.0,-0.0,0.0
18.914324,0.0,0.0,0.18999999761581424,2.9566182569664872E-5,0.019929602552736944,0.0199296244838986,0.1899999976158142,0.0,0.0,0.018819183101938624,0.021040080486639454,0.0,0.0,0.0,0.0,-0.0,-0.0,0.0
18.952711,0.0,0.0,0.18999999761581424,2.9566182569664872E-5,0.019929602552736944,0.0199296244838986,0.1899999976158142,0.0,0.0,0.018819183101938624,0.021040080486639454,0.0,0.0,0.0,0.0,-0.0,-0.0,0.0
18.970471,0.0,0.0,0.18999999761581424,2.9566182569664872E-5,0.019929602552736944,0.0199296244838986,0.1899999976158142,0.0,0.0,0.018819183101938624,0.021040080486639454,0.0,0.0,0.0,0.0,-0.0,-0.0,0.0
18.97962,0.0,0.0,0.18999999761581424,2.9566182569664872E-5,0.019929602552736944,0.0199296244838986,0.1899999976158142,0.0,0.0,0.018819183101938624,0.021040080486639454,0.0,0.0,0.0,0.0,-0.0,-0.0,0.0
18.996071,0.0,0.0,0.20000000298023227,2.9566182569664872E-5,0.019929602552736944,0.0199296244838986,0.20000000298023224,0.0,0.0,0.018819183101938624,0.021040080486639454,0.0,0.0,0.0,0.0,-0.0,-0.0,0.0
19.014215,0.0,0.0,0.20000000298023227,2.9566182569664872E-5,0.019929602552736944,0.0199296244838986,0.1899999976158142,0.0,0.0,0.018819183101938624,0.021040080486639454,0.0,0.0,0.0,0.0,-0.0,-0.0,0.0
19.034142,0.0,0.0,0.18999999761581424,2.9566182569664872E-5,0.019929602552736944,0.0199296244838986,0.20000000298023224,0.0,0.0,0.018819183101938624,0.021040080486639454,0.0,0.0,0.0,0.0,-0.0,-0.0,0.0
19.054165,0.0,0.0,0.20000000298023227,2.9566182569664872E-5,0.019929602552736944,0.0199296244838986,0.20000000298023224,0.0,0.0,0.018819183101938624,0.021040080486639454,0.0,0.0,0.0,0.0,-0.0,-0.0,0.0
19.074635,0.0,0.0,0.20000000298023227,2.9566182569664872E-5,0.019929602552736944,0.0199296244838986,0.1899999976158142,0.0,0.0,0.018819183101938624,0.021040080486639454,0.0,0.0,0.0,0.0,-0.0,-0.0,0.0
19.094265,0.0,0.0,0.18999999761581424,2.9566182569664872E-5,0.019929602552736944,0.0199296244838986,0.20000000298023224,0.0,0.0,0.018819183101938624,0.021040080486639454,0.0,0.0,0.0,0.0,-0.0,-0.0,0.0
19.114369,0.0,0.0,0.20000000298023227,2.9566182569664872E-5,0.019929602552736944,0.0199296244838986,0.20000000298023224,0.0,0.0,0.018819183101938624,0.021040080486639454,0.0,0.0,0.0,0.0,-0.0,-0.0,0.0
19.13414,0.0,0.0,0.20000000298023227,2.9566182569664872E-5,0.019929602552736944,0.0199296244838986,0.20000000298023224,0.0,0.0,0.018819183101938624,0.021040080486639454,0.0,0.0,0.0,0.0,-0.0,-0.0,0.0
19.154218,0.0,0.0,0.20000000298023227,2.9566182569664872E-5,0.019929602552736944,0.0199296244838986,0.20000000298023224,0.0,0.0,0.018819183101938624,0.021040080486639454,0.0,0.0,0.0,0.0,-0.0,-0.0,0.0
19.174144,0.0,0.0,0.20000000298023227,2.9566182569664872E-5,0.019929602552736944,0.0199296244838986,0.20000000298023224,0.0,0.0,0.018819183101938624,0.021040080486639454,0.0,0.0,0.0,0.0,-0.0,-0.0,0.0
19.194525,0.0,0.0,0.20000000298023227,2.9566182569664872E-5,0.019929602552736944,0.0199296244838986,0.20000000298023224,0.0,0.0,0.018819183101938624,0.021040080486639454,0.0,0.0,0.0,0.0,-0.0,-0.0,0.0
19.214326,0.0,0.0,0.20000000298023227,2.9566182569664872E-5,0.019929602552736944,0.0199296244838986,0.20000000298023224,0.0,0.0,0.018819183101938624,0.021040080486639454,0.0,0.0,0.0,0.0,-0.0,-0.0,0.0
19.2353,0.0,0.0,0.20000000298023227,2.9566182569664872E-5,0.019929602552736944,0.0199296244838986,0.20000000298023224,0.0,0.0,0.018819183101938624,0.021040080486639454,0.0,0.0,0.0,0.0,-0.0,-0.0,0.0
19.254118,0.0,0.0,0.20000000298023227,2.9566182569664872E-5,0.019929602552736944,0.0199296244838986,0.20000000298023224,0.0,0.0,0.018819183101938624,0.021040080486639454,0.0,0.0,0.0,0.0,-0.0,-0.0,0.0
19.274778,0.0,0.0,0.20000000298023227,2.9566182569664872E-5,0.019929602552736944,0.0199296244838986,0.20000000298023224,0.0,0.0,0.018819183101938624,0.021040080486639454,0.0,0.0,0.0,0.0,-0.0,-0.0,0.0
19.294392,0.0,0.0,0.20000000298023227,2.9566182569664872E-5,0.019929602552736944,0.0199296244838986,0.20000000298023224,0.0,0.0,0.018819183101938624,0.021040080486639454,0.0,0.0,0.0,0.0,-0.0,-0.0,0.0
19.314163,0.0,0.0,0.20000000298023227,2.9566182569664872E-5,0.019929602552736944,0.0199296244838986,0.20000000298023224,0.0,0.0,0.018819183101938624,0.021040080486639454,0.0,0.0,0.0,0.0,-0.0,-0.0,0.0
19.334935,0.0,0.0,0.20000000298023227,2.9566182569664872E-5,0.019929602552736944,0.0199296244838986,0.20000000298023224,0.0,0.0,0.018819183101938624,0.021040080486639454,0.0,0.0,0.0,0.0,-0.0,-0.0,0.0
19.354277,0.0,0.0,0.20000000298023227,2.9566182569664872E-5,0.019929602552736944,0.0199296244838986,0.20000000298023224,0.0,0.0,0.018819183101938624,0.021040080486639454,0.0,0.0,0.0,0.0,-0.0,-0.0,0.0
19.374394,0.0,0.0,0.20000000298023227,2.9566182569664872E-5,0.019929602552736944,0.0199296244838986,0.20000000298023224,0.0,0.0,0.018819183101938624,0.021040080486639454,0.0,0.0,0.0,0.0,-0.0,-0.0,0.0
19.395139,0.0,0.0,0.20000000298023227,2.9566182569664872E-5,0.019929602552736944,0.0199296244838986,0.20000000298023224,0.0,0.0,0.018819183101938624,0.021040080486639454,0.0,0.0,0.0,0.0,-0.0,-0.0,0.0
19.414315,0.0,0.0,0.20000000298023227,2.9566182569664872E-5,0.019929602552736944,0.0199296244838986,0.20000000298023224,0.0,0.0,0.018819183101938624,0.021040080486639454,0.0,0.0,0.0,0.0,-0.0,-0.0,0.0
19.434189,0.0,0.0,0.20000000298023227,2.9566182569664872E-5,0.019929602552736944,0.0199296244838986,0.20000000298023224,0.0,0.0,0.018819183101938624,0.021040080486639454,0.0,0.0,0.0,0.0,-0.0,-0.0,0.0
19.454449,0.0,0.0,0.20000000298023227,2.9566182569664872E-5,0.019929602552736944,0.0199296244838986,0.20000000298023224,0.0,0.0,0.018819183101938624,0.021040080486639454,0.0,0.0,0.0,0.0,-0.0,-0.0,0.0
19.480276,0.0,0.0,0.20000000298023227,2.9566182569664872E-5,0.019929602552736944,0.0199296244838986,0.20000000298023224,0.0,0.0,0.018819183101938624,0.021040080486639454,0.0,0.0,0.0,0.0,-0.0,-0.0,0.0
19.497208,0.0,0.0,0.20000000298023227,2.9566182569664872E-5,0.019929602552736944,0.0199296244838986,0.20000000298023224,0.0,0.0,0.018819183101938624,0.021040080486639454,0.0,0.0,0.0,0.0,-0.0,-0.0,0.0
19.515326,0.0,0.0,0.20000000298023227,2.9566182569664872E-5,0.019929602552736944,0.0199296244838986,0.20000000298023224,0.0,0.0,0.018819183101938624,0.021040080486639454,0.0,0.0,0.0,0.0,-0.0,-0.0,0.0
19.534282,0.0,0.0,0.20000000298023227,2.9566182569664872E-5,0.019929602552736944,0.0199296244838986,0.20000000298023224,0.0,0.0,0.018819183101938624,0.021040080486639454,0.0,0.0,0.0,0.0,-0.0,-0.0,0.0
19.554095,0.0,0.0,0.20000000298023227,2.9566182569664872E-5,0.019929602552736944,0.0199296244838986,0.20000000298023224,0.0,0.0,0.018819183101938624,0.021040080486639454,0.0,0.0,0.0,0.0,-0.0,-0.0,0.0
19.574693,0.0,0.0,0.20000000298023227,2.9566182569664872E-5,0.019929602552736944,0.0199296244838986,0.20000000298023224,0.0,0.0,0.018819183101938624,0.021040080486639454,0.0,0.0,0.0,0.0,-0.0,-0.0,0.0
19.594443,0.0,0.0,0.20000000298023227,2.9566182569664872E-5,0.019929602552736944,0.0199296244838986,0.20000000298023224,0.0,0.0,0.018819183101938624,0.021040080486639454,0.0,0.0,0.0,0.0,-0.0,-0.0,0.0
19.614084,0.0,0.0,0.20000000298023227,2.9566182569664872E-5,0.019929602552736944,0.0199296244838986,0.20999999344348907,0.0,0.0,0.018819183101938624,0.021040080486639454,0.0,0.0,0.0,0.0,-0.0,-0.0,0.0
19.634392,0.0,0.0,0.20999999344348905,2.9566182569664872E-5,0.019929602552736944,0.0199296244838986,0.20000000298023224,0.0,0.0,0.018819183101938624,0.021040080486639454,0.0,0.0,0.0,0.0,-0.0,-0.0,0.0
19.654474,0.0,0.0,0.20000000298023227,2.9566182569664872E-5,0.019929602552736944,0.0199296244838986,0.20000000298023224,0.0,0.0,0.018819183101938624,0.021040080486639454,0.0,0.0,0.0,0.0,-0.0,-0.0,0.0
19.674163,0.0,0.0,0.20000000298023227,2.9566182569664872E-5,0.019929602552736944,0.0199296244838986,0.20000000298023224,0.0,0.0,0.018819183101938624,0.021040080486639454,0.0,0.0,0.0,0.0,-0.0,-0.0,0.0
19.694495,0.0,0.0,0.20000000298023227,2.9566182569664872E-5,0.019929602552736944,0.0199296244838986,0.20000000298023224,0.0,0.0,0.018819183101938624,0.021040080486639454,0.0,0.0,0.0,0.0,-0.0,-0.0,0.0
19.714518,0.0,0.0,0.20000000298023227,2.9566182569664872E-5,0.019929602552736944,0.0199296244838986,0.20999999344348907,0.0,0.0,0.018819183101938624,0.021040080486639454,0.0,0.0,0.0,0.0,-0.0,-0.0,0.0
19.733977,0.0,0.0,0.20999999344348905,2.9566182569664872E-5,0.019929602552736944,0.0199296244838986,0.20999999344348907,0.0,0.0,0.018819183101938624,0.021040080486639454,0.0,0.0,0.0,0.0,-0.0,-0.0,0.0
19.754159,0.0,0.0,0.20999999344348905,2.9566182569664872E-5,0.019929602552736944,0.0199296244838986,0.20999999344348907,0.0,0.0,0.018819183101938624,0.021040080486639454,0.0,0.0,0.0,0.0,-0.0,-0.0,0.0
19.774112,0.0,0.0,0.20999999344348905,2.9566182569664872E-5,0.019929602552736944,0.0199296244838986,0.20999999344348907,0.0,0.0,0.018819183101938624,0.021040080486639454,0.0,0.0,0.0,0.0,-0.0,-0.0,0.0
19.794456,0.0,0.0,0.20999999344348905,2.9566182569664872E-5,0.019929602552736944,0.0199296244838986,0.20999999344348907,0.0,0.0,0.018819183101938624,0.021040080486639454,0.0,0.0,0.0,0.0,-0.0,-0.0,0.0
19.815488,0.0,0.0,0.20999999344348905,2.9566182569664872E-5,0.019929602552736944,0.0199296244838986,0.20999999344348907,0.0,0.0,0.018819183101938624,0.021040080486639454,0.0,0.0,0.0,0.0,-0.0,-0.0,0.0
19.834257,0.0,0.0,0.20999999344348905,2.9566182569664872E-5,0.019929602552736944,0.0199296244838986,0.20999999344348907,0.0,0.0,0.018819183101938624,0.021040080486639454,0.0,0.0,0.0,0.0,-0.0,-0.0,0.0
19.85423,0.0,0.0,0.20999999344348905,2.9566182569664872E-5,0.019929602552736944,0.0199296244838986,0.20999999344348907,0.0,0.0,0.018819183101938624,0.021040080486639454,0.0,0.0,0.0,0.0,-0.0,-0.0,0.0
19.87418,0.0,0.0,0.20999999344348905,2.9566182569664872E-5,0.019929602552736944,0.0199296244838986,0.20999999344348907,0.0,0.0,0.018819183101938624,0.021040080486639454,0.0,0.0,0.0,0.0,-0.0,-0.0,0.0
19.895682,0.0,0.0,0.20999999344348905,2.9566182569664872E-5,0.019929602552736944,0.0199296244838986,0.20999999344348907,0.0,0.0,0.018819183101938624,0.021040080486639454,0.0,0.0,0.0,0.0,-0.0,-0.0,0.0
19.914159,0.0,0.0,0.20999999344348905,2.9566182569664872E-5,0.019929602552736944,0.0199296244838986,0.20999999344348907,0.0,0.0,0.018819183101938624,0.021040080486639454,0.0,0.0,0.0,0.0,-0.0,-0.0,0.0
19.934078,0.0,0.0,0.20999999344348905,2.9566182569664872E-5,0.019929602552736944,0.0199296244838986,0.20999999344348907,0.0,0.0,0.018819183101938624,0.021040080486639454,0.0,0.0,0.0,0.0,-0.0,-0.0,0.0
19.954296,0.0,0.0,0.20999999344348905,2.9566182569664872E-5,0.019929602552736944,0.0199296244838986,0.20999999344348907,0.0,0.0,0.018819183101938624,0.021040080486639454,0.0,0.0,0.0,0.0,-0.0,-0.0,0.0
19.974191,0.0,0.0,0.20999999344348905,2.9566182569664872E-5,0.019929602552736944,0.0199296244838986,0.20999999344348907,0.0,0.0,0.018819183101938624,0.021040080486639454,0.0,0.0,0.0,0.0,-0.0,-0.0,0.0
19.994534,0.0,0.0,0.20999999344348905,2.9566182569664872E-5,0.019929602552736944,0.0199296244838986,0.20999999344348907,0.0,0.0,0.018819183101938624,0.021040080486639454,0.0,0.0,0.0,0.0,-0.0,-0.0,0.0
20.014459,0.0,0.0,0.20999999344348905,2.9566182569664872E-5,0.019929602552736944,0.0199296244838986,0.20999999344348907,0.0,0.0,0.018819183101938624,0.021040080486639454,0.0,0.0,0.0,0.0,-0.0,-0.0,0.0
20.034044,0.0,0.0,0.20999999344348905,2.9566182569664872E-5,0.019929602552736944,0.0199296244838986,0.20999999344348907,0.0,0.0,0.018819183101938624,0.021040080486639454,0.0,0.0,0.0,0.0,-0.0,-0.0,0.0
20.054096,0.0,0.0,0.20999999344348905,2.9566182569664872E-5,0.019929602552736944,0.0199296244838986,0.20999999344348907,0.0,0.0,0.018819183101938624,0.021040080486639454,0.0,0.0,0.0,0.0,-0.0,-0.0,0.0
20.074434,0.0,0.0,0.20999999344348905,2.9566182569664872E-5,0.019929602552736944,0.0199296244838986,0.20999999344348907,0.0,0.0,0.018819183101938624,0.021040080486639454,0.0,0.0,0.0,0.0,-0.0,-0.0,0.0
20.094519,0.0,0.0,0.20999999344348905,2.9566182569664872E-5,0.019929602552736944,0.0199296244838986,0.20999999344348907,0.0,0.0,0.018819183101938624,0.021040080486639454,0.0,0.0,0.0,0.0,-0.0,-0.0,0.0
20.114204,0.0,0.0,0.20999999344348905,2.9566182569664872E-5,0.019929602552736944,0.0199296244838986,0.20999999344348907,0.0,0.0,0.018819183101938624,0.021040080486639454,0.0,0.0,0.0,0.0,-0.0,-0.0,0.0
20.134285,0.0,0.0,0.20999999344348905,2.9566182569664872E-5,0.019929602552736944,0.0199296244838986,0.20999999344348907,0.0,0.0,0.018819183101938624,0.021040080486639454,0.0,0.0,0.0,0.0,-0.0,-0.0,0.0
20.153955,0.0,0.0,0.20999999344348905,2.9566182569664872E-5,0.019929602552736944,0.0199296244838986,0.20999999344348907,0.0,0.0,0.018819183101938624,0.021040080486639454,0.0,0.0,0.0,0.0,-0.0,-0.0,0.0
20.178709,0.0,0.0,0.20999999344348905,2.9566182569664872E-5,0.019929602552736944,0.0199296244838986,0.20999999344348907,0.0,0.0,0.018819183101938624,0.021040080486639454,0.0,0.0,0.0,0.0,-0.0,-0.0,0.0
20.194976,0.0,0.0,0.20999999344348905,2.9566182569664872E-5,0.019929602552736944,0.0199296244838986,0.20999999344348907,0.0,0.0,0.018819183101938624,0.021040080486639454,0.0,0.0,0.0,0.0,-0.0,-0.0,0.0
20.214024,0.0,0.0,0.20999999344348905,2.9566182569664872E-5,0.019929602552736944,0.0199296244838986,0.20999999344348907,0.0,0.0,0.018819183101938624,0.021040080486639454,0.0,0.0,0.0,0.0,-0.0,-0.0,0.0
20.233913,0.0,0.0,0.20999999344348905,2.9566182569664872E-5,0.019929602552736944,0.0199296244838986,0.20999999344348907,0.0,0.0,0.018819183101938624,0.021040080486639454,0.0,0.0,0.0,0.0,-0.0,-0.0,0.0
20.254888,0.0,0.0,0.20999999344348905,2.9566182569664872E-5,0.019929602552736944,0.0199296244838986,0.20999999344348907,0.0,0.0,0.018819183101938624,0.021040080486639454,0.0,0.0,0.0,0.0,-0.0,-0.0,0.0
20.27376,0.0,0.0,0.20999999344348905,2.9566182569664872E-5,0.019929602552736944,0.0199296244838986,0.20999999344348907,0.0,0.0,0.018819183101938624,0.021040080486639454,0.0,0.0,0.0,0.0,-0.0,-0.0,0.0
20.294215,0.0,0.0,0.20999999344348905,2.9566182569664872E-5,0.019929602552736944,0.0199296244838986,0.20999999344348907,0.0,0.0,0.018819183101938624,0.021040080486639454,0.0,0.0,0.0,0.0,-0.0,-0.0,0.0
20.313967,0.0,0.0,0.20999999344348905,2.9566182569664872E-5,0.019929602552736944,0.0199296244838986,0.20999999344348907,0.0,0.0,0.018819183101938624,0.021040080486639454,0.0,0.0,0.0,0.0,-0.0,-0.0,0.0
20.334,0.0,0.0,0.20999999344348905,2.9566182569664872E-5,0.019929602552736944,0.0199296244838986,0.20999999344348907,0.0,0.0,0.018819183101938624,0.021040080486639454,0.0,0.0,0.0,0.0,-0.0,-0.0,0.0
20.35381,0.0,0.0,0.20999999344348905,2.9566182569664872E-5,0.019929602552736944,0.0199296244838986,0.20999999344348907,0.0,0.0,0.018819183101938624,0.021040080486639454,0.0,0.0,0.0,0.0,-0.0,-0.0,0.0
20.374068,0.0,0.0,0.20999999344348905,2.9566182569664872E-5,0.019929602552736944,0.0199296244838986,0.20999999344348907,0.0,0.0,0.018819183101938624,0.021040080486639454,0.0,0.0,0.0,0.0,-0.0,-0.0,0.0
20.394299,0.0,0.0,0.20999999344348905,2.9566182569664872E-5,0.019929602552736944,0.0199296244838986,0.20999999344348907,0.0,0.0,0.018819183101938624,0.021040080486639454,0.0,0.0,0.0,0.0,-0.0,-0.0,0.0
20.413979,0.0,0.0,0.20999999344348905,2.9566182569664872E-5,0.019929602552736944,0.0199296244838986,0.20999999344348907,0.0,0.0,0.018819183101938624,0.021040080486639454,0.0,0.0,0.0,0.0,-0.0,-0.0,0.0
20.433999,0.0,0.0,0.20999999344348905,2.9566182569664872E-5,0.019929602552736944,0.0199296244838986,0.20999999344348907,0.0,0.0,0.018819183101938624,0.021040080486639454,0.0,0.0,0.0,0.0,-0.0,-0.0,0.0
20.454209,0.0,0.0,0.20999999344348905,2.9566182569664872E-5,0.019929602552736944,0.0199296244838986,0.20999999344348907,0.0,0.0,0.018819183101938624,0.021040080486639454,0.0,0.0,0.0,0.0,-0.0,-0.0,0.0
20.474008,0.0,0.0,0.20999999344348905,2.9566182569664872E-5,0.019929602552736944,0.0199296244838986,0.20999999344348907,0.0,0.0,0.018819183101938624,0.021040080486639454,0.0,0.0,0.0,0.0,-0.0,-0.0,0.0
20.495789,0.0,0.0,0.20999999344348905,2.9566182569664872E-5,0.019929602552736944,0.0199296244838986,0.20999999344348907,0.0,0.0,0.018819183101938624,0.021040080486639454,0.0,0.0,0.0,0.0,-0.0,-0.0,0.0
20.514205,0.0,0.0,0.20999999344348905,2.9566182569664872E-5,0.019929602552736944,0.0199296244838986,0.20999999344348907,0.0,0.0,0.018819183101938624,0.021040080486639454,0.0,0.0,0.0,0.0,-0.0,-0.0,0.0
20.534007,0.0,0.0,0.20999999344348905,2.9566182569664872E-5,0.019929602552736944,0.0199296244838986,0.20999999344348907,0.0,0.0,0.018819183101938624,0.021040080486639454,0.0,0.0,0.0,0.0,-0.0,-0.0,0.0
20.554194,0.0,0.0,0.20999999344348905,2.9566182569664872E-5,0.019929602552736944,0.0199296244838986,0.20999999344348907,0.0,0.0,0.018819183101938624,0.021040080486639454,0.0,0.0,0.0,0.0,-0.0,-0.0,0.0
20.573932,0.0,0.0,0.20999999344348905,2.9566182569664872E-5,0.019929602552736944,0.0199296244838986,0.20999999344348907,0.0,0.0,0.018819183101938624,0.021040080486639454,0.0,0.0,0.0,0.0,-0.0,-0.0,0.0
20.594419,0.0,0.0,0.20999999344348905,2.9566182569664872E-5,0.019929602552736944,0.0199296244838986,0.20999999344348907,0.0,0.0,0.018819183101938624,0.021040080486639454,0.0,0.0,0.0,0.0,-0.0,-0.0,0.0
20.613861,0.0,0.0,0.20999999344348905,2.9566182569664872E-5,0.019929602552736944,0.0199296244838986,0.20999999344348907,0.0,0.0,0.018819183101938624,0.021040080486639454,0.0,0.0,0.0,0.0,-0.0,-0.0,0.0
20.633891,0.0,0.0,0.20999999344348905,2.9566182569664872E-5,0.019929602552736944,0.0199296244838986,0.20999999344348907,0.0,0.0,0.018819183101938624,0.021040080486639454,0.0,0.0,0.0,0.0,-0.0,-0.0,0.0
20.653953,0.0,0.0,0.20999999344348905,2.9566182569664872E-5,0.019929602552736944,0.0199296244838986,0.20999999344348907,0.0,0.0,0.018819183101938624,0.021040080486639454,0.0,0.0,0.0,0.0,-0.0,-0.0,0.0
20.67395,0.0,0.0,0.20999999344348905,2.9566182569664872E-5,0.019929602552736944,0.0199296244838986,0.20999999344348907,0.0,0.0,0.018819183101938624,0.021040080486639454,0.0,0.0,0.0,0.0,-0.0,-0.0,0.0
20.694159,0.0,0.0,0.20999999344348905,2.9566182569664872E-5,0.019929602552736944,0.0199296244838986,0.20999999344348907,0.0,0.0,0.018819183101938624,0.021040080486639454,0.0,0.0,0.0,0.0,-0.0,-0.0,0.0
20.71388,0.0,0.0,0.20999999344348905,2.9566182569664872E-5,0.019929602552736944,0.0199296244838986,0.20999999344348907,0.0,0.0,0.018819183101938624,0.021040080486639454,0.0,0.0,0.0,0.0,-0.0,-0.0,0.0
20.734066,0.0,0.0,0.20999999344348905,2.9566182569664872E-5,0.019929602552736944,0.0199296244838986,0.20999999344348907,0.0,0.0,0.018819183101938624,0.021040080486639454,0.0,0.0,0.0,0.0,-0.0,-0.0,0.0
20.753968,0.0,0.0,0.20999999344348905,2.9566182569664872E-5,0.019929602552736944,0.0199296244838986,0.20999999344348907,0.0,0.0,0.018819183101938624,0.021040080486639454,0.0,0.0,0.0,0.0,-0.0,-0.0,0.0
20.774042,0.0,0.0,0.20999999344348905,2.9566182569664872E-5,0.019929602552736944,0.0199296244838986,0.20999999344348907,0.0,0.0,0.018819183101938624,0.021040080486639454,0.0,0.0,0.0,0.0,-0.0,-0.0,0.0
20.797351,0.0,0.0,0.20999999344348905,2.9566182569664872E-5,0.019929602552736944,0.0199296244838986,0.20999999344348907,0.0,0.0,0.018819183101938624,0.021040080486639454,0.0,0.0,0.0,0.0,-0.0,-0.0,0.0
20.816316,0.0,0.0,0.20999999344348905,2.9566182569664872E-5,0.019929602552736944,0.0199296244838986,0.20999999344348907,0.0,0.0,0.018819183101938624,0.021040080486639454,0.0,0.0,0.0,0.0,-0.0,-0.0,0.0
20.834141,0.0,0.0,0.20999999344348905,2.9566182569664872E-5,0.019929602552736944,0.0199296244838986,0.20999999344348907,0.0,0.0,0.018819183101938624,0.021040080486639454,0.0,0.0,0.0,0.0,-0.0,-0.0,0.0
20.853782,0.0,0.0,0.20999999344348905,2.9566182569664872E-5,0.019929602552736944,0.0199296244838986,0.20999999344348907,0.0,0.0,0.018819183101938624,0.021040080486639454,0.0,0.0,0.0,0.0,-0.0,-0.0,0.0
20.87368,0.0,0.0,0.20999999344348905,2.9566182569664872E-5,0.019929602552736944,0.0199296244838986,0.20999999344348907,0.0,0.0,0.018819183101938624,0.021040080486639454,0.0,0.0,0.0,0.0,-0.0,-0.0,0.0
20.894181,0.0,0.0,0.20999999344348905,2.9566182569664872E-5,0.019929602552736944,0.0199296244838986,0.20999999344348907,0.0,0.0,0.018819183101938624,0.021040080486639454,0.0,0.0,0.0,0.0,-0.0,-0.0,0.0
20.913755,0.0,0.0,0.20999999344348905,2.9566182569664872E-5,0.019929602552736944,0.0199296244838986,0.2199999988079071,0.0,0.0,0.018819183101938624,0.021040080486639454,0.0,0.0,0.0,0.0,-0.0,-0.0,0.0
20.933446,0.0,0.0,0.2199999988079071,2.9566182569664872E-5,0.019929602552736944,0.0199296244838986,0.2199999988079071,0.0,0.0,0.018819183101938624,0.021040080486639454,0.0,0.0,0.0,0.0,-0.0,-0.0,0.0
20.953953,0.0,0.0,0.2199999988079071,2.9566182569664872E-5,0.019929602552736944,0.0199296244838986,0.2199999988079071,0.0,0.0,0.018819183101938624,0.021040080486639454,0.0,0.0,0.0,0.0,-0.0,-0.0,0.0
20.973723,0.0,0.0,0.2199999988079071,2.9566182569664872E-5,0.019929602552736944,0.0199296244838986,0.2199999988079071,0.0,0.0,0.018819183101938624,0.021040080486639454,0.0,0.0,0.0,0.0,-0.0,-0.0,0.0
20.994116,0.0,0.0,0.2199999988079071,2.9566182569664872E-5,0.019929602552736944,0.0199296244838986,0.2199999988079071,0.0,0.0,0.018819183101938624,0.021040080486639454,0.0,0.0,0.0,0.0,-0.0,-0.0,0.0
21.013803,0.0,0.0,0.2199999988079071,2.9566182569664872E-5,0.019929602552736944,0.0199296244838986,0.2199999988079071,0.0,0.0,0.018819183101938624,0.021040080486639454,0.0,0.0,0.0,0.0,-0.0,-0.0,0.0
21.034241,0.0,0.0,0.2199999988079071,2.9566182569664872E-5,0.019929602552736944,0.0199296244838986,0.2199999988079071,0.0,0.0,0.018819183101938624,0.021040080486639454,0.0,0.0,0.0,0.0,-0.0,-0.0,0.0
21.054005,0.0,0.0,0.2199999988079071,2.9566182569664872E-5,0.019929602552736944,0.0199296244838986,0.2199999988079071,0.0,0.0,0.018819183101938624,0.021040080486639454,0.0,0.0,0.0,0.0,-0.0,-0.0,0.0
21.073799,0.0,0.0,0.2199999988079071,2.9566182569664872E-5,0.019929602552736944,0.0199296244838986,0.2199999988079071,0.0,0.0,0.018819183101938624,0.021040080486639454,0.0,0.0,0.0,0.0,-0.0,-0.0,0.0
21.094032,0.0,0.0,0.2199999988079071,2.9566182569664872E-5,0.019929602552736944,0.0199296244838986,0.2199999988079071,0.0,0.0,0.018819183101938624,0.021040080486639454,0.0,0.0,0.0,0.0,-0.0,-0.0,0.0
21.113782,0.0,0.0,0.2199999988079071,2.9566182569664872E-5,0.019929602552736944,0.0199296244838986,0.2199999988079071,0.0,0.0,0.018819183101938624,0.021040080486639454,0.0,0.0,0.0,0.0,-0.0,-0.0,0.0
21.133799,0.0,0.0,0.2199999988079071,2.9566182569664872E-5,0.019929602552736944,0.0199296244838986,0.2199999988079071,0.0,0.0,0.018819183101938624,0.021040080486639454,0.0,0.0,0.0,0.0,-0.0,-0.0,0.0
21.153705,0.0,0.0,0.2199999988079071,2.9566182569664872E-5,0.019929602552736944,0.0199296244838986,0.2199999988079071,0.0,0.0,0.018819183101938624,0.021040080486639454,0.0,0.0,0.0,0.0,-0.0,-0.0,0.0
21.173658,0.0,0.0,0.2199999988079071,2.9566182569664872E-5,0.019929602552736944,0.0199296244838986,0.2199999988079071,0.0,0.0,0.018819183101938624,0.021040080486639454,0.0,0.0,0.0,0.0,-0.0,-0.0,0.0
21.195477,0.0,0.0,0.2199999988079071,2.9566182569664872E-5,0.019929602552736944,0.0199296244838986,0.2199999988079071,0.0,0.0,0.018819183101938624,0.021040080486639454,0.0,0.0,0.0,0.0,-0.0,-0.0,0.0
21.213812,0.0,0.0,0.2199999988079071,2.9566182569664872E-5,0.019929602552736944,0.0199296244838986,0.2199999988079071,0.0,0.0,0.018819183101938624,0.021040080486639454,0.0,0.0,0.0,0.0,-0.0,-0.0,0.0
21.236893,0.0,0.0,0.2199999988079071,2.9566182569664872E-5,0.019929602552736944,0.0199296244838986,0.2199999988079071,0.0,0.0,0.018819183101938624,0.021040080486639454,0.0,0.0,0.0,0.0,-0.0,-0.0,0.0
21.253645,0.0,0.0,0.2199999988079071,2.9566182569664872E-5,0.019929602552736944,0.0199296244838986,0.2199999988079071,0.0,0.0,0.018819183101938624,0.021040080486639454,0.0,0.0,0.0,0.0,-0.0,-0.0,0.0
21.273929,0.0,0.0,0.2199999988079071,2.9566182569664872E-5,0.019929602552736944,0.0199296244838986,0.2199999988079071,0.0,0.0,0.018819183101938624,0.021040080486639454,0.0,0.0,0.0,0.0,-0.0,-0.0,0.0
21.293924,0.0,0.0,0.2199999988079071,2.9566182569664872E-5,0.019929602552736944,0.0199296244838986,0.2199999988079071,0.0,0.0,0.018819183101938624,0.021040080486639454,0.0,0.0,0.0,0.0,-0.0,-0.0,0.0
21.313651,0.0,0.0,0.2199999988079071,2.9566182569664872E-5,0.019929602552736944,0.0199296244838986,0.2199999988079071,0.0,0.0,0.018819183101938624,0.021040080486639454,0.0,0.0,0.0,0.0,-0.0,-0.0,0.0
21.333705,0.0,0.0,0.2199999988079071,2.9566182569664872E-5,0.019929602552736944,0.0199296244838986,0.2199999988079071,0.0,0.0,0.018819183101938624,0.021040080486639454,0.0,0.0,0.0,0.0,-0.0,-0.0,0.0
21.353652,0.0,0.0,0.2199999988079071,2.9566182569664872E-5,0.019929602552736944,0.0199296244838986,0.2199999988079071,0.0,0.0,0.018819183101938624,0.021040080486639454,0.0,0.0,0.0,0.0,-0.0,-0.0,0.0
21.37365,0.0,0.0,0.2199999988079071,2.9566182569664872E-5,0.019929602552736944,0.0199296244838986,0.2199999988079071,0.0,0.0,0.018819183101938624,0.021040080486639454,0.0,0.0,0.0,0.0,-0.0,-0.0,0.0
21.394127,0.0,0.0,0.2199999988079071,2.9566182569664872E-5,0.019929602552736944,0.0199296244838986,0.2199999988079071,0.0,0.0,0.018819183101938624,0.021040080486639454,0.0,0.0,0.0,0.0,-0.0,-0.0,0.0
21.413774,0.0,0.0,0.2199999988079071,2.9566182569664872E-5,0.019929602552736944,0.0199296244838986,0.2199999988079071,0.0,0.0,0.018819183101938624,0.021040080486639454,0.0,0.0,0.0,0.0,-0.0,-0.0,0.0
21.43362,0.0,0.0,0.2199999988079071,2.9566182569664872E-5,0.019929602552736944,0.0199296244838986,0.2199999988079071,0.0,0.0,0.018819183101938624,0.021040080486639454,0.0,0.0,0.0,0.0,-0.0,-0.0,0.0
21.453672,0.0,0.0,0.2199999988079071,2.9566182569664872E-5,0.019929602552736944,0.0199296244838986,0.2199999988079071,0.0,0.0,0.018819183101938624,0.021040080486639454,0.0,0.0,0.0,0.0,-0.0,-0.0,0.0
21.473876,0.0,0.0,0.2199999988079071,2.9566182569664872E-5,0.019929602552736944,0.0199296244838986,0.2199999988079071,0.0,0.0,0.018819183101938624,0.021040080486639454,0.0,0.0,0.0,0.0,-0.0,-0.0,0.0
21.497455,0.0,0.0,0.2199999988079071,2.9566182569664872E-5,0.019929602552736944,0.0199296244838986,0.2199999988079071,0.0,0.0,0.018819183101938624,0.021040080486639454,0.0,0.0,0.0,0.0,-0.0,-0.0,0.0
21.514034,0.0,0.0,0.2199999988079071,2.9566182569664872E-5,0.019929602552736944,0.0199296244838986,0.2199999988079071,0.0,0.0,0.018819183101938624,0.021040080486639454,0.0,0.0,0.0,0.0,-0.0,-0.0,0.0
21.533988,0.0,0.0,0.2199999988079071,2.9566182569664872E-5,0.019929602552736944,0.0199296244838986,0.2199999988079071,0.0,0.0,0.018819183101938624,0.021040080486639454,0.0,0.0,0.0,0.0,-0.0,-0.0,0.0
21.553567,0.0,0.0,0.2199999988079071,2.9566182569664872E-5,0.019929602552736944,0.0199296244838986,0.2199999988079071,0.0,0.0,0.018819183101938624,0.021040080486639454,0.0,0.0,0.0,0.0,-0.0,-0.0,0.0
21.573758,0.0,0.0,0.2199999988079071,2.9566182569664872E-5,0.019929602552736944,0.0199296244838986,0.2199999988079071,0.0,0.0,0.018819183101938624,0.021040080486639454,0.0,0.0,0.0,0.0,-0.0,-0.0,0.0
21.593823,0.0,0.0,0.2199999988079071,2.9566182569664872E-5,0.019929602552736944,0.0199296244838986,0.2199999988079071,0.0,0.0,0.018819183101938624,0.021040080486639454,0.0,0.0,0.0,0.0,-0.0,-0.0,0.0
21.613589,0.0,0.0,0.2199999988079071,2.9566182569664872E-5,0.019929602552736944,0.0199296244838986,0.2199999988079071,0.0,0.0,0.018819183101938624,0.021040080486639454,0.0,0.0,0.0,0.0,-0.0,-0.0,0.0
21.633699,0.0,0.0,0.2199999988079071,2.9566182569664872E-5,0.019929602552736944,0.0199296244838986,0.2199999988079071,0.0,0.0,0.018819183101938624,0.021040080486639454,0.0,0.0,0.0,0.0,-0.0,-0.0,0.0
21.653849,0.0,0.0,0.2199999988079071,2.9566182569664872E-5,0.019929602552736944,0.0199296244838986,0.2199999988079071,0.0,0.0,0.018819183101938624,0.021040080486639454,0.0,0.0,0.0,0.0,-0.0,-0.0,0.0
21.673607,0.0,0.0,0.2199999988079071,2.9566182569664872E-5,0.019929602552736944,0.0199296244838986,0.2199999988079071,0.0,0.0,0.018819183101938624,0.021040080486639454,0.0,0.0,0.0,0.0,-0.0,-0.0,0.0
21.693944,0.0,0.0,0.2199999988079071,2.9566182569664872E-5,0.019929602552736944,0.0199296244838986,0.23000000417232513,0.0,0.0,0.018819183101938624,0.021040080486639454,0.0,0.0,0.0,0.0,-0.0,-0.0,0.0
21.713883,0.0,0.0,0.23000000417232508,2.9566182569664872E-5,0.019929602552736944,0.0199296244838986,0.23000000417232513,0.0,0.0,0.018819183101938624,0.021040080486639454,0.0,0.0,0.0,0.0,-0.0,-0.0,0.0
21.733612,0.0,0.0,0.23000000417232508,2.9566182569664872E-5,0.019929602552736944,0.0199296244838986,0.2199999988079071,0.0,0.0,0.018819183101938624,0.021040080486639454,0.0,0.0,0.0,0.0,-0.0,-0.0,0.0
21.753525,0.0,0.0,0.2199999988079071,2.9566182569664872E-5,0.019929602552736944,0.0199296244838986,0.2199999988079071,0.0,0.0,0.018819183101938624,0.021040080486639454,0.0,0.0,0.0,0.0,-0.0,-0.0,0.0
21.773717,0.0,0.0,0.2199999988079071,2.9566182569664872E-5,0.019929602552736944,0.0199296244838986,0.2199999988079071,0.0,0.0,0.018819183101938624,0.021040080486639454,0.0,0.0,0.0,0.0,-0.0,-0.0,0.0
21.793925,0.0,0.0,0.2199999988079071,2.9566182569664872E-5,0.019929602552736944,0.0199296244838986,0.23000000417232513,0.0,0.0,0.018819183101938624,0.021040080486639454,0.0,0.0,0.0,0.0,-0.0,-0.0,0.0
21.813672,0.0,0.0,0.23000000417232508,2.9566182569664872E-5,0.019929602552736944,0.0199296244838986,0.23000000417232513,0.0,0.0,0.018819183101938624,0.021040080486639454,0.0,0.0,0.0,0.0,-0.0,-0.0,0.0
21.833582,0.0,0.0,0.23000000417232508,2.9566182569664872E-5,0.019929602552736944,0.0199296244838986,0.2199999988079071,0.0,0.0,0.018819183101938624,0.021040080486639454,0.0,0.0,0.0,0.0,-0.0,-0.0,0.0
21.853895,0.0,0.0,0.2199999988079071,2.9566182569664872E-5,0.019929602552736944,0.0199296244838986,0.2199999988079071,0.0,0.0,0.018819183101938624,0.021040080486639454,0.0,0.0,0.0,0.0,-0.0,-0.0,0.0
21.873528,0.0,0.0,0.2199999988079071,2.9566182569664872E-5,0.019929602552736944,0.0199296244838986,0.2199999988079071,0.0,0.0,0.018819183101938624,0.021040080486639454,0.0,0.0,0.0,0.0,-0.0,-0.0,0.0
21.894024,0.0,0.0,0.2199999988079071,2.9566182569664872E-5,0.019929602552736944,0.0199296244838986,0.2199999988079071,0.0,0.0,0.018819183101938624,0.021040080486639454,0.0,0.0,0.0,0.0,-0.0,-0.0,0.0
21.91401,0.0,0.0,0.2199999988079071,2.9566182569664872E-5,0.019929602552736944,0.0199296244838986,0.2199999988079071,0.0,0.0,0.018819183101938624,0.021040080486639454,0.0,0.0,0.0,0.0,-0.0,-0.0,0.0
21.933639,0.0,0.0,0.2199999988079071,2.9566182569664872E-5,0.019929602552736944,0.0199296244838986,0.2199999988079071,0.0,0.0,0.018819183101938624,0.021040080486639454,0.0,0.0,0.0,0.0,-0.0,-0.0,0.0
21.953919,0.0,0.0,0.2199999988079071,2.9566182569664872E-5,0.019929602552736944,0.0199296244838986,0.2199999988079071,0.0,0.0,0.018819183101938624,0.021040080486639454,0.0,0.0,0.0,0.0,-0.0,-0.0,0.0
21.973784,0.0,0.0,0.2199999988079071,2.9566182569664872E-5,0.019929602552736944,0.0199296244838986,0.2199999988079071,0.0,0.0,0.018819183101938624,0.021040080486639454,0.0,0.0,0.0,0.0,-0.0,-0.0,0.0
21.993887,0.0,0.0,0.2199999988079071,2.9566182569664872E-5,0.019929602552736944,0.0199296244838986,0.2199999988079071,0.0,0.0,0.018819183101938624,0.021040080486639454,0.0,0.0,0.0,0.0,-0.0,-0.0,0.0
22.013776,0.0,0.0,0.2199999988079071,2.9566182569664872E-5,0.019929602552736944,0.0199296244838986,0.2199999988079071,0.0,0.0,0.018819183101938624,0.021040080486639454,0.0,0.0,0.0,0.0,-0.0,-0.0,0.0
22.033629,0.0,0.0,0.2199999988079071,2.9566182569664872E-5,0.019929602552736944,0.0199296244838986,0.2199999988079071,0.0,0.0,0.018819183101938624,0.021040080486639454,0.0,0.0,0.0,0.0,-0.0,-0.0,0.0
22.053954,0.0,0.0,0.2199999988079071,2.9566182569664872E-5,0.019929602552736944,0.0199296244838986,0.2199999988079071,0.0,0.0,0.018819183101938624,0.021040080486639454,0.0,0.0,0.0,0.0,-0.0,-0.0,0.0
22.073559,0.0,0.0,0.2199999988079071,2.9566182569664872E-5,0.019929602552736944,0.0199296244838986,0.2199999988079071,0.0,0.0,0.018819183101938624,0.021040080486639454,0.0,0.0,0.0,0.0,-0.0,-0.0,0.0
22.094365,0.0,0.0,0.2199999988079071,2.9566182569664872E-5,0.019929602552736944,0.0199296244838986,0.2199999988079071,0.0,0.0,0.018819183101938624,0.021040080486639454,0.0,0.0,0.0,0.0,-0.0,-0.0,0.0
22.113639,0.0,0.0,0.2199999988079071,2.9566182569664872E-5,0.019929602552736944,0.0199296244838986,0.2199999988079071,0.0,0.0,0.018819183101938624,0.021040080486639454,0.0,0.0,0.0,0.0,-0.0,-0.0,0.0
22.133588,0.0,0.0,0.2199999988079071,2.9566182569664872E-5,0.019929602552736944,0.0199296244838986,0.2199999988079071,0.0,0.0,0.018819183101938624,0.021040080486639454,0.0,0.0,0.0,0.0,-0.0,-0.0,0.0
22.153737,0.0,0.0,0.2199999988079071,2.9566182569664872E-5,0.019929602552736944,0.0199296244838986,0.2199999988079071,0.0,0.0,0.018819183101938624,0.021040080486639454,0.0,0.0,0.0,0.0,-0.0,-0.0,0.0
22.173719,0.0,0.0,0.2199999988079071,2.9566182569664872E-5,0.019929602552736944,0.0199296244838986,0.2199999988079071,0.0,0.0,0.018819183101938624,0.021040080486639454,0.0,0.0,0.0,0.0,-0.0,-0.0,0.0
22.194051,0.0,0.0,0.2199999988079071,2.9566182569664872E-5,0.019929602552736944,0.0199296244838986,0.2199999988079071,0.0,0.0,0.018819183101938624,0.021040080486639454,0.0,0.0,0.0,0.0,-0.0,-0.0,0.0
22.213698,0.0,0.0,0.2199999988079071,2.9566182569664872E-5,0.019929602552736944,0.0199296244838986,0.2199999988079071,0.0,0.0,0.018819183101938624,0.021040080486639454,0.0,0.0,0.0,0.0,-0.0,-0.0,0.0
22.233744,0.0,0.0,0.2199999988079071,2.9566182569664872E-5,0.019929602552736944,0.0199296244838986,0.2199999988079071,0.0,0.0,0.018819183101938624,0.021040080486639454,0.0,0.0,0.0,0.0,-0.0,-0.0,0.0
22.253692,0.0,0.0,0.2199999988079071,2.9566182569664872E-5,0.019929602552736944,0.0199296244838986,0.23000000417232513,0.0,0.0,0.018819183101938624,0.021040080486639454,0.0,0.0,0.0,0.0,-0.0,-0.0,0.0
22.273721,0.0,0.0,0.23000000417232508,2.9566182569664872E-5,0.019929602552736944,0.0199296244838986,0.2199999988079071,0.0,0.0,0.018819183101938624,0.021040080486639454,0.0,0.0,0.0,0.0,-0.0,-0.0,0.0
22.293885,0.0,0.0,0.2199999988079071,2.9566182569664872E-5,0.019929602552736944,0.0199296244838986,0.2199999988079071,0.0,0.0,0.018819183101938624,0.021040080486639454,0.0,0.0,0.0,0.0,-0.0,-0.0,0.0
22.313451,0.0,0.0,0.2199999988079071,2.9566182569664872E-5,0.019929602552736944,0.0199296244838986,0.2199999988079071,0.0,0.0,0.018819183101938624,0.021040080486639454,0.0,0.0,0.0,0.0,-0.0,-0.0,0.0
22.33371,0.0,0.0,0.2199999988079071,2.9566182569664872E-5,0.019929602552736944,0.0199296244838986,0.23000000417232513,0.0,0.0,0.018819183101938624,0.021040080486639454,0.0,0.0,0.0,0.0,-0.0,-0.0,0.0
22.35364,0.0,0.0,0.23000000417232508,2.9566182569664872E-5,0.019929602552736944,0.0199296244838986,0.23000000417232513,0.0,0.0,0.018819183101938624,0.021040080486639454,0.0,0.0,0.0,0.0,-0.0,-0.0,0.0
22.373512,0.0,0.0,0.23000000417232508,2.9566182569664872E-5,0.019929602552736944,0.0199296244838986,0.23000000417232513,0.0,0.0,0.018819183101938624,0.021040080486639454,0.0,0.0,0.0,0.0,-0.0,-0.0,0.0
22.393983,0.0,0.0,0.23000000417232508,2.9566182569664872E-5,0.019929602552736944,0.0199296244838986,0.23000000417232513,0.0,0.0,0.018819183101938624,0.021040080486639454,0.0,0.0,0.0,0.0,-0.0,-0.0,0.0
22.413464,0.0,0.0,0.23000000417232508,2.9566182569664872E-5,0.019929602552736944,0.0199296244838986,0.23000000417232513,0.0,0.0,0.018819183101938624,0.021040080486639454,0.0,0.0,0.0,0.0,-0.0,-0.0,0.0
22.433637,0.0,0.0,0.23000000417232508,2.9566182569664872E-5,0.019929602552736944,0.0199296244838986,0.23000000417232513,0.0,0.0,0.018819183101938624,0.021040080486639454,0.0,0.0,0.0,0.0,-0.0,-0.0,0.0
22.453716,0.0,0.0,0.23000000417232508,2.9566182569664872E-5,0.019929602552736944,0.0199296244838986,0.23000000417232513,0.0,0.0,0.018819183101938624,0.021040080486639454,0.0,0.0,0.0,0.0,-0.0,-0.0,0.0
22.473675,0.0,0.0,0.23000000417232508,2.9566182569664872E-5,0.019929602552736944,0.0199296244838986,0.23000000417232513,0.0,0.0,0.018819183101938624,0.021040080486639454,0.0,0.0,0.0,0.0,-0.0,-0.0,0.0
22.49561,0.0,0.0,0.23000000417232508,2.9566182569664872E-5,0.019929602552736944,0.0199296244838986,0.23000000417232513,0.0,0.0,0.018819183101938624,0.021040080486639454,0.0,0.0,0.0,0.0,-0.0,-0.0,0.0
22.514791,0.0,0.0,0.23000000417232508,2.9566182569664872E-5,0.019929602552736944,0.0199296244838986,0.23000000417232513,0.0,0.0,0.018819183101938624,0.021040080486639454,0.0,0.0,0.0,0.0,-0.0,-0.0,0.0
22.533455,0.0,0.0,0.23000000417232508,2.9566182569664872E-5,0.019929602552736944,0.0199296244838986,0.23000000417232513,0.0,0.0,0.018819183101938624,0.021040080486639454,0.0,0.0,0.0,0.0,-0.0,-0.0,0.0
22.553913,0.0,0.0,0.23000000417232508,2.9566182569664872E-5,0.019929602552736944,0.0199296244838986,0.23000000417232513,0.0,0.0,0.018819183101938624,0.02098163581862101,0.0,0.0,0.0,0.0,-0.0,-0.0,0.0
22.573719,0.0,0.0,0.23000000417232508,2.9448876915563438E-5,0.01990038045417558,0.019900402243605154,0.23000000417232513,0.0,0.0,0.018819183101938624,0.02098163581862101,0.0,0.0,0.0,0.0,-0.0,-0.0,0.0
22.593914,0.0,0.0,0.23000000417232508,2.9448876915563438E-5,0.01990038045417558,0.019900402243605154,0.23000000417232513,0.0,0.0,0.018819183101938624,0.02098163581862101,0.0,0.0,0.0,0.0,-0.0,-0.0,0.0
22.613654,0.0,0.0,0.23000000417232508,2.9448876915563438E-5,0.01990038045417558,0.019900402243605154,0.23000000417232513,0.0,0.0,0.018819183101938624,0.02098163581862101,0.0,0.0,0.0,0.0,-0.0,-0.0,0.0
22.633651,0.0,0.0,0.23000000417232508,2.9448876915563438E-5,0.01990038045417558,0.019900402243605154,0.23000000417232513,0.0,0.0,0.018819183101938624,0.02098163581862101,0.0,0.0,0.0,0.0,-0.0,-0.0,0.0
22.653816,0.0,0.0,0.23000000417232508,2.9448876915563438E-5,0.01990038045417558,0.019900402243605154,0.23000000417232513,0.0,0.0,0.018819183101938624,0.02098163581862101,0.0,0.0,0.0,0.0,-0.0,-0.0,0.0
22.673621,0.0,0.0,0.23000000417232508,2.9448876915563438E-5,0.01990038045417558,0.019900402243605154,0.23000000417232513,0.0,0.0,0.018819183101938624,0.02098163581862101,0.0,0.0,0.0,0.0,-0.0,-0.0,0.0
22.694662,0.0,0.0,0.23000000417232508,2.9448876915563438E-5,0.01990038045417558,0.019900402243605154,0.23000000417232513,0.0,0.0,0.018819183101938624,0.02098163581862101,0.0,0.0,0.0,0.0,-0.0,-0.0,0.0
22.71388,0.0,0.0,0.23000000417232508,2.9448876915563438E-5,0.01990038045417558,0.019900402243605154,0.23000000417232513,0.0,0.0,0.018819183101938624,0.02098163581862101,0.0,0.0,0.0,0.0,-0.0,-0.0,0.0
22.733589,0.0,0.0,0.23000000417232508,2.9448876915563438E-5,0.01990038045417558,0.019900402243605154,0.23000000417232513,0.0,0.0,0.018819183101938624,0.02098163581862101,0.0,0.0,0.0,0.0,-0.0,-0.0,0.0
22.75363,0.0,0.0,0.23000000417232508,2.9448876915563438E-5,0.01990038045417558,0.019900402243605154,0.23000000417232513,0.0,0.0,0.018819183101938624,0.02098163581862101,0.0,0.0,0.0,0.0,-0.0,-0.0,0.0
22.773877,0.0,0.0,0.23000000417232508,2.9448876915563438E-5,0.01990038045417558,0.019900402243605154,0.23000000417232513,0.0,0.0,0.018819183101938624,0.02098163581862101,0.0,0.0,0.0,0.0,-0.0,-0.0,0.0
22.793948,0.0,0.0,0.23000000417232508,2.9448876915563438E-5,0.01990038045417558,0.019900402243605154,0.23000000417232513,0.0,0.0,0.018819183101938624,0.02098163581862101,0.0,0.0,0.0,0.0,-0.0,-0.0,0.0
22.813893,0.0,0.0,0.23000000417232508,2.9448876915563438E-5,0.01990038045417558,0.019900402243605154,0.23000000417232513,0.0,0.0,0.018819183101938624,0.02098163581862101,0.0,0.0,0.0,0.0,-0.0,-0.0,0.0
22.833575,0.0,0.0,0.23000000417232508,2.9448876915563438E-5,0.01990038045417558,0.019900402243605154,0.23000000417232513,0.0,0.0,0.018819183101938624,0.02098163581862101,0.0,0.0,0.0,0.0,-0.0,-0.0,0.0
22.85367,0.0,0.0,0.23000000417232508,2.9448876915563438E-5,0.01990038045417558,0.019900402243605154,0.23000000417232513,0.0,0.0,0.018819183101938624,0.02098163581862101,0.0,0.0,0.0,0.0,-0.0,-0.0,0.0
22.873712,0.0,0.0,0.23000000417232508,2.9448876915563438E-5,0.01990038045417558,0.019900402243605154,0.23000000417232513,0.0,0.0,0.018819183101938624,0.02098163581862101,0.0,0.0,0.0,0.0,-0.0,-0.0,0.0
22.893793,0.0,0.0,0.23000000417232508,2.9448876915563438E-5,0.01990038045417558,0.019900402243605154,0.23000000417232513,0.0,0.0,0.018819183101938624,0.02098163581862101,0.0,0.0,0.0,0.0,-0.0,-0.0,0.0
22.913645,0.0,0.0,0.23000000417232508,2.9448876915563438E-5,0.01990038045417558,0.019900402243605154,0.23000000417232513,0.0,0.0,0.018819183101938624,0.02098163581862101,0.0,0.0,0.0,0.0,-0.0,-0.0,0.0
22.933728,0.0,0.0,0.23000000417232508,2.9448876915563438E-5,0.01990038045417558,0.019900402243605154,0.23000000417232513,0.0,0.0,0.018819183101938624,0.02098163581862101,0.0,0.0,0.0,0.0,-0.0,-0.0,0.0
22.953667,0.0,0.0,0.23000000417232508,2.9448876915563438E-5,0.01990038045417558,0.019900402243605154,0.23000000417232513,0.0,0.0,0.018819183101938624,0.02098163581862101,0.0,0.0,0.0,0.0,-0.0,-0.0,0.0
22.973528,0.0,0.0,0.23000000417232508,2.9448876915563438E-5,0.01990038045417558,0.019900402243605154,0.23000000417232513,0.0,0.0,0.018819183101938624,0.02098163581862101,0.0,0.0,0.0,0.0,-0.0,-0.0,0.0
22.99392,0.0,0.0,0.23000000417232508,2.9448876915563438E-5,0.01990038045417558,0.019900402243605154,0.23000000417232513,0.0,0.0,0.018819183101938624,0.02098163581862101,0.0,0.0,0.0,0.0,-0.0,-0.0,0.0
23.013475,0.0,0.0,0.23000000417232508,2.9448876915563438E-5,0.01990038045417558,0.019900402243605154,0.23000000417232513,0.0,0.0,0.018819183101938624,0.02098163581862101,0.0,0.0,0.0,0.0,-0.0,-0.0,0.0
23.034054,0.0,0.0,0.23000000417232508,2.9448876915563438E-5,0.01990038045417558,0.019900402243605154,0.23000000417232513,0.0,0.0,0.018819183101938624,0.02098163581862101,0.0,0.0,0.0,0.0,-0.0,-0.0,0.0
23.053614,0.0,0.0,0.23000000417232508,2.9448876915563438E-5,0.01990038045417558,0.019900402243605154,0.23000000417232513,0.0,0.0,0.018819183101938624,0.02098163581862101,0.0,0.0,0.0,0.0,-0.0,-0.0,0.0
23.073741,0.0,0.0,0.23000000417232508,2.9448876915563438E-5,0.01990038045417558,0.019900402243605154,0.23000000417232513,0.0,0.0,0.018819183101938624,0.02098163581862101,0.0,0.0,0.0,0.0,-0.0,-0.0,0.0
23.094011,0.0,0.0,0.23000000417232508,2.9448876915563438E-5,0.01990038045417558,0.019900402243605154,0.23000000417232513,0.0,0.0,0.018819183101938624,0.02098163581862101,0.0,0.0,0.0,0.0,-0.0,-0.0,0.0
23.113752,0.0,0.0,0.23000000417232508,2.9448876915563438E-5,0.01990038045417558,0.019900402243605154,0.23000000417232513,0.0,0.0,0.018819183101938624,0.02098163581862101,0.0,0.0,0.0,0.0,-0.0,-0.0,0.0
23.133539,0.0,0.0,0.23000000417232508,2.9448876915563438E-5,0.01990038045417558,0.019900402243605154,0.23000000417232513,0.0,0.0,0.018819183101938624,0.02098163581862101,0.0,0.0,0.0,0.0,-0.0,-0.0,0.0
23.153653,0.0,0.0,0.23000000417232508,2.9448876915563438E-5,0.01990038045417558,0.019900402243605154,0.23000000417232513,0.0,0.0,0.018819183101938624,0.02098163581862101,0.0,0.0,0.0,0.0,-0.0,-0.0,0.0
23.173629,0.0,0.0,0.23000000417232508,2.9448876915563438E-5,0.01990038045417558,0.019900402243605154,0.23000000417232513,0.0,0.0,0.018819183101938624,0.02098163581862101,0.0,0.0,0.0,0.0,-0.0,-0.0,0.0
23.19384,0.0,0.0,0.23000000417232508,2.9448876915563438E-5,0.01990038045417558,0.019900402243605154,0.23000000417232513,0.0,0.0,0.018819183101938624,0.02098163581862101,0.0,0.0,0.0,0.0,-0.0,-0.0,0.0
23.213825,0.0,0.0,0.23000000417232508,2.9448876915563438E-5,0.01990038045417558,0.019900402243605154,0.23999999463558197,0.0,0.0,0.018819183101938624,0.02098163581862101,0.0,0.0,0.0,0.0,-0.0,-0.0,0.0
23.233803,0.0,0.0,0.23999999463558197,2.9448876915563438E-5,0.01990038045417558,0.019900402243605154,0.23999999463558197,0.0,0.0,0.018819183101938624,0.02098163581862101,0.0,0.0,0.0,0.0,-0.0,-0.0,0.0
23.253895,0.0,0.0,0.23999999463558197,2.9448876915563438E-5,0.01990038045417558,0.019900402243605154,0.23000000417232513,0.0,0.0,0.018819183101938624,0.02098163581862101,0.0,0.0,0.0,0.0,-0.0,-0.0,0.0
23.273978,0.0,0.0,0.23000000417232508,2.9448876915563438E-5,0.01990038045417558,0.019900402243605154,0.23000000417232513,0.0,0.0,0.018819183101938624,0.02098163581862101,0.0,0.0,0.0,0.0,-0.0,-0.0,0.0
23.293891,0.0,0.0,0.23000000417232508,2.9448876915563438E-5,0.01990038045417558,0.019900402243605154,0.23000000417232513,0.0,0.0,0.018819183101938624,0.02098163581862101,0.0,0.0,0.0,0.0,-0.0,-0.0,0.0
23.313703,0.0,0.0,0.23000000417232508,2.9448876915563438E-5,0.01990038045417558,0.019900402243605154,0.23999999463558197,0.0,0.0,0.018819183101938624,0.02098163581862101,0.0,0.0,0.0,0.0,-0.0,-0.0,0.0
23.333662,0.0,0.0,0.23999999463558197,2.9448876915563438E-5,0.01990038045417558,0.019900402243605154,0.23999999463558197,0.0,0.0,0.018819183101938624,0.02098163581862101,0.0,0.0,0.0,0.0,-0.0,-0.0,0.0
23.354184,0.0,0.0,0.23999999463558197,2.9448876915563438E-5,0.01990038045417558,0.019900402243605154,0.23999999463558197,0.0,0.0,0.018819183101938624,0.02098163581862101,0.0,0.0,0.0,0.0,-0.0,-0.0,0.0
23.37397,0.0,0.0,0.23999999463558197,2.9448876915563438E-5,0.01990038045417558,0.019900402243605154,0.23999999463558197,0.0,0.0,0.018819183101938624,0.02098163581862101,0.0,0.0,0.0,0.0,-0.0,-0.0,0.0
23.393835,0.0,0.0,0.23999999463558197,2.9448876915563438E-5,0.01990038045417558,0.019900402243605154,0.23999999463558197,0.0,0.0,0.018819183101938624,0.02098163581862101,0.0,0.0,0.0,0.0,-0.0,-0.0,0.0
23.413695,0.0,0.0,0.23999999463558197,2.9448876915563438E-5,0.01990038045417558,0.019900402243605154,0.23999999463558197,0.0,0.0,0.018819183101938624,0.02098163581862101,0.0,0.0,0.0,0.0,-0.0,-0.0,0.0
23.433547,0.0,0.0,0.23999999463558197,2.9448876915563438E-5,0.01990038045417558,0.019900402243605154,0.23999999463558197,0.0,0.0,0.018819183101938624,0.02098163581862101,0.0,0.0,0.0,0.0,-0.0,-0.0,0.0
23.453682,0.0,0.0,0.23999999463558197,2.9448876915563438E-5,0.01990038045417558,0.019900402243605154,0.23999999463558197,0.0,0.0,0.018819183101938624,0.02098163581862101,0.0,0.0,0.0,0.0,-0.0,-0.0,0.0
23.473753,0.0,0.0,0.23999999463558197,2.9448876915563438E-5,0.01990038045417558,0.019900402243605154,0.23999999463558197,0.0,0.0,0.018819183101938624,0.02098163581862101,0.0,0.0,0.0,0.0,-0.0,-0.0,0.0
23.495506,0.0,0.0,0.23999999463558197,2.9448876915563438E-5,0.01990038045417558,0.019900402243605154,0.23999999463558197,0.0,0.0,0.018819183101938624,0.02098163581862101,0.0,0.0,0.0,0.0,-0.0,-0.0,0.0
23.513674,0.0,0.0,0.23999999463558197,2.9448876915563438E-5,0.01990038045417558,0.019900402243605154,0.23999999463558197,0.0,0.0,0.018819183101938624,0.02098163581862101,0.0,0.0,0.0,0.0,-0.0,-0.0,0.0
23.533997,0.0,0.0,0.23999999463558197,2.9448876915563438E-5,0.01990038045417558,0.019900402243605154,0.23999999463558197,0.0,0.0,0.018819183101938624,0.02098163581862101,0.0,0.0,0.0,0.0,-0.0,-0.0,0.0
23.553605,0.0,0.0,0.23999999463558197,2.9448876915563438E-5,0.01990038045417558,0.019900402243605154,0.23999999463558197,0.0,0.0,0.018819183101938624,0.02098163581862101,0.0,0.0,0.0,0.0,-0.0,-0.0,0.0
23.574075,0.0,0.0,0.23999999463558197,2.9448876915563438E-5,0.01990038045417558,0.019900402243605154,0.23999999463558197,0.0,0.0,0.018819183101938624,0.02098163581862101,0.0,0.0,0.0,0.0,-0.0,-0.0,0.0
23.59393,0.0,0.0,0.23999999463558197,2.9448876915563438E-5,0.01990038045417558,0.019900402243605154,0.23999999463558197,0.0,0.0,0.018819183101938624,0.02098163581862101,0.0,0.0,0.0,0.0,-0.0,-0.0,0.0
23.613597,0.0,0.0,0.23999999463558197,2.9448876915563438E-5,0.01990038045417558,0.019900402243605154,0.23999999463558197,0.0,0.0,0.018819183101938624,0.02098163581862101,0.0,0.0,0.0,0.0,-0.0,-0.0,0.0
23.633877,0.0,0.0,0.23999999463558197,2.9448876915563438E-5,0.01990038045417558,0.019900402243605154,0.23999999463558197,0.0,0.0,0.018819183101938624,0.02098163581862101,0.0,0.0,0.0,0.0,-0.0,-0.0,0.0
23.653599,0.0,0.0,0.23999999463558197,2.9448876915563438E-5,0.01990038045417558,0.019900402243605154,0.23999999463558197,0.0,0.0,0.018819183101938624,0.02098163581862101,0.0,0.0,0.0,0.0,-0.0,-0.0,0.0
23.673613,0.0,0.0,0.23999999463558197,2.9448876915563438E-5,0.01990038045417558,0.019900402243605154,0.23999999463558197,0.0,0.0,0.018819183101938624,0.02098163581862101,0.0,0.0,0.0,0.0,-0.0,-0.0,0.0
23.694285,0.0,0.0,0.23999999463558197,2.9448876915563438E-5,0.01990038045417558,0.019900402243605154,0.23999999463558197,0.0,0.0,0.018819183101938624,0.02098163581862101,0.0,0.0,0.0,0.0,-0.0,-0.0,0.0
23.713548,0.0,0.0,0.23999999463558197,2.9448876915563438E-5,0.01990038045417558,0.019900402243605154,0.23999999463558197,0.0,0.0,0.018819183101938624,0.02098163581862101,0.0,0.0,0.0,0.0,-0.0,-0.0,0.0
23.733665,0.0,0.0,0.23999999463558197,2.9448876915563438E-5,0.01990038045417558,0.019900402243605154,0.23999999463558197,0.0,0.0,0.018819183101938624,0.02098163581862101,0.0,0.0,0.0,0.0,-0.0,-0.0,0.0
23.753432,0.0,0.0,0.23999999463558197,2.9448876915563438E-5,0.01990038045417558,0.019900402243605154,0.23999999463558197,0.0,0.0,0.018819183101938624,0.02098163581862101,0.0,0.0,0.0,0.0,-0.0,-0.0,0.0
23.773625,0.0,0.0,0.23999999463558197,2.9448876915563438E-5,0.01990038045417558,0.019900402243605154,0.23999999463558197,0.0,0.0,0.018819183101938624,0.02098163581862101,0.0,0.0,0.0,0.0,-0.0,-0.0,0.0
23.793793,0.0,0.0,0.23999999463558197,2.9448876915563438E-5,0.01990038045417558,0.019900402243605154,0.23999999463558197,0.0,0.0,0.018819183101938624,0.02098163581862101,0.0,0.0,0.0,0.0,-0.0,-0.0,0.0
23.813611,0.0,0.0,0.23999999463558197,2.9448876915563438E-5,0.01990038045417558,0.019900402243605154,0.23999999463558197,0.0,0.0,0.018819183101938624,0.02098163581862101,0.0,0.0,0.0,0.0,-0.0,-0.0,0.0
23.833836,0.0,0.0,0.23999999463558197,2.9448876915563438E-5,0.01990038045417558,0.019900402243605154,0.23999999463558197,0.0,0.0,0.018819183101938624,0.02098163581862101,0.0,0.0,0.0,0.0,-0.0,-0.0,0.0
23.853434,0.0,0.0,0.23999999463558197,2.9448876915563438E-5,0.01990038045417558,0.019900402243605154,0.23999999463558197,0.0,0.0,0.018819183101938624,0.02098163581862101,0.0,0.0,0.0,0.0,-0.0,-0.0,0.0
23.873652,0.0,0.0,0.23999999463558197,2.9448876915563438E-5,0.01990038045417558,0.019900402243605154,0.23999999463558197,0.0,0.0,0.018819183101938624,0.02098163581862101,0.0,0.0,0.0,0.0,-0.