Timestamp,LeftVelocity,RightVelocity,PoseRotationDeg,PoseTransY,PoseTransX,PoseTransNorm,Heading,RightWheelSpeed,LeftWheelSpeed,LeftDistanceMeters,RightDistanceMeters,XValue,YValue,Found,motor 1 speed,motor 2 speed,motor 3 speed
5.629697,0.0,0.0,0.0,0.0,0.0,0.0,-9.710000038146973,0.0,0.0,0.0,0.0,0.0,0.0,0.0,-0.0,-0.0,0.0
5.824253,0.0,0.0,-9.710000038146974,0.0,0.0,0.0,-9.710000038146973,0.0,0.0,0.0,0.0,0.0,0.0,0.0,-0.0,-0.0,0.0
5.843393,0.0,0.0,-9.710000038146974,0.0,0.0,0.0,-9.710000038146973,0.0,0.0,0.0,0.0,0.0,0.0,0.0,-0.0,-0.0,0.0
5.871519,0.0,0.0,-9.710000038146974,0.0,0.0,0.0,-9.710000038146973,0.0,0.0,0.0,0.0,0.0,0.0,0.0,-0.0,-0.0,0.0
5.893888,0.0,0.0,-9.710000038146974,0.0,0.0,0.0,-9.710000038146973,0.0,0.0,0.0,0.0,0.0,0.0,0.0,-0.0,-0.0,0.0
5.922509,0.0,0.0,-9.710000038146974,0.0,0.0,0.0,-9.710000038146973,0.0,0.0,0.0,0.0,0.0,0.0,0.0,-0.0,-0.0,0.0
5.937867,0.0,0.0,-9.710000038146974,0.0,0.0,0.0,-9.710000038146973,0.0,0.0,0.0,0.0,0.0,0.0,0.0,-0.0,-0.0,0.0
5.954301,0.0,0.0,-9.710000038146974,0.0,0.0,0.0,-9.710000038146973,0.0,0.0,0.0,0.0,0.0,0.0,0.0,-0.0,-0.0,0.0
5.969719,0.0,0.0,-9.710000038146974,0.0,0.0,0.0,-9.710000038146973,0.0,0.0,0.0,0.0,0.0,0.0,0.0,-0.0,-0.0,0.0
5.98704,0.0,0.0,-9.710000038146974,0.0,0.0,0.0,-9.710000038146973,0.0,0.0,0.0,0.0,0.0,0.0,0.0,-0.0,-0.0,0.0
6.009055,0.0,0.0,-9.710000038146974,0.0,0.0,0.0,-9.710000038146973,0.0,0.0,0.0,0.0,0.0,0.0,0.0,-0.0,-0.0,0.0
6.024436,0.0,0.0,-9.710000038146974,0.0,0.0,0.0,-9.710000038146973,0.0,0.0,0.0,0.0,0.0,0.0,0.0,-0.0,-0.0,0.0
6.050206,0.0,0.0,-9.710000038146974,0.0,0.0,0.0,-9.710000038146973,0.0,0.0,0.0,0.0,0.0,0.0,0.0,-0.0,-0.0,0.0
6.065604,0.0,0.0,-9.710000038146974,0.0,0.0,0.0,-9.710000038146973,0.0,0.0,0.0,0.0,0.0,0.0,0.0,-0.0,-0.0,0.0
6.078418,0.0,0.0,-9.710000038146974,0.0,0.0,0.0,-9.710000038146973,0.0,0.0,0.0,0.0,0.0,0.0,0.0,-0.0,-0.0,0.0
6.091988,0.0,0.0,-9.710000038146974,0.0,0.0,0.0,-9.710000038146973,0.0,0.0,0.0,0.0,0.0,0.0,0.0,-0.0,-0.0,0.0
6.105984,0.0,0.0,-9.710000038146974,0.0,0.0,0.0,-9.710000038146973,0.0,0.0,0.0,0.0,0.0,0.0,0.0,-0.0,-0.0,0.0
6.1207,0.0,0.0,-9.710000038146974,0.0,0.0,0.0,-9.710000038146973,0.0,0.0,0.0,0.0,0.0,0.0,0.0,-0.0,-0.0,0.0
6.143576,0.0,0.0,-9.710000038146974,0.0,0.0,0.0,-9.710000038146973,0.0,0.0,0.0,0.0,0.0,0.0,0.0,-0.0,-0.0,0.0
6.157972,0.0,0.0,-9.710000038146974,0.0,0.0,0.0,-9.710000038146973,0.0,0.0,0.0,0.0,0.0,0.0,0.0,-0.0,-0.0,0.0
6.181451,0.0,0.0,-9.710000038146974,0.0,0.0,0.0,-9.710000038146973,0.0,0.0,0.0,0.0,0.0,0.0,0.0,-0.0,-0.0,0.0
6.193615,0.0,0.0,-9.710000038146974,0.0,0.0,0.0,-9.710000038146973,0.0,0.0,0.0,0.0,0.0,0.0,0.0,-0.0,-0.0,0.0
6.20566,0.0,0.0,-9.710000038146974,0.0,0.0,0.0,-9.710000038146973,0.0,0.0,0.0,0.0,0.0,0.0,0.0,-0.0,-0.0,0.0
6.225537,0.0,0.0,-9.710000038146974,0.0,0.0,0.0,-9.710000038146973,0.0,0.0,0.0,0.0,0.0,0.0,0.0,-0.0,-0.0,0.0
6.236603,0.0,0.0,-9.710000038146974,0.0,0.0,0.0,-9.710000038146973,0.0,0.0,0.0,0.0,0.0,0.0,0.0,-0.0,-0.0,0.0
6.249788,0.0,0.0,-9.710000038146974,0.0,0.0,0.0,-9.710000038146973,0.0,0.0,0.0,0.0,0.0,0.0,0.0,-0.0,-0.0,0.0
6.263256,0.0,0.0,-9.710000038146974,0.0,0.0,0.0,-9.710000038146973,0.0,0.0,0.0,0.0,0.0,0.0,0.0,-0.0,-0.0,0.0
6.275718,0.0,0.0,-9.710000038146974,0.0,0.0,0.0,-9.710000038146973,0.0,0.0,0.0,0.0,0.0,0.0,0.0,-0.0,-0.0,0.0
6.287373,0.0,0.0,-9.710000038146974,0.0,0.0,0.0,-9.710000038146973,0.0,0.0,0.0,0.0,0.0,0.0,0.0,-0.0,-0.0,0.0
6.301676,0.0,0.0,-9.710000038146974,0.0,0.0,0.0,-9.710000038146973,0.0,0.0,0.0,0.0,0.0,0.0,0.0,-0.0,-0.0,0.0
6.311911,0.0,0.0,-9.710000038146974,0.0,0.0,0.0,-9.710000038146973,0.0,0.0,0.0,0.0,0.0,0.0,0.0,-0.0,-0.0,0.0
6.323636,0.0,0.0,-9.710000038146974,0.0,0.0,0.0,-9.710000038146973,0.0,0.0,0.0,0.0,0.0,0.0,0.0,-0.0,-0.0,0.0
6.334387,0.0,0.0,-9.710000038146974,0.0,0.0,0.0,-9.710000038146973,0.0,0.0,0.0,0.0,0.0,0.0,0.0,-0.0,-0.0,0.0
6.350764,0.0,0.0,-9.710000038146974,0.0,0.0,0.0,-9.710000038146973,0.0,0.0,0.0,0.0,0.0,0.0,0.0,-0.0,-0.0,0.0
6.365526,0.0,0.0,-9.710000038146974,0.0,0.0,0.0,-9.710000038146973,0.0,0.0,0.0,0.0,0.0,0.0,0.0,-0.0,-0.0,0.0
6.378511,0.0,0.0,-9.710000038146974,0.0,0.0,0.0,-9.710000038146973,0.0,0.0,0.0,0.0,0.0,0.0,0.0,-0.0,-0.0,0.0
6.391547,0.0,0.0,-9.710000038146974,0.0,0.0,0.0,-9.710000038146973,0.0,0.0,0.0,0.0,0.0,0.0,0.0,-0.0,-0.0,0.0
6.420803,0.0,0.0,-9.710000038146974,0.0,0.0,0.0,-9.710000038146973,0.0,0.0,0.0,0.0,0.0,0.0,0.0,-0.0,-0.0,0.0
6.441492,0.0,0.0,-9.710000038146974,0.0,0.0,0.0,-9.710000038146973,0.0,0.0,0.0,0.0,0.0,0.0,0.0,-0.0,-0.0,0.0
6.462287,0.0,0.0,-9.710000038146974,0.0,0.0,0.0,-9.710000038146973,0.0,0.0,0.0,0.0,0.0,0.0,0.0,-0.0,-0.0,0.0
6.474658,0.0,0.0,-9.710000038146974,0.0,0.0,0.0,-9.710000038146973,0.0,0.0,0.0,0.0,0.0,0.0,0.0,-0.0,-0.0,0.0
6.486012,0.0,0.0,-9.710000038146974,0.0,0.0,0.0,-9.710000038146973,0.0,0.0,0.0,0.0,0.0,0.0,0.0,-0.0,-0.0,0.0
6.498062,0.0,0.0,-9.710000038146974,0.0,0.0,0.0,-9.710000038146973,0.0,0.0,0.0,0.0,0.0,0.0,0.0,-0.0,-0.0,0.0
6.509625,0.0,0.0,-9.710000038146974,0.0,0.0,0.0,-9.710000038146973,0.0,0.0,0.0,0.0,0.0,0.0,0.0,-0.0,-0.0,0.0
6.521678,0.0,0.0,-9.710000038146974,0.0,0.0,0.0,-9.710000038146973,0.0,0.0,0.0,0.0,0.0,0.0,0.0,-0.0,-0.0,0.0
6.532733,0.0,0.0,-9.710000038146974,0.0,0.0,0.0,-9.710000038146973,0.0,0.0,0.0,0.0,0.0,0.0,0.0,-0.0,-0.0,0.0
6.547535,0.0,0.0,-9.710000038146974,0.0,0.0,0.0,-9.710000038146973,0.0,0.0,0.0,0.0,0.0,0.0,0.0,-0.0,-0.0,0.0
6.557823,0.0,0.0,-9.710000038146974,0.0,0.0,0.0,-9.710000038146973,0.0,0.0,0.0,0.0,0.0,0.0,0.0,-0.0,-0.0,0.0
6.568202,0.0,0.0,-9.710000038146974,0.0,0.0,0.0,-9.710000038146973,0.0,0.0,0.0,0.0,0.0,0.0,0.0,-0.0,-0.0,0.0
6.58267,0.0,0.0,-9.710000038146974,0.0,0.0,0.0,-9.710000038146973,0.0,0.0,0.0,0.0,0.0,0.0,0.0,-0.0,-0.0,0.0
6.593112,0.0,0.0,-9.710000038146974,0.0,0.0,0.0,-9.710000038146973,0.0,0.0,0.0,0.0,0.0,0.0,0.0,-0.0,-0.0,0.0
6.603173,0.0,0.0,-9.710000038146974,0.0,0.0,0.0,-9.710000038146973,0.0,0.0,0.0,0.0,0.0,0.0,0.0,-0.0,-0.0,0.0
6.613184,0.0,0.0,-9.710000038146974,0.0,0.0,0.0,-9.710000038146973,0.0,0.0,0.0,0.0,0.0,0.0,0.0,-0.0,-0.0,0.0
6.623826,0.0,0.0,-9.710000038146974,0.0,0.0,0.0,-9.710000038146973,0.0,0.0,0.0,0.0,0.0,0.0,0.0,-0.0,-0.0,0.0
6.633721,0.0,0.0,-9.710000038146974,0.0,0.0,0.0,-9.710000038146973,0.0,0.0,0.0,0.0,0.0,0.0,0.0,-0.0,-0.0,0.0
6.661376,0.0,0.0,-9.710000038146974,0.0,0.0,0.0,-9.710000038146973,0.0,0.0,0.0,0.0,0.0,0.0,0.0,-0.0,-0.0,0.0
6.680145,0.0,0.0,-9.710000038146974,0.0,0.0,0.0,-9.710000038146973,0.0,0.0,0.0,0.0,0.0,0.0,0.0,-0.0,-0.0,0.0
6.692348,0.0,0.0,-9.710000038146974,0.0,0.0,0.0,-9.710000038146973,0.0,0.0,0.0,0.0,0.0,0.0,0.0,-0.0,-0.0,0.0
6.705726,0.0,0.0,-9.710000038146974,0.0,0.0,0.0,-9.710000038146973,0.0,0.0,0.0,0.0,0.0,0.0,0.0,-0.0,-0.0,0.0
6.71978,0.0,0.0,-9.710000038146974,0.0,0.0,0.0,-9.710000038146973,0.0,0.0,0.0,0.0,0.0,0.0,0.0,-0.0,-0.0,0.0
6.739353,0.0,0.0,-9.710000038146974,0.0,0.0,0.0,-9.710000038146973,0.0,0.0,0.0,0.0,0.0,0.0,0.0,-0.0,-0.0,0.0
6.761441,0.0,0.0,-9.710000038146974,0.0,0.0,0.0,-9.710000038146973,0.0,0.0,0.0,0.0,0.0,0.0,0.0,-0.0,-0.0,0.0
6.779711,0.0,0.0,-9.699999809265137,0.0,0.0,0.0,-9.699999809265137,0.0,0.0,0.0,0.0,0.0,0.0,0.0,-0.0,-0.0,0.0
6.79981,0.0,0.0,-9.699999809265137,0.0,0.0,0.0,-9.699999809265137,0.0,0.0,0.0,0.0,0.0,0.0,0.0,-0.0,-0.0,0.0
6.820423,0.0,0.0,-9.699999809265137,0.0,0.0,0.0,-9.699999809265137,0.0,0.0,0.0,0.0,0.0,0.0,0.0,-0.0,-0.0,0.0
6.840063,0.0,0.0,-9.699999809265137,0.0,0.0,0.0,-9.699999809265137,0.0,0.0,0.0,0.0,0.0,0.0,0.0,-0.0,-0.0,0.0
6.859183,0.0,0.0,-9.699999809265137,0.0,0.0,0.0,-9.710000038146973,0.0,0.0,0.0,0.0,0.0,0.0,0.0,-0.0,-0.0,0.0
6.888633,0.0,0.0,-9.710000038146974,0.0,0.0,0.0,-9.710000038146973,0.0,0.0,0.0,0.0,0.0,0.0,0.0,-0.0,-0.0,0.0
6.924746,0.0,0.0,-9.710000038146974,0.0,0.0,0.0,-9.699999809265137,0.0,0.0,0.0,0.0,0.0,0.0,0.0,-0.0,-0.0,0.0
6.934206,0.0,0.0,-9.699999809265137,0.0,0.0,0.0,-9.699999809265137,0.0,0.0,0.0,0.0,0.0,0.0,0.0,-0.0,-0.0,0.0
6.945192,0.0,0.0,-9.699999809265137,0.0,0.0,0.0,-9.699999809265137,0.0,0.0,0.0,0.0,0.0,0.0,0.0,-0.0,-0.0,0.0
6.960364,0.0,0.0,-9.699999809265137,0.0,0.0,0.0,-9.699999809265137,0.0,0.0,0.0,0.0,0.0,0.0,0.0,-0.0,-0.0,0.0
6.979261,0.0,0.0,-9.699999809265137,0.0,0.0,0.0,-9.699999809265137,0.0,0.0,0.0,0.0,0.0,0.0,0.0,-0.0,-0.0,0.0
6.999393,0.0,0.0,-9.699999809265137,0.0,0.0,0.0,-9.699999809265137,0.0,0.0,0.0,0.0,0.0,0.0,0.0,-0.0,-0.0,0.0
7.020035,0.0,0.0,-9.699999809265137,0.0,0.0,0.0,-9.710000038146973,0.0,0.0,0.0,0.0,0.0,0.0,0.0,-0.0,-0.0,0.0
7.039324,0.0,0.0,-9.710000038146974,0.0,0.0,0.0,-9.710000038146973,0.0,0.0,0.0,0.0,0.0,0.0,0.0,-0.0,-0.0,0.0
7.059411,0.0,0.0,-9.710000038146974,0.0,0.0,0.0,-9.710000038146973,0.0,0.0,0.0,0.0,0.0,0.0,0.0,-0.0,-0.0,0.0
7.079415,0.0,0.0,-9.710000038146974,0.0,0.0,0.0,-9.710000038146973,0.0,0.0,0.0,0.0,0.0,0.0,0.0,-0.0,-0.0,0.0
7.101373,0.0,0.0,-9.710000038146974,0.0,0.0,0.0,-9.710000038146973,0.0,0.0,0.0,0.0,0.0,0.0,0.0,-0.0,-0.0,0.0
7.119783,0.0,0.0,-9.710000038146974,0.0,0.0,0.0,-9.699999809265137,0.0,0.0,0.0,0.0,0.0,0.0,0.0,-0.0,-0.0,0.0
7.139399,0.0,0.0,-9.699999809265137,0.0,0.0,0.0,-9.710000038146973,0.0,0.0,0.0,0.0,0.0,0.0,0.0,-0.0,-0.0,0.0
7.159347,0.0,0.0,-9.710000038146974,0.0,0.0,0.0,-9.699999809265137,0.0,0.0,0.0,0.0,0.0,0.0,0.0,-0.0,-0.0,0.0
7.1796,0.0,0.0,-9.699999809265137,0.0,0.0,0.0,-9.699999809265137,0.0,0.0,0.0,0.0,0.0,0.0,0.0,-0.0,-0.0,0.0
7.200437,0.0,0.0,-9.699999809265137,0.0,0.0,0.0,-9.699999809265137,0.0,0.0,0.0,0.0,0.0,0.0,0.0,-0.0,-0.0,0.0
7.22058,0.0,0.0,-9.699999809265137,0.0,0.0,0.0,-9.699999809265137,0.0,0.0,0.0,0.0,0.0,0.0,0.0,-0.0,-0.0,0.0
7.239884,0.0,0.0,-9.699999809265137,0.0,0.0,0.0,-9.699999809265137,0.0,0.0,0.0,0.0,0.0,0.0,0.0,-0.0,-0.0,0.0
7.259038,0.0,0.0,-9.699999809265137,0.0,0.0,0.0,-9.699999809265137,0.0,0.0,0.0,0.0,0.0,0.0,0.0,-0.0,-0.0,0.0
7.279096,0.0,0.0,-9.699999809265137,0.0,0.0,0.0,-9.699999809265137,0.0,0.0,0.0,0.0,0.0,0.0,0.0,-0.0,-0.0,0.0
7.299942,0.0,0.0,-9.699999809265137,0.0,0.0,0.0,-9.699999809265137,0.0,0.0,0.0,0.0,0.0,0.0,0.0,-0.0,-0.0,0.0
7.321359,0.0,0.0,-9.699999809265137,0.0,0.0,0.0,-9.699999809265137,0.0,0.0,0.0,0.0,0.0,0.0,0.0,-0.0,-0.0,0.0
7.33925,0.0,0.0,-9.699999809265137,0.0,0.0,0.0,-9.699999809265137,0.0,0.0,0.0,0.0,0.0,0.0,0.0,-0.0,-0.0,0.0
7.359228,0.0,0.0,-9.699999809265137,0.0,0.0,0.0,-9.699999809265137,0.0,0.0,0.0,0.0,0.0,0.0,0.0,-0.0,-0.0,0.0
7.37918,0.0,0.0,-9.699999809265137,0.0,0.0,0.0,-9.699999809265137,0.0,0.0,0.0,0.0,0.0,0.0,0.0,-0.0,-0.0,0.0
7.39938,0.0,0.0,-9.699999809265137,0.0,0.0,0.0,-9.699999809265137,0.0,0.0,0.0,0.0,0.0,0.0,0.0,-0.0,-0.0,0.0
7.420712,0.0,0.0,-9.699999809265137,0.0,0.0,0.0,-9.699999809265137,0.0,0.0,0.0,0.0,0.0,0.0,0.0,-0.0,-0.0,0.0
7.441574,0.0,0.0,-9.699999809265137,0.0,0.0,0.0,-9.699999809265137,0.0,0.0,0.0,0.0,0.0,0.0,0.0,-0.0,-0.0,0.0
7.460309,0.0,0.0,-9.699999809265137,0.0,0.0,0.0,-9.699999809265137,0.0,0.0,0.0,0.0,0.0,0.0,0.0,-0.0,-0.0,0.0
7.479706,0.0,0.0,-9.699999809265137,0.0,0.0,0.0,-9.699999809265137,0.0,0.0,0.0,0.0,0.0,0.0,0.0,-0.0,-0.0,0.0
7.500143,0.0,0.0,-9.699999809265137,0.0,0.0,0.0,-9.699999809265137,0.0,0.0,0.0,0.0,0.0,0.0,0.0,-0.0,-0.0,0.0
7.525234,0.0,0.0,-9.699999809265137,0.0,0.0,0.0,-9.699999809265137,0.0,0.0,0.0,0.0,0.0,0.0,0.0,-0.0,-0.0,0.0
7.540255,0.0,0.0,-9.699999809265137,0.0,0.0,0.0,-9.699999809265137,0.0,0.0,0.0,0.0,0.0,0.0,0.0,-0.0,-0.0,0.0
7.56031,0.0,0.0,-9.699999809265137,0.0,0.0,0.0,-9.699999809265137,0.0,0.0,0.0,0.0,0.0,0.0,0.0,-0.0,-0.0,0.0
7.579344,0.0,0.0,-9.699999809265137,0.0,0.0,0.0,-9.699999809265137,0.0,0.0,0.0,0.0,0.0,0.0,0.0,-0.0,-0.0,0.0
7.599292,0.0,0.0,-9.699999809265137,0.0,0.0,0.0,-9.699999809265137,0.0,0.0,0.0,0.0,0.0,0.0,0.0,-0.0,-0.0,0.0
7.619406,0.0,0.0,-9.699999809265137,0.0,0.0,0.0,-9.699999809265137,0.0,0.0,0.0,0.0,0.0,0.0,0.0,-0.0,-0.0,0.0
7.639202,0.0,0.0,-9.699999809265137,0.0,0.0,0.0,-9.699999809265137,0.0,0.0,0.0,0.0,0.0,0.0,0.0,-0.0,-0.0,0.0
7.659099,0.0,0.0,-9.699999809265137,0.0,0.0,0.0,-9.699999809265137,0.0,0.0,0.0,0.0,0.0,0.0,0.0,-0.0,-0.0,0.0
7.679143,0.0,0.0,-9.699999809265137,0.0,0.0,0.0,-9.699999809265137,0.0,0.0,0.0,0.0,0.0,0.0,0.0,-0.0,-0.0,0.0
7.700076,0.0,0.0,-9.699999809265137,0.0,0.0,0.0,-9.699999809265137,0.0,0.0,0.0,0.0,0.0,0.0,0.0,-0.0,-0.0,0.0
7.719359,0.0,0.0,-9.699999809265137,0.0,0.0,0.0,-9.699999809265137,0.0,0.0,0.0,0.0,0.0,0.0,0.0,-0.0,-0.0,0.0
7.739053,0.0,0.0,-9.699999809265137,0.0,0.0,0.0,-9.699999809265137,0.0,0.0,0.0,0.0,0.0,0.0,0.0,-0.0,-0.0,0.0
7.7592,0.0,0.0,-9.699999809265137,0.0,0.0,0.0,-9.699999809265137,0.0,0.0,0.0,0.0,0.0,0.0,0.0,-0.0,-0.0,0.0
7.779662,0.0,0.0,-9.699999809265137,0.0,0.0,0.0,-9.699999809265137,0.0,0.0,0.0,0.0,0.0,0.0,0.0,-0.0,-0.0,0.0
7.799154,0.0,0.0,-9.699999809265137,0.0,0.0,0.0,-9.699999809265137,0.0,0.0,0.0,0.0,0.0,0.0,0.0,-0.0,-0.0,0.0
7.820871,0.0,0.0,-9.699999809265137,0.0,0.0,0.0,-9.699999809265137,0.0,0.0,0.0,0.0,0.0,0.0,0.0,-0.0,-0.0,0.0
7.838917,0.0,0.0,-9.699999809265137,0.0,0.0,0.0,-9.699999809265137,0.0,0.0,0.0,0.0,0.0,0.0,0.0,-0.0,-0.0,0.0
7.859217,0.0,0.0,-9.699999809265137,0.0,0.0,0.0,-9.699999809265137,0.0,0.0,0.0,0.0,0.0,0.0,0.0,-0.0,-0.0,0.0
7.881179,0.0,0.0,-9.699999809265137,0.0,0.0,0.0,-9.699999809265137,0.0,0.0,0.0,0.0,0.0,0.0,0.0,-0.0,-0.0,0.0
7.899051,0.0,0.0,-9.699999809265137,0.0,0.0,0.0,-9.699999809265137,0.0,0.0,0.0,0.0,0.0,0.0,0.0,-0.0,-0.0,0.0
7.919948,0.0,0.0,-9.699999809265137,0.0,0.0,0.0,-9.699999809265137,0.0,0.0,0.0,0.0,0.0,0.0,0.0,-0.0,-0.0,0.0
7.939623,0.0,0.0,-9.699999809265137,0.0,0.0,0.0,-9.6899995803833,0.0,0.0,0.0,0.0,0.0,0.0,0.0,-0.0,-0.0,0.0
7.959117,0.0,0.0,-9.6899995803833,0.0,0.0,0.0,-9.6899995803833,0.0,0.0,0.0,0.0,0.0,0.0,0.0,-0.0,-0.0,0.0
7.979019,0.0,0.0,-9.6899995803833,0.0,0.0,0.0,-9.6899995803833,0.0,0.0,0.0,0.0,0.0,0.0,0.0,-0.0,-0.0,0.0
7.999169,0.0,0.0,-9.6899995803833,0.0,0.0,0.0,-9.6899995803833,0.0,0.0,0.0,0.0,0.0,0.0,0.0,-0.0,-0.0,0.0
8.020273,0.0,0.0,-9.6899995803833,0.0,0.0,0.0,-9.6899995803833,0.0,0.0,0.0,0.0,0.0,0.0,0.0,-0.0,-0.0,0.0
8.040355,0.0,0.0,-9.6899995803833,0.0,0.0,0.0,-9.699999809265137,0.0,0.0,0.0,0.0,0.0,0.0,0.0,-0.0,-0.0,0.0
8.059182,0.0,0.0,-9.699999809265137,0.0,0.0,0.0,-9.699999809265137,0.0,0.0,0.0,0.0,0.0,0.0,0.0,-0.0,-0.0,0.0
8.079709,0.0,0.0,-9.699999809265137,0.0,0.0,0.0,-9.699999809265137,0.0,0.0,0.0,0.0,0.0,0.0,0.0,-0.0,-0.0,0.0
8.099244,0.0,0.0,-9.699999809265137,0.0,0.0,0.0,-9.699999809265137,0.0,0.0,0.0,0.0,0.0,0.0,0.0,-0.0,-0.0,0.0
8.119768,0.0,0.0,-9.699999809265137,0.0,0.0,0.0,-9.699999809265137,0.0,0.0,0.0,0.0,0.0,0.0,0.0,-0.0,-0.0,0.0
8.139371,0.0,0.0,-9.699999809265137,0.0,0.0,0.0,-9.699999809265137,0.0,0.0,0.0,0.0,0.0,0.0,0.0,-0.0,-0.0,0.0
8.159069,0.0,0.0,-9.699999809265137,0.0,0.0,0.0,-9.699999809265137,0.0,0.0,0.0,0.0,0.0,0.0,0.0,-0.0,-0.0,0.0
8.179147,0.0,0.0,-9.699999809265137,0.0,0.0,0.0,-9.699999809265137,0.0,0.0,0.0,0.0,0.0,0.0,0.0,-0.0,-0.0,0.0
8.200633,0.0,0.0,-9.699999809265137,0.0,0.0,0.0,-9.699999809265137,0.0,0.0,0.0,0.0,0.0,0.0,0.0,-0.0,-0.0,0.0
8.219872,0.0,0.0,-9.699999809265137,0.0,0.0,0.0,-9.699999809265137,0.0,0.0,0.0,0.0,0.0,0.0,0.0,-0.0,-0.0,0.0
8.239148,0.0,0.0,-9.699999809265137,0.0,0.0,0.0,-9.699999809265137,0.0,0.0,0.0,0.0,0.0,0.0,0.0,-0.0,-0.0,0.0
8.25912,0.0,0.0,-9.699999809265137,0.0,0.0,0.0,-9.699999809265137,0.0,0.0,0.0,0.0,0.0,0.0,0.0,-0.0,-0.0,0.0
8.281701,0.0,0.0,-9.699999809265137,0.0,0.0,0.0,-9.699999809265137,0.0,0.0,0.0,0.0,0.0,0.0,0.0,-0.0,-0.0,0.0
8.298851,0.0,0.0,-9.699999809265137,0.0,0.0,0.0,-9.699999809265137,0.0,0.0,0.0,0.0,0.0,0.0,0.0,-0.0,-0.0,0.0
8.319356,0.0,0.0,-9.699999809265137,0.0,0.0,0.0,-9.699999809265137,0.0,0.0,0.0,0.0,0.0,0.0,0.0,-0.0,-0.0,0.0
8.341552,0.0,0.0,-9.699999809265137,0.0,0.0,0.0,-9.699999809265137,0.0,0.0,0.0,0.0,0.0,0.0,0.0,-0.0,-0.0,0.0
8.359041,0.0,0.0,-9.699999809265137,0.0,0.0,0.0,-9.699999809265137,0.0,0.0,0.0,0.0,0.0,0.0,0.0,-0.0,-0.0,0.0
8.380162,0.0,0.0,-9.699999809265137,0.0,0.0,0.0,-9.699999809265137,0.0,0.0,0.0,0.0,0.0,0.0,0.0,-0.0,-0.0,0.0
8.399165,0.0,0.0,-9.699999809265137,0.0,0.0,0.0,-9.699999809265137,0.0,0.0,0.0,0.0,0.0,0.0,0.0,-0.0,-0.0,0.0
8.419824,0.0,0.0,-9.699999809265137,0.0,0.0,0.0,-9.699999809265137,0.0,0.0,0.0,0.0,0.0,0.0,0.0,-0.0,-0.0,0.0
8.439024,0.0,0.0,-9.699999809265137,0.0,0.0,0.0,-9.699999809265137,0.0,0.0,0.0,0.0,0.0,0.0,0.0,-0.0,-0.0,0.0
8.459027,0.0,0.0,-9.699999809265137,0.0,0.0,0.0,-9.699999809265137,0.0,0.0,0.0,0.0,0.0,0.0,0.0,-0.0,-0.0,0.0
8.480378,0.0,0.0,-9.699999809265137,0.0,0.0,0.0,-9.699999809265137,0.0,0.0,0.0,0.0,0.0,0.0,0.0,-0.0,-0.0,0.0
8.499157,0.0,0.0,-9.699999809265137,0.0,0.0,0.0,-9.699999809265137,0.0,0.0,0.0,0.0,0.0,0.0,0.0,-0.0,-0.0,0.0
8.526669,0.0,0.0,-9.699999809265137,0.0,0.0,0.0,-9.699999809265137,0.0,0.0,0.0,0.0,0.0,0.0,0.0,-0.0,-0.0,0.0
8.541716,0.0,0.0,-9.699999809265137,0.0,0.0,0.0,-9.699999809265137,0.0,0.0,0.0,0.0,0.0,0.0,0.0,-0.0,-0.0,0.0
8.584823,0.0,0.0,-9.699999809265137,0.0,0.0,0.0,-9.699999809265137,0.0,0.0,0.0,0.0,0.0,0.0,0.0,-0.0,-0.0,0.0
8.595246,0.0,0.0,-9.699999809265137,0.0,0.0,0.0,-9.699999809265137,0.0,0.0,0.0,0.0,0.0,0.0,0.0,-0.0,-0.0,0.0
8.606096,0.0,0.0,-9.699999809265137,0.0,0.0,0.0,-9.699999809265137,0.0,0.0,0.0,0.0,0.0,0.0,0.0,-0.0,-0.0,0.0
8.619625,0.0,0.0,-9.699999809265137,0.0,0.0,0.0,-9.699999809265137,0.0,0.0,0.0,0.0,0.0,0.0,0.0,-0.0,-0.0,0.0
8.640995,0.0,0.0,-9.699999809265137,0.0,0.0,0.0,-9.6899995803833,0.0,0.0,0.0,0.0,0.0,0.0,0.0,-0.0,-0.0,0.0
8.660451,0.0,0.0,-9.6899995803833,0.0,0.0,0.0,-9.6899995803833,0.0,0.0,0.0,0.0,0.0,0.0,0.0,-0.0,-0.0,0.0
8.679392,0.0,0.0,-9.6899995803833,0.0,0.0,0.0,-9.699999809265137,0.0,0.0,0.0,0.0,0.0,0.0,0.0,-0.0,-0.0,0.0
8.699129,0.0,0.0,-9.699999809265137,0.0,0.0,0.0,-9.699999809265137,0.0,0.0,0.0,0.0,0.0,0.0,0.0,-0.0,-0.0,0.0
8.720678,0.0,0.0,-9.699999809265137,0.0,0.0,0.0,-9.6899995803833,0.0,0.0,0.0,0.0,0.0,0.0,0.0,-0.0,-0.0,0.0
8.739844,0.0,0.0,-9.6899995803833,0.0,0.0,0.0,-9.6899995803833,0.0,0.0,0.0,0.0,0.0,0.0,0.0,-0.0,-0.0,0.0
8.760995,0.0,0.0,-9.6899995803833,0.0,0.0,0.0,-9.6899995803833,0.0,0.0,0.0,0.0,0.0,0.0,0.0,-0.0,-0.0,0.0
8.781062,0.0,0.0,-9.6899995803833,0.0,0.0,0.0,-9.6899995803833,0.0,0.0,0.0,0.0,0.0,0.0,0.0,-0.0,-0.0,0.0
8.800315,0.0,0.0,-9.6899995803833,0.0,0.0,0.0,-9.6899995803833,0.0,0.0,0.0,0.0,0.0,0.0,0.0,-0.0,-0.0,0.0
8.820064,0.0,0.0,-9.6899995803833,0.0,0.0,0.0,-9.6899995803833,0.0,0.0,0.0,0.0,0.0,0.0,0.0,-0.0,-0.0,0.0
8.840911,0.0,0.0,-9.6899995803833,0.0,0.0,0.0,-9.6899995803833,0.0,0.0,0.0,0.0,0.0,0.0,0.0,-0.0,-0.0,0.0
8.859187,0.0,0.0,-9.6899995803833,0.0,0.0,0.0,-9.6899995803833,0.0,0.0,0.0,0.0,0.0,0.0,0.0,-0.0,-0.0,0.0
8.880842,0.0,0.0,-9.6899995803833,0.0,0.0,0.0,-9.6899995803833,0.0,0.0,0.0,0.0,0.0,0.0,0.0,-0.0,-0.0,0.0
8.899115,0.0,0.0,-9.6899995803833,0.0,0.0,0.0,-9.6899995803833,0.0,0.0,0.0,0.0,0.0,0.0,0.0,-0.0,-0.0,0.0
8.919278,0.0,0.0,-9.6899995803833,0.0,0.0,0.0,-9.6899995803833,0.0,0.0,0.0,0.0,0.0,0.0,0.0,-0.0,-0.0,0.0
8.939058,0.0,0.0,-9.6899995803833,0.0,0.0,0.0,-9.6899995803833,0.0,0.0,0.0,0.0,0.0,0.0,0.0,-0.0,-0.0,0.0
8.959543,0.0,0.0,-9.6899995803833,0.0,0.0,0.0,-9.6899995803833,0.0,0.0,0.0,0.0,0.0,0.0,0.0,-0.0,-0.0,0.0
8.979315,0.0,0.0,-9.6899995803833,0.0,0.0,0.0,-9.6899995803833,0.0,0.0,0.0,0.0,0.0,0.0,0.0,-0.0,-0.0,0.0
8.999036,0.0,0.0,-9.6899995803833,0.0,0.0,0.0,-9.6899995803833,0.0,0.0,0.0,0.0,0.0,0.0,0.0,-0.0,-0.0,0.0
9.019568,0.0,0.0,-9.6899995803833,0.0,0.0,0.0,-9.6899995803833,0.0,0.0,0.0,0.0,0.0,0.0,0.0,-0.0,-0.0,0.0
9.038991,0.0,0.0,-9.6899995803833,0.0,0.0,0.0,-9.6899995803833,0.0,0.0,0.0,0.0,0.0,0.0,0.0,-0.0,-0.0,0.0
9.059167,0.0,0.0,-9.6899995803833,0.0,0.0,0.0,-9.6899995803833,0.0,0.0,0.0,0.0,0.0,0.0,0.0,-0.0,-0.0,0.0
9.079217,0.0,0.0,-9.6899995803833,0.0,0.0,0.0,-9.6899995803833,0.0,0.0,0.0,0.0,0.0,0.0,0.0,-0.0,-0.0,0.0
9.099025,0.0,0.0,-9.6899995803833,0.0,0.0,0.0,-9.6899995803833,0.0,0.0,0.0,0.0,0.0,0.0,0.0,-0.0,-0.0,0.0
9.119962,0.0,0.0,-9.6899995803833,0.0,0.0,0.0,-9.6899995803833,0.0,0.0,0.0,0.0,0.0,0.0,0.0,-0.0,-0.0,0.0
9.139071,0.0,0.0,-9.6899995803833,0.0,0.0,0.0,-9.6899995803833,0.0,0.0,0.0,0.0,0.0,0.0,0.0,-0.0,-0.0,0.0
9.158918,0.0,0.0,-9.6899995803833,0.0,0.0,0.0,-9.6899995803833,0.0,0.0,0.0,0.0,0.0,0.0,0.0,-0.0,-0.0,0.0
9.178928,0.0,0.0,-9.6899995803833,0.0,0.0,0.0,-9.6899995803833,0.0,0.0,0.0,0.0,0.0,0.0,0.0,-0.0,-0.0,0.0
9.199881,0.0,0.0,-9.6899995803833,0.0,0.0,0.0,-9.6899995803833,0.0,0.0,0.0,0.0,0.0,0.0,0.0,-0.0,-0.0,0.0
9.219039,0.0,0.0,-9.6899995803833,0.0,0.0,0.0,-9.6899995803833,0.0,0.0,0.0,0.0,0.0,0.0,0.0,-0.0,-0.0,0.0
9.238847,0.0,0.0,-9.6899995803833,0.0,0.0,0.0,-9.6899995803833,0.0,0.0,0.0,0.0,0.0,0.0,0.0,-0.0,-0.0,0.0
9.259002,0.0,0.0,-9.6899995803833,0.0,0.0,0.0,-9.6899995803833,0.0,0.0,0.0,0.0,0.0,0.0,0.0,-0.0,-0.0,0.0
9.279204,0.0,0.0,-9.6899995803833,0.0,0.0,0.0,-9.6899995803833,0.0,0.0,0.0,0.0,0.0,0.0,0.0,-0.0,-0.0,0.0
9.298785,0.0,0.0,-9.6899995803833,0.0,0.0,0.0,-9.6899995803833,0.0,0.0,0.0,0.0,0.0,0.0,0.0,-0.0,-0.0,0.0
9.31993,0.0,0.0,-9.6899995803833,0.0,0.0,0.0,-9.6899995803833,0.0,0.0,0.0,0.0,0.0,0.0,0.0,-0.0,-0.0,0.0
9.339147,0.0,0.0,-9.6899995803833,0.0,0.0,0.0,-9.6899995803833,0.0,0.0,0.0,0.0,0.0,0.0,0.0,-0.0,-0.0,0.0
9.359335,0.0,0.0,-9.6899995803833,0.0,0.0,0.0,-9.6899995803833,0.0,0.0,0.0,0.0,0.0,0.0,0.0,-0.0,-0.0,0.0
9.382092,0.0,0.0,-9.6899995803833,0.0,0.0,0.0,-9.6899995803833,0.0,0.0,0.0,0.0,0.0,0.0,0.0,-0.0,-0.0,0.0
9.398829,0.0,0.0,-9.680000305175781,0.0,0.0,0.0,-9.680000305175781,0.0,0.0,0.0,0.0,0.0,0.0,0.0,-0.0,-0.0,0.0
9.420261,0.0,0.0,-9.680000305175781,0.0,0.0,0.0,-9.680000305175781,0.0,0.0,0.0,0.0,0.0,0.0,0.0,-0.0,-0.0,0.0
9.439205,0.0,0.0,-9.680000305175781,0.0,0.0,0.0,-9.680000305175781,0.0,0.0,0.0,0.0,0.0,0.0,0.0,-0.0,-0.0,0.0
9.45912,0.0,0.0,-9.680000305175781,0.0,0.0,0.0,-9.680000305175781,0.0,0.0,0.0,0.0,0.0,0.0,0.0,-0.0,-0.0,0.0
9.480103,0.0,0.0,-9.680000305175781,0.0,0.0,0.0,-9.680000305175781,0.0,0.0,0.0,0.0,0.0,0.0,0.0,-0.0,-0.0,0.0
9.499981,0.0,0.0,-9.680000305175781,0.0,0.0,0.0,-9.680000305175781,0.0,0.0,0.0,0.0,0.0,0.0,0.0,-0.0,-0.0,0.0
9.521609,0.0,0.0,-9.680000305175781,0.0,0.0,0.0,-9.680000305175781,0.0,0.0,0.0,0.0,0.0,0.0,0.0,-0.0,-0.0,0.0
9.53879,0.0,0.0,-9.680000305175781,0.0,0.0,0.0,-9.680000305175781,0.0,0.0,0.0,0.0,0.0,0.0,0.0,-0.0,-0.0,0.0
9.55925,0.0,0.0,-9.680000305175781,0.0,0.0,0.0,-9.680000305175781,0.0,0.0,0.0,0.0,0.0,0.0,0.0,-0.0,-0.0,0.0
9.579236,0.0,0.0,-9.680000305175781,0.0,0.0,0.0,-9.680000305175781,0.0,0.0,0.0,0.0,0.0,0.0,0.0,-0.0,-0.0,0.0
9.599085,0.0,0.0,-9.680000305175781,0.0,0.0,0.0,-9.680000305175781,0.0,0.0,0.0,0.0,0.0,0.0,0.0,-0.0,-0.0,0.0
9.619656,0.0,0.0,-9.680000305175781,0.0,0.0,0.0,-9.680000305175781,0.0,0.0,0.0,0.0,0.0,0.0,0.0,-0.0,-0.0,0.0
9.638754,0.0,0.0,-9.680000305175781,0.0,0.0,0.0,-9.680000305175781,0.0,0.0,0.0,0.0,0.0,0.0,0.0,-0.0,-0.0,0.0
9.659366,0.0,0.0,-9.680000305175781,0.0,0.0,0.0,-9.680000305175781,0.0,0.0,0.0,0.0,0.0,0.0,0.0,-0.0,-0.0,0.0
9.67902,0.0,0.0,-9.680000305175781,0.0,0.0,0.0,-9.680000305175781,0.0,0.0,0.0,0.0,0.0,0.0,0.0,-0.0,-0.0,0.0
9.699421,0.0,0.0,-9.680000305175781,0.0,0.0,0.0,-9.680000305175781,0.0,0.0,0.0,0.0,0.0,0.0,0.0,-0.0,-0.0,0.0
9.71931,0.0,0.0,-9.680000305175781,0.0,0.0,0.0,-9.680000305175781,0.0,0.0,0.0,0.0,0.0,0.0,0.0,-0.0,-0.0,0.0
9.739254,0.0,0.0,-9.680000305175781,0.0,0.0,0.0,-9.680000305175781,0.0,0.0,0.0,0.0,0.0,0.0,0.0,-0.0,-0.0,0.0
9.758954,0.0,0.0,-9.680000305175781,0.0,0.0,0.0,-9.680000305175781,0.0,0.0,0.0,0.0,0.0,0.0,0.0,-0.0,-0.0,0.0
9.779243,0.0,0.0,-9.680000305175781,0.0,0.0,0.0,-9.680000305175781,0.0,0.0,0.0,0.0,0.0,0.0,0.0,-0.0,-0.0,0.0
9.79923,0.0,0.0,-9.680000305175781,0.0,0.0,0.0,-9.680000305175781,0.0,0.0,0.0,0.0,0.0,0.0,0.0,-0.0,-0.0,0.0
9.819299,0.0,0.0,-9.680000305175781,0.0,0.0,0.0,-9.680000305175781,0.0,0.0,0.0,0.0,0.0,0.0,0.0,-0.0,-0.0,0.0
9.839142,0.0,0.0,-9.680000305175781,0.0,0.0,0.0,-9.680000305175781,0.0,0.0,0.0,0.0,0.0,0.0,0.0,-0.0,-0.0,0.0
9.860086,0.0,0.0,-9.670000076293945,0.0,0.0,0.0,-9.680000305175781,0.0,0.0,0.0,0.0,0.0,0.0,0.0,-0.0,-0.0,0.0
9.879182,0.0,0.0,-9.680000305175781,0.0,0.0,0.0,-9.680000305175781,0.0,0.0,0.0,0.0,0.0,0.0,0.0,-0.0,-0.0,0.0
9.900579,0.0,0.0,-9.680000305175781,0.0,0.0,0.0,-9.680000305175781,0.0,0.0,0.0,0.0,0.0,0.0,0.0,-0.0,-0.0,0.0
9.919248,0.0,0.0,-9.680000305175781,0.0,0.0,0.0,-9.680000305175781,0.0,0.0,0.0,0.0,0.0,0.0,0.0,-0.0,-0.0,0.0
9.939271,0.0,0.0,-9.680000305175781,0.0,0.0,0.0,-9.680000305175781,0.0,0.0,0.0,0.0,0.0,0.0,0.0,-0.0,-0.0,0.0
9.959873,0.0,0.0,-9.680000305175781,0.0,0.0,0.0,-9.680000305175781,0.0,0.0,0.0,0.0,0.0,0.0,0.0,-0.0,-0.0,0.0
9.978978,0.0,0.0,-9.680000305175781,0.0,0.0,0.0,-9.680000305175781,0.0,0.0,0.0,0.0,0.0,0.0,0.0,-0.0,-0.0,0.0
9.999092,0.0,0.0,-9.680000305175781,0.0,0.0,0.0,-9.680000305175781,0.0,0.0,0.0,0.0,0.0,0.0,0.0,-0.0,-0.0,0.0
10.019582,0.0,0.0,-9.680000305175781,0.0,0.0,0.0,-9.680000305175781,0.0,0.0,0.0,0.0,0.0,0.0,0.0,-0.0,-0.0,0.0
10.038961,0.0,0.0,-9.680000305175781,0.0,0.0,0.0,-9.670000076293947,0.0,0.0,0.0,0.0,0.0,0.0,0.0,-0.0,-0.0,0.0
10.05895,0.0,0.0,-9.670000076293945,0.0,0.0,0.0,-9.670000076293947,0.0,0.0,0.0,0.0,0.0,0.0,0.0,-0.0,-0.0,0.0
10.079149,0.0,0.0,-9.670000076293945,0.0,0.0,0.0,-9.670000076293947,0.0,0.0,0.0,0.0,0.0,0.0,0.0,-0.0,-0.0,0.0
10.098976,0.0,0.0,-9.670000076293945,0.0,0.0,0.0,-9.680000305175781,0.0,0.0,0.0,0.0,0.0,0.0,0.0,-0.0,-0.0,0.0
10.118973,0.0,0.0,-9.680000305175781,0.0,0.0,0.0,-9.680000305175781,0.0,0.0,0.0,0.0,0.0,0.0,0.0,-0.0,-0.0,0.0
10.139063,0.0,0.0,-9.680000305175781,0.0,0.0,0.0,-9.680000305175781,0.0,0.0,0.0,0.0,0.0,0.0,0.0,-0.0,-0.0,0.0
10.159199,0.0,0.0,-9.680000305175781,0.0,0.0,0.0,-9.680000305175781,0.0,0.0,0.0,0.0,0.0,0.0,0.0,-0.0,-0.0,0.0
10.178934,0.0,0.0,-9.680000305175781,0.0,0.0,0.0,-9.680000305175781,0.0,0.0,0.0,0.0,0.0,0.0,0.0,-0.0,-0.0,0.0
10.199035,0.0,0.0,-9.680000305175781,0.0,0.0,0.0,-9.670000076293947,0.0,0.0,0.0,0.0,0.0,0.0,0.0,-0.0,-0.0,0.0
10.221487,0.0,0.0,-9.670000076293945,0.0,0.0,0.0,-9.670000076293947,0.0,0.0,0.0,0.0,0.0,0.0,0.0,-0.0,-0.0,0.0
10.238802,0.0,0.0,-9.670000076293945,0.0,0.0,0.0,-9.670000076293947,0.0,0.0,0.0,0.0,0.0,0.0,0.0,-0.0,-0.0,0.0
10.25887,0.0,0.0,-9.670000076293945,0.0,0.0,0.0,-9.680000305175781,0.0,0.0,0.0,0.0,0.0,0.0,0.0,-0.0,-0.0,0.0
10.27905,0.0,0.0,-9.680000305175781,0.0,0.0,0.0,-9.680000305175781,0.0,0.0,0.0,0.0,0.0,0.0,0.0,-0.0,-0.0,0.0
10.299026,0.0,0.0,-9.680000305175781,0.0,0.0,0.0,-9.680000305175781,0.0,0.0,0.0,0.0,0.0,0.0,0.0,-0.0,-0.0,0.0
10.319153,0.0,0.0,-9.680000305175781,0.0,0.0,0.0,-9.670000076293947,0.0,0.0,0.0,0.0,0.0,0.0,0.0,-0.0,-0.0,0.0
10.338958,0.0,0.0,-9.670000076293945,0.0,0.0,0.0,-9.670000076293947,0.0,0.0,0.0,0.0,0.0,0.0,0.0,-0.0,-0.0,0.0
10.359032,0.0,0.0,-9.670000076293945,0.0,0.0,0.0,-9.670000076293947,0.0,0.0,0.0,0.0,0.0,0.0,0.0,-0.0,-0.0,0.0
10.382327,0.0,0.0,-9.670000076293945,0.0,0.0,0.0,-9.670000076293947,0.0,0.0,0.0,0.0,0.0,0.0,0.0,-0.0,-0.0,0.0
10.39935,0.0,0.0,-9.670000076293945,0.0,0.0,0.0,-9.670000076293947,0.0,0.0,0.0,0.0,0.0,0.0,0.0,-0.0,-0.0,0.0
10.419635,0.0,0.0,-9.670000076293945,0.0,0.0,0.0,-9.670000076293947,0.0,0.0,0.0,0.0,0.0,0.0,0.0,-0.0,-0.0,0.0
10.439119,0.0,0.0,-9.670000076293945,0.0,0.0,0.0,-9.670000076293947,0.0,0.0,0.0,0.0,0.0,0.0,0.0,-0.0,-0.0,0.0
10.458895,0.0,0.0,-9.670000076293945,0.0,0.0,0.0,-9.670000076293947,0.0,0.0,0.0,0.0,0.0,0.0,0.0,-0.0,-0.0,0.0
10.483462,0.0,0.0,-9.670000076293945,0.0,0.0,0.0,-9.670000076293947,0.0,0.0,0.0,0.0,0.0,0.0,0.0,-0.0,-0.0,0.0
10.499145,0.0,0.0,-9.670000076293945,0.0,0.0,0.0,-9.670000076293947,0.0,0.0,0.0,0.0,0.0,0.0,0.0,-0.0,-0.0,0.0
10.52278,0.0,0.0,-9.670000076293945,0.0,0.0,0.0,-9.670000076293947,0.0,0.0,0.0,0.0,0.0,0.0,0.0,-0.0,-0.0,0.0
10.540807,0.0,0.0,-9.670000076293945,0.0,0.0,0.0,-9.670000076293947,0.0,0.0,0.0,0.0,0.0,0.0,0.0,-0.0,-0.0,0.0
10.562049,0.0,0.0,-9.670000076293945,0.0,0.0,0.0,-9.670000076293947,0.0,0.0,0.0,0.0,0.0,0.0,0.0,-0.0,-0.0,0.0
10.579774,0.0,0.0,-9.670000076293945,0.0,0.0,0.0,-9.670000076293947,0.0,0.0,0.0,0.0,0.0,0.0,0.0,-0.0,-0.0,0.0
10.599062,0.0,0.0,-9.670000076293945,0.0,0.0,0.0,-9.670000076293947,0.0,0.0,0.0,0.0,0.0,0.0,0.0,-0.0,-0.0,0.0
10.619141,0.0,0.0,-9.670000076293945,0.0,0.0,0.0,-9.670000076293947,0.0,0.0,0.0,0.0,0.0,0.0,0.0,-0.0,-0.0,0.0
10.638499,0.0,0.0,-9.670000076293945,0.0,0.0,0.0,-9.670000076293947,0.0,0.0,0.0,0.0,0.0,0.0,0.0,-0.0,-0.0,0.0
10.658828,0.0,0.0,-9.670000076293945,0.0,0.0,0.0,-9.670000076293947,0.0,0.0,0.0,0.0,0.0,0.0,0.0,-0.0,-0.0,0.0
10.685315,0.0,0.0,-9.670000076293945,0.0,0.0,0.0,-9.670000076293947,0.0,0.0,0.0,0.0,0.0,0.0,0.0,-0.0,-0.0,0.0
10.698444,0.0,0.0,-9.670000076293945,0.0,0.0,0.0,-9.670000076293947,0.0,0.0,0.0,0.0,0.0,0.0,0.0,-0.0,-0.0,0.0
10.719041,0.0,0.0,-9.670000076293945,0.0,0.0,0.0,-9.670000076293947,0.0,0.0,0.0,0.0,0.0,0.0,0.0,-0.0,-0.0,0.0
10.738624,0.0,0.0,-9.670000076293945,0.0,0.0,0.0,-9.670000076293947,0.0,0.0,0.0,0.0,0.0,0.0,0.0,-0.0,-0.0,0.0
10.758617,0.0,0.0,-9.670000076293945,0.0,0.0,0.0,-9.670000076293947,0.0,0.0,0.0,0.0,0.0,0.0,0.0,-0.0,-0.0,0.0
10.779125,0.0,0.0,-9.670000076293945,0.0,0.0,0.0,-9.670000076293947,0.0,0.0,0.0,0.0,0.0,0.0,0.0,-0.0,-0.0,0.0
10.79876,0.0,0.0,-9.670000076293945,0.0,0.0,0.0,-9.670000076293947,0.0,0.0,0.0,0.0,0.0,0.0,0.0,-0.0,-0.0,0.0
10.818808,0.0,0.0,-9.670000076293945,0.0,0.0,0.0,-9.670000076293947,0.0,0.0,0.0,0.0,0.0,0.0,0.0,-0.0,-0.0,0.0
10.838747,0.0,0.0,-9.670000076293945,0.0,0.0,0.0,-9.670000076293947,0.0,0.0,0.0,0.0,0.0,0.0,0.0,-0.0,-0.0,0.0
10.858653,0.0,0.0,-9.670000076293945,0.0,0.0,0.0,-9.670000076293947,0.0,0.0,0.0,0.0,0.0,0.0,0.0,-0.0,-0.0,0.0
10.8787,0.0,0.0,-9.670000076293945,0.0,0.0,0.0,-9.670000076293947,0.0,0.0,0.0,0.0,0.0,0.0,0.0,-0.0,-0.0,0.0
10.899098,0.0,0.0,-9.670000076293945,0.0,0.0,0.0,-9.670000076293947,0.0,0.0,0.0,0.0,0.0,0.0,0.0,-0.0,-0.0,0.0
10.918875,0.0,0.0,-9.670000076293945,0.0,0.0,0.0,-9.670000076293947,0.0,0.0,0.0,0.0,0.0,0.0,0.0,-0.0,-0.0,0.0
10.938814,0.0,0.0,-9.670000076293945,0.0,0.0,0.0,-9.670000076293947,0.0,0.0,0.0,0.0,0.0,0.0,0.0,-0.0,-0.0,0.0
10.959201,0.0,0.0,-9.670000076293945,0.0,0.0,0.0,-9.670000076293947,0.0,0.0,0.0,0.0,0.0,0.0,0.0,-0.0,-0.0,0.0
10.978625,0.0,0.0,-9.670000076293945,0.0,0.0,0.0,-9.670000076293947,0.0,0.0,0.0,0.0,0.0,0.0,0.0,-0.0,-0.0,0.0
10.998683,0.0,0.0,-9.670000076293945,0.0,0.0,0.0,-9.670000076293947,0.0,0.0,0.0,0.0,0.0,0.0,0.0,-0.0,-0.0,0.0
11.018991,0.0,0.0,-9.670000076293945,0.0,0.0,0.0,-9.670000076293947,0.0,0.0,0.0,0.0,0.0,0.0,0.0,-0.0,-0.0,0.0
11.038846,0.0,0.0,-9.670000076293945,0.0,0.0,0.0,-9.670000076293947,0.0,0.0,0.0,0.0,0.0,0.0,0.0,-0.0,-0.0,0.0
11.058833,0.0,0.0,-9.670000076293945,0.0,0.0,0.0,-9.670000076293947,0.0,0.0,0.0,0.0,0.0,0.0,0.0,-0.0,-0.0,0.0
11.078842,0.0,0.0,-9.670000076293945,0.0,0.0,0.0,-9.670000076293947,0.0,0.0,0.0,0.0,0.0,0.0,0.0,-0.0,-0.0,0.0
11.098917,0.0,0.0,-9.670000076293945,0.0,0.0,0.0,-9.670000076293947,0.0,0.0,0.0,0.0,0.0,0.0,0.0,-0.0,-0.0,0.0
11.119063,0.0,0.0,-9.670000076293945,0.0,0.0,0.0,-9.670000076293947,0.0,0.0,0.0,0.0,0.0,0.0,0.0,-0.0,-0.0,0.0
11.138875,0.0,0.0,-9.670000076293945,0.0,0.0,0.0,-9.670000076293947,0.0,0.0,0.0,0.0,0.0,0.0,0.0,-0.0,-0.0,0.0
11.158959,0.0,0.0,-9.670000076293945,0.0,0.0,0.0,-9.670000076293947,0.0,0.0,0.0,0.0,0.0,0.0,0.0,-0.0,-0.0,0.0
11.178688,0.0,0.0,-9.670000076293945,0.0,0.0,0.0,-9.670000076293947,0.0,0.0,0.0,0.0,0.0,0.0,0.0,-0.0,-0.0,0.0
11.198724,0.0,0.0,-9.670000076293945,0.0,0.0,0.0,-9.670000076293947,0.0,0.0,0.0,0.0,0.0,0.0,0.0,-0.0,-0.0,0.0
11.221033,0.0,0.0,-9.670000076293945,0.0,0.0,0.0,-9.670000076293947,0.0,0.0,0.0,0.0,0.0,0.0,0.0,-0.0,-0.0,0.0
11.238635,0.0,0.0,-9.670000076293945,0.0,0.0,0.0,-9.670000076293947,0.0,0.0,0.0,0.0,0.0,0.0,0.0,-0.0,-0.0,0.0
11.258553,0.0,0.0,-9.670000076293945,0.0,0.0,0.0,-9.670000076293947,0.0,0.0,0.0,0.0,0.0,0.0,0.0,-0.0,-0.0,0.0
11.278491,0.0,0.0,-9.670000076293945,0.0,0.0,0.0,-9.670000076293947,0.0,0.0,0.0,0.0,0.0,0.0,0.0,-0.0,-0.0,0.0
11.298691,0.0,0.0,-9.670000076293945,0.0,0.0,0.0,-9.670000076293947,0.0,0.0,0.0,0.0,0.0,0.0,0.0,-0.0,-0.0,0.0
11.319054,0.0,0.0,-9.670000076293945,0.0,0.0,0.0,-9.670000076293947,0.0,0.0,0.0,0.0,0.0,0.0,0.0,-0.0,-0.0,0.0
11.338739,0.0,0.0,-9.670000076293945,0.0,0.0,0.0,-9.65999984741211,0.0,0.0,0.0,0.0,0.0,0.0,0.0,-0.0,-0.0,0.0
11.358836,0.0,0.0,-9.65999984741211,0.0,0.0,0.0,-9.65999984741211,0.0,0.0,0.0,0.0,0.0,0.0,0.0,-0.0,-0.0,0.0
11.383841,0.0,0.0,-9.65999984741211,0.0,0.0,0.0,-9.65999984741211,0.0,0.0,0.0,0.0,0.0,0.0,0.0,-0.0,-0.0,0.0
11.39868,0.0,0.0,-9.65999984741211,0.0,0.0,0.0,-9.65999984741211,0.0,0.0,0.0,0.0,0.0,0.0,0.0,-0.0,-0.0,0.0
11.419212,0.0,0.0,-9.65999984741211,0.0,0.0,0.0,-9.670000076293947,0.0,0.0,0.0,0.0,0.0,0.0,0.0,-0.0,-0.0,0.0
11.438553,0.0,0.0,-9.670000076293945,0.0,0.0,0.0,-9.65999984741211,0.0,0.0,0.0,0.0,0.0,0.0,0.0,-0.0,-0.0,0.0
11.458791,0.0,0.0,-9.65999984741211,0.0,0.0,0.0,-9.670000076293947,0.0,0.0,0.0,0.0,0.0,0.0,0.0,-0.0,-0.0,0.0
11.478659,0.0,0.0,-9.670000076293945,0.0,0.0,0.0,-9.65999984741211,0.0,0.0,0.0,0.0,0.0,0.0,0.0,-0.0,-0.0,0.0
11.498802,0.0,0.0,-9.65999984741211,0.0,0.0,0.0,-9.65999984741211,0.0,0.0,0.0,0.0,0.0,0.0,0.0,-0.0,-0.0,0.0
11.52087,0.0,0.0,-9.65999984741211,0.0,0.0,0.0,-9.65999984741211,0.0,0.0,0.0,0.0,0.0,0.0,0.0,-0.0,-0.0,0.0
11.539203,0.0,0.0,-9.65999984741211,0.0,0.0,0.0,-9.65999984741211,0.0,0.0,0.0,0.0,0.0,0.0,0.0,-0.0,-0.0,0.0
11.559063,0.0,0.0,-9.65999984741211,0.0,0.0,0.0,-9.65999984741211,0.0,0.0,0.0,0.0,0.0,0.0,0.0,-0.0,-0.0,0.0
11.578999,0.0,0.0,-9.65999984741211,0.0,0.0,0.0,-9.65999984741211,0.0,0.0,0.0,0.0,0.0,0.0,0.0,-0.0,-0.0,0.0
11.598597,0.0,0.0,-9.65999984741211,0.0,0.0,0.0,-9.670000076293947,0.0,0.0,0.0,0.0,0.0,0.0,0.0,-0.0,-0.0,0.0
11.618937,0.0,0.0,-9.670000076293945,0.0,0.0,0.0,-9.670000076293947,0.0,0.0,0.0,0.0,0.0,0.0,0.0,-0.0,-0.0,0.0
11.638832,0.0,0.0,-9.670000076293945,0.0,0.0,0.0,-9.670000076293947,0.0,0.0,0.0,0.0,0.0,0.0,0.0,-0.0,-0.0,0.0
11.658728,0.0,0.0,-9.670000076293945,0.0,0.0,0.0,-9.670000076293947,0.0,0.0,0.0,0.0,0.0,0.0,0.0,-0.0,-0.0,0.0
11.678829,0.0,0.0,-9.670000076293945,0.0,0.0,0.0,-9.670000076293947,0.0,0.0,0.0,0.0,0.0,0.0,0.0,-0.0,-0.0,0.0
11.698936,0.0,0.0,-9.670000076293945,0.0,0.0,0.0,-9.670000076293947,0.0,0.0,0.0,0.0,0.0,0.0,0.0,-0.0,-0.0,0.0
11.71902,0.0,0.0,-9.670000076293945,0.0,0.0,0.0,-9.670000076293947,0.0,0.0,0.0,0.0,0.0,0.0,0.0,-0.0,-0.0,0.0
11.738709,0.0,0.0,-9.670000076293945,0.0,0.0,0.0,-9.670000076293947,0.0,0.0,0.0,0.0,0.0,0.0,0.0,-0.0,-0.0,0.0
11.75905,0.0,0.0,-9.670000076293945,0.0,0.0,0.0,-9.670000076293947,0.0,0.0,0.0,0.0,0.0,0.0,0.0,-0.0,-0.0,0.0
11.778735,0.0,0.0,-9.670000076293945,0.0,0.0,0.0,-9.65999984741211,0.0,0.0,0.0,0.0,0.0,0.0,0.0,-0.0,-0.0,0.0
11.798959,0.0,0.0,-9.65999984741211,0.0,0.0,0.0,-9.65999984741211,0.0,0.0,0.0,0.0,0.0,0.0,0.0,-0.0,-0.0,0.0
11.819012,0.0,0.0,-9.65999984741211,0.0,0.0,0.0,-9.65999984741211,0.0,0.0,0.0,0.0,0.0,0.0,0.0,-0.0,-0.0,0.0
11.838889,0.0,0.0,-9.65999984741211,0.0,0.0,0.0,-9.65999984741211,0.0,0.0,0.0,0.0,0.0,0.0,0.0,-0.0,-0.0,0.0
11.858629,0.0,0.0,-9.65999984741211,0.0,0.0,0.0,-9.65999984741211,0.0,0.0,0.0,0.0,0.0,0.0,0.0,-0.0,-0.0,0.0
11.878598,0.0,0.0,-9.65999984741211,0.0,0.0,0.0,-9.65999984741211,0.0,0.0,0.0,0.0,0.0,0.0,0.0,-0.0,-0.0,0.0
11.898711,0.0,0.0,-9.65999984741211,0.0,0.0,0.0,-9.65999984741211,0.0,0.0,0.0,0.0,0.0,0.0,0.0,-0.0,-0.0,0.0
11.919007,0.0,0.0,-9.65999984741211,0.0,0.0,0.0,-9.65999984741211,0.0,0.0,0.0,0.0,0.0,0.0,0.0,-0.0,-0.0,0.0
11.938557,0.0,0.0,-9.65999984741211,0.0,0.0,0.0,-9.65999984741211,0.0,0.0,0.0,0.0,0.0,0.0,0.0,-0.0,-0.0,0.0
11.958814,0.0,0.0,-9.65999984741211,0.0,0.0,0.0,-9.65999984741211,0.0,0.0,0.0,0.0,0.0,0.0,0.0,-0.0,-0.0,0.0
11.978678,0.0,0.0,-9.65999984741211,0.0,0.0,0.0,-9.65999984741211,0.0,0.0,0.0,0.0,0.0,0.0,0.0,-0.0,-0.0,0.0
11.998694,0.0,0.0,-9.65999984741211,0.0,0.0,0.0,-9.65999984741211,0.0,0.0,0.0,0.0,0.0,0.0,0.0,-0.0,-0.0,0.0
12.018963,0.0,0.0,-9.65999984741211,0.0,0.0,0.0,-9.65999984741211,0.0,0.0,0.0,0.0,0.0,0.0,0.0,-0.0,-0.0,0.0
12.038898,0.0,0.0,-9.65999984741211,0.0,0.0,0.0,-9.65999984741211,0.0,0.0,0.0,0.0,0.0,0.0,0.0,-0.0,-0.0,0.0
12.058701,0.0,0.0,-9.65999984741211,0.0,0.0,0.0,-9.65999984741211,0.0,0.0,0.0,0.0,0.0,0.0,0.0,-0.0,-0.0,0.0
12.078702,0.0,0.0,-9.65999984741211,0.0,0.0,0.0,-9.65999984741211,0.0,0.0,0.0,0.0,0.0,0.0,0.0,-0.0,-0.0,0.0
12.098667,0.0,0.0,-9.65999984741211,0.0,0.0,0.0,-9.65999984741211,0.0,0.0,0.0,0.0,0.0,0.0,0.0,-0.0,-0.0,0.0
12.118863,0.0,0.0,-9.65999984741211,0.0,0.0,0.0,-9.65999984741211,0.0,0.0,0.0,0.0,0.0,0.0,0.0,-0.0,-0.0,0.0
12.138735,0.0,0.0,-9.65999984741211,0.0,0.0,0.0,-9.65999984741211,0.0,0.0,0.0,0.0,0.0,0.0,0.0,-0.0,-0.0,0.0
12.158731,0.0,0.0,-9.65999984741211,0.0,0.0,0.0,-9.65999984741211,0.0,0.0,0.0,0.0,0.0,0.0,0.0,-0.0,-0.0,0.0
12.178851,0.0,0.0,-9.65999984741211,0.0,0.0,0.0,-9.65999984741211,0.0,0.0,0.0,0.0,0.0,0.0,0.0,-0.0,-0.0,0.0
12.19857,0.0,0.0,-9.65999984741211,0.0,0.0,0.0,-9.65999984741211,0.0,0.0,0.0,0.0,0.0,0.0,0.0,-0.0,-0.0,0.0
12.218813,0.0,0.0,-9.65999984741211,0.0,0.0,0.0,-9.65999984741211,0.0,0.0,0.0,0.0,0.0,0.0,0.0,-0.0,-0.0,0.0
12.238833,0.0,0.0,-9.65999984741211,0.0,0.0,0.0,-9.65999984741211,0.0,0.0,0.0,0.0,0.0,0.0,0.0,-0.0,-0.0,0.0
12.258526,0.0,0.0,-9.65999984741211,0.0,0.0,0.0,-9.670000076293947,0.0,0.0,0.0,0.0,0.0,0.0,0.0,-0.0,-0.0,0.0
12.282575,0.0,0.0,-9.670000076293945,0.0,0.0,0.0,-9.670000076293947,0.0,0.0,0.0,0.0,0.0,0.0,0.0,-0.0,-0.0,0.0
12.298982,0.0,0.0,-9.670000076293945,0.0,0.0,0.0,-9.670000076293947,0.0,0.0,0.0,0.0,0.0,0.0,0.0,-0.0,-0.0,0.0
12.318825,0.0,0.0,-9.670000076293945,0.0,0.0,0.0,-9.65999984741211,0.0,0.0,0.0,0.0,0.0,0.0,0.0,-0.0,-0.0,0.0
12.338686,0.0,0.0,-9.65999984741211,0.0,0.0,0.0,-9.65999984741211,0.0,0.0,0.0,0.0,0.0,0.0,0.0,-0.0,-0.0,0.0
12.35891,0.0,0.0,-9.65999984741211,0.0,0.0,0.0,-9.65999984741211,0.0,0.0,0.0,0.0,0.0,0.0,0.0,-0.0,-0.0,0.0
12.378807,0.0,0.0,-9.65999984741211,0.0,0.0,0.0,-9.65999984741211,0.0,0.0,0.0,0.0,0.0,0.0,0.0,-0.0,-0.0,0.0
12.399128,0.0,0.0,-9.65999984741211,0.0,0.0,0.0,-9.65999984741211,0.0,0.0,0.0,0.0,0.0,0.0,0.0,-0.0,-0.0,0.0
12.4199,0.0,0.0,-9.65999984741211,0.0,0.0,0.0,-9.65999984741211,0.0,0.0,0.0,0.0,0.0,0.0,0.0,-0.0,-0.0,0.0
12.438572,0.0,0.0,-9.65999984741211,0.0,0.0,0.0,-9.65999984741211,0.0,0.0,0.0,0.0,0.0,0.0,0.0,-0.0,-0.0,0.0
12.458679,0.0,0.0,-9.65999984741211,0.0,0.0,0.0,-9.65999984741211,0.0,0.0,0.0,0.0,0.0,0.0,0.0,-0.0,-0.0,0.0
12.47895,0.0,0.0,-9.65999984741211,0.0,0.0,0.0,-9.65999984741211,0.0,0.0,0.0,0.0,0.0,0.0,0.0,-0.0,-0.0,0.0
12.499181,0.0,0.0,-9.65999984741211,0.0,0.0,0.0,-9.670000076293947,0.0,0.0,0.0,0.0,0.0,0.0,0.0,-0.0,-0.0,0.0
12.522483,0.0,0.0,-9.670000076293945,0.0,0.0,0.0,-9.670000076293947,0.0,0.0,0.0,0.0,0.0,0.0,0.0,-0.0,-0.0,0.0
12.538735,0.0,0.0,-9.670000076293945,0.0,0.0,0.0,-9.670000076293947,0.0,0.0,0.0,0.0,0.0,0.0,0.0,-0.0,-0.0,0.0
12.558835,0.0,0.0,-9.670000076293945,0.0,0.0,0.0,-9.670000076293947,0.0,0.0,0.0,0.0,0.0,0.0,0.0,-0.0,-0.0,0.0
12.578719,0.0,0.0,-9.670000076293945,0.0,0.0,0.0,-9.670000076293947,0.0,0.0,0.0,0.0,0.0,0.0,0.0,-0.0,-0.0,0.0
12.599388,0.0,0.0,-9.670000076293945,0.0,0.0,0.0,-9.670000076293947,0.0,0.0,0.0,0.0,0.0,0.0,0.0,-0.0,-0.0,0.0
12.619224,0.0,0.0,-9.670000076293945,0.0,0.0,0.0,-9.670000076293947,0.0,0.0,0.0,0.0,0.0,0.0,0.0,-0.0,-0.0,0.0
12.638569,0.0,0.0,-9.670000076293945,0.0,0.0,0.0,-9.670000076293947,0.0,0.0,0.0,0.0,0.0,0.0,0.0,-0.0,-0.0,0.0
12.65884,0.0,0.0,-9.670000076293945,0.0,0.0,0.0,-9.670000076293947,0.0,0.0,0.0,0.0,0.0,0.0,0.0,-0.0,-0.0,0.0
12.678915,0.0,0.0,-9.670000076293945,0.0,0.0,0.0,-9.670000076293947,0.0,0.0,0.0,0.0,0.0,0.0,0.0,-0.0,-0.0,0.0
12.69904,0.0,0.0,-9.670000076293945,0.0,0.0,0.0,-9.65999984741211,0.0,0.0,0.0,0.0,0.0,0.0,0.0,-0.0,-0.0,0.0
12.718918,0.0,0.0,-9.65999984741211,0.0,0.0,0.0,-9.65999984741211,0.0,0.0,0.0,0.0,0.0,0.0,0.0,-0.0,-0.0,0.0
12.738915,0.0,0.0,-9.65999984741211,0.0,0.0,0.0,-9.65999984741211,0.0,0.0,0.0,0.0,0.0,0.0,0.0,-0.0,-0.0,0.0
12.758582,0.0,0.0,-9.65999984741211,0.0,0.0,0.0,-9.65999984741211,0.0,0.0,0.0,0.0,0.0,0.0,0.0,-0.0,-0.0,0.0
12.778591,0.0,0.0,-9.65999984741211,0.0,0.0,0.0,-9.670000076293947,0.0,0.0,0.0,0.0,0.0,0.0,0.0,-0.0,-0.0,0.0
12.800652,0.0,0.0,-9.670000076293945,0.0,0.0,0.0,-9.670000076293947,0.0,0.0,0.0,0.0,0.0,0.0,0.0,-0.0,-0.0,0.0
12.819012,0.0,0.0,-9.670000076293945,0.0,0.0,0.0,-9.65999984741211,0.0,0.0,0.0,0.0,0.0,0.0,0.0,-0.0,-0.0,0.0
12.838558,0.0,0.0,-9.65999984741211,0.0,0.0,0.0,-9.65999984741211,0.0,0.0,0.0,0.0,0.0,0.0,0.0,-0.0,-0.0,0.0
12.858864,0.0,0.0,-9.65999984741211,0.0,0.0,0.0,-9.65999984741211,0.0,0.0,0.0,0.0,0.0,0.0,0.0,-0.0,-0.0,0.0
12.878861,0.0,0.0,-9.65999984741211,0.0,0.0,0.0,-9.65999984741211,0.0,0.0,0.0,0.0,0.0,0.0,0.0,-0.0,-0.0,0.0
12.899262,0.0,0.0,-9.65999984741211,0.0,0.0,0.0,-9.65999984741211,0.0,0.0,0.0,0.0,0.0,0.0,0.0,-0.0,-0.0,0.0
12.919154,0.0,0.0,-9.65999984741211,0.0,0.0,0.0,-9.65999984741211,0.0,0.0,0.0,0.0,0.0,0.0,0.0,-0.0,-0.0,0.0
12.938928,0.0,0.0,-9.65999984741211,0.0,0.0,0.0,-9.65999984741211,0.0,0.0,0.0,0.0,0.0,0.0,0.0,-0.0,-0.0,0.0
12.958732,0.0,0.0,-9.65999984741211,0.0,0.0,0.0,-9.65999984741211,0.0,0.0,0.0,0.0,0.0,0.0,0.0,-0.0,-0.0,0.0
12.978734,0.0,0.0,-9.65999984741211,0.0,0.0,0.0,-9.65999984741211,0.0,0.0,0.0,0.0,0.0,0.0,0.0,-0.0,-0.0,0.0
12.998847,0.0,0.0,-9.65999984741211,0.0,0.0,0.0,-9.65999984741211,0.0,0.0,0.0,0.0,0.0,0.0,0.0,-0.0,-0.0,0.0
13.020958,0.0,0.0,-9.65999984741211,0.0,0.0,0.0,-9.65999984741211,0.0,0.0,0.0,0.0,0.0,0.0,0.0,-0.0,-0.0,0.0
13.038878,0.0,0.0,-9.65999984741211,0.0,0.0,0.0,-9.65999984741211,0.0,0.0,0.0,0.0,0.0,0.0,0.0,-0.0,-0.0,0.0
13.058815,0.0,0.0,-9.65999984741211,0.0,0.0,0.0,-9.65999984741211,0.0,0.0,0.0,0.0,0.0,0.0,0.0,-0.0,-0.0,0.0
13.078776,0.0,0.0,-9.65999984741211,0.0,0.0,0.0,-9.65999984741211,0.0,0.0,0.0,0.0,0.0,0.0,0.0,-0.0,-0.0,0.0
13.099228,0.0,0.0,-9.65999984741211,0.0,0.0,0.0,-9.65999984741211,0.0,0.0,0.0,0.0,0.0,0.0,0.0,-0.0,-0.0,0.0
13.119247,0.0,0.0,-9.65999984741211,0.0,0.0,0.0,-9.65999984741211,0.0,0.0,0.0,0.0,0.0,0.0,0.0,-0.0,-0.0,0.0
13.138581,0.0,0.0,-9.65999984741211,0.0,0.0,0.0,-9.65999984741211,0.0,0.0,0.0,0.0,0.0,0.0,0.0,-0.0,-0.0,0.0
13.15882,0.0,0.0,-9.65999984741211,0.0,0.0,0.0,-9.65999984741211,0.0,0.0,0.0,0.0,0.0,0.0,0.0,-0.0,-0.0,0.0
13.179017,0.0,0.0,-9.65999984741211,0.0,0.0,0.0,-9.65999984741211,0.0,0.0,0.0,0.0,0.0,0.0,0.0,-0.0,-0.0,0.0
13.198736,0.0,0.0,-9.65999984741211,0.0,0.0,0.0,-9.65999984741211,0.0,0.0,0.0,0.0,0.0,0.0,0.0,-0.0,-0.0,0.0
13.218696,0.0,0.0,-9.65999984741211,0.0,0.0,0.0,-9.65999984741211,0.0,0.0,0.0,0.0,0.0,0.0,0.0,-0.0,-0.0,0.0
13.239071,0.0,0.0,-9.65999984741211,0.0,0.0,0.0,-9.65999984741211,0.0,0.0,0.0,0.0,0.0,0.0,0.0,-0.0,-0.0,0.0
13.258718,0.0,0.0,-9.65999984741211,0.0,0.0,0.0,-9.65999984741211,0.0,0.0,0.0,0.0,0.0,0.0,0.0,-0.0,-0.0,0.0
13.278428,0.0,0.0,-9.65999984741211,0.0,0.0,0.0,-9.65999984741211,0.0,0.0,0.0,0.0,0.0,0.0,0.0,-0.0,-0.0,0.0
13.298615,0.0,0.0,-9.65999984741211,0.0,0.0,0.0,-9.65999984741211,0.0,0.0,0.0,0.0,0.0,0.0,0.0,-0.0,-0.0,0.0
13.319067,0.0,0.0,-9.65999984741211,0.0,0.0,0.0,-9.65999984741211,0.0,0.0,0.0,0.0,0.0,0.0,0.0,-0.0,-0.0,0.0
13.338583,0.0,0.0,-9.65999984741211,0.0,0.0,0.0,-9.65999984741211,0.0,0.0,0.0,0.0,0.0,0.0,0.0,-0.0,-0.0,0.0
13.359118,0.0,0.0,-9.65999984741211,0.0,0.0,0.0,-9.65999984741211,0.0,0.0,0.0,0.0,0.0,0.0,0.0,-0.0,-0.0,0.0
13.378414,0.0,0.0,-9.65999984741211,0.0,0.0,0.0,-9.65999984741211,0.0,0.0,0.0,0.0,0.0,0.0,0.0,-0.0,-0.0,0.0
13.398563,0.0,0.0,-9.65999984741211,0.0,0.0,0.0,-9.65999984741211,0.0,0.0,0.0,0.0,0.0,0.0,0.0,-0.0,-0.0,0.0
13.41914,0.0,0.0,-9.65999984741211,0.0,0.0,0.0,-9.649999618530273,0.0,0.0,0.0,0.0,0.0,0.0,0.0,-0.0,-0.0,0.0
13.438554,0.0,0.0,-9.649999618530273,0.0,0.0,0.0,-9.649999618530273,0.0,0.0,0.0,0.0,0.0,0.0,0.0,-0.0,-0.0,0.0
13.458658,0.0,0.0,-9.649999618530273,0.0,0.0,0.0,-9.649999618530273,0.0,0.0,0.0,0.0,0.0,0.0,0.0,-0.0,-0.0,0.0
13.478832,0.0,0.0,-9.649999618530273,0.0,0.0,0.0,-9.65999984741211,0.0,0.0,0.0,0.0,0.0,0.0,0.0,-0.0,-0.0,0.0
13.498802,0.0,0.0,-9.65999984741211,0.0,0.0,0.0,-9.65999984741211,0.0,0.0,0.0,0.0,0.0,0.0,0.0,-0.0,-0.0,0.0
13.52056,0.0,0.0,-9.65999984741211,0.0,0.0,0.0,-9.649999618530273,0.0,0.0,0.0,0.0,0.0,0.0,0.0,-0.0,-0.0,0.0
13.538788,0.0,0.0,-9.649999618530273,0.0,0.0,0.0,-9.649999618530273,0.0,0.0,0.0,0.0,0.0,0.0,0.0,-0.0,-0.0,0.0
13.558903,0.0,0.0,-9.649999618530273,0.0,0.0,0.0,-9.649999618530273,0.0,0.0,0.0,0.0,0.0,0.0,0.0,-0.0,-0.0,0.0
13.578443,0.0,0.0,-9.649999618530273,0.0,0.0,0.0,-9.649999618530273,0.0,0.0,0.0,0.0,0.0,0.0,0.0,-0.0,-0.0,0.0
13.598806,0.0,0.0,-9.649999618530273,0.0,0.0,0.0,-9.649999618530273,0.0,0.0,0.0,0.0,0.0,0.0,0.0,-0.0,-0.0,0.0
13.619238,0.0,0.0,-9.649999618530273,0.0,0.0,0.0,-9.649999618530273,0.0,0.0,0.0,0.0,0.0,0.0,0.0,-0.0,-0.0,0.0
13.638636,0.0,0.0,-9.649999618530273,0.0,0.0,0.0,-9.649999618530273,0.0,0.0,0.0,0.0,0.0,0.0,0.0,-0.0,-0.0,0.0
13.65886,0.0,0.0,-9.649999618530273,0.0,0.0,0.0,-9.649999618530273,0.0,0.0,0.0,0.0,0.0,0.0,0.0,-0.0,-0.0,0.0
13.678713,0.0,0.0,-9.649999618530273,0.0,0.0,0.0,-9.649999618530273,0.0,0.0,0.0,0.0,0.0,0.0,0.0,-0.0,-0.0,0.0
13.698666,0.0,0.0,-9.649999618530273,0.0,0.0,0.0,-9.649999618530273,0.0,0.0,0.0,0.0,0.0,0.0,0.0,-0.0,-0.0,0.0
13.719051,0.0,0.0,-9.649999618530273,0.0,0.0,0.0,-9.649999618530273,0.0,0.0,0.0,0.0,0.0,0.0,0.0,-0.0,-0.0,0.0
13.73871,0.0,0.0,-9.649999618530273,0.0,0.0,0.0,-9.649999618530273,0.0,0.0,0.0,0.0,0.0,0.0,0.0,-0.0,-0.0,0.0
13.75903,0.0,0.0,-9.649999618530273,0.0,0.0,0.0,-9.649999618530273,0.0,0.0,0.0,0.0,0.0,0.0,0.0,-0.0,-0.0,0.0
13.778689,0.0,0.0,-9.649999618530273,0.0,0.0,0.0,-9.649999618530273,0.0,0.0,0.0,0.0,0.0,0.0,0.0,-0.0,-0.0,0.0
13.798618,0.0,0.0,-9.649999618530273,0.0,0.0,0.0,-9.649999618530273,0.0,0.0,0.0,0.0,0.0,0.0,0.0,-0.0,-0.0,0.0
13.819251,0.0,0.0,-9.649999618530273,0.0,0.0,0.0,-9.649999618530273,0.0,0.0,0.0,0.0,0.0,0.0,0.0,-0.0,-0.0,0.0
13.838538,0.0,0.0,-9.649999618530273,0.0,0.0,0.0,-9.649999618530273,0.0,0.0,0.0,0.0,0.0,0.0,0.0,-0.0,-0.0,0.0
13.858554,0.0,0.0,-9.649999618530273,0.0,0.0,0.0,-9.649999618530273,0.0,0.0,0.0,0.0,0.0,0.0,0.0,-0.0,-0.0,0.0
13.878426,0.0,0.0,-9.649999618530273,0.0,0.0,0.0,-9.649999618530273,0.0,0.0,0.0,0.0,0.0,0.0,0.0,-0.0,-0.0,0.0
13.898811,0.0,0.0,-9.649999618530273,0.0,0.0,0.0,-9.649999618530273,0.0,0.0,0.0,0.0,0.0,0.0,0.0,-0.0,-0.0,0.0
13.918903,0.0,0.0,-9.649999618530273,0.0,0.0,0.0,-9.649999618530273,0.0,0.0,0.0,0.0,0.0,0.0,0.0,-0.0,-0.0,0.0
13.9387,0.0,0.0,-9.649999618530273,0.0,0.0,0.0,-9.65999984741211,0.0,0.0,0.0,0.0,0.0,0.0,0.0,-0.0,-0.0,0.0
13.958835,0.0,0.0,-9.65999984741211,0.0,0.0,0.0,-9.65999984741211,0.0,0.0,0.0,0.0,0.0,0.0,0.0,-0.0,-0.0,0.0
13.978811,0.0,0.0,-9.65999984741211,0.0,0.0,0.0,-9.65999984741211,0.0,0.0,0.0,0.0,0.0,0.0,0.0,-0.0,-0.0,0.0
13.998754,0.0,0.0,-9.65999984741211,0.0,0.0,0.0,-9.65999984741211,0.0,0.0,0.0,0.0,0.0,0.0,0.0,-0.0,-0.0,0.0
14.018789,0.0,0.0,-9.65999984741211,0.0,0.0,0.0,-9.649999618530273,0.0,0.0,0.0,0.0,0.0,0.0,0.0,-0.0,-0.0,0.0
14.038633,0.0,0.0,-9.649999618530273,0.0,0.0,0.0,-9.649999618530273,0.0,0.0,0.0,0.0,0.0,0.0,0.0,-0.0,-0.0,0.0
14.058745,0.0,0.0,-9.649999618530273,0.0,0.0,0.0,-9.649999618530273,0.0,0.0,0.0,0.0,0.0,0.0,0.0,-0.0,-0.0,0.0
14.079064,0.0,0.0,-9.649999618530273,0.0,0.0,0.0,-9.649999618530273,0.0,0.0,0.0,0.0,0.0,0.0,0.0,-0.0,-0.0,0.0
14.098645,0.0,0.0,-9.649999618530273,0.0,0.0,0.0,-9.649999618530273,0.0,0.0,0.0,0.0,0.0,0.0,0.0,-0.0,-0.0,0.0
14.118893,0.0,0.0,-9.649999618530273,0.0,0.0,0.0,-9.649999618530273,0.0,0.0,0.0,0.0,0.0,0.0,0.0,-0.0,-0.0,0.0
14.138901,0.0,0.0,-9.649999618530273,0.0,0.0,0.0,-9.649999618530273,0.0,0.0,0.0,0.0,0.0,0.0,0.0,-0.0,-0.0,0.0
14.158713,0.0,0.0,-9.649999618530273,0.0,0.0,0.0,-9.649999618530273,0.0,0.0,0.0,0.0,0.0,0.0,0.0,-0.0,-0.0,0.0
14.178745,0.0,0.0,-9.649999618530273,0.0,0.0,0.0,-9.649999618530273,0.0,0.0,0.0,0.0,0.0,0.0,0.0,-0.0,-0.0,0.0
14.198545,0.0,0.0,-9.649999618530273,0.0,0.0,0.0,-9.649999618530273,0.0,0.0,0.0,0.0,0.0,0.0,0.0,-0.0,-0.0,0.0
14.218878,0.0,0.0,-9.649999618530273,0.0,0.0,0.0,-9.649999618530273,0.0,0.0,0.0,0.0,0.0,0.0,0.0,-0.0,-0.0,0.0
14.238522,0.0,0.0,-9.649999618530273,0.0,0.0,0.0,-9.649999618530273,0.0,0.0,0.0,0.0,0.0,0.0,0.0,-0.0,-0.0,0.0
14.258586,0.0,0.0,-9.649999618530273,0.0,0.0,0.0,-9.649999618530273,0.0,0.0,0.0,0.0,0.0,0.0,0.0,-0.0,-0.0,0.0
14.278515,0.0,0.0,-9.649999618530273,0.0,0.0,0.0,-9.649999618530273,0.0,0.0,0.0,0.0,0.0,0.0,0.0,-0.0,-0.0,0.0
14.298483,0.0,0.0,-9.649999618530273,0.0,0.0,0.0,-9.649999618530273,0.0,0.0,0.0,0.0,0.0,0.0,0.0,-0.0,-0.0,0.0
14.318721,0.0,0.0,-9.649999618530273,0.0,0.0,0.0,-9.649999618530273,0.0,0.0,0.0,0.0,0.0,0.0,0.0,-0.0,-0.0,0.0
14.338673,0.0,0.0,-9.649999618530273,0.0,0.0,0.0,-9.649999618530273,0.0,0.0,0.0,0.0,0.0,0.0,0.0,-0.0,-0.0,0.0
14.358943,0.0,0.0,-9.649999618530273,0.0,0.0,0.0,-9.649999618530273,0.0,0.0,0.0,0.0,0.0,0.0,0.0,-0.0,-0.0,0.0
14.378669,0.0,0.0,-9.649999618530273,0.0,0.0,0.0,-9.649999618530273,0.0,0.0,0.0,0.0,0.0,0.0,0.0,-0.0,-0.0,0.0
14.398951,0.0,0.0,-9.649999618530273,0.0,0.0,0.0,-9.649999618530273,0.0,0.0,0.0,0.0,0.0,0.0,0.0,-0.0,-0.0,0.0
14.4189,0.0,0.0,-9.649999618530273,0.0,0.0,0.0,-9.649999618530273,0.0,0.0,0.0,0.0,0.0,0.0,0.0,-0.0,-0.0,0.0
14.440099,0.0,0.0,-9.649999618530273,0.0,0.0,0.0,-9.649999618530273,0.0,0.0,0.0,0.0,0.0,0.0,0.0,-0.0,-0.0,0.0
14.45917,0.0,0.0,-9.649999618530273,0.0,0.0,0.0,-9.649999618530273,0.0,0.0,0.0,0.0,0.0,0.0,0.0,-0.0,-0.0,0.0
14.478579,0.0,0.0,-9.649999618530273,0.0,0.0,0.0,-9.649999618530273,0.0,0.0,0.0,0.0,0.0,0.0,0.0,-0.0,-0.0,0.0
14.498643,0.0,0.0,-9.649999618530273,0.0,0.0,0.0,-9.649999618530273,0.0,0.0,0.0,0.0,0.0,0.0,0.0,-0.0,-0.0,0.0
14.521254,0.0,0.0,-9.649999618530273,0.0,0.0,0.0,-9.649999618530273,0.0,0.0,0.0,0.0,0.0,0.0,0.0,-0.0,-0.0,0.0
14.539065,0.0,0.0,-9.649999618530273,0.0,0.0,0.0,-9.649999618530273,0.0,0.0,0.0,0.0,0.0,0.0,0.0,-0.0,-0.0,0.0
14.558985,0.0,0.0,-9.649999618530273,0.0,0.0,0.0,-9.649999618530273,0.0,0.0,0.0,0.0,0.0,0.0,0.0,-0.0,-0.0,0.0
14.57893,0.0,0.0,-9.649999618530273,0.0,0.0,0.0,-9.649999618530273,0.0,0.0,0.0,0.0,0.0,0.0,0.0,-0.0,-0.0,0.0
14.598738,0.0,0.0,-9.649999618530273,0.0,0.0,0.0,-9.649999618530273,0.0,0.0,0.0,0.0,0.0,0.0,0.0,-0.0,-0.0,0.0
14.619194,0.0,0.0,-9.649999618530273,0.0,0.0,0.0,-9.649999618530273,0.0,0.0,0.0,0.0,0.0,0.0,0.0,-0.0,-0.0,0.0
14.638926,0.0,0.0,-9.649999618530273,0.0,0.0,0.0,-9.649999618530273,0.0,0.0,0.0,0.0,0.0,0.0,0.0,-0.0,-0.0,0.0
14.65867,0.0,0.0,-9.649999618530273,0.0,0.0,0.0,-9.649999618530273,0.0,0.0,0.0,0.0,0.0,0.0,0.0,-0.0,-0.0,0.0
14.678712,0.0,0.0,-9.649999618530273,0.0,0.0,0.0,-9.649999618530273,0.0,0.0,0.0,0.0,0.0,0.0,0.0,-0.0,-0.0,0.0
14.698614,0.0,0.0,-9.649999618530273,0.0,0.0,0.0,-9.649999618530273,0.0,0.0,0.0,0.0,0.0,0.0,0.0,-0.0,-0.0,0.0
14.718956,0.0,0.0,-9.649999618530273,0.0,0.0,0.0,-9.649999618530273,0.0,0.0,0.0,0.0,0.0,0.0,0.0,-0.0,-0.0,0.0
14.738677,0.0,0.0,-9.649999618530273,0.0,0.0,0.0,-9.649999618530273,0.0,0.0,0.0,0.0,0.0,0.0,0.0,-0.0,-0.0,0.0
14.759015,0.0,0.0,-9.649999618530273,0.0,0.0,0.0,-9.649999618530273,0.0,0.0,0.0,0.0,0.0,0.0,0.0,-0.0,-0.0,0.0
14.779139,0.0,0.0,-9.649999618530273,0.0,0.0,0.0,-9.649999618530273,0.0,0.0,0.0,0.0,0.0,0.0,0.0,-0.0,-0.0,0.0
14.79884,0.0,0.0,-9.649999618530273,0.0,0.0,0.0,-9.649999618530273,0.0,0.0,0.0,0.0,0.0,0.0,0.0,-0.0,-0.0,0.0
14.81914,0.0,0.0,-9.649999618530273,0.0,0.0,0.0,-9.649999618530273,0.0,0.0,0.0,0.0,0.0,0.0,0.0,-0.0,-0.0,0.0
14.845354,0.0,0.0,-9.649999618530273,0.0,0.0,0.0,-9.649999618530273,0.0,0.0,0.0,0.0,0.0,0.0,0.0,-0.0,-0.0,0.0
14.85895,0.0,0.0,-9.649999618530273,0.0,0.0,0.0,-9.649999618530273,0.0,0.0,0.0,0.0,0.0,0.0,0.0,-0.0,-0.0,0.0
14.878663,0.0,0.0,-9.649999618530273,0.0,0.0,0.0,-9.649999618530273,0.0,0.0,0.0,0.0,0.0,0.0,0.0,-0.0,-0.0,0.0
14.898859,0.0,0.0,-9.649999618530273,0.0,0.0,0.0,-9.649999618530273,0.0,0.0,0.0,0.0,0.0,0.0,0.0,-0.0,-0.0,0.0
14.918554,0.0,0.0,-9.649999618530273,0.0,0.0,0.0,-9.649999618530273,0.0,0.0,0.0,0.0,0.0,0.0,0.0,-0.0,-0.0,0.0
14.938546,0.0,0.0,-9.649999618530273,0.0,0.0,0.0,-9.649999618530273,0.0,0.0,0.0,0.0,0.0,0.0,0.0,-0.0,-0.0,0.0
14.958637,0.0,0.0,-9.649999618530273,0.0,0.0,0.0,-9.649999618530273,0.0,0.0,0.0,0.0,0.0,0.0,0.0,-0.0,-0.0,0.0
14.978558,0.0,0.0,-9.649999618530273,0.0,0.0,0.0,-9.649999618530273,0.0,0.0,0.0,0.0,0.0,0.0,0.0,-0.0,-0.0,0.0
14.998575,0.0,0.0,-9.649999618530273,0.0,0.0,0.0,-9.649999618530273,0.0,0.0,0.0,0.0,0.0,0.0,0.0,-0.0,-0.0,0.0
15.019,0.0,0.0,-9.649999618530273,0.0,0.0,0.0,-9.649999618530273,0.0,0.0,0.0,0.0,0.0,0.0,0.0,-0.0,-0.0,0.0
15.038837,0.0,0.0,-9.649999618530273,0.0,0.0,0.0,-9.649999618530273,0.0,0.0,0.0,0.0,0.0,0.0,0.0,-0.0,-0.0,0.0
15.058461,0.0,0.0,-9.649999618530273,0.0,0.0,0.0,-9.649999618530273,0.0,0.0,0.0,0.0,0.0,0.0,0.0,-0.0,-0.0,0.0
15.078828,0.0,0.0,-9.649999618530273,0.0,0.0,0.0,-9.649999618530273,0.0,0.0,0.0,0.0,0.0,0.0,0.0,-0.0,-0.0,0.0
15.09862,0.0,0.0,-9.649999618530273,0.0,0.0,0.0,-9.649999618530273,0.0,0.0,0.0,0.0,0.0,0.0,0.0,-0.0,-0.0,0.0
15.118893,0.0,0.0,-9.649999618530273,0.0,0.0,0.0,-9.649999618530273,0.0,0.0,0.0,0.0,0.0,0.0,0.0,-0.0,-0.0,0.0
15.138589,0.0,0.0,-9.649999618530273,0.0,0.0,0.0,-9.649999618530273,0.0,0.0,0.0,0.0,0.0,0.0,0.0,-0.0,-0.0,0.0
15.158528,0.0,0.0,-9.649999618530273,0.0,0.0,0.0,-9.649999618530273,0.0,0.0,0.0,0.0,0.0,0.0,0.0,-0.0,-0.0,0.0
15.178684,0.0,0.0,-9.649999618530273,0.0,0.0,0.0,-9.649999618530273,0.0,0.0,0.0,0.0,0.0,0.0,0.0,-0.0,-0.0,0.0
15.198705,0.0,0.0,-9.649999618530273,0.0,0.0,0.0,-9.649999618530273,0.0,0.0,0.0,0.0,0.0,0.0,0.0,-0.0,-0.0,0.0
15.218544,0.0,0.0,-9.649999618530273,0.0,0.0,0.0,-9.649999618530273,0.0,0.0,0.0,0.0,0.0,0.0,0.0,-0.0,-0.0,0.0
15.238614,0.0,0.0,-9.649999618530273,0.0,0.0,0.0,-9.649999618530273,0.0,0.0,0.0,0.0,0.0,0.0,0.0,-0.0,-0.0,0.0
15.258603,0.0,0.0,-9.649999618530273,0.0,0.0,0.0,-9.649999618530273,0.0,0.0,0.0,0.0,0.0,0.0,0.0,-0.0,-0.0,0.0
15.278257,0.0,0.0,-9.649999618530273,0.0,0.0,0.0,-9.649999618530273,0.0,0.0,0.0,0.0,0.0,0.0,0.0,-0.0,-0.0,0.0
15.298437,0.0,0.0,-9.649999618530273,0.0,0.0,0.0,-9.649999618530273,0.0,0.0,0.0,0.0,0.0,0.0,0.0,-0.0,-0.0,0.0
15.318669,0.0,0.0,-9.649999618530273,0.0,0.0,0.0,-9.649999618530273,0.0,0.0,0.0,0.0,0.0,0.0,0.0,-0.0,-0.0,0.0
15.338484,0.0,0.0,-9.649999618530273,0.0,0.0,0.0,-9.649999618530273,0.0,0.0,0.0,0.0,0.0,0.0,0.0,-0.0,-0.0,0.0
15.358538,0.0,0.0,-9.649999618530273,0.0,0.0,0.0,-9.649999618530273,0.0,0.0,0.0,0.0,0.0,0.0,0.0,-0.0,-0.0,0.0
15.37857,0.0,0.0,-9.649999618530273,0.0,0.0,0.0,-9.649999618530273,0.0,0.0,0.0,0.0,0.0,0.0,0.0,-0.0,-0.0,0.0
15.398692,0.0,0.0,-9.640000343322756,0.0,0.0,0.0,-9.640000343322754,0.0,0.0,0.0,0.0,0.0,0.0,0.0,-0.0,-0.0,0.0
15.419016,0.0,0.0,-9.640000343322756,0.0,0.0,0.0,-9.640000343322754,0.0,0.0,0.0,0.0,0.0,0.0,0.0,-0.0,-0.0,0.0
15.438698,0.0,0.0,-9.640000343322756,0.0,0.0,0.0,-9.640000343322754,0.0,0.0,0.0,0.0,0.0,0.0,0.0,-0.0,-0.0,0.0
15.458473,0.0,0.0,-9.640000343322756,0.0,0.0,0.0,-9.640000343322754,0.0,0.0,0.0,0.0,0.0,0.0,0.0,-0.0,-0.0,0.0
15.478629,0.0,0.0,-9.640000343322756,0.0,0.0,0.0,-9.640000343322754,0.0,0.0,0.0,0.0,0.0,0.0,0.0,-0.0,-0.0,0.0
15.498669,0.0,0.0,-9.640000343322756,0.0,0.0,0.0,-9.640000343322754,0.0,0.0,0.0,0.0,0.0,0.0,0.0,-0.0,-0.0,0.0
