Timestamp,LeftVelocity,RightVelocity,PoseRotationDeg,PoseTransY,PoseTransX,PoseTransNorm,Heading,RightWheelSpeed,LeftWheelSpeed,LeftDistanceMeters,RightDistanceMeters,XValue,YValue,Found,VisionHeight,motor 1 speed,motor 2 speed,motor 3 speed
2405.646821,0.0,0.0,-58.150001525878906,5.061325221369226,14.299257194915404,15.168578355363701,-58.150001525878906,0.0,0.0,18.835021606971623,16.165035393217074,0.0,0.0,0.0,0.0,-0.0,-0.0,0.0
2405.661621,0.0,0.0,-58.150001525878906,5.061325221369226,14.299257194915404,15.168578355363701,-58.150001525878906,0.0,0.0,18.835021606971623,16.165035393217074,0.0,0.0,0.0,0.0,-0.0,-0.0,0.0
2405.668432,0.0,0.0,-58.150001525878906,5.061325221369226,14.299257194915404,15.168578355363701,-58.150001525878906,0.0,0.0,18.835021606971623,16.165035393217074,0.0,0.0,0.0,0.0,-0.0,-0.0,0.0
2405.675006,0.0,0.0,-58.150001525878906,5.061325221369226,14.299257194915404,15.168578355363701,-58.150001525878906,0.0,0.0,18.835021606971623,16.165035393217074,0.0,0.0,0.0,0.0,-0.0,-0.0,0.0
2405.681115,0.0,0.0,-58.150001525878906,5.061325221369226,14.299257194915404,15.168578355363701,-58.150001525878906,0.0,0.0,18.835021606971623,16.165035393217074,0.0,0.0,0.0,0.0,-0.0,-0.0,0.0
2405.68747,0.0,0.0,-58.150001525878906,5.061325221369226,14.299257194915404,15.168578355363701,-58.150001525878906,0.0,0.0,18.835021606971623,16.165035393217074,0.0,0.0,0.0,0.0,-0.0,-0.0,0.0
2405.698036,0.0,0.0,-58.150001525878906,5.061325221369226,14.299257194915404,15.168578355363701,-58.150001525878906,0.0,0.0,18.835021606971623,16.165035393217074,0.0,0.0,0.0,0.0,-0.0,-0.0,0.0
2405.717767,0.0,0.0,-58.150001525878906,5.061325221369226,14.299257194915404,15.168578355363701,-58.150001525878906,0.0,0.0,18.835021606971623,16.165035393217074,0.0,0.0,0.0,0.0,-0.0,-0.0,0.0
2405.737742,0.0,0.0,-58.150001525878906,5.061325221369226,14.299257194915404,15.168578355363701,-58.150001525878906,0.0,0.0,18.835021606971623,16.165035393217074,0.0,0.0,0.0,0.0,-0.0,-0.0,0.0
2405.757931,0.0,0.0,-58.150001525878906,5.061325221369226,14.299257194915404,15.168578355363701,-58.150001525878906,0.0,0.0,18.835021606971623,16.165035393217074,0.0,0.0,0.0,0.0,-0.0,-0.0,0.0
2405.777883,0.0,0.0,-58.150001525878906,5.061325221369226,14.299257194915404,15.168578355363701,-58.150001525878906,0.0,0.0,18.835021606971623,16.165035393217074,0.0,0.0,0.0,0.0,-0.0,-0.0,0.0
2405.800848,0.0,0.0,-58.150001525878906,5.061325221369226,14.299257194915404,15.168578355363701,-58.150001525878906,0.0,0.0,18.835021606971623,16.165035393217074,0.0,0.0,0.0,0.0,-0.0,-0.0,0.0
2405.817786,0.0,0.0,-58.150001525878906,5.061325221369226,14.299257194915404,15.168578355363701,-58.150001525878906,0.0,0.0,18.835021606971623,16.165035393217074,0.0,0.0,0.0,0.0,-0.0,-0.0,0.0
2405.837898,0.0,0.0,-58.150001525878906,5.061325221369226,14.299257194915404,15.168578355363701,-58.150001525878906,0.0,0.0,18.835021606971623,16.165035393217074,0.0,0.0,0.0,0.0,-0.0,-0.0,0.0
2405.85771,0.0,0.0,-58.150001525878906,5.061325221369226,14.299257194915404,15.168578355363701,-58.150001525878906,0.0,0.0,18.835021606971623,16.165035393217074,0.0,0.0,0.0,0.0,-0.0,-0.0,0.0
2405.877958,0.0,0.0,-58.150001525878906,5.061325221369226,14.299257194915404,15.168578355363701,-58.150001525878906,0.0,0.0,18.835021606971623,16.165035393217074,0.0,0.0,0.0,0.0,-0.0,-0.0,0.0
2405.897688,0.0,0.0,-58.150001525878906,5.061325221369226,14.299257194915404,15.168578355363701,-58.150001525878906,0.0,0.0,18.835021606971623,16.165035393217074,0.0,0.0,0.0,0.0,-0.0,-0.0,0.0
2405.917635,-0.010236927768941872,0.0,-58.150001525878906,5.061325221369226,14.299257194915404,15.168578355363701,-58.150001525878906,0.0,-0.010236927768941872,18.834963162303602,16.165035393217074,0.0,0.0,0.0,0.0,-0.0,-0.0,0.0
2405.937677,-0.010236927768941872,0.0,-58.150001525878906,5.061350043770273,14.2992417743703,15.16857210113958,-58.150001525878906,0.0,-0.010236927768941872,18.834963162303602,16.165035393217074,0.0,0.0,0.0,0.0,-0.0,-0.0,0.0
2405.957689,-0.010236927768941872,0.0,-58.150001525878906,5.061350043770273,14.2992417743703,15.16857210113958,-58.150001525878906,0.0,-0.010236927768941872,18.834963162303602,16.165035393217074,0.0,0.0,0.0,0.0,-0.0,-0.0,0.0
2405.978116,-0.010236927768941872,0.0,-58.150001525878906,5.061350043770273,14.2992417743703,15.16857210113958,-58.150001525878906,0.0,-0.010236927768941872,18.834963162303602,16.165035393217074,0.0,0.0,0.0,0.0,-0.0,-0.0,0.0
2405.997738,-0.010236927768941872,0.0,-58.150001525878906,5.061350043770273,14.2992417743703,15.16857210113958,-58.150001525878906,0.0,-0.010236927768941872,18.834963162303602,16.165035393217074,0.0,0.0,0.0,0.0,-0.0,-0.0,0.0
2406.017766,-0.010236927768941872,0.0,-58.150001525878906,5.061350043770273,14.2992417743703,15.16857210113958,-58.150001525878906,0.0,-0.010236927768941872,18.834963162303602,16.165035393217074,0.0,0.0,0.0,0.0,-0.0,-0.0,0.0
2406.037837,-8.838419558272039E-4,0.0,-58.150001525878906,5.061350043770273,14.2992417743703,15.16857210113958,-58.150001525878906,0.0,-8.838419558272039E-4,18.834904717635585,16.165035393217074,0.0,0.0,0.0,0.0,-0.0,-0.0,0.0
2406.057702,-8.838419558272039E-4,0.0,-58.150001525878906,5.061374866171318,14.299226353825198,15.168565846969178,-58.150001525878906,0.0,-8.838419558272039E-4,18.834904717635585,16.165035393217074,0.0,0.0,0.0,0.0,-0.0,-0.0,0.0
2406.077936,-8.838419558272039E-4,0.0,-58.150001525878906,5.061374866171318,14.299226353825198,15.168565846969178,-58.150001525878906,0.0,-8.838419558272039E-4,18.834904717635585,16.165035393217074,0.0,0.0,0.0,0.0,-0.0,-0.0,0.0
2406.097718,-8.838419558272039E-4,0.0,-58.150001525878906,5.061374866171318,14.299226353825198,15.168565846969178,-58.150001525878906,0.0,-8.838419558272039E-4,18.834904717635585,16.165035393217074,0.0,0.0,0.0,0.0,-0.0,-0.0,0.0
2406.117696,-8.838419558272039E-4,0.0,-58.150001525878906,5.061374866171318,14.299226353825198,15.168565846969178,-58.150001525878906,0.0,-8.838419558272039E-4,18.834904717635585,16.165035393217074,0.0,0.0,0.0,0.0,-0.0,-0.0,0.0
2406.137725,-8.838419558272039E-4,0.0,-58.150001525878906,5.061374866171318,14.299226353825198,15.168565846969178,-58.150001525878906,0.0,-8.838419558272039E-4,18.834904717635585,16.165035393217074,0.0,0.0,0.0,0.0,-0.0,-0.0,0.0
2406.157733,-8.838419558272039E-4,0.0,-58.150001525878906,5.061374866171318,14.299226353825198,15.168565846969178,-58.150001525878906,0.0,-8.838419558272039E-4,18.834904717635585,16.165035393217074,0.0,0.0,0.0,0.0,-0.0,-0.0,0.0
2406.179034,-8.838419558272039E-4,0.0,-58.150001525878906,5.061374866171318,14.299226353825198,15.168565846969178,-58.150001525878906,0.0,-8.838419558272039E-4,18.834904717635585,16.165035393217074,0.0,0.0,0.0,0.0,-0.0,-0.0,0.0
2406.197886,-8.838419558272039E-4,0.0,-58.150001525878906,5.061374866171318,14.299226353825198,15.168565846969178,-58.13999938964844,0.0,-8.838419558272039E-4,18.834904717635585,16.165035393217074,0.0,0.0,0.0,0.0,-0.0,-0.0,0.0
2406.217958,-8.838419558272039E-4,0.0,-58.13999938964844,5.061374866171318,14.299226353825198,15.168565846969178,-58.13999938964844,0.0,-8.838419558272039E-4,18.834904717635585,16.165035393217074,0.0,0.0,0.0,0.0,-0.0,-0.0,0.0
2406.23774,-8.838419558272039E-4,0.0,-58.13999938964844,5.061374866171318,14.299226353825198,15.168565846969178,-58.150001525878906,0.0,-8.838419558272039E-4,18.834904717635585,16.165035393217074,0.0,0.0,0.0,0.0,-0.0,-0.0,0.0
2406.257789,-8.838419558272039E-4,0.0,-58.150001525878906,5.061374866171318,14.299226353825198,15.168565846969178,-58.13999938964844,0.0,-8.838419558272039E-4,18.834904717635585,16.165035393217074,0.0,0.0,0.0,0.0,-0.0,-0.0,0.0
2406.277927,-8.838419558272039E-4,0.0,-58.13999938964844,5.061374866171318,14.299226353825198,15.168565846969178,-58.13999938964844,0.0,-8.838419558272039E-4,18.834904717635585,16.165035393217074,0.0,0.0,0.0,0.0,-0.0,-0.0,0.0
2406.297679,-8.838419558272039E-4,0.0,-58.13999938964844,5.061374866171318,14.299226353825198,15.168565846969178,-58.13999938964844,0.0,-8.838419558272039E-4,18.834904717635585,16.165035393217074,0.0,0.0,0.0,0.0,-0.0,-0.0,0.0
2406.317687,-8.838419558272039E-4,0.0,-58.13999938964844,5.061374866171318,14.299226353825198,15.168565846969178,-58.150001525878906,0.0,-8.838419558272039E-4,18.834904717635585,16.165035393217074,0.0,0.0,0.0,0.0,-0.0,-0.0,0.0
2406.337769,-8.838419558272039E-4,0.0,-58.150001525878906,5.061374866171318,14.299226353825198,15.168565846969178,-58.13999938964844,0.0,-8.838419558272039E-4,18.834904717635585,16.165035393217074,0.0,0.0,0.0,0.0,-0.0,-0.0,0.0
2406.35767,-8.838419558272039E-4,0.0,-58.13999938964844,5.061374866171318,14.299226353825198,15.168565846969178,-58.150001525878906,0.0,-8.838419558272039E-4,18.834904717635585,16.165035393217074,0.0,0.0,0.0,0.0,-0.0,-0.0,0.0
2406.377814,-8.838419558272039E-4,0.0,-58.150001525878906,5.061374866171318,14.299226353825198,15.168565846969178,-58.150001525878906,0.0,-8.838419558272039E-4,18.834904717635585,16.165035393217074,0.0,0.0,0.0,0.0,-0.0,-0.0,0.0
2406.398156,-8.838419558272039E-4,0.0,-58.150001525878906,5.061374866171318,14.299226353825198,15.168565846969178,-58.150001525878906,0.0,-8.838419558272039E-4,18.834904717635585,16.165035393217074,0.0,0.0,0.0,0.0,-0.0,-0.0,0.0
2406.417791,-8.838419558272039E-4,0.0,-58.150001525878906,5.061374866171318,14.299226353825198,15.168565846969178,-58.150001525878906,0.0,-8.838419558272039E-4,18.834904717635585,16.165035393217074,0.0,0.0,0.0,0.0,-0.0,-0.0,0.0
2406.437802,-8.838419558272039E-4,0.0,-58.150001525878906,5.061374866171318,14.299226353825198,15.168565846969178,-58.150001525878906,0.0,-8.838419558272039E-4,18.834904717635585,16.165035393217074,0.0,0.0,0.0,0.0,-0.0,-0.0,0.0
2406.457771,0.0,0.0,-58.150001525878906,5.061374866171318,14.299226353825198,15.168565846969178,-58.150001525878906,0.0,0.0,18.834904717635585,16.165035393217074,0.0,0.0,0.0,0.0,-0.0,-0.0,0.0
2406.477955,0.0,0.0,-58.150001525878906,5.061374866171318,14.299226353825198,15.168565846969178,-58.13999938964844,0.0,0.0,18.834904717635585,16.165035393217074,0.0,0.0,0.0,0.0,-0.0,-0.0,0.0
2406.497739,0.0,0.0,-58.13999938964844,5.061374866171318,14.299226353825198,15.168565846969178,-58.13999938964844,0.0,0.0,18.834904717635585,16.165035393217074,0.0,0.0,0.0,0.0,-0.0,-0.0,0.0
2406.517755,0.0,0.0,-58.13999938964844,5.061374866171318,14.299226353825198,15.168565846969178,-58.13999938964844,0.0,0.0,18.834904717635585,16.165035393217074,0.0,0.0,0.0,0.0,-0.0,-0.0,0.0
2406.537775,0.0,0.0,-58.13999938964844,5.061374866171318,14.299226353825198,15.168565846969178,-58.13999938964844,0.0,0.0,18.834904717635585,16.165035393217074,0.0,0.0,0.0,0.0,-0.0,-0.0,0.0
2406.557685,0.0,0.0,-58.13999938964844,5.061374866171318,14.299226353825198,15.168565846969178,-58.13999938964844,0.0,0.0,18.834904717635585,16.165035393217074,0.0,0.0,0.0,0.0,-0.0,-0.0,0.0
2406.57843,0.0,0.0,-58.13999938964844,5.061374866171318,14.299226353825198,15.168565846969178,-58.13999938964844,0.0,0.0,18.834904717635585,16.165035393217074,0.0,0.0,0.0,0.0,-0.0,-0.0,0.0
2406.597732,0.0,0.0,-58.13999938964844,5.061374866171318,14.299226353825198,15.168565846969178,-58.150001525878906,0.0,0.0,18.834904717635585,16.165035393217074,0.0,0.0,0.0,0.0,-0.0,-0.0,0.0
2406.617835,0.0,0.0,-58.150001525878906,5.061374866171318,14.299226353825198,15.168565846969178,-58.13999938964844,0.0,0.0,18.834904717635585,16.165035393217074,0.0,0.0,0.0,0.0,-0.0,-0.0,0.0
2406.637876,0.0,0.0,-58.13999938964844,5.061374866171318,14.299226353825198,15.168565846969178,-58.13999938964844,0.0,0.0,18.834904717635585,16.165035393217074,0.0,0.0,0.0,0.0,-0.0,-0.0,0.0
2406.657815,0.0,0.0,-58.13999938964844,5.061374866171318,14.299226353825198,15.168565846969178,-58.13999938964844,0.0,0.0,18.834904717635585,16.165035393217074,0.0,0.0,0.0,0.0,-0.0,-0.0,0.0
2406.678025,0.0,0.0,-58.13999938964844,5.061374866171318,14.299226353825198,15.168565846969178,-58.13999938964844,0.0,0.0,18.834904717635585,16.165035393217074,0.0,0.0,0.0,0.0,-0.0,-0.0,0.0
2406.697715,0.0,0.0,-58.13999938964844,5.061374866171318,14.299226353825198,15.168565846969178,-58.13999938964844,0.0,0.0,18.834904717635585,16.165035393217074,0.0,0.0,0.0,0.0,-0.0,-0.0,0.0
2406.717814,0.0,0.0,-58.13999938964844,5.061374866171318,14.299226353825198,15.168565846969178,-58.13999938964844,0.0,0.0,18.834904717635585,16.165035393217074,0.0,0.0,0.0,0.0,-0.0,-0.0,0.0
2406.737824,0.0,0.0,-58.13999938964844,5.061374866171318,14.299226353825198,15.168565846969178,-58.13999938964844,0.0,0.0,18.834904717635585,16.165035393217074,0.0,0.0,0.0,0.0,-0.0,-0.0,0.0
2406.758378,0.0,0.0,-58.13999938964844,5.061374866171318,14.299226353825198,15.168565846969178,-58.13999938964844,0.0,0.0,18.834904717635585,16.165035393217074,0.0,0.0,0.0,0.0,-0.0,-0.0,0.0
2406.777892,0.0,0.0,-58.13999938964844,5.061374866171318,14.299226353825198,15.168565846969178,-58.13999938964844,0.0,0.0,18.834904717635585,16.165035393217074,0.0,0.0,0.0,0.0,-0.0,-0.0,0.0
2406.797642,0.0,0.0,-58.13999938964844,5.061374866171318,14.299226353825198,15.168565846969178,-58.13999938964844,0.0,0.0,18.834904717635585,16.165035393217074,0.0,0.0,0.0,0.0,-0.0,-0.0,0.0
2406.817825,0.0,0.0,-58.13999938964844,5.061374866171318,14.299226353825198,15.168565846969178,-58.13999938964844,0.0,0.0,18.834904717635585,16.165035393217074,0.0,0.0,0.0,0.0,-0.0,-0.0,0.0
2406.837697,0.0,0.0,-58.13999938964844,5.061374866171318,14.299226353825198,15.168565846969178,-58.13999938964844,0.0,0.0,18.834904717635585,16.165035393217074,0.0,0.0,0.0,0.0,-0.0,-0.0,0.0
2406.857865,0.0,0.0,-58.13999938964844,5.061374866171318,14.299226353825198,15.168565846969178,-58.13999938964844,0.0,0.0,18.834904717635585,16.165035393217074,0.0,0.0,0.0,0.0,-0.0,-0.0,0.0
2406.877899,0.0,0.0,-58.13999938964844,5.061374866171318,14.299226353825198,15.168565846969178,-58.13999938964844,0.0,0.0,18.834904717635585,16.165035393217074,0.0,0.0,0.0,0.0,-0.0,-0.0,0.0
2406.897884,0.0,0.0,-58.13999938964844,5.061374866171318,14.299226353825198,15.168565846969178,-58.13999938964844,0.0,0.0,18.834904717635585,16.165035393217074,0.0,0.0,0.0,0.0,-0.0,-0.0,0.0
2406.917787,0.0,0.0,-58.13999938964844,5.061374866171318,14.299226353825198,15.168565846969178,-58.13999938964844,0.0,0.0,18.834846272967564,16.165035393217074,0.0,0.0,0.0,0.0,-0.0,-0.0,0.0
2406.937691,-0.001949396716524285,0.0,-58.13999938964844,5.061399685880018,14.299210928947078,15.168559587869439,-58.13999938964844,0.0,-0.001949396716524285,18.834787828299547,16.165035393217074,0.0,0.0,0.0,0.0,-0.0,-0.0,0.0
2406.957937,-0.001949396716524285,0.0,-58.13999938964844,5.061424505588717,14.299195504068958,15.168553328823416,-58.13999938964844,0.0,-0.001949396716524285,18.834787828299547,16.165035393217074,0.0,0.0,0.0,0.0,-0.0,-0.0,0.0
2406.977976,-0.0016420028086131656,0.0,-58.13999938964844,5.061424505588717,14.299195504068958,15.168553328823416,-58.13999938964844,0.0,-0.0016420028086131656,18.83472938363153,16.165035393217074,0.0,0.0,0.0,0.0,-0.0,-0.0,0.0
2406.997839,-0.0016420028086131656,0.0,-58.13999938964844,5.061449325297416,14.299180079190839,15.168547069831105,-58.13999938964844,0.0,-0.0016420028086131656,18.83472938363153,16.165035393217074,0.0,0.0,0.0,0.0,-0.0,-0.0,0.0
2407.017771,-0.0015186803819899237,0.0,-58.13999938964844,5.061449325297416,14.299180079190839,15.168547069831105,-58.13999938964844,0.0,-0.0015186803819899237,18.83467093896351,16.164976948549057,0.0,0.0,0.0,0.0,-0.0,-0.0,0.0
2407.03775,-0.0015186803819899237,0.0,-58.13999938964844,5.061498964714816,14.2991492294346,15.168534552007628,-58.13999938964844,0.0,-0.0015186803819899237,18.83467093896351,16.164976948549057,0.0,0.0,0.0,0.0,-0.0,-0.0,0.0
2407.057818,-0.0015186803819899237,0.0,-58.13999938964844,5.061498964714816,14.2991492294346,15.168534552007628,-58.13999938964844,0.0,-0.0015186803819899237,18.83467093896351,16.164976948549057,0.0,0.0,0.0,0.0,-0.0,-0.0,0.0
2407.077989,-0.0015186803819899237,0.0,-58.13999938964844,5.061498964714816,14.2991492294346,15.168534552007628,-58.13999938964844,0.0,-0.0015186803819899237,18.83467093896351,16.164976948549057,0.0,0.0,0.0,0.0,-0.0,-0.0,0.0
2407.098104,-0.0015186803819899237,0.0,-58.13999938964844,5.061498964714816,14.2991492294346,15.168534552007628,-58.13999938964844,0.0,-0.0015186803819899237,18.83467093896351,16.164976948549057,0.0,0.0,0.0,0.0,-0.0,-0.0,0.0
2407.117658,-0.0015186803819899237,0.0,-58.13999938964844,5.061498964714816,14.2991492294346,15.168534552007628,-58.13999938964844,0.0,-0.0015186803819899237,18.83467093896351,16.164976948549057,0.0,0.0,0.0,0.0,-0.0,-0.0,0.0
2407.137673,-0.0015186803819899237,0.0,-58.13999938964844,5.061498964714816,14.2991492294346,15.168534552007628,-58.13999938964844,0.0,-0.0015186803819899237,18.83467093896351,16.164976948549057,0.0,0.0,0.0,0.0,-0.0,-0.0,0.0
2407.157702,-0.0015186803819899237,0.0,-58.13999938964844,5.061498964714816,14.2991492294346,15.168534552007628,-58.13999938964844,0.0,-0.0015186803819899237,18.83467093896351,16.164976948549057,0.0,0.0,0.0,0.0,-0.0,-0.0,0.0
2407.177895,-0.0015186803819899237,0.0,-58.13999938964844,5.061498964714816,14.2991492294346,15.168534552007628,-58.13999938964844,0.0,-0.0015186803819899237,18.83467093896351,16.164976948549057,0.0,0.0,0.0,0.0,-0.0,-0.0,0.0
2407.197881,-0.0015186803819899237,0.0,-58.13999938964844,5.061498964714816,14.2991492294346,15.168534552007628,-58.13999938964844,0.0,-0.0015186803819899237,18.83467093896351,16.164976948549057,0.0,0.0,0.0,0.0,-0.0,-0.0,0.0
2407.217765,-0.0015186803819899237,0.0,-58.13999938964844,5.061498964714816,14.2991492294346,15.168534552007628,-58.13999938964844,0.0,-0.0015186803819899237,18.83467093896351,16.164976948549057,0.0,0.0,0.0,0.0,-0.0,-0.0,0.0
2407.237754,-0.0015186803819899237,0.0,-58.13999938964844,5.061498964714816,14.2991492294346,15.168534552007628,-58.13999938964844,0.0,-0.0015186803819899237,18.83472938363153,16.164976948549057,0.0,0.0,0.0,0.0,-0.0,-0.0,0.0
2407.257674,-0.0015186803819899237,0.0,-58.13999938964844,5.061474145006115,14.299164654312719,15.168540810892509,-58.13999938964844,0.0,-0.0015186803819899237,18.83472938363153,16.164976948549057,0.0,0.0,0.0,0.0,-0.0,-0.0,0.0
2407.277902,-0.0015186803819899237,0.0,-58.13999938964844,5.061474145006115,14.299164654312719,15.168540810892509,-58.13999938964844,0.0,-0.0015186803819899237,18.83472938363153,16.164976948549057,0.0,0.0,0.0,0.0,-0.0,-0.0,0.0
2407.298094,-0.0015186803819899237,0.0,-58.13999938964844,5.061474145006115,14.299164654312719,15.168540810892509,-58.13999938964844,0.0,-0.0015186803819899237,18.83472938363153,16.164976948549057,0.0,0.0,0.0,0.0,-0.0,-0.0,0.0
2407.317748,-0.0015186803819899237,0.0,-58.13999938964844,5.061474145006115,14.299164654312719,15.168540810892509,-58.13999938964844,0.0,-0.0015186803819899237,18.83472938363153,16.164976948549057,0.0,0.0,0.0,0.0,-0.0,-0.0,0.0
2407.337825,-0.0015186803819899237,0.0,-58.13999938964844,5.061474145006115,14.299164654312719,15.168540810892509,-58.13999938964844,0.0,-0.0015186803819899237,18.83472938363153,16.164976948549057,0.0,0.0,0.0,0.0,-0.0,-0.0,0.0
2407.357707,-0.0015186803819899237,0.0,-58.13999938964844,5.061474145006115,14.299164654312719,15.168540810892509,-58.13999938964844,0.0,-0.0015186803819899237,18.83472938363153,16.164976948549057,0.0,0.0,0.0,0.0,-0.0,-0.0,0.0
2407.377874,-0.0015186803819899237,0.0,-58.13999938964844,5.061474145006115,14.299164654312719,15.168540810892509,-58.13999938964844,0.0,-0.0015186803819899237,18.83472938363153,16.164976948549057,0.0,0.0,0.0,0.0,-0.0,-0.0,0.0
2407.39776,-0.0015186803819899237,0.0,-58.13999938964844,5.061474145006115,14.299164654312719,15.168540810892509,-58.13999938964844,0.0,-0.0015186803819899237,18.83472938363153,16.164976948549057,0.0,0.0,0.0,0.0,-0.0,-0.0,0.0
2407.417829,-0.0015186803819899237,0.0,-58.13999938964844,5.061474145006115,14.299164654312719,15.168540810892509,-58.130001068115234,0.0,-0.0015186803819899237,18.83472938363153,16.164976948549057,0.0,0.0,0.0,0.0,-0.0,-0.0,0.0
2407.437732,0.0,0.0,-58.130001068115234,5.061474145006115,14.299164654312719,15.168540810892509,-58.130001068115234,0.0,0.0,18.83472938363153,16.164976948549057,0.0,0.0,0.0,0.0,-0.0,-0.0,0.0
2407.458029,0.0,0.0,-58.130001068115234,5.061474145006115,14.299164654312719,15.168540810892509,-58.130001068115234,0.0,0.0,18.83472938363153,16.164976948549057,0.0,0.0,0.0,0.0,-0.0,-0.0,0.0
2407.477943,0.0,0.0,-58.130001068115234,5.061474145006115,14.299164654312719,15.168540810892509,-58.130001068115234,0.0,0.0,18.83472938363153,16.164976948549057,0.0,0.0,0.0,0.0,-0.0,-0.0,0.0
2407.497732,0.0,0.0,-58.130001068115234,5.061474145006115,14.299164654312719,15.168540810892509,-58.130001068115234,0.0,0.0,18.83467093896351,16.164976948549057,0.0,0.0,0.0,0.0,-0.0,-0.0,0.0
2407.517849,0.0,0.0,-58.130001068115234,5.061498962022741,14.299149225103704,15.168534547026656,-58.13999938964844,0.0,0.0,18.83467093896351,16.164976948549057,0.0,0.0,0.0,0.0,-0.0,-0.0,0.0
2407.537765,0.0,0.0,-58.13999938964844,5.061498962022741,14.299149225103704,15.168534547026656,-58.13999938964844,0.0,0.0,18.83467093896351,16.164976948549057,0.0,0.0,0.0,0.0,-0.0,-0.0,0.0
2407.557787,0.0,0.0,-58.13999938964844,5.061498962022741,14.299149225103704,15.168534547026656,-58.130001068115234,0.0,0.0,18.83467093896351,16.164976948549057,0.0,0.0,0.0,0.0,-0.0,-0.0,0.0
2407.578648,0.0,0.0,-58.130001068115234,5.061498962022741,14.299149225103704,15.168534547026656,-58.130001068115234,0.0,0.0,18.83467093896351,16.164976948549057,0.0,0.0,0.0,0.0,-0.0,-0.0,0.0
2407.597699,0.0,0.0,-58.130001068115234,5.061498962022741,14.299149225103704,15.168534547026656,-58.130001068115234,0.0,0.0,18.83467093896351,16.164976948549057,0.0,0.0,0.0,0.0,-0.0,-0.0,0.0
2407.617743,0.0,0.0,-58.130001068115234,5.061498962022741,14.299149225103704,15.168534547026656,-58.130001068115234,0.0,0.0,18.83467093896351,16.164976948549057,0.0,0.0,0.0,0.0,-0.0,-0.0,0.0
2407.637806,0.0,0.0,-58.130001068115234,5.061498962022741,14.299149225103704,15.168534547026656,-58.130001068115234,0.0,0.0,18.83467093896351,16.164976948549057,0.0,0.0,0.0,0.0,-0.0,-0.0,0.0
2407.657968,0.0,0.0,-58.130001068115234,5.061498962022741,14.299149225103704,15.168534547026656,-58.130001068115234,0.0,0.0,18.83467093896351,16.164976948549057,0.0,0.0,0.0,0.0,-0.0,-0.0,0.0
2407.678134,0.0,0.0,-58.130001068115234,5.061498962022741,14.299149225103704,15.168534547026656,-58.130001068115234,0.0,0.0,18.83467093896351,16.164976948549057,0.0,0.0,0.0,0.0,-0.0,-0.0,0.0
2407.697832,0.0,0.0,-58.130001068115234,5.061498962022741,14.299149225103704,15.168534547026656,-58.130001068115234,0.0,0.0,18.83461249429549,16.164976948549057,0.0,0.0,0.0,0.0,-0.0,-0.0,0.0
2407.717718,0.0,0.0,-58.130001068115234,5.061523779039365,14.29913379589469,15.168528283214513,-58.130001068115234,0.0,0.0,18.83461249429549,16.164976948549057,0.0,0.0,0.0,0.0,-0.0,-0.0,0.0
2407.737989,0.0,0.0,-58.130001068115234,5.061523779039365,14.29913379589469,15.168528283214513,-58.130001068115234,0.0,0.0,18.83461249429549,16.164976948549057,0.0,0.0,0.0,0.0,-0.0,-0.0,0.0
2407.757792,0.0,0.0,-58.130001068115234,5.061523779039365,14.29913379589469,15.168528283214513,-58.130001068115234,0.0,0.0,18.83461249429549,16.164976948549057,0.0,0.0,0.0,0.0,-0.0,-0.0,0.0
2407.778,0.0,0.0,-58.130001068115234,5.061523779039365,14.29913379589469,15.168528283214513,-58.130001068115234,0.0,0.0,18.83461249429549,16.164976948549057,0.0,0.0,0.0,0.0,-0.0,-0.0,0.0
2407.797956,0.0,0.0,-58.130001068115234,5.061523779039365,14.29913379589469,15.168528283214513,-58.130001068115234,0.0,0.0,18.83461249429549,16.164976948549057,0.0,0.0,0.0,0.0,-0.0,-0.0,0.0
2407.820464,0.0,0.0,-58.130001068115234,5.061523779039365,14.29913379589469,15.168528283214513,-58.130001068115234,0.0,0.0,18.83461249429549,16.164976948549057,0.0,0.0,0.0,0.0,-0.0,-0.0,0.0
2407.837664,0.0,0.0,-58.130001068115234,5.061523779039365,14.29913379589469,15.168528283214513,-58.130001068115234,0.0,0.0,18.83461249429549,16.164976948549057,0.0,0.0,0.0,0.0,-0.0,-0.0,0.0
2407.857666,0.0,0.0,-58.130001068115234,5.061523779039365,14.29913379589469,15.168528283214513,-58.130001068115234,0.0,0.0,18.83461249429549,16.164976948549057,0.0,0.0,0.0,0.0,-0.0,-0.0,0.0
2407.877813,0.0,0.0,-58.130001068115234,5.061523779039365,14.29913379589469,15.168528283214513,-58.130001068115234,0.0,0.0,18.83461249429549,16.164976948549057,0.0,0.0,0.0,0.0,-0.0,-0.0,0.0
2407.897738,0.0,0.0,-58.130001068115234,5.061523779039365,14.29913379589469,15.168528283214513,-58.130001068115234,0.0,0.0,18.83461249429549,16.164976948549057,0.0,0.0,0.0,0.0,-0.0,-0.0,0.0
2407.91768,0.0,0.0,-58.130001068115234,5.061523779039365,14.29913379589469,15.168528283214513,-58.130001068115234,0.0,0.0,18.83461249429549,16.164976948549057,0.0,0.0,0.0,0.0,-0.0,-0.0,0.0
2407.937758,0.0,0.0,-58.130001068115234,5.061523779039365,14.29913379589469,15.168528283214513,-58.130001068115234,0.0,0.0,18.83461249429549,16.164976948549057,0.0,0.0,0.0,0.0,-0.0,-0.0,0.0
2407.957636,0.0,0.0,-58.130001068115234,5.061523779039365,14.29913379589469,15.168528283214513,-58.130001068115234,0.0,0.0,18.83461249429549,16.164976948549057,0.0,0.0,0.0,0.0,-0.0,-0.0,0.0
2407.977816,0.0,0.0,-58.130001068115234,5.061523779039365,14.29913379589469,15.168528283214513,-58.130001068115234,0.0,0.0,18.83461249429549,16.164976948549057,0.0,0.0,0.0,0.0,-0.0,-0.0,0.0
2407.997733,0.0,0.0,-58.130001068115234,5.061523779039365,14.29913379589469,15.168528283214513,-58.130001068115234,0.0,0.0,18.83461249429549,16.164976948549057,0.0,0.0,0.0,0.0,-0.0,-0.0,0.0
2408.017932,0.0,0.0,-58.130001068115234,5.061523779039365,14.29913379589469,15.168528283214513,-58.130001068115234,0.0,0.0,18.83461249429549,16.164976948549057,0.0,0.0,0.0,0.0,-0.0,-0.0,0.0
2408.037668,0.0,0.0,-58.130001068115234,5.061523779039365,14.29913379589469,15.168528283214513,-58.130001068115234,0.0,0.0,18.83461249429549,16.164976948549057,0.0,0.0,0.0,0.0,-0.0,-0.0,0.0
2408.057837,0.0,0.0,-58.130001068115234,5.061523779039365,14.29913379589469,15.168528283214513,-58.130001068115234,0.0,0.0,18.83461249429549,16.164976948549057,0.0,0.0,0.0,0.0,-0.0,-0.0,0.0
2408.077839,0.0,0.0,-58.130001068115234,5.061523779039365,14.29913379589469,15.168528283214513,-58.130001068115234,0.0,0.0,18.83461249429549,16.164976948549057,0.0,0.0,0.0,0.0,-0.0,-0.0,0.0
2408.097869,0.0,0.0,-58.130001068115234,5.061523779039365,14.29913379589469,15.168528283214513,-58.130001068115234,0.0,0.0,18.83461249429549,16.164976948549057,0.0,0.0,0.0,0.0,-0.0,-0.0,0.0
2408.117732,0.0,0.0,-58.130001068115234,5.061523779039365,14.29913379589469,15.168528283214513,-58.130001068115234,0.0,0.0,18.83461249429549,16.164976948549057,0.0,0.0,0.0,0.0,-0.0,-0.0,0.0
2408.137848,0.0,0.0,-58.130001068115234,5.061523779039365,14.29913379589469,15.168528283214513,-58.130001068115234,0.0,0.0,18.83461249429549,16.164976948549057,0.0,0.0,0.0,0.0,-0.0,-0.0,0.0
2408.157714,0.0,0.0,-58.130001068115234,5.061523779039365,14.29913379589469,15.168528283214513,-58.130001068115234,0.0,0.0,18.83461249429549,16.164976948549057,0.0,0.0,0.0,0.0,-0.0,-0.0,0.0
2408.17792,0.0,0.0,-58.130001068115234,5.061523779039365,14.29913379589469,15.168528283214513,-58.130001068115234,0.0,0.0,18.83461249429549,16.164976948549057,0.0,0.0,0.0,0.0,-0.0,-0.0,0.0
2408.197794,0.0,0.0,-58.130001068115234,5.061523779039365,14.29913379589469,15.168528283214513,-58.130001068115234,0.0,0.0,18.83461249429549,16.164976948549057,0.0,0.0,0.0,0.0,-0.0,-0.0,0.0
2408.218767,0.0,0.0,-58.130001068115234,5.061523779039365,14.29913379589469,15.168528283214513,-58.119998931884766,0.0,0.0,18.83461249429549,16.164976948549057,0.0,0.0,0.0,0.0,-0.0,-0.0,0.0
2408.237795,0.0,0.0,-58.119998931884766,5.061523779039365,14.29913379589469,15.168528283214513,-58.130001068115234,0.0,0.0,18.83461249429549,16.164976948549057,0.0,0.0,0.0,0.0,-0.0,-0.0,0.0
2408.257642,0.0,0.0,-58.130001068115234,5.061523779039365,14.29913379589469,15.168528283214513,-58.119998931884766,0.0,0.0,18.83461249429549,16.164976948549057,0.0,0.0,0.0,0.0,-0.0,-0.0,0.0
2408.27795,0.0,0.0,-58.119998931884766,5.061523779039365,14.29913379589469,15.168528283214513,-58.119998931884766,0.0,0.0,18.83461249429549,16.164976948549057,0.0,0.0,0.0,0.0,-0.0,-0.0,0.0
2408.297694,0.0,0.0,-58.119998931884766,5.061523779039365,14.29913379589469,15.168528283214513,-58.119998931884766,0.0,0.0,18.83461249429549,16.164976948549057,0.0,0.0,0.0,0.0,-0.0,-0.0,0.0
2408.317693,0.0,0.0,-58.119998931884766,5.061523779039365,14.29913379589469,15.168528283214513,-58.119998931884766,0.0,0.0,18.83461249429549,16.164976948549057,0.0,0.0,0.0,0.0,-0.0,-0.0,0.0
2408.337834,0.0,0.0,-58.119998931884766,5.061523779039365,14.29913379589469,15.168528283214513,-58.119998931884766,0.0,0.0,18.83461249429549,16.164976948549057,0.0,0.0,0.0,0.0,-0.0,-0.0,0.0
2408.35796,0.0,0.0,-58.119998931884766,5.061523779039365,14.29913379589469,15.168528283214513,-58.119998931884766,0.0,0.0,18.83461249429549,16.164976948549057,0.0,0.0,0.0,0.0,-0.0,-0.0,0.0
2408.377931,0.0,0.0,-58.119998931884766,5.061523779039365,14.29913379589469,15.168528283214513,-58.119998931884766,0.0,0.0,18.83461249429549,16.164976948549057,0.0,0.0,0.0,0.0,-0.0,-0.0,0.0
2408.397768,0.0,0.0,-58.119998931884766,5.061523779039365,14.29913379589469,15.168528283214513,-58.119998931884766,0.0,0.0,18.83461249429549,16.164976948549057,0.0,0.0,0.0,0.0,-0.0,-0.0,0.0
2408.417679,0.0,0.0,-58.119998931884766,5.061523779039365,14.29913379589469,15.168528283214513,-58.119998931884766,0.0,0.0,18.83461249429549,16.164976948549057,0.0,0.0,0.0,0.0,-0.0,-0.0,0.0
2408.437788,0.0,0.0,-58.119998931884766,5.061523779039365,14.29913379589469,15.168528283214513,-58.119998931884766,0.0,0.0,18.83461249429549,16.164976948549057,0.0,0.0,0.0,0.0,-0.0,-0.0,0.0
2408.457762,0.0,0.0,-58.119998931884766,5.061523779039365,14.29913379589469,15.168528283214513,-58.119998931884766,0.0,0.0,18.83461249429549,16.164976948549057,0.0,0.0,0.0,0.0,-0.0,-0.0,0.0
2408.477829,0.0,0.0,-58.119998931884766,5.061523779039365,14.29913379589469,15.168528283214513,-58.119998931884766,0.0,0.0,18.83461249429549,16.164976948549057,0.0,0.0,0.0,0.0,-0.0,-0.0,0.0
2408.498063,0.0,0.0,-58.119998931884766,5.061523779039365,14.29913379589469,15.168528283214513,-58.119998931884766,0.0,0.0,18.83461249429549,16.164976948549057,0.0,0.0,0.0,0.0,-0.0,-0.0,0.0
2408.517752,0.0,0.0,-58.119998931884766,5.061523779039365,14.29913379589469,15.168528283214513,-58.119998931884766,0.0,0.0,18.83461249429549,16.164976948549057,0.0,0.0,0.0,0.0,-0.0,-0.0,0.0
2408.537811,0.0,0.0,-58.119998931884766,5.061523779039365,14.29913379589469,15.168528283214513,-58.119998931884766,0.0,0.0,18.83461249429549,16.164976948549057,0.0,0.0,0.0,0.0,-0.0,-0.0,0.0
2408.55773,0.0,0.0,-58.119998931884766,5.061523779039365,14.29913379589469,15.168528283214513,-58.130001068115234,0.0,0.0,18.83461249429549,16.164976948549057,0.0,0.0,0.0,0.0,-0.0,-0.0,0.0
2408.578831,0.0,0.0,-58.130001068115234,5.061523779039365,14.29913379589469,15.168528283214513,-58.130001068115234,0.0,0.0,18.83461249429549,16.164976948549057,0.0,0.0,0.0,0.0,-0.0,-0.0,0.0
2408.597703,0.0,0.0,-58.130001068115234,5.061523779039365,14.29913379589469,15.168528283214513,-58.130001068115234,0.0,0.0,18.83461249429549,16.164976948549057,0.0,0.0,0.0,0.0,-0.0,-0.0,0.0
2408.617773,0.0,0.0,-58.130001068115234,5.061523779039365,14.29913379589469,15.168528283214513,-58.130001068115234,0.0,0.0,18.83461249429549,16.164976948549057,0.0,0.0,0.0,0.0,-0.0,-0.0,0.0
2408.63775,0.0,0.0,-58.130001068115234,5.061523779039365,14.29913379589469,15.168528283214513,-58.130001068115234,0.0,0.0,18.83461249429549,16.164976948549057,0.0,0.0,0.0,0.0,-0.0,-0.0,0.0
2408.657661,0.0,0.0,-58.130001068115234,5.061523779039365,14.29913379589469,15.168528283214513,-58.130001068115234,0.0,0.0,18.83461249429549,16.164976948549057,0.0,0.0,0.0,0.0,-0.0,-0.0,0.0
2408.677801,0.0,0.0,-58.130001068115234,5.061523779039365,14.29913379589469,15.168528283214513,-58.130001068115234,0.0,0.0,18.83461249429549,16.164976948549057,0.0,0.0,0.0,0.0,-0.0,-0.0,0.0
2408.697866,0.0,0.0,-58.130001068115234,5.061523779039365,14.29913379589469,15.168528283214513,-58.130001068115234,0.0,0.0,18.83461249429549,16.164976948549057,0.0,0.0,0.0,0.0,-0.0,-0.0,0.0
2408.717954,0.0,0.0,-58.130001068115234,5.061523779039365,14.29913379589469,15.168528283214513,-58.130001068115234,0.0,0.0,18.83461249429549,16.164918503881037,0.0,0.0,0.0,0.0,-0.0,-0.0,0.0
2408.737835,0.0,0.0,-58.130001068115234,5.0615485960559905,14.299118366685676,15.16852201945608,-58.130001068115234,0.0,0.0,18.83461249429549,16.164918503881037,0.0,0.0,0.0,0.0,-0.0,-0.0,0.0
2408.757685,0.0,0.0,-58.130001068115234,5.0615485960559905,14.299118366685676,15.16852201945608,-58.130001068115234,0.0,0.0,18.83461249429549,16.164918503881037,0.0,0.0,0.0,0.0,-0.0,-0.0,0.0
2408.777978,0.0,0.0,-58.130001068115234,5.0615485960559905,14.299118366685676,15.16852201945608,-58.130001068115234,0.0,0.0,18.83461249429549,16.164918503881037,0.0,0.0,0.0,0.0,-0.0,-0.0,0.0
2408.797714,0.0,0.0,-58.130001068115234,5.0615485960559905,14.299118366685676,15.16852201945608,-58.130001068115234,0.0,0.0,18.83461249429549,16.164918503881037,0.0,0.0,0.0,0.0,-0.0,-0.0,0.0
2408.817696,0.0,0.0,-58.130001068115234,5.0615485960559905,14.299118366685676,15.16852201945608,-58.130001068115234,0.0,0.0,18.83467093896351,16.164918503881037,0.0,0.0,0.0,0.0,-0.0,-0.0,0.0
2408.837755,1.3934296366117265E-4,0.0,-58.130001068115234,5.061523779039367,14.29913379589469,15.168528283214513,-58.130001068115234,0.0,1.3934296366117265E-4,18.83472938363153,16.164918503881037,0.0,0.0,0.0,0.0,-0.0,-0.0,0.0
2408.857894,2.786859273223453E-4,0.0,-58.130001068115234,5.061498962022741,14.299149225103704,15.168534547026656,-58.130001068115234,0.0,2.786859273223453E-4,18.834787828299547,16.164918503881037,0.0,0.0,0.0,0.0,-0.0,-0.0,0.0
2408.87804,2.786859273223453E-4,0.0,-58.130001068115234,5.061474145006117,14.299164654312719,15.168540810892509,-58.130001068115234,0.0,2.786859273223453E-4,18.834787828299547,16.164918503881037,0.0,0.0,0.0,0.0,-0.0,-0.0,0.0
2408.897716,4.1802889098351795E-4,0.0,-58.130001068115234,5.061474145006117,14.299164654312719,15.168540810892509,-58.130001068115234,0.0,4.1802889098351795E-4,18.834846272967564,16.164918503881037,0.0,0.0,0.0,0.0,-0.0,-0.0,0.0
2408.917876,4.1802889098351795E-4,0.0,-58.130001068115234,5.061449327989493,14.299180083521733,15.168547074812073,-58.130001068115234,0.0,4.1802889098351795E-4,18.834846272967564,16.164918503881037,0.0,0.0,0.0,0.0,-0.0,-0.0,0.0
2408.937791,4.1802889098351795E-4,0.0,-58.130001068115234,5.061449327989493,14.299180083521733,15.168547074812073,-58.130001068115234,0.0,4.1802889098351795E-4,18.834846272967564,16.164918503881037,0.0,0.0,0.0,0.0,-0.0,-0.0,0.0
2408.957686,4.1802889098351795E-4,0.0,-58.130001068115234,5.061449327989493,14.299180083521733,15.168547074812073,-58.130001068115234,0.0,4.1802889098351795E-4,18.834846272967564,16.164918503881037,0.0,0.0,0.0,0.0,-0.0,-0.0,0.0
2408.978163,4.1802889098351795E-4,0.0,-58.130001068115234,5.061449327989493,14.299180083521733,15.168547074812073,-58.130001068115234,0.0,4.1802889098351795E-4,18.834846272967564,16.164918503881037,0.0,0.0,0.0,0.0,-0.0,-0.0,0.0
2408.997784,4.1802889098351795E-4,0.0,-58.130001068115234,5.061449327989493,14.299180083521733,15.168547074812073,-58.130001068115234,0.0,4.1802889098351795E-4,18.834846272967564,16.164918503881037,0.0,0.0,0.0,0.0,-0.0,-0.0,0.0
2409.017738,4.1802889098351795E-4,0.0,-58.130001068115234,5.061449327989493,14.299180083521733,15.168547074812073,-58.130001068115234,0.0,4.1802889098351795E-4,18.834846272967564,16.164918503881037,0.0,0.0,0.0,0.0,-0.0,-0.0,0.0
2409.037695,4.1802889098351795E-4,0.0,-58.130001068115234,5.061449327989493,14.299180083521733,15.168547074812073,-58.130001068115234,0.0,4.1802889098351795E-4,18.834846272967564,16.164918503881037,0.0,0.0,0.0,0.0,-0.0,-0.0,0.0
2409.057879,4.1802889098351795E-4,0.0,-58.130001068115234,5.061449327989493,14.299180083521733,15.168547074812073,-58.130001068115234,0.0,4.1802889098351795E-4,18.834846272967564,16.164918503881037,0.0,0.0,0.0,0.0,-0.0,-0.0,0.0
2409.077765,4.1802889098351795E-4,0.0,-58.130001068115234,5.061449327989493,14.299180083521733,15.168547074812073,-58.130001068115234,0.0,4.1802889098351795E-4,18.834846272967564,16.164918503881037,0.0,0.0,0.0,0.0,-0.0,-0.0,0.0
2409.097672,4.1802889098351795E-4,0.0,-58.130001068115234,5.061449327989493,14.299180083521733,15.168547074812073,-58.130001068115234,0.0,4.1802889098351795E-4,18.834846272967564,16.164918503881037,0.0,0.0,0.0,0.0,-0.0,-0.0,0.0
2409.117835,4.1802889098351795E-4,0.0,-58.130001068115234,5.061449327989493,14.299180083521733,15.168547074812073,-58.130001068115234,0.0,4.1802889098351795E-4,18.834846272967564,16.164918503881037,0.0,0.0,0.0,0.0,-0.0,-0.0,0.0
2409.137703,4.1802889098351795E-4,0.0,-58.130001068115234,5.061449327989493,14.299180083521733,15.168547074812073,-58.130001068115234,0.0,4.1802889098351795E-4,18.834846272967564,16.164918503881037,0.0,0.0,0.0,0.0,-0.0,-0.0,0.0
2409.157744,4.1802889098351795E-4,0.0,-58.130001068115234,5.061449327989493,14.299180083521733,15.168547074812073,-58.130001068115234,0.0,4.1802889098351795E-4,18.834846272967564,16.164918503881037,0.0,0.0,0.0,0.0,-0.0,-0.0,0.0
2409.177837,4.1802889098351795E-4,0.0,-58.130001068115234,5.061449327989493,14.299180083521733,15.168547074812073,-58.130001068115234,0.0,4.1802889098351795E-4,18.834846272967564,16.164918503881037,0.0,0.0,0.0,0.0,-0.0,-0.0,0.0
2409.197935,4.1802889098351795E-4,0.0,-58.130001068115234,5.061449327989493,14.299180083521733,15.168547074812073,-58.130001068115234,0.0,4.1802889098351795E-4,18.834846272967564,16.164918503881037,0.0,0.0,0.0,0.0,-0.0,-0.0,0.0
2409.21839,4.1802889098351795E-4,0.0,-58.130001068115234,5.061449327989493,14.299180083521733,15.168547074812073,-58.130001068115234,0.0,4.1802889098351795E-4,18.834846272967564,16.164918503881037,0.0,0.0,0.0,0.0,-0.0,-0.0,0.0
2409.237744,4.1802889098351795E-4,0.0,-58.130001068115234,5.061449327989493,14.299180083521733,15.168547074812073,-58.130001068115234,0.0,4.1802889098351795E-4,18.834846272967564,16.164918503881037,0.0,0.0,0.0,0.0,-0.0,-0.0,0.0
2409.257658,4.1802889098351795E-4,0.0,-58.130001068115234,5.061449327989493,14.299180083521733,15.168547074812073,-58.130001068115234,0.0,4.1802889098351795E-4,18.834846272967564,16.164918503881037,0.0,0.0,0.0,0.0,-0.0,-0.0,0.0
2409.278033,4.1802889098351795E-4,0.0,-58.130001068115234,5.061449327989493,14.299180083521733,15.168547074812073,-58.130001068115234,0.0,4.1802889098351795E-4,18.834846272967564,16.164918503881037,0.0,0.0,0.0,0.0,-0.0,-0.0,0.0
2409.297854,0.0,0.0,-58.130001068115234,5.061449327989493,14.299180083521733,15.168547074812073,-58.130001068115234,0.0,0.0,18.834846272967564,16.164918503881037,0.0,0.0,0.0,0.0,-0.0,-0.0,0.0
2409.317839,0.0,0.0,-58.130001068115234,5.061449327989493,14.299180083521733,15.168547074812073,-58.130001068115234,0.0,0.0,18.834846272967564,16.164918503881037,0.0,0.0,0.0,0.0,-0.0,-0.0,0.0
2409.337844,0.0,0.0,-58.130001068115234,5.061449327989493,14.299180083521733,15.168547074812073,-58.130001068115234,0.0,0.0,18.834846272967564,16.164918503881037,0.0,0.0,0.0,0.0,-0.0,-0.0,0.0
2409.357744,0.0,0.0,-58.130001068115234,5.061449327989493,14.299180083521733,15.168547074812073,-58.130001068115234,0.0,0.0,18.834846272967564,16.164918503881037,0.0,0.0,0.0,0.0,-0.0,-0.0,0.0
2409.378091,0.0,0.0,-58.130001068115234,5.061449327989493,14.299180083521733,15.168547074812073,-58.130001068115234,0.0,0.0,18.834846272967564,16.164918503881037,0.0,0.0,0.0,0.0,-0.0,-0.0,0.0
2409.397852,0.0,0.0,-58.130001068115234,5.061449327989493,14.299180083521733,15.168547074812073,-58.130001068115234,0.0,0.0,18.834846272967564,16.164918503881037,0.0,0.0,0.0,0.0,-0.0,-0.0,0.0
2409.417794,0.0,0.0,-58.130001068115234,5.061449327989493,14.299180083521733,15.168547074812073,-58.130001068115234,0.0,0.0,18.834846272967564,16.164918503881037,0.0,0.0,0.0,0.0,-0.0,-0.0,0.0
2409.437835,0.0,0.0,-58.130001068115234,5.061449327989493,14.299180083521733,15.168547074812073,-58.130001068115234,0.0,0.0,18.834846272967564,16.164918503881037,0.0,0.0,0.0,0.0,-0.0,-0.0,0.0
2409.457747,0.0,0.0,-58.130001068115234,5.061449327989493,14.299180083521733,15.168547074812073,-58.130001068115234,0.0,0.0,18.834846272967564,16.164918503881037,0.0,0.0,0.0,0.0,-0.0,-0.0,0.0
2409.478324,0.0,0.0,-58.130001068115234,5.061449327989493,14.299180083521733,15.168547074812073,-58.130001068115234,0.0,0.0,18.834846272967564,16.164918503881037,0.0,0.0,0.0,0.0,-0.0,-0.0,0.0
2409.497767,0.0,0.0,-58.130001068115234,5.061449327989493,14.299180083521733,15.168547074812073,-58.130001068115234,0.0,0.0,18.834846272967564,16.164918503881037,0.0,0.0,0.0,0.0,-0.0,-0.0,0.0
2409.517928,0.0,0.0,-58.130001068115234,5.061449327989493,14.299180083521733,15.168547074812073,-58.130001068115234,0.0,0.0,18.834846272967564,16.164918503881037,0.0,0.0,0.0,0.0,-0.0,-0.0,0.0
2409.537731,0.0,0.0,-58.130001068115234,5.061449327989493,14.299180083521733,15.168547074812073,-58.130001068115234,0.0,0.0,18.834846272967564,16.164918503881037,0.0,0.0,0.0,0.0,-0.0,-0.0,0.0
2409.557714,0.0,0.0,-58.130001068115234,5.061449327989493,14.299180083521733,15.168547074812073,-58.130001068115234,0.0,0.0,18.834846272967564,16.164918503881037,0.0,0.0,0.0,0.0,-0.0,-0.0,0.0
2409.579361,0.0,0.0,-58.130001068115234,5.061449327989493,14.299180083521733,15.168547074812073,-58.130001068115234,0.0,0.0,18.834846272967564,16.164918503881037,0.0,0.0,0.0,0.0,-0.0,-0.0,0.0
2409.597679,0.0,0.0,-58.130001068115234,5.061449327989493,14.299180083521733,15.168547074812073,-58.130001068115234,0.0,0.0,18.834846272967564,16.164918503881037,0.0,0.0,0.0,0.0,-0.0,-0.0,0.0
2409.617952,0.0,0.0,-58.130001068115234,5.061449327989493,14.299180083521733,15.168547074812073,-58.130001068115234,0.0,0.0,18.834846272967564,16.164918503881037,0.0,0.0,0.0,0.0,-0.0,-0.0,0.0
2409.637736,0.0,0.0,-58.130001068115234,5.061449327989493,14.299180083521733,15.168547074812073,-58.130001068115234,0.0,0.0,18.834846272967564,16.164918503881037,0.0,0.0,0.0,0.0,-0.0,-0.0,0.0
2409.6577,0.0,0.0,-58.130001068115234,5.061449327989493,14.299180083521733,15.168547074812073,-58.130001068115234,0.0,0.0,18.834846272967564,16.164918503881037,0.0,0.0,0.0,0.0,-0.0,-0.0,0.0
2409.677854,0.0,0.0,-58.130001068115234,5.061449327989493,14.299180083521733,15.168547074812073,-58.130001068115234,0.0,0.0,18.834846272967564,16.164918503881037,0.0,0.0,0.0,0.0,-0.0,-0.0,0.0
2409.697864,0.0,0.0,-58.130001068115234,5.061449327989493,14.299180083521733,15.168547074812073,-58.130001068115234,0.0,0.0,18.834846272967564,16.164918503881037,0.0,0.0,0.0,0.0,-0.0,-0.0,0.0
2409.717788,0.0,0.0,-58.130001068115234,5.061449327989493,14.299180083521733,15.168547074812073,-58.130001068115234,0.0,0.0,18.834846272967564,16.164918503881037,0.0,0.0,0.0,0.0,-0.0,-0.0,0.0
2409.73769,0.0,0.0,-58.130001068115234,5.061449327989493,14.299180083521733,15.168547074812073,-58.130001068115234,0.0,0.0,18.834846272967564,16.164918503881037,0.0,0.0,0.0,0.0,-0.0,-0.0,0.0
2409.758004,0.0,0.0,-58.130001068115234,5.061449327989493,14.299180083521733,15.168547074812073,-58.130001068115234,0.0,0.0,18.834846272967564,16.164918503881037,0.0,0.0,0.0,0.0,-0.0,-0.0,0.0
2409.778067,0.0,0.0,-58.130001068115234,5.061449327989493,14.299180083521733,15.168547074812073,-58.130001068115234,0.0,0.0,18.834846272967564,16.164918503881037,0.0,0.0,0.0,0.0,-0.0,-0.0,0.0
2409.797861,0.0,0.0,-58.130001068115234,5.061449327989493,14.299180083521733,15.168547074812073,-58.130001068115234,0.0,0.0,18.834846272967564,16.164918503881037,0.0,0.0,0.0,0.0,-0.0,-0.0,0.0
2409.817805,0.0,0.0,-58.130001068115234,5.061449327989493,14.299180083521733,15.168547074812073,-58.130001068115234,0.0,0.0,18.834846272967564,16.164918503881037,0.0,0.0,0.0,0.0,-0.0,-0.0,0.0
2409.837797,0.0,0.0,-58.130001068115234,5.061449327989493,14.299180083521733,15.168547074812073,-58.130001068115234,0.0,0.0,18.834846272967564,16.164918503881037,0.0,0.0,0.0,0.0,-0.0,-0.0,0.0
2409.85774,0.0,0.0,-58.130001068115234,5.061449327989493,14.299180083521733,15.168547074812073,-58.130001068115234,0.0,0.0,18.834846272967564,16.164918503881037,0.0,0.0,0.0,0.0,-0.0,-0.0,0.0
2409.877874,0.0,0.0,-58.130001068115234,5.061449327989493,14.299180083521733,15.168547074812073,-58.130001068115234,0.0,0.0,18.834846272967564,16.164918503881037,0.0,0.0,0.0,0.0,-0.0,-0.0,0.0
2409.898082,0.0,0.0,-58.130001068115234,5.061449327989493,14.299180083521733,15.168547074812073,-58.13999938964844,0.0,0.0,18.834846272967564,16.164918503881037,0.0,0.0,0.0,0.0,-0.0,-0.0,0.0
2409.917854,0.0,0.0,-58.13999938964844,5.061449327989493,14.299180083521733,15.168547074812073,-58.13999938964844,0.0,0.0,18.834846272967564,16.164918503881037,0.0,0.0,0.0,0.0,-0.0,-0.0,0.0
2409.937752,0.0,0.0,-58.13999938964844,5.061449327989493,14.299180083521733,15.168547074812073,-58.130001068115234,0.0,0.0,18.834846272967564,16.164918503881037,0.0,0.0,0.0,0.0,-0.0,-0.0,0.0
2409.957738,0.0,0.0,-58.130001068115234,5.061449327989493,14.299180083521733,15.168547074812073,-58.130001068115234,0.0,0.0,18.834846272967564,16.164918503881037,0.0,0.0,0.0,0.0,-0.0,-0.0,0.0
2409.977984,0.0,0.0,-58.130001068115234,5.061449327989493,14.299180083521733,15.168547074812073,-58.130001068115234,0.0,0.0,18.834846272967564,16.164918503881037,0.0,0.0,0.0,0.0,-0.0,-0.0,0.0
2409.997759,0.0,0.0,-58.130001068115234,5.061449327989493,14.299180083521733,15.168547074812073,-58.130001068115234,0.0,0.0,18.834846272967564,16.164918503881037,0.0,0.0,0.0,0.0,-0.0,-0.0,0.0
2410.017636,0.0,0.0,-58.130001068115234,5.061449327989493,14.299180083521733,15.168547074812073,-58.130001068115234,0.0,0.0,18.834846272967564,16.164918503881037,0.0,0.0,0.0,0.0,-0.0,-0.0,0.0
2410.037928,0.0,0.0,-58.130001068115234,5.061449327989493,14.299180083521733,15.168547074812073,-58.13999938964844,0.0,0.0,18.834846272967564,16.164918503881037,0.0,0.0,0.0,0.0,-0.0,-0.0,0.0
2410.057689,0.0,0.0,-58.13999938964844,5.061449327989493,14.299180083521733,15.168547074812073,-58.130001068115234,0.0,0.0,18.834846272967564,16.164918503881037,0.0,0.0,0.0,0.0,-0.0,-0.0,0.0
2410.077843,0.0,0.0,-58.130001068115234,5.061449327989493,14.299180083521733,15.168547074812073,-58.130001068115234,0.0,0.0,18.834846272967564,16.164918503881037,0.0,0.0,0.0,0.0,-0.0,-0.0,0.0
2410.097747,0.0,0.0,-58.130001068115234,5.061449327989493,14.299180083521733,15.168547074812073,-58.130001068115234,0.0,0.0,18.834846272967564,16.164918503881037,0.0,0.0,0.0,0.0,-0.0,-0.0,0.0
2410.117829,0.0,0.0,-58.130001068115234,5.061449327989493,14.299180083521733,15.168547074812073,-58.130001068115234,0.0,0.0,18.834846272967564,16.164918503881037,0.0,0.0,0.0,0.0,-0.0,-0.0,0.0
2410.137774,0.0,0.0,-58.130001068115234,5.061449327989493,14.299180083521733,15.168547074812073,-58.130001068115234,0.0,0.0,18.834846272967564,16.164918503881037,0.0,0.0,0.0,0.0,-0.0,-0.0,0.0
2410.157782,0.0,0.0,-58.130001068115234,5.061449327989493,14.299180083521733,15.168547074812073,-58.130001068115234,0.0,0.0,18.834846272967564,16.164918503881037,0.0,0.0,0.0,0.0,-0.0,-0.0,0.0
2410.177807,0.0,0.0,-58.130001068115234,5.061449327989493,14.299180083521733,15.168547074812073,-58.130001068115234,0.0,0.0,18.834846272967564,16.164918503881037,0.0,0.0,0.0,0.0,-0.0,-0.0,0.0
2410.197766,0.0,0.0,-58.130001068115234,5.061449327989493,14.299180083521733,15.168547074812073,-58.130001068115234,0.0,0.0,18.834846272967564,16.164918503881037,0.0,0.0,0.0,0.0,-0.0,-0.0,0.0
2410.217771,0.0,0.0,-58.130001068115234,5.061449327989493,14.299180083521733,15.168547074812073,-58.130001068115234,0.0,0.0,18.834846272967564,16.164918503881037,0.0,0.0,0.0,0.0,-0.0,-0.0,0.0
2410.240603,0.0,0.0,-58.130001068115234,5.061449327989493,14.299180083521733,15.168547074812073,-58.130001068115234,0.0,0.0,18.834846272967564,16.164918503881037,0.0,0.0,0.0,0.0,-0.0,-0.0,0.0
2410.257833,0.0,0.0,-58.130001068115234,5.061449327989493,14.299180083521733,15.168547074812073,-58.130001068115234,0.0,0.0,18.834846272967564,16.164918503881037,0.0,0.0,0.0,0.0,-0.0,-0.0,0.0
2410.277949,0.0,0.0,-58.130001068115234,5.061449327989493,14.299180083521733,15.168547074812073,-58.130001068115234,0.0,0.0,18.834846272967564,16.164918503881037,0.0,0.0,0.0,0.0,-0.0,-0.0,0.0
2410.297728,0.0,0.0,-58.130001068115234,5.061449327989493,14.299180083521733,15.168547074812073,-58.130001068115234,0.0,0.0,18.834846272967564,16.164918503881037,0.0,0.0,0.0,0.0,-0.0,-0.0,0.0
2410.318066,0.0,0.0,-58.130001068115234,5.061449327989493,14.299180083521733,15.168547074812073,-58.130001068115234,0.0,0.0,18.834846272967564,16.164918503881037,0.0,0.0,0.0,0.0,-0.0,-0.0,0.0
2410.337854,0.0,0.0,-58.130001068115234,5.061449327989493,14.299180083521733,15.168547074812073,-58.130001068115234,0.0,0.0,18.834846272967564,16.164918503881037,0.0,0.0,0.0,0.0,-0.0,-0.0,0.0
2410.357692,0.0,0.0,-58.130001068115234,5.061449327989493,14.299180083521733,15.168547074812073,-58.130001068115234,0.0,0.0,18.834846272967564,16.164918503881037,0.0,0.0,0.0,0.0,-0.0,-0.0,0.0
2410.377833,0.0,0.0,-58.130001068115234,5.061449327989493,14.299180083521733,15.168547074812073,-58.130001068115234,0.0,0.0,18.834846272967564,16.164918503881037,0.0,0.0,0.0,0.0,-0.0,-0.0,0.0
2410.397693,0.0,0.0,-58.130001068115234,5.061449327989493,14.299180083521733,15.168547074812073,-58.130001068115234,0.0,0.0,18.834846272967564,16.164918503881037,0.0,0.0,0.0,0.0,-0.0,-0.0,0.0
2410.41774,0.0,0.0,-58.130001068115234,5.061449327989493,14.299180083521733,15.168547074812073,-58.13999938964844,0.0,0.0,18.834846272967564,16.164918503881037,0.0,0.0,0.0,0.0,-0.0,-0.0,0.0
2410.437647,0.0,0.0,-58.13999938964844,5.061449327989493,14.299180083521733,15.168547074812073,-58.13999938964844,0.0,0.0,18.834846272967564,16.164918503881037,0.0,0.0,0.0,0.0,-0.0,-0.0,0.0
2410.4579,0.0,0.0,-58.13999938964844,5.061449327989493,14.299180083521733,15.168547074812073,-58.13999938964844,0.0,0.0,18.834846272967564,16.164918503881037,0.0,0.0,0.0,0.0,-0.0,-0.0,0.0
2410.477858,0.0,0.0,-58.13999938964844,5.061449327989493,14.299180083521733,15.168547074812073,-58.13999938964844,0.0,0.0,18.834846272967564,16.164918503881037,0.0,0.0,0.0,0.0,-0.0,-0.0,0.0
2410.497773,0.0,0.0,-58.13999938964844,5.061449327989493,14.299180083521733,15.168547074812073,-58.13999938964844,0.0,0.0,18.834846272967564,16.164918503881037,0.0,0.0,0.0,0.0,-0.0,-0.0,0.0
2410.517783,0.0,0.0,-58.13999938964844,5.061449327989493,14.299180083521733,15.168547074812073,-58.13999938964844,0.0,0.0,18.834846272967564,16.164918503881037,0.0,0.0,0.0,0.0,-0.0,-0.0,0.0
2410.53788,0.0,0.0,-58.13999938964844,5.061449327989493,14.299180083521733,15.168547074812073,-58.13999938964844,0.0,0.0,18.834846272967564,16.164918503881037,0.0,0.0,0.0,0.0,-0.0,-0.0,0.0
2410.557667,0.0,0.0,-58.13999938964844,5.061449327989493,14.299180083521733,15.168547074812073,-58.130001068115234,0.0,0.0,18.834846272967564,16.164918503881037,0.0,0.0,0.0,0.0,-0.0,-0.0,0.0
2410.578986,0.0,0.0,-58.130001068115234,5.061449327989493,14.299180083521733,15.168547074812073,-58.13999938964844,0.0,0.0,18.834846272967564,16.164918503881037,0.0,0.0,0.0,0.0,-0.0,-0.0,0.0
2410.597848,0.0,0.0,-58.13999938964844,5.061449327989493,14.299180083521733,15.168547074812073,-58.13999938964844,0.0,0.0,18.834846272967564,16.164918503881037,0.0,0.0,0.0,0.0,-0.0,-0.0,0.0
2410.617702,0.0,0.0,-58.13999938964844,5.061449327989493,14.299180083521733,15.168547074812073,-58.130001068115234,0.0,0.0,18.834846272967564,16.164918503881037,0.0,0.0,0.0,0.0,-0.0,-0.0,0.0
2410.63781,0.0,0.0,-58.130001068115234,5.061449327989493,14.299180083521733,15.168547074812073,-58.130001068115234,0.0,0.0,18.834846272967564,16.164918503881037,0.0,0.0,0.0,0.0,-0.0,-0.0,0.0
2410.657719,0.0,0.0,-58.130001068115234,5.061449327989493,14.299180083521733,15.168547074812073,-58.130001068115234,0.0,0.0,18.834846272967564,16.164918503881037,0.0,0.0,0.0,0.0,-0.0,-0.0,0.0
2410.677906,0.0,0.0,-58.130001068115234,5.061449327989493,14.299180083521733,15.168547074812073,-58.130001068115234,0.0,0.0,18.834846272967564,16.164918503881037,0.0,0.0,0.0,0.0,-0.0,-0.0,0.0
2410.697831,0.0,0.0,-58.130001068115234,5.061449327989493,14.299180083521733,15.168547074812073,-58.130001068115234,0.0,0.0,18.834846272967564,16.164918503881037,0.0,0.0,0.0,0.0,-0.0,-0.0,0.0
2410.717762,0.0,0.0,-58.130001068115234,5.061449327989493,14.299180083521733,15.168547074812073,-58.13999938964844,0.0,0.0,18.834846272967564,16.164918503881037,0.0,0.0,0.0,0.0,-0.0,-0.0,0.0
2410.738027,0.0,0.0,-58.13999938964844,5.061449327989493,14.299180083521733,15.168547074812073,-58.13999938964844,0.0,0.0,18.834846272967564,16.164918503881037,0.0,0.0,0.0,0.0,-0.0,-0.0,0.0
2410.757786,0.0,0.0,-58.13999938964844,5.061449327989493,14.299180083521733,15.168547074812073,-58.130001068115234,0.0,0.0,18.834846272967564,16.164918503881037,0.0,0.0,0.0,0.0,-0.0,-0.0,0.0
2410.7778,0.0,0.0,-58.130001068115234,5.061449327989493,14.299180083521733,15.168547074812073,-58.130001068115234,0.0,0.0,18.834846272967564,16.164918503881037,0.0,0.0,0.0,0.0,-0.0,-0.0,0.0
2410.797835,0.0,0.0,-58.130001068115234,5.061449327989493,14.299180083521733,15.168547074812073,-58.130001068115234,0.0,0.0,18.834846272967564,16.164918503881037,0.0,0.0,0.0,0.0,-0.0,-0.0,0.0
2410.817819,0.0,0.0,-58.130001068115234,5.061449327989493,14.299180083521733,15.168547074812073,-58.130001068115234,0.0,0.0,18.834846272967564,16.164918503881037,0.0,0.0,0.0,0.0,-0.0,-0.0,0.0
2410.83768,0.0,0.0,-58.130001068115234,5.061449327989493,14.299180083521733,15.168547074812073,-58.130001068115234,0.0,0.0,18.834846272967564,16.164918503881037,0.0,0.0,0.0,0.0,-0.0,-0.0,0.0
2410.857647,0.0,0.0,-58.130001068115234,5.061449327989493,14.299180083521733,15.168547074812073,-58.130001068115234,0.0,0.0,18.834846272967564,16.164918503881037,0.0,0.0,0.0,0.0,-0.0,-0.0,0.0
2410.878208,0.0,0.0,-58.130001068115234,5.061449327989493,14.299180083521733,15.168547074812073,-58.13999938964844,0.0,0.0,18.834846272967564,16.164918503881037,0.0,0.0,0.0,0.0,-0.0,-0.0,0.0
2410.8977,0.0,0.0,-58.13999938964844,5.061449327989493,14.299180083521733,15.168547074812073,-58.130001068115234,0.0,0.0,18.834846272967564,16.164918503881037,0.0,0.0,0.0,0.0,-0.0,-0.0,0.0
2410.917679,0.0,0.0,-58.130001068115234,5.061449327989493,14.299180083521733,15.168547074812073,-58.130001068115234,0.0,0.0,18.834846272967564,16.164918503881037,0.0,0.0,0.0,0.0,-0.0,-0.0,0.0
2410.937981,0.0,0.0,-58.130001068115234,5.061449327989493,14.299180083521733,15.168547074812073,-58.130001068115234,0.0,0.0,18.834846272967564,16.164918503881037,0.0,0.0,0.0,0.0,-0.0,-0.0,0.0
2410.95774,0.0,0.0,-58.130001068115234,5.061449327989493,14.299180083521733,15.168547074812073,-58.130001068115234,0.0,0.0,18.834846272967564,16.164918503881037,0.0,0.0,0.0,0.0,-0.0,-0.0,0.0
2410.978243,0.0,0.0,-58.130001068115234,5.061449327989493,14.299180083521733,15.168547074812073,-58.130001068115234,0.0,0.0,18.834846272967564,16.164918503881037,0.0,0.0,0.0,0.0,-0.0,-0.0,0.0
2410.997783,0.0,0.0,-58.130001068115234,5.061449327989493,14.299180083521733,15.168547074812073,-58.130001068115234,0.0,0.0,18.834846272967564,16.164918503881037,0.0,0.0,0.0,0.0,-0.0,-0.0,0.0
2411.017812,0.0,0.0,-58.130001068115234,5.061449327989493,14.299180083521733,15.168547074812073,-58.13999938964844,0.0,0.0,18.834846272967564,16.164918503881037,0.0,0.0,0.0,0.0,-0.0,-0.0,0.0
2411.038445,0.0,0.0,-58.13999938964844,5.061449327989493,14.299180083521733,15.168547074812073,-58.13999938964844,0.0,0.0,18.834846272967564,16.164918503881037,0.0,0.0,0.0,0.0,-0.0,-0.0,0.0
2411.057763,0.0,0.0,-58.13999938964844,5.061449327989493,14.299180083521733,15.168547074812073,-58.130001068115234,0.0,0.0,18.834846272967564,16.164918503881037,0.0,0.0,0.0,0.0,-0.0,-0.0,0.0
2411.077942,0.0,0.0,-58.130001068115234,5.061449327989493,14.299180083521733,15.168547074812073,-58.130001068115234,0.0,0.0,18.834846272967564,16.164918503881037,0.0,0.0,0.0,0.0,-0.0,-0.0,0.0
2411.097826,0.0,0.0,-58.130001068115234,5.061449327989493,14.299180083521733,15.168547074812073,-58.130001068115234,0.0,0.0,18.834846272967564,16.164918503881037,0.0,0.0,0.0,0.0,-0.0,-0.0,0.0
2411.117671,0.0,0.0,-58.130001068115234,5.061449327989493,14.299180083521733,15.168547074812073,-58.13999938964844,0.0,0.0,18.834846272967564,16.164918503881037,0.0,0.0,0.0,0.0,-0.0,-0.0,0.0
2411.137748,0.0,0.0,-58.13999938964844,5.061449327989493,14.299180083521733,15.168547074812073,-58.13999938964844,0.0,0.0,18.834846272967564,16.164918503881037,0.0,0.0,0.0,0.0,-0.0,-0.0,0.0
2411.157844,0.0,0.0,-58.13999938964844,5.061449327989493,14.299180083521733,15.168547074812073,-58.13999938964844,0.0,0.0,18.834846272967564,16.164918503881037,0.0,0.0,0.0,0.0,-0.0,-0.0,0.0
2411.177811,0.0,0.0,-58.13999938964844,5.061449327989493,14.299180083521733,15.168547074812073,-58.13999938964844,0.0,0.0,18.834846272967564,16.164918503881037,0.0,0.0,0.0,0.0,-0.0,-0.0,0.0
2411.197659,0.0,0.0,-58.13999938964844,5.061449327989493,14.299180083521733,15.168547074812073,-58.13999938964844,0.0,0.0,18.834846272967564,16.164918503881037,0.0,0.0,0.0,0.0,-0.0,-0.0,0.0
2411.217722,0.0,0.0,-58.13999938964844,5.061449327989493,14.299180083521733,15.168547074812073,-58.13999938964844,0.0,0.0,18.834846272967564,16.164918503881037,0.0,0.0,0.0,0.0,-0.0,-0.0,0.0
2411.237864,0.0,0.0,-58.13999938964844,5.061449327989493,14.299180083521733,15.168547074812073,-58.130001068115234,0.0,0.0,18.834846272967564,16.164918503881037,0.0,0.0,0.0,0.0,-0.0,-0.0,0.0
2411.257741,0.0,0.0,-58.130001068115234,5.061449327989493,14.299180083521733,15.168547074812073,-58.130001068115234,0.0,0.0,18.834846272967564,16.164918503881037,0.0,0.0,0.0,0.0,-0.0,-0.0,0.0
2411.278186,0