Timestamp,LeftVelocity,RightVelocity,PoseRotationDeg,PoseTransY,PoseTransX,PoseTransNorm,Heading,RightWheelSpeed,LeftWheelSpeed,LeftDistanceMeters,RightDistanceMeters,XValue,YValue,Found,VisionHeight,motor 1 speed,motor 2 speed,motor 3 speed
11.088711,0.0,0.0,0.0,0.0,0.0,0.0,0.10000000149011612,0.0,0.0,5.844466801844293E-5,0.0,0.0,0.0,0.0,0.0,-0.0,-0.0,0.0
11.744601,0.0,0.0,0.10000000149011612,2.5501291085851234E-8,2.922231917316997E-5,2.9222330300208163E-5,0.10000000149011612,0.0,0.0,5.844466801844293E-5,0.0,0.0,0.0,0.0,0.0,-0.0,-0.0,0.0
11.79231,0.0,0.0,0.10999999940395355,2.5501291085851234E-8,2.922231917316997E-5,2.9222330300208163E-5,0.10999999940395355,0.0,0.0,5.844466801844293E-5,0.0,0.0,0.0,0.0,0.0,-0.0,-0.0,0.0
11.85129,0.0,0.0,0.10000000149011612,2.5501291085851234E-8,2.922231917316997E-5,2.9222330300208163E-5,0.10999999940395355,0.0,0.0,5.844466801844293E-5,0.0,0.0,0.0,0.0,0.0,-0.0,-0.0,0.0
11.903568,0.0,0.0,0.10999999940395355,2.5501291085851234E-8,2.922231917316997E-5,2.9222330300208163E-5,0.10999999940395355,0.0,0.0,5.844466801844293E-5,0.0,0.0,0.0,0.0,0.0,-0.0,-0.0,0.0
11.951934,0.0,0.0,0.10999999940395355,2.5501291085851234E-8,2.922231917316997E-5,2.9222330300208163E-5,0.10999999940395355,0.0,0.0,5.844466801844293E-5,0.0,0.0,0.0,0.0,0.0,-0.0,-0.0,0.0
12.008584,0.0,0.0,0.10999999940395355,2.5501291085851234E-8,2.922231917316997E-5,2.9222330300208163E-5,0.10999999940395355,0.0,0.0,5.844466801844293E-5,0.0,0.0,0.0,0.0,0.0,-0.0,-0.0,0.0
12.049835,0.0,0.0,0.10999999940395355,2.5501291085851234E-8,2.922231917316997E-5,2.9222330300208163E-5,0.10999999940395355,0.0,0.0,1.1688933603688586E-4,0.0,0.0,0.0,0.0,0.0,-0.0,-0.0,0.0
12.098227,0.0011705051459548383,0.0,0.10999999940395355,8.160411011084134E-8,5.844459932753504E-5,5.844465629796189E-5,0.10999999940395355,0.0,0.0011705051459548383,1.753340040553288E-4,0.0,0.0,0.0,0.0,0.0,-0.0,-0.0,0.0
12.144816,0.0011705051459548383,0.0,0.10999999940395355,1.3770692913583146E-7,8.766687948190012E-5,8.766698763669442E-5,0.11999999731779099,0.0,0.0011705051459548383,1.753340040553288E-4,0.0,0.0,0.0,0.0,0.0,-0.0,-0.0,0.0
12.218179,0.0011705051459548383,0.0,0.11999999731779099,1.3770692913583146E-7,8.766687948190012E-5,8.766698763669442E-5,0.11999999731779099,0.0,0.0011705051459548383,1.753340040553288E-4,0.0,0.0,0.0,0.0,0.0,-0.0,-0.0,0.0
12.259297,0.0011705051459548383,0.0,0.11999999731779099,1.3770692913583146E-7,8.766687948190012E-5,8.766698763669442E-5,0.11999999731779099,0.0,0.0011705051459548383,1.753340040553288E-4,0.0,0.0,0.0,0.0,0.0,-0.0,-0.0,0.0
12.304084,4.426553261212656E-4,0.0,0.11999999731779099,1.3770692913583146E-7,8.766687948190012E-5,8.766698763669442E-5,0.11999999731779099,0.0,4.426553261212656E-4,2.337786720737717E-4,0.0,0.0,0.0,0.0,0.0,-0.0,-0.0,0.0
12.36218,4.426553261212656E-4,0.0,0.11999999731779099,1.9890999625277698E-7,1.1688914939939757E-4,1.1688931864161624E-4,0.11999999731779099,0.0,4.426553261212656E-4,2.337786720737717E-4,0.0,0.0,0.0,0.0,0.0,-0.0,-0.0,0.0
12.436919,4.426553261212656E-4,0.0,0.11999999731779099,1.9890999625277698E-7,1.1688914939939757E-4,1.1688931864161624E-4,0.11999999731779099,0.0,4.426553261212656E-4,2.337786720737717E-4,0.0,0.0,0.0,0.0,0.0,-0.0,-0.0,0.0
12.493063,4.426553261212656E-4,0.0,0.11999999731779099,1.9890999625277698E-7,1.1688914939939757E-4,1.1688931864161624E-4,0.11999999731779099,0.0,4.426553261212656E-4,2.337786720737717E-4,0.0,0.0,0.0,0.0,0.0,-0.0,-0.0,0.0
12.54114,4.426553261212656E-4,0.0,0.11999999731779099,1.9890999625277698E-7,1.1688914939939757E-4,1.1688931864161624E-4,0.11999999731779099,0.0,4.426553261212656E-4,2.337786720737717E-4,0.0,0.0,0.0,0.0,0.0,-0.0,-0.0,0.0
12.572279,4.426553261212656E-4,0.0,0.11999999731779099,1.9890999625277698E-7,1.1688914939939757E-4,1.1688931864161624E-4,0.11999999731779099,0.0,4.426553261212656E-4,2.337786720737717E-4,0.0,0.0,0.0,0.0,0.0,-0.0,-0.0,0.0
12.598051,4.426553261212656E-4,0.0,0.11999999731779099,1.9890999625277698E-7,1.1688914939939757E-4,1.1688931864161624E-4,0.11999999731779099,0.0,4.426553261212656E-4,2.337786720737717E-4,0.0,0.0,0.0,0.0,0.0,-0.0,-0.0,0.0
12.62225,4.426553261212656E-4,0.0,0.11999999731779099,1.9890999625277698E-7,1.1688914939939757E-4,1.1688931864161624E-4,0.11999999731779099,0.0,4.426553261212656E-4,2.337786720737717E-4,0.0,0.0,0.0,0.0,0.0,-0.0,-0.0,0.0
12.648361,4.426553261212656E-4,0.0,0.11999999731779099,1.9890999625277698E-7,1.1688914939939757E-4,1.1688931864161624E-4,0.11999999731779099,0.0,4.426553261212656E-4,2.337786720737717E-4,0.0,0.0,0.0,0.0,0.0,-0.0,-0.0,0.0
12.673724,4.426553261212656E-4,0.0,0.11999999731779099,1.9890999625277698E-7,1.1688914939939757E-4,1.1688931864161624E-4,0.11999999731779099,0.0,4.426553261212656E-4,2.337786720737717E-4,0.0,0.0,0.0,0.0,0.0,-0.0,-0.0,0.0
12.715652,0.0,0.0,0.11999999731779099,1.9890999625277698E-7,1.1688914939939757E-4,1.1688931864161624E-4,0.11999999731779099,0.0,0.0,2.337786720737717E-4,0.0,0.0,0.0,0.0,0.0,-0.0,-0.0,0.0
12.735875,0.0,0.0,0.11999999731779099,1.9890999625277698E-7,1.1688914939939757E-4,1.1688931864161624E-4,0.11999999731779099,0.0,0.0,2.337786720737717E-4,0.0,0.0,0.0,0.0,0.0,-0.0,-0.0,0.0
12.755882,0.0,0.0,0.11999999731779099,1.9890999625277698E-7,1.1688914939939757E-4,1.1688931864161624E-4,0.11999999731779099,0.0,0.0,2.337786720737717E-4,0.0,0.0,0.0,0.0,0.0,-0.0,-0.0,0.0
12.775872,0.0,0.0,0.11999999731779099,1.9890999625277698E-7,1.1688914939939757E-4,1.1688931864161624E-4,0.11999999731779099,0.0,0.0,2.337786720737717E-4,0.0,0.0,0.0,0.0,0.0,-0.0,-0.0,0.0
12.798706,0.0,0.0,0.11999999731779099,1.9890999625277698E-7,1.1688914939939757E-4,1.1688931864161624E-4,0.11999999731779099,0.0,0.0,2.337786720737717E-4,0.0,0.0,0.0,0.0,0.0,-0.0,-0.0,0.0
12.818124,0.0,0.0,0.11999999731779099,1.9890999625277698E-7,1.1688914939939757E-4,1.1688931864161624E-4,0.11999999731779099,0.0,0.0,2.337786720737717E-4,0.0,0.0,0.0,0.0,0.0,-0.0,-0.0,0.0
12.838358,0.0,0.0,0.11999999731779099,1.9890999625277698E-7,1.1688914939939757E-4,1.1688931864161624E-4,0.11999999731779099,0.0,0.0,2.337786720737717E-4,0.0,0.0,0.0,0.0,0.0,-0.0,-0.0,0.0
12.860473,0.0,0.0,0.11999999731779099,1.9890999625277698E-7,1.1688914939939757E-4,1.1688931864161624E-4,0.11999999731779099,0.0,0.0,2.337786720737717E-4,0.0,0.0,0.0,0.0,0.0,-0.0,-0.0,0.0
12.880593,0.0,0.0,0.11999999731779099,1.9890999625277698E-7,1.1688914939939757E-4,1.1688931864161624E-4,0.11999999731779099,0.0,0.0,2.337786720737717E-4,0.0,0.0,0.0,0.0,0.0,-0.0,-0.0,0.0
12.90865,0.0,0.0,0.11999999731779099,1.9890999625277698E-7,1.1688914939939757E-4,1.1688931864161624E-4,0.11999999731779099,0.0,0.0,2.337786720737717E-4,0.0,0.0,0.0,0.0,0.0,-0.0,-0.0,0.0
12.960431,0.0,0.0,0.11999999731779099,1.9890999625277698E-7,1.1688914939939757E-4,1.1688931864161624E-4,0.11999999731779099,0.0,0.0,2.337786720737717E-4,0.0,0.0,0.0,0.0,0.0,-0.0,-0.0,0.0
13.025183,0.0,0.0,0.11999999731779099,1.9890999625277698E-7,1.1688914939939757E-4,1.1688931864161624E-4,0.11999999731779099,0.0,0.0,2.337786720737717E-4,0.0,0.0,0.0,0.0,0.0,-0.0,-0.0,0.0
13.09463,0.0,0.0,0.11999999731779099,1.9890999625277698E-7,1.1688914939939757E-4,1.1688931864161624E-4,0.11999999731779099,0.0,0.0,2.337786720737717E-4,0.0,0.0,0.0,0.0,0.0,-0.0,-0.0,0.0
13.160849,0.0,0.0,0.11999999731779099,1.9890999625277698E-7,1.1688914939939757E-4,1.1688931864161624E-4,0.11999999731779099,0.0,0.0,2.337786720737717E-4,0.0,0.0,0.0,0.0,0.0,-0.0,-0.0,0.0
13.273248,0.0,0.0,0.11999999731779099,1.9890999625277698E-7,1.1688914939939757E-4,1.1688931864161624E-4,0.11999999731779099,0.0,0.0,2.337786720737717E-4,0.0,0.0,0.0,0.0,0.0,-0.0,-0.0,0.0
13.338466,0.0,0.0,0.11999999731779099,1.9890999625277698E-7,1.1688914939939757E-4,1.1688931864161624E-4,0.11999999731779099,0.0,0.0,2.337786720737717E-4,0.0,0.0,0.0,0.0,0.0,-0.0,-0.0,0.0
13.388342,0.0,0.0,0.11999999731779099,1.9890999625277698E-7,1.1688914939939757E-4,1.1688931864161624E-4,0.11999999731779099,0.0,0.0,2.337786720737717E-4,0.0,0.0,0.0,0.0,0.0,-0.0,-0.0,0.0
13.48668,0.0,0.0,0.11999999731779099,1.9890999625277698E-7,1.1688914939939757E-4,1.1688931864161624E-4,0.12999999523162842,0.0,0.0,2.337786720737717E-4,0.0,0.0,0.0,0.0,0.0,-0.0,-0.0,0.0
13.575507,0.0,0.0,0.12999999523162842,1.9890999625277698E-7,1.1688914939939757E-4,1.1688931864161624E-4,0.12999999523162842,0.0,0.0,2.337786720737717E-4,0.0,0.0,0.0,0.0,0.0,-0.0,-0.0,0.0
13.684843,0.0,0.0,0.12999999523162842,1.9890999625277698E-7,1.1688914939939757E-4,1.1688931864161624E-4,0.12999999523162842,0.0,0.0,2.337786720737717E-4,0.0,0.0,0.0,0.0,0.0,-0.0,-0.0,0.0
13.864339,0.0,0.0,0.12999999523162842,1.9890999625277698E-7,1.1688914939939757E-4,1.1688931864161624E-4,0.12999999523162842,0.0,0.0,2.337786720737717E-4,0.0,0.0,0.0,0.0,0.0,-0.0,-0.0,0.0
13.969041,0.0,0.0,0.14000000059604645,1.9890999625277698E-7,1.1688914939939757E-4,1.1688931864161624E-4,0.14000000059604645,0.0,0.0,2.337786720737717E-4,0.0,0.0,0.0,0.0,0.0,-0.0,-0.0,0.0
14.046327,0.0,0.0,0.14000000059604645,1.9890999625277698E-7,1.1688914939939757E-4,1.1688931864161624E-4,0.14000000059604645,0.0,0.0,2.337786720737717E-4,0.0,0.0,0.0,0.0,0.0,-0.0,-0.0,0.0
14.080936,0.0,0.0,0.14000000059604645,1.9890999625277698E-7,1.1688914939939757E-4,1.1688931864161624E-4,0.14000000059604645,0.0,0.0,2.337786720737717E-4,0.0,0.0,0.0,0.0,0.0,-0.0,-0.0,0.0
14.10745,0.0,0.0,0.14000000059604645,1.9890999625277698E-7,1.1688914939939757E-4,1.1688931864161624E-4,0.14000000059604645,0.0,0.0,2.337786720737717E-4,0.0,0.0,0.0,0.0,0.0,-0.0,-0.0,0.0
14.139372,0.0,0.0,0.14000000059604645,1.9890999625277698E-7,1.1688914939939757E-4,1.1688931864161624E-4,0.14000000059604645,0.0,0.0,2.337786720737717E-4,0.0,0.0,0.0,0.0,0.0,-0.0,-0.0,0.0
14.194757,0.0,0.0,0.14000000059604645,1.9890999625277698E-7,1.1688914939939757E-4,1.1688931864161624E-4,0.14000000059604645,0.0,0.0,2.337786720737717E-4,0.0,0.0,0.0,0.0,0.0,-0.0,-0.0,0.0
14.37899,0.0,0.0,0.14000000059604645,1.9890999625277698E-7,1.1688914939939757E-4,1.1688931864161624E-4,0.14000000059604645,0.0,0.0,2.337786720737717E-4,0.0,0.0,0.0,0.0,0.0,-0.0,-0.0,0.0
14.487194,0.0,0.0,0.14000000059604645,1.9890999625277698E-7,1.1688914939939757E-4,1.1688931864161624E-4,0.14000000059604645,0.0,0.0,2.337786720737717E-4,0.0,0.0,0.0,0.0,0.0,-0.0,-0.0,0.0
14.529819,0.0,0.0,0.14000000059604645,1.9890999625277698E-7,1.1688914939939757E-4,1.1688931864161624E-4,0.14000000059604645,0.0,0.0,2.337786720737717E-4,0.0,0.0,0.0,0.0,0.0,-0.0,-0.0,0.0
14.567032,0.0,0.0,0.14000000059604645,1.9890999625277698E-7,1.1688914939939757E-4,1.1688931864161624E-4,0.14000000059604645,0.0,0.0,2.337786720737717E-4,0.0,0.0,0.0,0.0,0.0,-0.0,-0.0,0.0
14.608366,0.0,0.0,0.14000000059604645,1.9890999625277698E-7,1.1688914939939757E-4,1.1688931864161624E-4,0.14000000059604645,0.0,0.0,2.337786720737717E-4,0.0,0.0,0.0,0.0,0.0,-0.0,-0.0,0.0
14.667941,0.0,0.0,0.14000000059604645,1.9890999625277698E-7,1.1688914939939757E-4,1.1688931864161624E-4,0.14000000059604645,0.0,0.0,2.337786720737717E-4,0.0,0.0,0.0,0.0,0.0,-0.0,-0.0,0.0
14.724919,0.0,0.0,0.14000000059604645,1.9890999625277698E-7,1.1688914939939757E-4,1.1688931864161624E-4,0.15000000596046448,0.0,0.0,2.337786720737717E-4,0.0,0.0,0.0,0.0,0.0,-0.0,-0.0,0.0
14.850063,0.0,0.0,0.1500000059604645,1.9890999625277698E-7,1.1688914939939757E-4,1.1688931864161624E-4,0.15000000596046448,0.0,0.0,2.337786720737717E-4,0.0,0.0,0.0,0.0,0.0,-0.0,-0.0,0.0
14.965145,0.0,0.0,0.1500000059604645,1.9890999625277698E-7,1.1688914939939757E-4,1.1688931864161624E-4,0.15000000596046448,0.0,0.0,2.337786720737717E-4,0.0,0.0,0.0,0.0,0.0,-0.0,-0.0,0.0
15.073252,0.0,0.0,0.1500000059604645,1.9890999625277698E-7,1.1688914939939757E-4,1.1688931864161624E-4,0.1599999964237213,0.0,0.0,2.337786720737717E-4,0.0,0.0,0.0,0.0,0.0,-0.0,-0.0,0.0
15.151603,0.0,0.0,0.1599999964237213,1.9890999625277698E-7,1.1688914939939757E-4,1.1688931864161624E-4,0.1599999964237213,0.0,0.0,2.337786720737717E-4,0.0,0.0,0.0,0.0,0.0,-0.0,-0.0,0.0
15.220532,0.0,0.0,0.1599999964237213,1.9890999625277698E-7,1.1688914939939757E-4,1.1688931864161624E-4,0.1599999964237213,0.0,0.0,2.337786720737717E-4,0.0,0.0,0.0,0.0,0.0,-0.0,-0.0,0.0
15.264294,0.0,0.0,0.1599999964237213,1.9890999625277698E-7,1.1688914939939757E-4,1.1688931864161624E-4,0.1599999964237213,0.0,0.0,2.337786720737717E-4,0.0,0.0,0.0,0.0,0.0,-0.0,-0.0,0.0
15.328334,0.0,0.0,0.1599999964237213,1.9890999625277698E-7,1.1688914939939757E-4,1.1688931864161624E-4,0.1599999964237213,0.0,0.0,2.337786720737717E-4,0.0,0.0,0.0,0.0,0.0,-0.0,-0.0,0.0
15.40384,0.0,0.0,0.1599999964237213,1.9890999625277698E-7,1.1688914939939757E-4,1.1688931864161624E-4,0.1599999964237213,0.0,0.0,2.337786720737717E-4,0.0,0.0,0.0,0.0,0.0,-0.0,-0.0,0.0
15.473624,0.0,0.0,0.1599999964237213,1.9890999625277698E-7,1.1688914939939757E-4,1.1688931864161624E-4,0.1599999964237213,0.0,0.0,2.337786720737717E-4,0.0,0.0,0.0,0.0,0.0,-0.0,-0.0,0.0
15.527389,0.0,0.0,0.1599999964237213,1.9890999625277698E-7,1.1688914939939757E-4,1.1688931864161624E-4,0.1599999964237213,0.0,0.0,2.337786720737717E-4,0.0,0.0,0.0,0.0,0.0,-0.0,-0.0,0.0
15.596435,0.0,0.0,0.1599999964237213,1.9890999625277698E-7,1.1688914939939757E-4,1.1688931864161624E-4,0.1599999964237213,0.0,0.0,2.337786720737717E-4,0.0,0.0,0.0,0.0,0.0,-0.0,-0.0,0.0
15.645515,0.0,0.0,0.1599999964237213,1.9890999625277698E-7,1.1688914939939757E-4,1.1688931864161624E-4,0.1599999964237213,0.0,0.0,2.337786720737717E-4,0.0,0.0,0.0,0.0,0.0,-0.0,-0.0,0.0
15.66229,0.0,0.0,0.1599999964237213,1.9890999625277698E-7,1.1688914939939757E-4,1.1688931864161624E-4,0.1599999964237213,0.0,0.0,2.337786720737717E-4,0.0,0.0,0.0,0.0,0.0,-0.0,-0.0,0.0
15.679243,0.0,0.0,0.1599999964237213,1.9890999625277698E-7,1.1688914939939757E-4,1.1688931864161624E-4,0.1599999964237213,0.0,0.0,2.337786720737717E-4,0.0,0.0,0.0,0.0,0.0,-0.0,-0.0,0.0
15.695104,0.0,0.0,0.1599999964237213,1.9890999625277698E-7,1.1688914939939757E-4,1.1688931864161624E-4,0.1599999964237213,0.0,0.0,2.337786720737717E-4,0.0,0.0,0.0,0.0,0.0,-0.0,-0.0,0.0
15.713475,0.0,0.0,0.1599999964237213,1.9890999625277698E-7,1.1688914939939757E-4,1.1688931864161624E-4,0.1599999964237213,0.0,0.0,2.337786720737717E-4,0.0,0.0,0.0,0.0,0.0,-0.0,-0.0,0.0
15.731481,0.0,0.0,0.1599999964237213,1.9890999625277698E-7,1.1688914939939757E-4,1.1688931864161624E-4,0.1599999964237213,0.0,0.0,2.337786720737717E-4,0.0,0.0,0.0,0.0,0.0,-0.0,-0.0,0.0
15.747808,0.0,0.0,0.1599999964237213,1.9890999625277698E-7,1.1688914939939757E-4,1.1688931864161624E-4,0.1599999964237213,0.0,0.0,2.337786720737717E-4,0.0,0.0,0.0,0.0,0.0,-0.0,-0.0,0.0
15.766488,0.0,0.0,0.1599999964237213,1.9890999625277698E-7,1.1688914939939757E-4,1.1688931864161624E-4,0.1599999964237213,0.0,0.0,2.337786720737717E-4,0.0,0.0,0.0,0.0,0.0,-0.0,-0.0,0.0
15.802665,0.0,0.0,0.1599999964237213,1.9890999625277698E-7,1.1688914939939757E-4,1.1688931864161624E-4,0.1599999964237213,0.0,0.0,2.337786720737717E-4,0.0,0.0,0.0,0.0,0.0,-0.0,-0.0,0.0
15.856278,0.0,0.0,0.1599999964237213,1.9890999625277698E-7,1.1688914939939757E-4,1.1688931864161624E-4,0.1599999964237213,0.0,0.0,2.337786720737717E-4,0.0,0.0,0.0,0.0,0.0,-0.0,-0.0,0.0
15.87582,0.0,0.0,0.1599999964237213,1.9890999625277698E-7,1.1688914939939757E-4,1.1688931864161624E-4,0.1599999964237213,0.0,0.0,2.337786720737717E-4,0.0,0.0,0.0,0.0,0.0,-0.0,-0.0,0.0
15.898937,0.0,0.0,0.1599999964237213,1.9890999625277698E-7,1.1688914939939757E-4,1.1688931864161624E-4,0.17000000178813934,0.0,0.0,2.337786720737717E-4,0.0,0.0,0.0,0.0,0.0,-0.0,-0.0,0.0
15.929779,0.0,0.0,0.17000000178813934,1.9890999625277698E-7,1.1688914939939757E-4,1.1688931864161624E-4,0.1599999964237213,0.0,0.0,2.337786720737717E-4,0.0,0.0,0.0,0.0,0.0,-0.0,-0.0,0.0
15.956106,0.0,0.0,0.1599999964237213,1.9890999625277698E-7,1.1688914939939757E-4,1.1688931864161624E-4,0.1599999964237213,0.0,0.0,2.337786720737717E-4,0.0,0.0,0.0,0.0,0.0,-0.0,-0.0,0.0
15.971335,0.0,0.0,0.1599999964237213,1.9890999625277698E-7,1.1688914939939757E-4,1.1688931864161624E-4,0.1599999964237213,0.0,0.0,2.337786720737717E-4,0.0,0.0,0.0,0.0,0.0,-0.0,-0.0,0.0
15.997833,0.0,0.0,0.1599999964237213,1.9890999625277698E-7,1.1688914939939757E-4,1.1688931864161624E-4,0.17000000178813934,0.0,0.0,2.9222334009221463E-4,0.0,0.0,0.0,0.0,0.0,-0.0,-0.0,0.0
16.032877,0.0,0.0,0.17000000178813934,2.8306416006856006E-7,1.4611136219814863E-4,1.4611163639052604E-4,0.17000000178813934,0.0,0.0,2.9222334009221463E-4,0.0,0.0,0.0,0.0,0.0,-0.0,-0.0,0.0
16.058343,0.0,0.0,0.17000000178813934,2.8306416006856006E-7,1.4611136219814863E-4,1.4611163639052604E-4,0.17000000178813934,0.0,0.0,2.9222334009221463E-4,0.0,0.0,0.0,0.0,0.0,-0.0,-0.0,0.0
16.07657,0.0,0.0,0.17000000178813934,2.8306416006856006E-7,1.4611136219814863E-4,1.4611163639052604E-4,0.17000000178813934,0.0,0.0,2.9222334009221463E-4,0.0,0.0,0.0,0.0,0.0,-0.0,-0.0,0.0
16.092377,0.0,0.0,0.17000000178813934,2.8306416006856006E-7,1.4611136219814863E-4,1.4611163639052604E-4,0.17000000178813934,0.0,0.0,2.9222334009221463E-4,0.0,0.0,0.0,0.0,0.0,-0.0,-0.0,0.0
16.109381,0.0,0.0,0.17000000178813934,2.8306416006856006E-7,1.4611136219814863E-4,1.4611163639052604E-4,0.1599999964237213,0.0,0.0,2.9222334009221463E-4,0.0,0.0,0.0,0.0,0.0,-0.0,-0.0,0.0
16.124585,0.0,0.0,0.1599999964237213,2.8306416006856006E-7,1.4611136219814863E-4,1.4611163639052604E-4,0.1599999964237213,0.0,0.0,2.9222334009221463E-4,0.0,0.0,0.0,0.0,0.0,-0.0,-0.0,0.0
16.144864,0.0,0.0,0.1599999964237213,2.8306416006856006E-7,1.4611136219814863E-4,1.4611163639052604E-4,0.1599999964237213,0.0,0.0,2.9222334009221463E-4,0.0,0.0,0.0,0.0,0.0,-0.0,-0.0,0.0
16.214373,0.0,0.0,0.1599999964237213,2.8306416006856006E-7,1.4611136219814863E-4,1.4611163639052604E-4,0.17000000178813934,0.0,0.0,2.9222334009221463E-4,0.0,0.0,0.0,0.0,0.0,-0.0,-0.0,0.0
16.269362,0.0,0.0,0.17000000178813934,2.8306416006856006E-7,1.4611136219814863E-4,1.4611163639052604E-4,0.17000000178813934,0.0,0.0,2.9222334009221463E-4,0.0,0.0,0.0,0.0,0.0,-0.0,-0.0,0.0
16.344958,0.0,0.0,0.17000000178813934,2.8306416006856006E-7,1.4611136219814863E-4,1.4611163639052604E-4,0.17000000178813934,0.0,1.6361376132227357E-4,3.506680081106576E-4,0.0,0.0,0.0,0.0,0.0,-0.0,-0.0,0.0
16.426841,4.4495911650574297E-4,0.0,0.17000000178813934,3.6976844417271386E-7,1.7533356757887958E-4,1.7533395748867313E-4,0.1599999964237213,0.0,4.4495911650574297E-4,4.675573441475434E-4,0.0,0.0,0.0,0.0,0.0,-0.0,-0.0,0.0
16.458817,4.4495911650574297E-4,0.0,0.1599999964237213,5.38076771779163E-7,2.3377799317638177E-4,2.3377861240966575E-4,0.1599999964237213,0.0,4.4495911650574297E-4,4.675573441475434E-4,0.0,0.0,0.0,0.0,0.0,-0.0,-0.0,0.0
16.496888,4.4495911650574297E-4,0.0,0.1599999964237213,5.38076771779163E-7,2.3377799317638177E-4,2.3377861240966575E-4,0.1599999964237213,0.0,4.4495911650574297E-4,4.675573441475434E-4,0.0,0.0,0.0,0.0,0.0,-0.0,-0.0,0.0
16.538724,4.4495911650574297E-4,0.0,0.1599999964237213,5.38076771779163E-7,2.3377799317638177E-4,2.3377861240966575E-4,0.1599999964237213,0.0,4.4495911650574297E-4,4.675573441475434E-4,0.0,0.0,0.0,0.0,0.0,-0.0,-0.0,0.0
16.578665,4.4495911650574297E-4,0.0,0.1599999964237213,5.38076771779163E-7,2.3377799317638177E-4,2.3377861240966575E-4,0.1599999964237213,0.0,4.4495911650574297E-4,4.675573441475434E-4,0.0,0.0,0.0,0.0,0.0,-0.0,-0.0,0.0
16.589568,4.4495911650574297E-4,0.0,0.1599999964237213,5.38076771779163E-7,2.3377799317638177E-4,2.3377861240966575E-4,0.1599999964237213,0.0,4.4495911650574297E-4,4.675573441475434E-4,0.0,0.0,0.0,0.0,0.0,-0.0,-0.0,0.0
16.629521,4.4495911650574297E-4,0.0,0.1599999964237213,5.38076771779163E-7,2.3377799317638177E-4,2.3377861240966575E-4,0.17000000178813934,0.0,4.4495911650574297E-4,4.675573441475434E-4,0.0,0.0,0.0,0.0,0.0,-0.0,-0.0,0.0
16.655699,4.4495911650574297E-4,0.0,0.17000000178813934,5.38076771779163E-7,2.3377799317638177E-4,2.3377861240966575E-4,0.17000000178813934,0.0,4.4495911650574297E-4,4.675573441475434E-4,0.0,0.0,0.0,0.0,0.0,-0.0,-0.0,0.0
16.674344,4.4495911650574297E-4,0.0,0.17000000178813934,5.38076771779163E-7,2.3377799317638177E-4,2.3377861240966575E-4,0.1599999964237213,0.0,4.4495911650574297E-4,4.675573441475434E-4,0.0,0.0,0.0,0.0,0.0,-0.0,-0.0,0.0
16.693066,4.4495911650574297E-4,0.0,0.1599999964237213,5.38076771779163E-7,2.3377799317638177E-4,2.3377861240966575E-4,0.1599999964237213,0.0,4.4495911650574297E-4,4.675573441475434E-4,0.0,0.0,0.0,0.0,0.0,-0.0,-0.0,0.0
16.720428,4.4495911650574297E-4,0.0,0.1599999964237213,5.38076771779163E-7,2.3377799317638177E-4,2.3377861240966575E-4,0.1599999964237213,0.0,4.4495911650574297E-4,4.675573441475434E-4,0.0,0.0,0.0,0.0,0.0,-0.0,-0.0,0.0
16.742396,4.4495911650574297E-4,0.0,0.1599999964237213,5.38076771779163E-7,2.3377799317638177E-4,2.3377861240966575E-4,0.1599999964237213,0.0,4.4495911650574297E-4,4.675573441475434E-4,0.0,0.0,0.0,0.0,0.0,-0.0,-0.0,0.0
16.770254,4.4495911650574297E-4,0.0,0.1599999964237213,5.38076771779163E-7,2.3377799317638177E-4,2.3377861240966575E-4,0.1599999964237213,0.0,4.4495911650574297E-4,4.675573441475434E-4,0.0,0.0,0.0,0.0,0.0,-0.0,-0.0,0.0
16.785485,4.4495911650574297E-4,0.0,0.1599999964237213,5.38076771779163E-7,2.3377799317638177E-4,2.3377861240966575E-4,0.1599999964237213,0.0,4.4495911650574297E-4,4.675573441475434E-4,0.0,0.0,0.0,0.0,0.0,-0.0,-0.0,0.0
16.813427,0.0,0.0,0.1599999964237213,5.38076771779163E-7,2.3377799317638177E-4,2.3377861240966575E-4,0.1599999964237213,0.0,0.0,4.675573441475434E-4,0.0,0.0,0.0,0.0,0.0,-0.0,-0.0,0.0
16.902179,0.0,0.0,0.1599999964237213,5.38076771779163E-7,2.3377799317638177E-4,2.3377861240966575E-4,0.17000000178813934,0.0,0.0,4.675573441475434E-4,0.0,0.0,0.0,0.0,0.0,-0.0,-0.0,0.0
16.963052,0.0,0.0,0.17000000178813934,5.38076771779163E-7,2.3377799317638177E-4,2.3377861240966575E-4,0.17000000178813934,0.0,0.0,4.675573441475434E-4,0.0,0.0,0.0,0.0,0.0,-0.0,-0.0,0.0
17.027672,0.0,0.0,0.17000000178813934,5.38076771779163E-7,2.3377799317638177E-4,2.3377861240966575E-4,0.17000000178813934,0.0,0.0,4.675573441475434E-4,0.0,0.0,0.0,0.0,0.0,-0.0,-0.0,0.0
17.087919,0.0,0.0,0.17000000178813934,5.38076771779163E-7,2.3377799317638177E-4,2.3377861240966575E-4,0.17000000178813934,0.0,0.0,4.675573441475434E-4,0.0,0.0,0.0,0.0,0.0,-0.0,-0.0,0.0
17.160861,0.0,0.0,0.17000000178813934,5.38076771779163E-7,2.3377799317638177E-4,2.3377861240966575E-4,0.17000000178813934,0.0,0.0,4.675573441475434E-4,0.0,0.0,0.0,0.0,0.0,-0.0,-0.0,0.0
17.22516,0.0,0.0,0.17000000178813934,5.38076771779163E-7,2.3377799317638177E-4,2.3377861240966575E-4,0.17000000178813934,0.0,0.0,4.675573441475434E-4,0.0,0.0,0.0,0.0,0.0,-0.0,-0.0,0.0
17.288012,0.0,0.0,0.17000000178813934,5.38076771779163E-7,2.3377799317638177E-4,2.3377861240966575E-4,0.17000000178813934,0.0,0.0,4.675573441475434E-4,0.0,0.0,0.0,0.0,0.0,-0.0,-0.0,0.0
17.375745,0.0,0.0,0.17000000178813934,5.38076771779163E-7,2.3377799317638177E-4,2.3377861240966575E-4,0.17000000178813934,0.0,0.0,4.675573441475434E-4,0.0,0.0,0.0,0.0,0.0,-0.0,-0.0,0.0
17.468304,0.0,0.0,0.17000000178813934,5.38076771779163E-7,2.3377799317638177E-4,2.3377861240966575E-4,0.17000000178813934,0.0,0.0,5.260020121659863E-4,0.0,0.0,0.0,0.0,0.0,-0.0,-0.0,0.0
17.518652,0.003096726179310866,0.0,0.17000000178813934,6.247810558833167E-7,2.630001985571127E-4,2.630009406683719E-4,0.1599999964237213,0.0,0.003096726179310866,5.844466801844293E-4,0.0,0.0,0.0,0.0,0.0,-0.0,-0.0,0.0
17.574788,0.003096726179310866,0.0,0.1599999964237213,7.089352196865412E-7,2.922224113558638E-4,2.922232712974471E-4,0.17000000178813934,0.0,0.003096726179310866,5.844466801844293E-4,0.0,0.0,0.0,0.0,0.0,-0.0,-0.0,0.0
17.627751,0.003096726179310866,0.0,0.17000000178813934,7.089352196865412E-7,2.922224113558638E-4,2.922232712974471E-4,0.17000000178813934,0.0,0.003096726179310866,5.844466801844293E-4,0.0,0.0,0.0,0.0,0.0,-0.0,-0.0,0.0
17.68493,0.003096726179310866,0.0,0.17000000178813934,7.089352196865412E-7,2.922224113558638E-4,2.922232712974471E-4,0.17000000178813934,0.0,0.003096726179310866,5.844466801844293E-4,0.0,0.0,0.0,0.0,0.0,-0.0,-0.0,0.0
17.730299,0.003096726179310866,0.0,0.17000000178813934,7.089352196865412E-7,2.922224113558638E-4,2.922232712974471E-4,0.17000000178813934,0.0,0.003096726179310866,5.844466801844293E-4,0.0,0.0,0.0,0.0,0.0,-0.0,-0.0,0.0
17.781954,0.003096726179310866,0.0,0.17000000178813934,7.089352196865412E-7,2.922224113558638E-4,2.922232712974471E-4,0.17000000178813934,0.0,0.003096726179310866,5.844466801844293E-4,0.0,0.0,0.0,0.0,0.0,-0.0,-0.0,0.0
17.849962,0.003096726179310866,0.0,0.17000000178813934,7.089352196865412E-7,2.922224113558638E-4,2.922232712974471E-4,0.17000000178813934,0.0,0.003096726179310866,5.844466801844293E-4,0.0,0.0,0.0,0.0,0.0,-0.0,-0.0,0.0
17.960336,0.0,0.0,0.17000000178813934,7.089352196865412E-7,2.922224113558638E-4,2.922232712974471E-4,0.17000000178813934,0.0,0.0,5.844466801844293E-4,0.0,0.0,0.0,0.0,0.0,-0.0,-0.0,0.0
17.992524,0.0,0.0,0.17000000178813934,7.089352196865412E-7,2.922224113558638E-4,2.922232712974471E-4,0.17000000178813934,0.0,0.0,5.844466801844293E-4,0.0,0.0,0.0,0.0,0.0,-0.0,-0.0,0.0
18.016586,0.0,0.0,0.17000000178813934,7.089352196865412E-7,2.922224113558638E-4,2.922232712974471E-4,0.17000000178813934,0.0,0.0,5.844466801844293E-4,0.0,0.0,0.0,0.0,0.0,-0.0,-0.0,0.0
18.059404,0.0,0.0,0.17000000178813934,7.089352196865412E-7,2.922224113558638E-4,2.922232712974471E-4,0.17000000178813934,0.0,0.0,5.844466801844293E-4,0.0,0.0,0.0,0.0,0.0,-0.0,-0.0,0.0
18.103619,0.0,0.0,0.17000000178813934,7.089352196865412E-7,2.922224113558638E-4,2.922232712974471E-4,0.17000000178813934,0.0,0.0,5.844466801844293E-4,0.0,0.0,0.0,0.0,0.0,-0.0,-0.0,0.0
18.134924,0.0,0.0,0.17000000178813934,7.089352196865412E-7,2.922224113558638E-4,2.922232712974471E-4,0.17000000178813934,0.0,0.0,5.844466801844293E-4,0.0,0.0,0.0,0.0,0.0,-0.0,-0.0,0.0
18.172728,0.0,0.0,0.17000000178813934,7.089352196865412E-7,2.922224113558638E-4,2.922232712974471E-4,0.17000000178813934,0.0,0.0,5.844466801844293E-4,0.0,0.0,0.0,0.0,0.0,-0.0,-0.0,0.0
18.230685,0.0,0.0,0.17000000178813934,7.089352196865412E-7,2.922224113558638E-4,2.922232712974471E-4,0.1599999964237213,0.0,0.0,5.844466801844293E-4,0.0,0.0,0.0,0.0,0.0,-0.0,-0.0,0.0
18.274007,0.0,0.0,0.1599999964237213,7.089352196865412E-7,2.922224113558638E-4,2.922232712974471E-4,0.17000000178813934,0.0,0.0,5.844466801844293E-4,0.0,0.0,0.0,0.0,0.0,-0.0,-0.0,0.0
18.331454,0.0,0.0,0.17000000178813934,7.089352196865412E-7,2.922224113558638E-4,2.922232712974471E-4,0.17000000178813934,0.0,0.0,5.260020121659863E-4,0.0,0.0,0.0,0.0,0.0,-0.0,-0.0,0.0
18.407328,0.0,0.0,0.17000000178813934,6.222309355823875E-7,2.630002059751329E-4,2.630009420407074E-4,0.17000000178813934,0.0,0.0,5.260020121659863E-4,0.0,0.0,0.0,0.0,0.0,-0.0,-0.0,0.0
18.458069,0.0,0.0,0.17000000178813934,6.222309355823875E-7,2.630002059751329E-4,2.630009420407074E-4,0.17000000178813934,0.0,0.0,5.260020121659863E-4,0.0,0.0,0.0,0.0,0.0,-0.0,-0.0,0.0
18.552986,0.0,0.0,0.17000000178813934,6.222309355823875E-7,2.630002059751329E-4,2.630009420407074E-4,0.17000000178813934,0.0,0.0,5.260020121659863E-4,0.0,0.0,0.0,0.0,0.0,-0.0,-0.0,0.0
18.600254,0.0,0.0,0.17000000178813934,6.222309355823875E-7,2.630002059751329E-4,2.630009420407074E-4,0.17000000178813934,0.0,0.0,5.260020121659863E-4,0.0,0.0,0.0,0.0,0.0,-0.0,-0.0,0.0
18.669554,0.0,0.0,0.17000000178813934,6.222309355823875E-7,2.630002059751329E-4,2.630009420407074E-4,0.17000000178813934,0.0,0.0,5.260020121659863E-4,0.0,0.0,0.0,0.0,0.0,-0.0,-0.0,0.0
18.719161,0.0,0.0,0.17000000178813934,6.222309355823875E-7,2.630002059751329E-4,2.630009420407074E-4,0.17000000178813934,0.0,0.0,5.260020121659863E-4,0.0,0.0,0.0,0.0,0.0,-0.0,-0.0,0.0
18.743677,0.0,0.0,0.17000000178813934,6.222309355823875E-7,2.630002059751329E-4,2.630009420407074E-4,0.17000000178813934,0.0,0.0,5.260020121659863E-4,0.0,0.0,0.0,0.0,0.0,-0.0,-0.0,0.0
18.758867,0.0,0.0,0.17000000178813934,6.222309355823875E-7,2.630002059751329E-4,2.630009420407074E-4,0.17000000178813934,0.0,0.0,5.260020121659863E-4,0.0,0.0,0.0,0.0,0.0,-0.0,-0.0,0.0
18.797961,0.0,0.0,0.17000000178813934,6.222309355823875E-7,2.630002059751329E-4,2.630009420407074E-4,0.17000000178813934,0.0,0.0,5.260020121659863E-4,0.0,0.0,0.0,0.0,0.0,-0.0,-0.0,0.0
18.835986,0.0,0.0,0.17000000178813934,6.222309355823875E-7,2.630002059751329E-4,2.630009420407074E-4,0.17000000178813934,0.0,0.0,5.260020121659863E-4,0.0,0.0,0.0,0.0,0.0,-0.0,-0.0,0.0
18.89506,0.0,0.0,0.17000000178813934,6.222309355823875E-7,2.630002059751329E-4,2.630009420407074E-4,0.17000000178813934,0.0,0.0,5.260020121659863E-4,0.0,0.0,0.0,0.0,0.0,-0.0,-0.0,0.0
18.992175,0.0,0.0,0.17000000178813934,6.222309355823875E-7,2.630002059751329E-4,2.630009420407074E-4,0.17000000178813934,0.0,0.0,5.260020121659863E-4,0.0,0.0,0.0,0.0,0.0,-0.0,-0.0,0.0
19.052947,0.0,0.0,0.17000000178813934,6.222309355823875E-7,2.630002059751329E-4,2.630009420407074E-4,0.17000000178813934,0.0,0.0,5.260020121659863E-4,0.0,0.0,0.0,0.0,0.0,-0.0,-0.0,0.0
19.112904,0.0,0.0,0.17000000178813934,6.222309355823875E-7,2.630002059751329E-4,2.630009420407074E-4,0.17000000178813934,0.0,0.0,5.260020121659863E-4,0.0,0.0,0.0,0.0,0.0,-0.0,-0.0,0.0
19.138716,0.0,0.0,0.17000000178813934,6.222309355823875E-7,2.630002059751329E-4,2.630009420407074E-4,0.17000000178813934,0.0,0.0,5.260020121659863E-4,0.0,0.0,0.0,0.0,0.0,-0.0,-0.0,0.0
19.17575,0.0,0.0,0.17000000178813934,6.222309355823875E-7,2.630002059751329E-4,2.630009420407074E-4,0.17000000178813934,0.0,0.0,5.260020121659863E-4,0.0,0.0,0.0,0.0,0.0,-0.0,-0.0,0.0
19.229191,0.0,0.0,0.17000000178813934,6.222309355823875E-7,2.630002059751329E-4,2.630009420407074E-4,0.17000000178813934,0.0,0.0,5.260020121659863E-4,0.0,0.0,0.0,0.0,0.0,-0.0,-0.0,0.0
19.306431,0.0,0.0,0.17000000178813934,6.222309355823875E-7,2.630002059751329E-4,2.630009420407074E-4,0.17000000178813934,0.0,0.0,5.260020121659863E-4,0.0,0.0,0.0,0.0,0.0,-0.0,-0.0,0.0
19.363202,0.0,0.0,0.17000000178813934,6.222309355823875E-7,2.630002059751329E-4,2.630009420407074E-4,0.17000000178813934,0.0,0.0,5.260020121659863E-4,0.0,0.0,0.0,0.0,0.0,-0.0,-0.0,0.0
19.441233,0.0,0.0,0.17000000178813934,6.222309355823875E-7,2.630002059751329E-4,2.630009420407074E-4,0.17000000178813934,0.0,0.0,5.260020121659863E-4,0.0,0.0,0.0,0.0,0.0,-0.0,-0.0,0.0
19.480735,0.0,0.0,0.17000000178813934,6.222309355823875E-7,2.630002059751329E-4,2.630009420407074E-4,0.17000000178813934,0.0,0.0,5.260020121659863E-4,0.0,0.0,0.0,0.0,0.0,-0.0,-0.0,0.0
19.493656,0.0,0.0,0.17000000178813934,6.222309355823875E-7,2.630002059751329E-4,2.630009420407074E-4,0.17000000178813934,0.0,0.0,5.260020121659863E-4,0.0,0.0,0.0,0.0,0.0,-0.0,-0.0,0.0
19.515164,0.0,0.0,0.17000000178813934,6.222309355823875E-7,2.630002059751329E-4,2.630009420407074E-4,0.17000000178813934,0.0,0.0,5.260020121659863E-4,0.0,0.0,0.0,0.0,0.0,-0.0,-0.0,0.0
19.53477,0.0,0.0,0.17000000178813934,6.222309355823875E-7,2.630002059751329E-4,2.630009420407074E-4,0.17000000178813934,0.0,0.0,5.260020121659863E-4,0.0,0.0,0.0,0.0,0.0,-0.0,-0.0,0.0
19.558286,0.0,0.0,0.17000000178813934,6.222309355823875E-7,2.630002059751329E-4,2.630009420407074E-4,0.17000000178813934,0.0,0.0,5.260020121659863E-4,0.0,0.0,0.0,0.0,0.0,-0.0,-0.0,0.0
19.574775,0.0,0.0,0.17000000178813934,6.222309355823875E-7,2.630002059751329E-4,2.630009420407074E-4,0.17000000178813934,0.0,0.0,5.260020121659863E-4,0.0,0.0,0.0,0.0,0.0,-0.0,-0.0,0.0
19.587152,0.0,0.0,0.17000000178813934,6.222309355823875E-7,2.630002059751329E-4,2.630009420407074E-4,0.17000000178813934,0.0,0.0,5.260020121659863E-4,0.0,0.0,0.0,0.0,0.0,-0.0,-0.0,0.0
19.617997,0.0,0.0,0.17000000178813934,6.222309355823875E-7,2.630002059751329E-4,2.630009420407074E-4,0.17000000178813934,0.0,0.0,5.260020121659863E-4,0.0,0.0,0.0,0.0,0.0,-0.0,-0.0,0.0
19.647629,0.0,0.0,0.17000000178813934,6.222309355823875E-7,2.630002059751329E-4,2.630009420407074E-4,0.17000000178813934,0.0,0.0,5.260020121659863E-4,0.0,0.0,0.0,0.0,0.0,-0.0,-0.0,0.0
19.690823,0.0,0.0,0.17000000178813934,6.222309355823875E-7,2.630002059751329E-4,2.630009420407074E-4,0.17000000178813934,0.0,0.0,5.260020121659863E-4,0.0,0.0,0.0,0.0,0.0,-0.0,-0.0,0.0
19.743336,0.0,0.0,0.17000000178813934,6.222309355823875E-7,2.630002059751329E-4,2.630009420407074E-4,0.17000000178813934,0.0,0.0,5.260020121659863E-4,0.0,0.0,0.0,0.0,0.0,-0.0,-0.0,0.0
19.781436,0.0,0.0,0.17000000178813934,6.222309355823875E-7,2.630002059751329E-4,2.630009420407074E-4,0.17000000178813934,0.0,0.0,5.260020121659863E-4,0.0,0.0,0.0,0.0,0.0,-0.0,-0.0,0.0
19.838715,0.0,0.0,0.17000000178813934,6.222309355823875E-7,2.630002059751329E-4,2.630009420407074E-4,0.17000000178813934,0.0,0.0,5.260020121659863E-4,0.0,0.0,0.0,0.0,0.0,-0.0,-0.0,0.0
19.884338,0.0,0.0,0.17000000178813934,6.222309355823875E-7,2.630002059751329E-4,2.630009420407074E-4,0.17000000178813934,0.0,0.0,5.260020121659863E-4,0.0,0.0,0.0,0.0,0.0,-0.0,-0.0,0.0
19.903265,0.0,0.0,0.17000000178813934,6.222309355823875E-7,2.630002059751329E-4,2.630009420407074E-4,0.17000000178813934,0.0,0.0,5.260020121659863E-4,0.0,0.0,0.0,0.0,0.0,-0.0,-0.0,0.0
19.934758,0.0,0.0,0.17000000178813934,6.222309355823875E-7,2.630002059751329E-4,2.630009420407074E-4,0.17000000178813934,0.0,0.0,5.260020121659863E-4,0.0,0.0,0.0,0.0,0.0,-0.0,-0.0,0.0
19.974223,0.0,0.0,0.17000000178813934,6.222309355823875E-7,2.630002059751329E-4,2.630009420407074E-4,0.18000000715255737,0.0,0.0,5.260020121659863E-4,0.0,0.0,0.0,0.0,0.0,-0.0,-0.0,0.0
19.999763,0.0,0.0,0.18000000715255737,6.222309355823875E-7,2.630002059751329E-4,2.630009420407074E-4,0.18000000715255737,0.0,0.0,5.260020121659863E-4,0.0,0.0,0.0,0.0,0.0,-0.0,-0.0,0.0
20.030485,0.0,0.0,0.18000000715255737,6.222309355823875E-7,2.630002059751329E-4,2.630009420407074E-4,0.18000000715255737,0.0,0.0,5.260020121659863E-4,0.0,0.0,0.0,0.0,0.0,-0.0,-0.0,0.0
20.047294,0.0,0.0,0.17000000178813934,6.222309355823875E-7,2.630002059751329E-4,2.630009420407074E-4,0.17000000178813934,0.0,0.0,5.260020121659863E-4,0.0,0.0,0.0,0.0,0.0,-0.0,-0.0,0.0
20.075303,0.0,0.0,0.17000000178813934,6.222309355823875E-7,2.630002059751329E-4,2.630009420407074E-4,0.17000000178813934,0.0,0.0,5.260020121659863E-4,0.0,0.0,0.0,0.0,0.0,-0.0,-0.0,0.0
20.095411,0.0,0.0,0.17000000178813934,6.222309355823875E-7,2.630002059751329E-4,2.630009420407074E-4,0.17000000178813934,0.0,0.0,5.260020121659863E-4,0.0,0.0,0.0,0.0,0.0,-0.0,-0.0,0.0
20.12331,0.0,0.0,0.17000000178813934,6.222309355823875E-7,2.630002059751329E-4,2.630009420407074E-4,0.17000000178813934,0.0,0.0,5.260020121659863E-4,0.0,0.0,0.0,0.0,0.0,-0.0,-0.0,0.0
20.155738,0.0,0.0,0.17000000178813934,6.222309355823875E-7,2.630002059751329E-4,2.630009420407074E-4,0.17000000178813934,0.0,0.0,5.260020121659863E-4,0.0,0.0,0.0,0.0,0.0,-0.0,-0.0,0.0
20.169469,0.0,0.0,0.17000000178813934,6.222309355823875E-7,2.630002059751329E-4,2.630009420407074E-4,0.17000000178813934,0.0,0.0,5.260020121659863E-4,0.0,0.0,0.0,0.0,0.0,-0.0,-0.0,0.0
20.195482,0.0,0.0,0.18000000715255737,6.222309355823875E-7,2.630002059751329E-4,2.630009420407074E-4,0.18000000715255737,0.0,0.0,5.260020121659863E-4,0.0,0.0,0.0,0.0,0.0,-0.0,-0.0,0.0
20.209264,0.0,0.0,0.18000000715255737,6.222309355823875E-7,2.630002059751329E-4,2.630009420407074E-4,0.18000000715255737,0.0,0.0,5.260020121659863E-4,0.0,0.0,0.0,0.0,0.0,-0.0,-0.0,0.0
20.233868,0.0,0.0,0.18000000715255737,6.222309355823875E-7,2.630002059751329E-4,2.630009420407074E-4,0.18000000715255737,0.0,0.0,5.260020121659863E-4,0.0,0.0,0.0,0.0,0.0,-0.0,-0.0,0.0
20.253826,0.0,0.0,0.18000000715255737,6.222309355823875E-7,2.630002059751329E-4,2.630009420407074E-4,0.17000000178813934,0.0,0.0,5.260020121659863E-4,0.0,0.0,0.0,0.0,0.0,-0.0,-0.0,0.0
20.304558,0.0,0.0,0.17000000178813934,6.222309355823875E-7,2.630002059751329E-4,2.630009420407074E-4,0.17000000178813934,0.0,0.0,5.260020121659863E-4,0.0,0.0,0.0,0.0,0.0,-0.0,-0.0,0.0
20.354906,0.0,0.0,0.17000000178813934,6.222309355823875E-7,2.630002059751329E-4,2.630009420407074E-4,0.17000000178813934,0.0,0.0,5.260020121659863E-4,0.0,0.0,0.0,0.0,0.0,-0.0,-0.0,0.0
20.400818,0.0,0.0,0.17000000178813934,6.222309355823875E-7,2.630002059751329E-4,2.630009420407074E-4,0.17000000178813934,0.0,0.0,5.260020121659863E-4,0.0,0.0,0.0,0.0,0.0,-0.0,-0.0,0.0
20.471132,0.0,0.0,0.17000000178813934,6.222309355823875E-7,2.630002059751329E-4,2.630009420407074E-4,0.17000000178813934,0.0,0.0,5.260020121659863E-4,0.0,0.0,0.0,0.0,0.0,-0.0,-0.0,0.0
20.516091,0.0,0.0,0.17000000178813934,6.222309355823875E-7,2.630002059751329E-4,2.630009420407074E-4,0.17000000178813934,0.0,0.0,5.260020121659863E-4,0.0,0.0,0.0,0.0,0.0,-0.0,-0.0,0.0
20.549512,0.0,0.0,0.17000000178813934,6.222309355823875E-7,2.630002059751329E-4,2.630009420407074E-4,0.17000000178813934,0.0,0.0,5.260020121659863E-4,0.0,0.0,0.0,0.0,0.0,-0.0,-0.0,0.0
20.578183,0.0,0.0,0.17000000178813934,6.222309355823875E-7,2.630002059751329E-4,2.630009420407074E-4,0.17000000178813934,0.0,0.0,5.260020121659863E-4,0.0,0.0,0.0,0.0,0.0,-0.0,-0.0,0.0
20.599486,0.0,0.0,0.17000000178813934,6.222309355823875E-7,2.630002059751329E-4,2.630009420407074E-4,0.17000000178813934,0.0,0.0,5.260020121659863E-4,0.0,0.0,0.0,0.0,0.0,-0.0,-0.0,0.0
20.612272,0.0,0.0,0.17000000178813934,6.222309355823875E-7,2.630002059751329E-4,2.630009420407074E-4,0.17000000178813934,0.0,0.0,5.260020121659863E-4,0.0,0.0,0.0,0.0,0.0,-0.0,-0.0,0.0
20.626875,0.0,0.0,0.17000000178813934,6.222309355823875E-7,2.630002059751329E-4,2.630009420407074E-4,0.17000000178813934,0.0,0.0,5.260020121659863E-4,0.0,0.0,0.0,0.0,0.0,-0.0,-0.0,0.0
20.639863,0.0,0.0,0.17000000178813934,6.222309355823875E-7,2.630002059751329E-4,2.630009420407074E-4,0.17000000178813934,0.0,0.0,5.260020121659863E-4,0.0,0.0,0.0,0.0,0.0,-0.0,-0.0,0.0
20.653706,0.0,0.0,0.17000000178813934,6.222309355823875E-7,2.630002059751329E-4,2.630009420407074E-4,0.17000000178813934,0.0,0.0,5.260020121659863E-4,0.0,0.0,0.0,0.0,0.0,-0.0,-0.0,0.0
20.666134,0.0,0.0,0.17000000178813934,6.222309355823875E-7,2.630002059751329E-4,2.630009420407074E-4,0.17000000178813934,0.0,0.0,5.260020121659863E-4,0.0,0.0,0.0,0.0,0.0,-0.0,-0.0,0.0
20.680564,0.0,0.0,0.17000000178813934,6.222309355823875E-7,2.630002059751329E-4,2.630009420407074E-4,0.17000000178813934,0.0,0.0,5.260020121659863E-4,0.0,0.0,0.0,0.0,0.0,-0.0,-0.0,0.0
20.694167,0.0,0.0,0.17000000178813934,6.222309355823875E-7,2.630002059751329E-4,2.630009420407074E-4,0.17000000178813934,0.0,0.0,5.260020121659863E-4,0.0,0.0,0.0,0.0,0.0,-0.0,-0.0,0.0
20.70721,0.0,0.0,0.17000000178813934,6.222309355823875E-7,2.630002059751329E-4,2.630009420407074E-4,0.17000000178813934,0.0,0.0,5.260020121659863E-4,0.0,0.0,0.0,0.0,0.0,-0.0,-0.0,0.0
20.722294,0.0,0.0,0.17000000178813934,6.222309355823875E-7,2.630002059751329E-4,2.630009420407074E-4,0.17000000178813934,0.0,0.0,5.260020121659863E-4,0.0,0.0,0.0,0.0,0.0,-0.0,-0.0,0.0
20.737655,0.0,0.0,0.17000000178813934,6.222309355823875E-7,2.630002059751329E-4,2.630009420407074E-4,0.17000000178813934,0.0,0.0,5.260020121659863E-4,0.0,0.0,0.0,0.0,0.0,-0.0,-0.0,0.0
20.751151,0.0,0.0,0.17000000178813934,6.222309355823875E-7,2.630002059751329E-4,2.630009420407074E-4,0.17000000178813934,0.0,0.0,5.260020121659863E-4,0.0,0.0,0.0,0.0,0.0,-0.0,-0.0,0.0
20.765021,0.0,0.0,0.17000000178813934,6.222309355823875E-7,2.630002059751329E-4,2.630009420407074E-4,0.17000000178813934,0.0,0.0,5.260020121659863E-4,0.0,0.0,0.0,0.0,0.0,-0.0,-0.0,0.0
20.778567,0.0,0.0,0.17000000178813934,6.222309355823875E-7,2.630002059751329E-4,2.630009420407074E-4,0.17000000178813934,0.0,0.0,5.260020121659863E-4,0.0,0.0,0.0,0.0,0.0,-0.0,-0.0,0.0
20.792399,0.0,0.0,0.17000000178813934,6.222309355823875E-7,2.630002059751329E-4,2.630009420407074E-4,0.18000000715255737,0.0,0.0,5.260020121659863E-4,0.0,0.0,0.0,0.0,0.0,-0.0,-0.0,0.0
20.805845,0.0,0.0,0.18000000715255737,6.222309355823875E-7,2.630002059751329E-4,2.630009420407074E-4,0.18000000715255737,0.0,0.0,5.260020121659863E-4,0.0,0.0,0.0,0.0,0.0,-0.0,-0.0,0.0
20.81917,0.0,0.0,0.18000000715255737,6.222309355823875E-7,2.630002059751329E-4,2.630009420407074E-4,0.18000000715255737,0.0,0.0,5.260020121659863E-4,0.0,0.0,0.0,0.0,0.0,-0.0,-0.0,0.0
20.843071,0.0,0.0,0.18000000715255737,6.222309355823875E-7,2.630002059751329E-4,2.630009420407074E-4,0.18000000715255737,0.0,0.0,5.260020121659863E-4,0.0,0.0,0.0,0.0,0.0,-0.0,-0.0,0.0
20.870227,0.0,0.0,0.18000000715255737,6.222309355823875E-7,2.630002059751329E-4,2.630009420407074E-4,0.18000000715255737,0.0,0.0,5.260020121659863E-4,0.0,0.0,0.0,0.0,0.0,-0.0,-0.0,0.0
20.898929,0.0,0.0,0.18000000715255737,6.222309355823875E-7,2.630002059751329E-4,2.630009420407074E-4,0.18000000715255737,0.0,0.0,5.260020121659863E-4,0.0,0.0,0.0,0.0,0.0,-0.0,-0.0,0.0
20.925092,0.0,0.0,0.18000000715255737,6.222309355823875E-7,2.630002059751329E-4,2.630009420407074E-4,0.18000000715255737,0.0,0.0,5.260020121659863E-4,0.0,0.0,0.0,0.0,0.0,-0.0,-0.0,0.0
20.953065,0.0,0.0,0.18000000715255737,6.222309355823875E-7,2.630002059751329E-4,2.630009420407074E-4,0.18000000715255737,0.0,0.0,5.260020121659863E-4,0.0,0.0,0.0,0.0,0.0,-0.0,-0.0,0.0
21.012475,0.0,0.0,0.18000000715255737,6.222309355823875E-7,2.630002059751329E-4,2.630009420407074E-4,0.18000000715255737,0.0,0.0,5.260020121659863E-4,0.0,0.0,0.0,0.0,0.0,-0.0,-0.0,0.0
21.042019,0.0,0.0,0.18000000715255737,6.222309355823875E-7,2.630002059751329E-4,2.630009420407074E-4,0.18000000715255737,0.0,0.0,5.260020121659863E-4,0.0,0.0,0.0,0.0,0.0,-0.0,-0.0,0.0
21.072847,0.0,0.0,0.18000000715255737,6.222309355823875E-7,2.630002059751329E-4,2.630009420407074E-4,0.18000000715255737,0.0,0.0,5.260020121659863E-4,0.0,0.0,0.0,0.0,0.0,-0.0,-0.0,0.0
21.105613,0.0,0.0,0.18000000715255737,6.222309355823875E-7,2.630002059751329E-4,2.630009420407074E-4,0.18000000715255737,0.0,0.0,5.260020121659863E-4,0.0,0.0,0.0,0.0,0.0,-0.0,-0.0,0.0
21.137869,0.0,0.0,0.18000000715255737,6.222309355823875E-7,2.630002059751329E-4,2.630009420407074E-4,0.18000000715255737,0.0,0.0,5.260020121659863E-4,0.0,0.0,0.0,0.0,0.0,-0.0,-0.0,0.0
21.164385,0.0,0.0,0.18000000715255737,6.222309355823875E-7,2.630002059751329E-4,2.630009420407074E-4,0.18000000715255737,0.0,0.0,5.260020121659863E-4,0.0,0.0,0.0,0.0,0.0,-0.0,-0.0,0.0
21.190503,0.0,0.0,0.18000000715255737,6.222309355823875E-7,2.630002059751329E-4,2.630009420407074E-4,0.18000000715255737,0.0,0.0,5.260020121659863E-4,0.0,0.0,0.0,0.0,0.0,-0.0,-0.0,0.0
21.21785,0.0,0.0,0.18000000715255737,6.222309355823875E-7,2.630002059751329E-4,2.630009420407074E-4,0.18000000715255737,0.0,0.0,5.260020121659863E-4,0.0,0.0,0.0,0.0,0.0,-0.0,-0.0,0.0
21.244191,0.0,0.0,0.18000000715255737,6.222309355823875E-7,2.630002059751329E-4,2.630009420407074E-4,0.18000000715255737,0.0,0.0,5.260020121659863E-4,0.0,0.0,0.0,0.0,0.0,-0.0,-0.0,0.0
21.27082,0.0,0.0,0.18000000715255737,6.222309355823875E-7,2.630002059751329E-4,2.630009420407074E-4,0.18000000715255737,0.0,0.0,5.260020121659863E-4,0.0,0.0,0.0,0.0,0.0,-0.0,-0.0,0.0
21.283706,0.0,0.0,0.18000000715255737,6.222309355823875E-7,2.630002059751329E-4,2.630009420407074E-4,0.18000000715255737,0.0,0.0,5.260020121659863E-4,0.0,0.0,0.0,0.0,0.0,-0.0,-0.0,0.0
21.294806,0.0,0.0,0.18000000715255737,6.222309355823875E-7,2.630002059751329E-4,2.630009420407074E-4,0.18000000715255737,0.0,0.0,5.260020121659863E-4,0.0,0.0,0.0,0.0,0.0,-0.0,-0.0,0.0
21.307689,0.0,0.0,0.18000000715255737,6.222309355823875E-7,2.630002059751329E-4,2.630009420407074E-4,0.17000000178813934,0.0,0.0,5.260020121659863E-4,0.0,0.0,0.0,0.0,0.0,-0.0,-0.0,0.0
21.329877,0.0,0.0,0.17000000178813934,6.222309355823875E-7,2.630002059751329E-4,2.630009420407074E-4,0.18000000715255737,0.0,0.0,5.260020121659863E-4,0.0,0.0,0.0,0.0,0.0,-0.0,-0.0,0.0
21.354396,0.0,0.0,0.18000000715255737,6.222309355823875E-7,2.630002059751329E-4,2.630009420407074E-4,0.18000000715255737,0.0,0.0,5.260020121659863E-4,0.0,0.0,0.0,0.0,0.0,-0.0,-0.0,0.0
21.380693,0.0,0.0,0.18000000715255737,6.222309355823875E-7,2.630002059751329E-4,2.630009420407074E-4,0.18000000715255737,0.0,0.0,5.260020121659863E-4,0.0,0.0,0.0,0.0,0.0,-0.0,-0.0,0.0
21.406936,0.0,0.0,0.18000000715255737,6.222309355823875E-7,2.630002059751329E-4,2.630009420407074E-4,0.18000000715255737,0.0,0.0,5.260020121659863E-4,0.0,0.0,0.0,0.0,0.0,-0.0,-0.0,0.0
21.460394,0.0,0.0,0.18000000715255737,6.222309355823875E-7,2.630002059751329E-4,2.630009420407074E-4,0.18000000715255737,0.0,0.0,5.260020121659863E-4,0.0,0.0,0.0,0.0,0.0,-0.0,-0.0,0.0
21.487503,0.0,0.0,0.18000000715255737,6.222309355823875E-7,2.630002059751329E-4,2.630009420407074E-4,0.18000000715255737,0.0,0.0,5.260020121659863E-4,0.0,0.0,0.0,0.0,0.0,-0.0,-0.0,0.0
21.512899,0.0,0.0,0.18000000715255737,6.222309355823875E-7,2.630002059751329E-4,2.630009420407074E-4,0.18000000715255737,0.0,0.0,5.260020121659863E-4,0.0,0.0,0.0,0.0,0.0,-0.0,-0.0,0.0
21.538179,0.0,0.0,0.18000000715255737,6.222309355823875E-7,2.630002059751329E-4,2.630009420407074E-4,0.18000000715255737,0.0,0.0,5.260020121659863E-4,0.0,0.0,0.0,0.0,0.0,-0.0,-0.0,0.0
21.563944,0.0,0.0,0.18000000715255737,6.222309355823875E-7,2.630002059751329E-4,2.630009420407074E-4,0.18000000715255737,0.0,0.0,5.260020121659863E-4,0.0,0.0,0.0,0.0,0.0,-0.0,-0.0,0.0
21.589416,0.0,0.0,0.18000000715255737,6.222309355823875E-7,2.630002059751329E-4,2.630009420407074E-4,0.18000000715255737,0.0,0.0,5.260020121659863E-4,0.0,0.0,0.0,0.0,0.0,-0.0,-0.0,0.0
21.616891,0.0,0.0,0.18000000715255737,6.222309355823875E-7,2.630002059751329E-4,2.630009420407074E-4,0.18000000715255737,0.0,0.0,5.260020121659863E-4,0.0,0.0,0.0,0.0,0.0,-0.0,-0.0,0.0
21.643323,0.0,0.0,0.18000000715255737,6.222309355823875E-7,2.630002059751329E-4,2.630009420407074E-4,0.18000000715255737,0.0,0.0,5.260020121659863E-4,0.0,0.0,0.0,0.0,0.0,-0.0,-0.0,0.0
21.668696,0.0,0.0,0.18000000715255737,6.222309355823875E-7,2.630002059751329E-4,2.630009420407074E-4,0.18000000715255737,0.0,0.0,5.260020121659863E-4,0.0,0.0,0.0,0.0,0.0,-0.0,-0.0,0.0
21.692165,0.0,0.0,0.18000000715255737,6.222309355823875E-7,2.630002059751329E-4,2.630009420407074E-4,0.18000000715255737,0.0,0.0,5.260020121659863E-4,0.0,0.0,0.0,0.0,0.0,-0.0,-0.0,0.0
21.719807,0.0,0.0,0.18000000715255737,6.222309355823875E-7,2.630002059751329E-4,2.630009420407074E-4,0.18000000715255737,0.0,0.0,5.260020121659863E-4,0.0,0.0,0.0,0.0,0.0,-0.0,-0.0,0.0
21.747083,0.0,0.0,0.18000000715255737,6.222309355823875E-7,2.630002059751329E-4,2.630009420407074E-4,0.18000000715255737,0.0,0.0,5.260020121659863E-4,0.0,0.0,0.0,0.0,0.0,-0.0,-0.0,0.0
21.770071,0.0,0.0,0.18000000715255737,6.222309355823875E-7,2.630002059751329E-4,2.630009420407074E-4,0.18000000715255737,0.0,0.0,5.260020121659863E-4,0.0,0.0,0.0,0.0,0.0,-0.0,-0.0,0.0
21.799876,0.0,0.0,0.18000000715255737,6.222309355823875E-7,2.630002059751329E-4,2.630009420407074E-4,0.18000000715255737,0.0,0.0,5.260020121659863E-4,0.0,0.0,0.0,0.0,0.0,-0.0,-0.0,0.0
21.823914,0.0,0.0,0.18000000715255737,6.222309355823875E-7,2.630002059751329E-4,2.630009420407074E-4,0.18000000715255737,0.0,0.0,5.260020121659863E-4,0.0,0.0,0.0,0.0,0.0,-0.0,-0.0,0.0
21.851894,0.0,0.0,0.18000000715255737,6.222309355823875E-7,2.630002059751329E-4,2.630009420407074E-4,0.18000000715255737,0.0,0.0,5.260020121659863E-4,0.0,0.0,0.0,0.0,0.0,-0.0,-0.0,0.0
21.876417,0.0,0.0,0.18000000715255737,6.222309355823875E-7,2.630002059751329E-4,2.630009420407074E-4,0.18000000715255737,0.0,0.0,5.260020121659863E-4,0.0,0.0,0.0,0.0,0.0,-0.0,-0.0,0.0
21.900958,0.0,0.0,0.18000000715255737,6.222309355823875E-7,2.630002059751329E-4,2.630009420407074E-4,0.18000000715255737,0.0,0.0,5.260020121659863E-4,0.0,0.0,0.0,0.0,0.0,-0.0,-0.0,0.0
21.927385,0.0,0.0,0.18000000715255737,6.222309355823875E-7,2.630002059751329E-4,2.630009420407074E-4,0.18000000715255737,0.0,0.0,5.260020121659863E-4,0.0,0.0,0.0,0.0,0.0,-0.0,-0.0,0.0
21.952742,0.0,0.0,0.18000000715255737,6.222309355823875E-7,2.630002059751329E-4,2.630009420407074E-4,0.18000000715255737,0.0,0.0,5.260020121659863E-4,0.0,0.0,0.0,0.0,0.0,-0.0,-0.0,0.0
21.98155,0.0,0.0,0.18000000715255737,6.222309355823875E-7,2.630002059751329E-4,2.630009420407074E-4,0.18000000715255737,0.0,0.0,5.260020121659863E-4,0.0,0.0,0.0,0.0,0.0,-0.0,-0.0,0.0
22.044206,0.0,0.0,0.18000000715255737,6.222309355823875E-7,2.630002059751329E-4,2.630009420407074E-4,0.18000000715255737,0.0,0.0,5.260020121659863E-4,0.0,0.0,0.0,0.0,0.0,-0.0,-0.0,0.0
22.069941,0.0,0.0,0.18000000715255737,6.222309355823875E-7,2.630002059751329E-4,2.630009420407074E-4,0.18000000715255737,0.0,0.0,5.260020121659863E-4,0.0,0.0,0.0,0.0,0.0,-0.0,-0.0,0.0
22.097834,0.0,0.0,0.18000000715255737,6.222309355823875E-7,2.630002059751329E-4,2.630009420407074E-4,0.18000000715255737,0.0,0.0,5.260020121659863E-4,0.0,0.0,0.0,0.0,0.0,-0.0,-0.0,0.0
22.120705,0.0,0.0,0.18000000715255737,6.222309355823875E-7,2.630002059751329E-4,2.630009420407074E-4,0.18000000715255737,0.0,0.0,5.260020121659863E-4,0.0,0.0,0.0,0.0,0.0,-0.0,-0.0,0.0
22.138272,0.0,0.0,0.18000000715255737,6.222309355823875E-7,2.630002059751329E-4,2.630009420407074E-4,0.18000000715255737,0.0,0.0,5.260020121659863E-4,0.0,0.0,0.0,0.0,0.0,-0.0,-0.0,0.0
22.150156,0.0,0.0,0.18000000715255737,6.222309355823875E-7,2.630002059751329E-4,2.630009420407074E-4,0.18000000715255737,0.0,0.0,5.260020121659863E-4,0.0,0.0,0.0,0.0,0.0,-0.0,-0.0,0.0
22.162378,0.0,0.0,0.18000000715255737,6.222309355823875E-7,2.630002059751329E-4,2.630009420407074E-4,0.18000000715255737,0.0,0.0,5.260020121659863E-4,0.0,0.0,0.0,0.0,0.0,-0.0,-0.0,0.0
22.173637,0.0,0.0,0.18000000715255737,6.222309355823875E-7,2.630002059751329E-4,2.630009420407074E-4,0.18000000715255737,0.0,0.0,5.260020121659863E-4,0.0,0.0,0.0,0.0,0.0,-0.0,-0.0,0.0
22.185356,0.0,0.0,0.18000000715255737,6.222309355823875E-7,2.630002059751329E-4,2.630009420407074E-4,0.18000000715255737,0.0,0.0,5.260020121659863E-4,0.0,0.0,0.0,0.0,0.0,-0.0,-0.0,0.0
22.197545,0.0,0.0,0.18000000715255737,6.222309355823875E-7,2.630002059751329E-4,2.630009420407074E-4,0.18000000715255737,0.0,0.0,5.260020121659863E-4,0.0,0.0,0.0,0.0,0.0,-0.0,-0.0,0.0
22.21395,0.0,0.0,0.18000000715255737,6.222309355823875E-7,2.630002059751329E-4,2.630009420407074E-4,0.18000000715255737,0.0,0.0,5.260020121659863E-4,0.0,0.0,0.0,0.0,0.0,-0.0,-0.0,0.0
22.240203,0.0,0.0,0.18000000715255737,6.222309355823875E-7,2.630002059751329E-4,2.630009420407074E-4,0.18000000715255737,0.0,0.0,5.260020121659863E-4,0.0,0.0,0.0,0.0,0.0,-0.0,-0.0,0.0
22.263554,0.0,0.0,0.18000000715255737,6.222309355823875E-7,2.630002059751329E-4,2.630009420407074E-4,0.18000000715255737,0.0,0.0,5.260020121659863E-4,0.0,0.0,0.0,0.0,0.0,-0.0,-0.0,0.0
22.287949,0.0,0.0,0.18000000715255737,6.222309355823875E-7,2.630002059751329E-4,2.630009420407074E-4,0.18000000715255737,0.0,0.0,5.260020121659863E-4,0.0,0.0,0.0,0.0,0.0,-0.0,-0.0,0.0
22.314939,0.0,0.0,0.18000000715255737,6.222309355823875E-7,2.630002059751329E-4,2.630009420407074E-4,0.18000000715255737,0.0,0.0,5.260020121659863E-4,0.0,0.0,0.0,0.0,0.0,-0.0,-0.0,0.0
22.337337,0.0,0.0,0.18000000715255737,6.222309355823875E-7,2.630002059751329E-4,2.630009420407074E-4,0.18000000715255737,0.0,0.0,5.260020121659863E-4,0.0,0.0,0.0,0.0,0.0,-0.0,-0.0,0.0
22.360896,0.0,0.0,0.18000000715255737,6.222309355823875E-7,2.630002059751329E-4,2.630009420407074E-4,0.18000000715255737,0.0,0.0,5.260020121659863E-4,0.0,0.0,0.0,0.0,0.0,-0.0,-0.0,0.0
22.383056,0.0,0.0,0.18000000715255737,6.222309355823875E-7,2.630002059751329E-4,2.630009420407074E-4,0.18000000715255737,0.0,0.0,5.260020121659863E-4,0.0,0.0,0.0,0.0,0.0,-0.0,-0.0,0.0
22.409882,0.0,0.0,0.18000000715255737,6.222309355823875E-7,2.630002059751329E-4,2.630009420407074E-4,0.18000000715255737,0.0,0.0,5.260020121659863E-4,0.0,0.0,0.0,0.0,0.0,-0.0,-0.0,0.0
22.436485,0.0,0.0,0.18000000715255737,6.222309355823875E-7,2.630002059751329E-4,2.630009420407074E-4,0.18000000715255737,0.0,0.0,5.260020121659863E-4,0.0,0.0,0.0,0.0,0.0,-0.0,-0.0,0.0
22.45841,0.0,0.0,0.18000000715255737,6.222309355823875E-7,2.630002059751329E-4,2.630009420407074E-4,0.18000000715255737,0.0,0.0,5.260020121659863E-4,0.0,0.0,0.0,0.0,0.0,-0.0,-0.0,0.0
22.479706,0.0,0.0,0.18000000715255737,6.222309355823875E-7,2.630002059751329E-4,2.630009420407074E-4,0.18000000715255737,0.0,0.0,5.260020121659863E-4,0.0,0.0,0.0,0.0,0.0,-0.0,-0.0,0.0
22.502995,0.0,0.0,0.18000000715255737,6.222309355823875E-7,2.630002059751329E-4,2.630009420407074E-4,0.1899999976158142,0.0,0.0,5.260020121659863E-4,0.0,0.0,0.0,0.0,0.0,-0.0,-0.0,0.0
22.52389,0.0,0.0,0.18999999761581424,6.222309355823875E-7,2.630002059751329E-4,2.630009420407074E-4,0.1899999976158142,0.0,0.0,5.260020121659863E-4,0.0,0.0,0.0,0.0,0.0,-0.0,-0.0,0.0
22.548423,0.0,0.0,0.18999999761581424,6.222309355823875E-7,2.630002059751329E-4,2.630009420407074E-4,0.18000000715255737,0.0,0.0,5.260020121659863E-4,0.0,0.0,0.0,0.0,0.0,-0.0,-0.0,0.0
22.573071,0.0,0.0,0.18000000715255737,6.222309355823875E-7,2.630002059751329E-4,2.630009420407074E-4,0.18000000715255737,0.0,0.0,5.260020121659863E-4,0.0,0.0,0.0,0.0,0.0,-0.0,-0.0,0.0
22.597476,0.0,0.0,0.18999999761581424,6.222309355823875E-7,2.630002059751329E-4,2.630009420407074E-4,0.1899999976158142,0.0,0.0,5.260020121659863E-4,0.0,0.0,0.0,0.0,0.0,-0.0,-0.0,0.0
22.620246,0.0,0.0,0.18999999761581424,6.222309355823875E-7,2.630002059751329E-4,2.630009420407074E-4,0.1899999976158142,0.0,0.0,5.260020121659863E-4,0.0,0.0,0.0,0.0,0.0,-0.0,-0.0,0.0
22.646718,0.0,0.0,0.18999999761581424,6.222309355823875E-7,2.630002059751329E-4,2.630009420407074E-4,0.1899999976158142,0.0,0.0,5.260020121659863E-4,0.0,0.0,0.0,0.0,0.0,-0.0,-0.0,0.0
22.671969,0.0,0.0,0.18999999761581424,6.222309355823875E-7,2.630002059751329E-4,2.630009420407074E-4,0.1899999976158142,0.0,0.0,5.260020121659863E-4,0.0,0.0,0.0,0.0,0.0,-0.0,-0.0,0.0
22.692093,0.0,0.0,0.18999999761581424,6.222309355823875E-7,2.630002059751329E-4,2.630009420407074E-4,0.1899999976158142,0.0,0.0,5.260020121659863E-4,0.0,0.0,0.0,0.0,0.0,-0.0,-0.0,0.0
22.712749,0.0,0.0,0.18999999761581424,6.222309355823875E-7,2.630002059751329E-4,2.630009420407074E-4,0.1899999976158142,0.0,0.0,5.260020121659863E-4,0.0,0.0,0.0,0.0,0.0,-0.0,-0.0,0.0
22.734809,0.0,0.0,0.18999999761581424,6.222309355823875E-7,2.630002059751329E-4,2.630009420407074E-4,0.1899999976158142,0.0,0.0,5.260020121659863E-4,0.0,0.0,0.0,0.0,0.0,-0.0,-0.0,0.0
22.755575,0.0,0.0,0.18999999761581424,6.222309355823875E-7,2.630002059751329E-4,2.630009420407074E-4,0.1899999976158142,0.0,0.0,5.260020121659863E-4,0.0,0.0,0.0,0.0,0.0,-0.0,-0.0,0.0
22.79306,0.0,0.0,0.18999999761581424,6.222309355823875E-7,2.630002059751329E-4,2.630009420407074E-4,0.1899999976158142,0.0,0.0,5.260020121659863E-4,0.0,0.0,0.0,0.0,0.0,-0.0,-0.0,0.0
22.837359,0.0,0.0,0.18999999761581424,6.222309355823875E-7,2.630002059751329E-4,2.630009420407074E-4,0.1899999976158142,0.0,0.0,5.260020121659863E-4,0.0,0.0,0.0,0.0,0.0,-0.0,-0.0,0.0
22.881336,0.0,0.0,0.18999999761581424,6.222309355823875E-7,2.630002059751329E-4,2.630009420407074E-4,0.1899999976158142,0.0,0.0,5.260020121659863E-4,0.0,0.0,0.0,0.0,0.0,-0.0,-0.0,0.0
22.927777,0.0,0.0,0.18999999761581424,6.222309355823875E-7,2.630002059751329E-4,2.630009420407074E-4,0.1899999976158142,0.0,0.0,5.260020121659863E-4,0.0,0.0,0.0,0.0,0.0,-0.0,-0.0,0.0
22.966391,0.0,0.0,0.18999999761581424,6.222309355823875E-7,2.630002059751329E-4,2.630009420407074E-4,0.1899999976158142,0.0,0.0,5.260020121659863E-4,0.0,0.0,0.0,0.0,0.0,-0.0,-0.0,0.0
23.041059,0.0,0.0,0.18999999761581424,6.222309355823875E-7,2.630002059751329E-4,2.630009420407074E-4,0.1899999976158142,0.0,0.0,5.260020121659863E-4,0.0,0.0,0.0,0.0,0.0,-0.0,-0.0,0.0
23.059656,0.0,0.0,0.18999999761581424,6.222309355823875E-7,2.630002059751329E-4,2.630009420407074E-4,0.1899999976158142,0.0,0.0,5.260020121659863E-4,0.0,0.0,0.0,0.0,0.0,-0.0,-0.0,0.0
23.082076,0.0,0.0,0.18999999761581424,6.222309355823875E-7,2.630002059751329E-4,2.630009420407074E-4,0.20000000298023224,0.0,0.0,5.260020121659863E-4,0.0,0.0,0.0,0.0,0.0,-0.0,-0.0,0.0
23.103675,0.0,0.0,0.20000000298023227,6.222309355823875E-7,2.630002059751329E-4,2.630009420407074E-4,0.1899999976158142,0.0,0.0,5.260020121659863E-4,0.0,0.0,0.0,0.0,0.0,-0.0,-0.0,0.0
23.121449,0.0,0.0,0.18999999761581424,6.222309355823875E-7,2.630002059751329E-4,2.630009420407074E-4,0.1899999976158142,0.0,0.0,5.260020121659863E-4,0.0,0.0,0.0,0.0,0.0,-0.0,-0.0,0.0
23.141621,0.0,0.0,0.18999999761581424,6.222309355823875E-7,2.630002059751329E-4,2.630009420407074E-4,0.1899999976158142,0.0,0.0,5.260020121659863E-4,0.0,0.0,0.0,0.0,0.0,-0.0,-0.0,0.0
23.168269,0.0,0.0,0.18999999761581424,6.222309355823875E-7,2.630002059751329E-4,2.630009420407074E-4,0.1899999976158142,0.0,0.0,5.260020121659863E-4,0.0,0.0,0.0,0.0,0.0,-0.0,-0.0,0.0
23.18814,0.0,0.0,0.18999999761581424,6.222309355823875E-7,2.630002059751329E-4,2.630009420407074E-4,0.1899999976158142,0.0,0.0,5.260020121659863E-4,0.0,0.0,0.0,0.0,0.0,-0.0,-0.0,0.0
23.203012,0.0,0.0,0.18999999761581424,6.222309355823875E-7,2.630002059751329E-4,2.630009420407074E-4,0.1899999976158142,0.0,0.0,5.260020121659863E-4,0.0,0.0,0.0,0.0,0.0,-0.0,-0.0,0.0
23.233177,0.0,0.0,0.18999999761581424,6.222309355823875E-7,2.630002059751329E-4,2.630009420407074E-4,0.1899999976158142,0.0,0.0,5.260020121659863E-4,0.0,0.0,0.0,0.0,0.0,-0.0,-0.0,0.0
23.255399,0.0,0.0,0.18999999761581424,6.222309355823875E-7,2.630002059751329E-4,2.630009420407074E-4,0.1899999976158142,0.0,0.0,5.260020121659863E-4,0.0,0.0,0.0,0.0,0.0,-0.0,-0.0,0.0
23.293116,0.0,0.0,0.18999999761581424,6.222309355823875E-7,2.630002059751329E-4,2.630009420407074E-4,0.1899999976158142,0.0,0.0,5.260020121659863E-4,0.0,0.0,0.0,0.0,0.0,-0.0,-0.0,0.0
23.316146,0.0,0.0,0.18999999761581424,6.222309355823875E-7,2.630002059751329E-4,2.630009420407074E-4,0.1899999976158142,0.0,0.0,5.260020121659863E-4,0.0,0.0,0.0,0.0,0.0,-0.0,-0.0,0.0
23.334331,0.0,0.0,0.18999999761581424,6.222309355823875E-7,2.630002059751329E-4,2.630009420407074E-4,0.1899999976158142,0.0,0.0,5.260020121659863E-4,0.0,0.0,0.0,0.0,0.0,-0.0,-0.0,0.0
23.353595,0.0,0.0,0.18999999761581424,6.222309355823875E-7,2.630002059751329E-4,2.630009420407074E-4,0.1899999976158142,0.0,0.0,5.260020121659863E-4,0.0,0.0,0.0,0.0,0.0,-0.0,-0.0,0.0
23.363232,0.0,0.0,0.18999999761581424,6.222309355823875E-7,2.630002059751329E-4,2.630009420407074E-4,0.1899999976158142,0.0,0.0,5.260020121659863E-4,0.0,0.0,0.0,0.0,0.0,-0.0,-0.0,0.0
23.386395,0.0,0.0,0.18999999761581424,6.222309355823875E-7,2.630002059751329E-4,2.630009420407074E-4,0.1899999976158142,0.0,0.0,5.260020121659863E-4,0.0,0.0,0.0,0.0,0.0,-0.0,-0.0,0.0
23.40566,0.0,0.0,0.18999999761581424,6.222309355823875E-7,2.630002059751329E-4,2.630009420407074E-4,0.1899999976158142,0.0,0.0,5.260020121659863E-4,0.0,0.0,0.0,0.0,0.0,-0.0,-0.0,0.0
23.423976,0.0,0.0,0.18999999761581424,6.222309355823875E-7,2.630002059751329E-4,2.630009420407074E-4,0.1899999976158142,0.0,0.0,5.260020121659863E-4,0.0,0.0,0.0,0.0,0.0,-0.0,-0.0,0.0
23.444324,0.0,0.0,0.18999999761581424,6.222309355823875E-7,2.630002059751329E-4,2.630009420407074E-4,0.1899999976158142,0.0,0.0,5.260020121659863E-4,0.0,0.0,0.0,0.0,0.0,-0.0,-0.0,0.0
23.464746,0.0,0.0,0.18999999761581424,6.222309355823875E-7,2.630002059751329E-4,2.630009420407074E-4,0.1899999976158142,0.0,0.0,5.260020121659863E-4,0.0,0.0,0.0,0.0,0.0,-0.0,-0.0,0.0
23.472918,0.0,0.0,0.18999999761581424,6.222309355823875E-7,2.630002059751329E-4,2.630009420407074E-4,0.1899999976158142,0.0,0.0,5.260020121659863E-4,0.0,0.0,0.0,0.0,0.0,-0.0,-0.0,0.0
23.481649,0.0,0.0,0.18999999761581424,6.222309355823875E-7,2.630002059751329E-4,2.630009420407074E-4,0.1899999976158142,0.0,0.0,5.260020121659863E-4,0.0,0.0,0.0,0.0,0.0,-0.0,-0.0,0.0
23.490468,0.0,0.0,0.18999999761581424,6.222309355823875E-7,2.630002059751329E-4,2.630009420407074E-4,0.1899999976158142,0.0,0.0,5.260020121659863E-4,0.0,0.0,0.0,0.0,0.0,-0.0,-0.0,0.0
23.499134,0.0,0.0,0.18999999761581424,6.222309355823875E-7,2.630002059751329E-4,2.630009420407074E-4,0.20000000298023224,0.0,0.0,5.260020121659863E-4,0.0,0.0,0.0,0.0,0.0,-0.0,-0.0,0.0
23.510322,0.0,0.0,0.20000000298023227,6.222309355823875E-7,2.630002059751329E-4,2.630009420407074E-4,0.20000000298023224,0.0,0.0,5.260020121659863E-4,0.0,0.0,0.0,0.0,0.0,-0.0,-0.0,0.0
23.530809,0.0,0.0,0.20000000298023227,6.222309355823875E-7,2.630002059751329E-4,2.630009420407074E-4,0.20000000298023224,0.0,0.0,5.260020121659863E-4,0.0,0.0,0.0,0.0,0.0,-0.0,-0.0,0.0
23.555412,0.0,0.0,0.20000000298023227,6.222309355823875E-7,2.630002059751329E-4,2.630009420407074E-4,0.20000000298023224,0.0,0.0,5.260020121659863E-4,0.0,0.0,0.0,0.0,0.0,-0.0,-0.0,0.0
23.586008,0.0,0.0,0.20000000298023227,6.222309355823875E-7,2.630002059751329E-4,2.630009420407074E-4,0.20000000298023224,0.0,0.0,5.260020121659863E-4,0.0,0.0,0.0,0.0,0.0,-0.0,-0.0,0.0
23.624922,0.0,0.0,0.20000000298023227,6.222309355823875E-7,2.630002059751329E-4,2.630009420407074E-4,0.20000000298023224,0.0,0.0,5.260020121659863E-4,0.0,0.0,0.0,0.0,0.0,-0.0,-0.0,0.0
23.648946,0.0,0.0,0.20000000298023227,6.222309355823875E-7,2.630002059751329E-4,2.630009420407074E-4,0.20000000298023224,0.0,0.0,5.260020121659863E-4,0.0,0.0,0.0,0.0,0.0,-0.0,-0.0,0.0
23.683386,0.0,0.0,0.20000000298023227,6.222309355823875E-7,2.630002059751329E-4,2.630009420407074E-4,0.20000000298023224,0.0,0.0,5.260020121659863E-4,0.0,0.0,0.0,0.0,0.0,-0.0,-0.0,0.0
23.712218,0.0,0.0,0.20000000298023227,6.222309355823875E-7,2.630002059751329E-4,2.630009420407074E-4,0.20000000298023224,0.0,0.0,5.260020121659863E-4,0.0,0.0,0.0,0.0,0.0,-0.0,-0.0,0.0
23.742449,0.0,0.0,0.20000000298023227,6.222309355823875E-7,2.630002059751329E-4,2.630009420407074E-4,0.20000000298023224,0.0,0.0,5.260020121659863E-4,0.0,0.0,0.0,0.0,0.0,-0.0,-0.0,0.0
23.763817,0.0,0.0,0.20000000298023227,6.222309355823875E-7,2.630002059751329E-4,2.630009420407074E-4,0.20000000298023224,0.0,0.0,5.260020121659863E-4,0.0,0.0,0.0,0.0,0.0,-0.0,-0.0,0.0
23.786286,0.0,0.0,0.20000000298023227,6.222309355823875E-7,2.630002059751329E-4,2.630009420407074E-4,0.20000000298023224,0.0,0.0,5.260020121659863E-4,0.0,0.0,0.0,0.0,0.0,-0.0,-0.0,0.0
23.808995,0.0,0.0,0.20000000298023227,6.222309355823875E-7,2.630002059751329E-4,2.630009420407074E-4,0.20000000298023224,0.0,0.0,5.260020121659863E-4,0.0,0.0,0.0,0.0,0.0,-0.0,-0.0,0.0
23.829068,0.0,0.0,0.20000000298023227,6.222309355823875E-7,2.630002059751329E-4,2.630009420407074E-4,0.20000000298023224,0.0,0.0,5.260020121659863E-4,0.0,0.0,0.0,0.0,0.0,-0.0,-0.0,0.0
23.848502,0.0,0.0,0.20000000298023227,6.222309355823875E-7,2.630002059751329E-4,2.630009420407074E-4,0.20000000298023224,0.0,0.0,5.260020121659863E-4,0.0,0.0,0.0,0.0,0.0,-0.0,-0.0,0.0
23.868369,0.0,0.0,0.20000000298023227,6.222309355823875E-7,2.630002059751329E-4,2.630009420407074E-4,0.20000000298023224,0.0,0.0,5.260020121659863E-4,0.0,0.0,0.0,0.0,0.0,-0.0,-0.0,0.0
23.881197,0.0,0.0,0.20000000298023227,6.222309355823875E-7,2.630002059751329E-4,2.630009420407074E-4,0.20000000298023224,0.0,0.0,5.260020121659863E-4,0.0,0.0,0.0,0.0,0.0,-0.0,-0.0,0.0
23.901298,0.0,0.0,0.20000000298023227,6.222309355823875E-7,2.630002059751329E-4,2.630009420407074E-4,0.20000000298023224,0.0,0.0,5.260020121659863E-4,0.0,0.0,0.0,0.0,0.0,-0.0,-0.0,0.0
23.924507,0.0,0.0,0.20000000298023227,6.222309355823875E-7,2.630002059751329E-4,2.630009420407074E-4,0.20000000298023224,0.0,0.0,4.675573441475434E-4,0.0,0.0,0.0,0.0,0.0,-0.0,-0.0,0.0
23.952211,0.0,0.0,0.20000000298023227,5.202259524969715E-7,2.337780499983757E-4,2.3377862882668443E-4,0.20999999344348907,0.0,0.0,4.675573441475434E-4,0.0,0.0,0.0,0.0,0.0,-0.0,-0.0,0.0
23.975316,-0.0015812673212847429,0.0,0.20999999344348905,5.202259524969715E-7,2.337780499983757E-4,2.3377862882668443E-4,0.20999999344348907,0.0,-0.0015812673212847429,4.091126761291005E-4,0.0,0.0,0.0,0.0,0.0,-0.0,-0.0,0.0
24.067379,-0.001734012948975624,0.0,0.20999999344348905,4.1312074749177017E-7,2.0455591226990755E-4,2.045563294384364E-4,0.20999999344348907,0.0,-0.001734012948975624,2.337786720737717E-4,0.0,0.0,0.0,0.0,0.0,-0.0,-0.0,0.0
24.092778,-0.001734012948975624,0.0,0.20999999344348905,9.180513247616597E-8,1.1688949908450307E-4,1.168895351364201E-4,0.20999999344348907,0.0,-0.001734012948975624,2.337786720737717E-4,0.0,0.0,0.0,0.0,0.0,-0.0,-0.0,0.0
24.13147,-0.001734012948975624,0.0,0.20999999344348905,9.180513247616597E-8,1.1688949908450307E-4,1.168895351364201E-4,0.20999999344348907,0.0,-0.001734012948975624,2.337786720737717E-4,0.0,0.0,0.0,0.0,0.0,-0.0,-0.0,0.0
24.150522,-0.0013010008941650613,0.0,0.20999999344348905,9.180513247616597E-8,1.1688949908450307E-4,1.168895351364201E-4,0.20999999344348907,0.0,-0.0013010008941650613,1.753340040553288E-4,0.0,0.0,0.0,0.0,0.0,-0.0,-0.0,0.0
24.161681,-0.0013010008941650613,0.0,0.20999999344348905,-1.5300072529035386E-8,8.766736135603491E-5,8.766736269115105E-5,0.20999999344348907,0.0,-0.0013010008941650613,1.753340040553288E-4,0.0,0.0,0.0,0.0,0.0,-0.0,-0.0,0.0
24.173346,-0.0013010008941650613,0.0,0.20999999344348905,-1.5300072529035386E-8,8.766736135603491E-5,8.766736269115105E-5,0.20999999344348907,0.0,-0.0013010008941650613,1.753340040553288E-4,0.0,0.0,0.0,0.0,0.0,-0.0,-0.0,0.0
24.190508,-0.0013010008941650613,0.0,0.20999999344348905,-1.5300072529035386E-8,8.766736135603491E-5,8.766736269115105E-5,0.20999999344348907,0.0,-0.0013010008941650613,1.753340040553288E-4,0.0,0.0,0.0,0.0,0.0,-0.0,-0.0,0.0
24.202896,-0.0013010008941650613,0.0,0.20999999344348905,-1.5300072529035386E-8,8.766736135603491E-5,8.766736269115105E-5,0.20999999344348907,0.0,-0.0013010008941650613,1.753340040553288E-4,0.0,0.0,0.0,0.0,0.0,-0.0,-0.0,0.0
24.233613,-0.0013010008941650613,0.0,0.20999999344348905,-1.5300072529035386E-8,8.766736135603491E-5,8.766736269115105E-5,0.20999999344348907,0.0,-0.0013010008941650613,1.753340040553288E-4,0.0,0.0,0.0,0.0,0.0,-0.0,-0.0,0.0
24.270941,-8.588476434045347E-4,0.0,0.20999999344348905,-1.5300072529035386E-8,8.766736135603491E-5,8.766736269115105E-5,0.2199999988079071,0.0,-8.588476434045347E-4,1.1688933603688586E-4,0.0,0.0,0.0,0.0,0.0,-0.0,-0.0,0.0
24.281211,-8.588476434045347E-4,0.0,0.2199999988079071,-1.249553909474256E-7,5.8445233122623826E-5,5.844536669923093E-5,0.2199999988079071,0.0,-8.588476434045347E-4,1.1688933603688586E-4,0.0,0.0,0.0,0.0,0.0,-0.0,-0.0,0.0
24.291683,-8.588476434045347E-4,0.0,0.2199999988079071,-1.249553909474256E-7,5.8445233122623826E-5,5.844536669923093E-5,0.2199999988079071,0.0,-8.588476434045347E-4,1.1688933603688586E-4,0.0,0.0,0.0,0.0,0.0,-0.0,-0.0,0.0
24.302401,-8.552054850588655E-4,0.0,0.2199999988079071,-1.249553909474256E-7,5.8445233122623826E-5,5.844536669923093E-5,0.2199999988079071,0.0,-8.552054850588655E-4,5.844466801844293E-5,0.0,0.0,0.0,0.0,0.0,-0.0,-0.0,0.0
24.317977,-8.552054850588655E-4,0.0,0.2199999988079071,-2.3716082220973029E-7,2.9223114532629418E-5,2.9224076858692523E-5,0.2199999988079071,0.0,-8.552054850588655E-4,5.844466801844293E-5,0.0,0.0,0.0,0.0,0.0,-0.0,-0.0,0.0
24.338472,-8.552054850588655E-4,0.0,0.2199999988079071,-2.3716082220973029E-7,2.9223114532629418E-5,2.9224076858692523E-5,0.2199999988079071,0.0,-8.354070222893981E-4,0.0,0.0,0.0,0.0,0.0,0.0,-0.0,-0.0,0.0
24.352227,-8.354070222893981E-4,0.0,0.2199999988079071,-3.4936625347203497E-7,9.959426350099787E-10,3.4936767304205237E-7,0.2199999988079071,0.0,-8.354070222893981E-4,0.0,0.0,0.0,0.0,0.0,0.0,-0.0,-0.0,0.0
24.367838,-8.354070222893981E-4,0.0,0.2199999988079071,-3.4936625347203497E-7,9.959426350099787E-10,3.4936767304205237E-7,0.2199999988079071,0.0,-8.354070222893981E-4,0.0,0.0,0.0,0.0,0.0,0.0,-0.0,-0.0,0.0
24.4156,-9.511435496220272E-4,0.0,0.2199999988079071,-3.4936625347203497E-7,9.959426350099787E-10,3.4936767304205237E-7,0.2199999988079071,0.0,-9.511435496220272E-4,-5.844466801844293E-5,0.0,0.0,0.0,0.0,0.0,-0.0,-0.0,0.0
24.470045,-9.511435496220272E-4,0.0,0.2199999988079071,-4.6157168473433965E-7,-2.9221122647359398E-5,2.9224767872340216E-5,0.2199999988079071,0.0,-9.511435496220272E-4,-5.844466801844293E-5,0.0,0.0,0.0,0.0,0.0,-0.0,-0.0,0.0
24.495357,-9.511435496220272E-4,0.0,0.2199999988079071,-4.6157168473433965E-7,-2.9221122647359398E-5,2.9224767872340216E-5,0.2199999988079071,0.0,-9.511435496220272E-4,-5.844466801844293E-5,0.0,0.0,0.0,0.0,0.0,-0.0,-0.0,0.0
24.538927,-8.726803439143534E-4,0.0,0.2199999988079071,-4.6157168473433965E-7,-2.9221122647359398E-5,2.9224767872340216E-5,0.23000000417232513,0.0,-8.726803439143534E-4,-1.1688933603688586E-4,0.0,0.0,0.0,0.0,0.0,-0.0,-0.0,0.0
24.581842,-0.0010000452246212025,0.0,0.23000000417232508,-5.763272277137917E-7,-5.844323129721788E-5,5.844607290086744E-5,0.23000000417232513,0.0,-0.0010000452246212025,-2.337786720737717E-4,0.0,0.0,0.0,0.0,0.0,-0.0,-0.0,0.0
24.618376,-0.002704575894382018,0.0,0.23000000417232508,-8.109385359166545E-7,-1.16887428419944E-4,1.1689024144015003E-4,0.23999999463558197,0.0,-0.0011334456963013075,-2.9222334009221463E-4,0.0,0.0,0.0,0.0,0.0,-0.0,-0.0,0.0
24.638299,-0.002704575894382018,0.0,0.23999999463558197,-1.0506500564008952E-6,-1.7533160477227263E-4,1.7533475268058363E-4,0.23999999463558197,0.0,-0.002704575894382018,-3.506680081106576E-4,0.0,0.0,0.0,0.0,0.0,-0.0,-0.0,0.0
24.660521,-0.002704575894382018,0.0,0.23999999463558197,-1.0506500564008952E-6,-1.7533160477227263E-4,1.7533475268058363E-4,0.23000000417232513,0.0,-0.002704575894382018,-3.506680081106576E-4,0.0,0.0,0.0,0.0,0.0,-0.0,-0.0,0.0
24.68441,-0.002704575894382018,0.0,0.23000000417232508,-1.0506500564008952E-6,-1.7533160477227263E-4,1.7533475268058363E-4,0.23000000417232513,0.0,-0.002704575894382018,-3.506680081106576E-4,0.0,0.0,0.0,0.0,0.0,-0.0,-0.0,0.0
24.70956,-0.002704575894382018,0.0,0.23000000417232508,-1.0506500564008952E-6,-1.7533160477227263E-4,1.7533475268058363E-4,0.23000000417232513,0.0,-0.002704575894382018,-3.506680081106576E-4,0.0,0.0,0.0,0.0,0.0,-0.0,-0.0,0.0
24.736424,-0.002704575894382018,0.0,0.23000000417232508,-1.0506500564008952E-6,-1.7533160477227263E-4,1.7533475268058363E-4,0.2199999988079071,0.0,-0.002704575894382018,-3.506680081106576E-4,0.0,0.0,0.0,0.0,0.0,-0.0,-0.0,0.0
24.750054,-0.002704575894382018,0.0,0.2199999988079071,-1.0506500564008952E-6,-1.7533160477227263E-4,1.7533475268058363E-4,0.2199999988079071,0.0,-0.002704575894382018,-3.506680081106576E-4,0.0,0.0,0.0,0.0,0.0,-0.0,-0.0,0.0
24.790673,-0.002704575894382018,0.0,0.2199999988079071,-1.0506500564008952E-6,-1.7533160477227263E-4,1.7533475268058363E-4,0.2199999988079071,0.0,-0.002704575894382018,-3.506680081106576E-4,0.0,0.0,0.0,0.0,0.0,-0.0,-0.0,0.0
24.832592,0.0,0.0,0.2199999988079071,-1.0506500564008952E-6,-1.7533160477227263E-4,1.7533475268058363E-4,0.20999999344348907,0.0,0.0,-1.753340040553288E-4,0.0,0.0,0.0,0.0,0.0,-0.0,-0.0,0.0
24.847368,0.0,0.0,0.20999999344348905,-7.216841011833998E-7,-8.766522007203924E-5,8.766819057229921E-5,0.20999999344348907,0.0,0.0,-1.753340040553288E-4,0.0,0.0,0.0,0.0,0.0,-0.0,-0.0,0.0
24.859017,4.5611808502241525E-4,0.0,0.20999999344348905,-7.216841011833998E-7,-8.766522007203924E-5,8.766819057229921E-5,0.20999999344348907,0.0,4.5611808502241525E-4,-1.1688933603688586E-4,0.0,0.0,0.0,0.0,0.0,-0.0,-0.0,0.0
24.888389,9.270539541636341E-4,0.0,0.20999999344348905,-5.07473691172997E-7,-2.9220944615102916E-5,2.922535087464554E-5,0.20999999344348907,0.0,9.270539541636341E-4,-5.844466801844293E-5,0.0,0.0,0.0,0.0,0.0,-0.0,-0.0,0.0
24.910157,9.270539541636341E-4,0.0,0.20999999344348905,-5.07473691172997E-7,-2.9220944615102916E-5,2.922535087464554E-5,0.20999999344348907,0.0,9.270539541636341E-4,-5.844466801844293E-5,0.0,0.0,0.0,0.0,0.0,-0.0,-0.0,0.0
24.932935,9.270539541636341E-4,0.0,0.20999999344348905,-5.07473691172997E-7,-2.9220944615102916E-5,2.922535087464554E-5,0.20999999344348907,0.0,9.270539541636341E-4,-5.844466801844293E-5,0.0,0.0,0.0,0.0,0.0,-0.0,-0.0,0.0
24.969005,9.270539541636341E-4,0.0,0.20999999344348905,-5.07473691172997E-7,-2.9220944615102916E-5,2.922535087464554E-5,0.20999999344348907,0.0,9.270539541636341E-4,-5.844466801844293E-5,0.0,0.0,0.0,0.0,0.0,-0.0,-0.0,0.0
24.979855,9.270539541636341E-4,0.0,0.20999999344348905,-5.07473691172997E-7,-2.9220944615102916E-5,2.922535087464554E-5,0.20999999344348907,0.0,9.270539541636341E-4,-5.844466801844293E-5,0.0,0.0,0.0,0.0,0.0,-0.0,-0.0,0.0
24.989232,9.270539541636341E-4,0.0,0.20999999344348905,-5.07473691172997E-7,-2.9220944615102916E-5,2.922535087464554E-5,0.20999999344348907,0.0,9.270539541636341E-4,-5.844466801844293E-5,0.0,0.0,0.0,0.0,0.0,-0.0,-0.0,0.0
24.998175,9.270539541636341E-4,0.0,0.20999999344348905,-5.07473691172997E-7,-2.9220944615102916E-5,2.922535087464554E-5,0.20999999344348907,0.0,9.270539541636341E-4,-5.844466801844293E-5,0.0,0.0,0.0,0.0,0.0,-0.0,-0.0,0.0
25.009898,9.270539541636341E-4,0.0,0.20999999344348905,-5.07473691172997E-7,-2.9220944615102916E-5,2.922535087464554E-5,0.20999999344348907,0.0,9.270539541636341E-4,-5.844466801844293E-5,0.0,0.0,0.0,0.0,0.0,-0.0,-0.0,0.0
25.029491,9.270539541636341E-4,0.0,0.20999999344348905,-5.07473691172997E-7,-2.9220944615102916E-5,2.922535087464554E-5,0.20999999344348907,0.0,9.270539541636341E-4,-5.844466801844293E-5,0.0,0.0,0.0,0.0,0.0,-0.0,-0.0,0.0
25.038191,9.270539541636341E-4,0.0,0.20999999344348905,-5.07473691172997E-7,-2.9220944615102916E-5,2.922535087464554E-5,0.20999999344348907,0.0,9.270539541636341E-4,-5.844466801844293E-5,0.0,0.0,0.0,0.0,0.0,-0.0,-0.0,0.0
25.046471,9.270539541636341E-4,0.0,0.20999999344348905,-5.07473691172997E-7,-2.9220944615102916E-5,2.922535087464554E-5,0.20999999344348907,0.0,9.270539541636341E-4,-5.844466801844293E-5,0.0,0.0,0.0,0.0,0.0,-0.0,-0.0,0.0
25.055787,9.270539541636341E-4,0.0,0.20999999344348905,-5.07473691172997E-7,-2.9220944615102916E-5,2.922535087464554E-5,0.20999999344348907,0.0,9.270539541636341E-4,-5.844466801844293E-5,0.0,0.0,0.0,0.0,0.0,-0.0,-0.0,0.0
25.06682,9.270539541636341E-4,0.0,0.20999999344348905,-5.07473691172997E-7,-2.9220944615102916E-5,2.922535087464554E-5,0.20999999344348907,0.0,9.270539541636341E-4,-5.844466801844293E-5,0.0,0.0,0.0,0.0,0.0,-0.0,-0.0,0.0
25.100832,9.270539541636341E-4,0.0,0.20999999344348905,-5.07473691172997E-7,-2.9220944615102916E-5,2.922535087464554E-5,0.20999999344348907,0.0,9.270539541636341E-4,-5.844466801844293E-5,0.0,0.0,0.0,0.0,0.0,-0.0,-0.0,0.0
25.109998,9.270539541636341E-4,0.0,0.20999999344348905,-5.07473691172997E-7,-2.9220944615102916E-5,2.922535087464554E-5,0.20999999344348907,0.0,9.270539541636341E-4,-5.844466801844293E-5,0.0,0.0,0.0,0.0,0.0,-0.0,-0.0,0.0
25.12012,9.270539541636341E-4,0.0,0.20999999344348905,-5.07473691172997E-7,-2.9220944615102916E-5,2.922535087464554E-5,0.20999999344348907,0.0,9.270539541636341E-4,-5.844466801844293E-5,0.0,0.0,0.0,0.0,0.0,-0.0,-0.0,0.0
25.130046,9.270539541636341E-4,0.0,0.20999999344348905,-5.07473691172997E-7,-2.9220944615102916E-5,2.922535087464554E-5,0.20999999344348907,0.0,9.270539541636341E-4,-5.844466801844293E-5,0.0,0.0,0.0,0.0,0.0,-0.0,-0.0,0.0
25.140777,9.270539541636341E-4,0.0,0.20999999344348905,-5.07473691172997E-7,-2.9220944615102916E-5,2.922535087464554E-5,0.20999999344348907,0.0,9.270539541636341E-4,-5.844466801844293E-5,0.0,0.0,0.0,0.0,0.0,-0.0,-0.0,0.0
25.158778,9.270539541636341E-4,0.0,0.20999999344348905,-5.07473691172997E-7,-2.9220944615102916E-5,2.922535087464554E-5,0.20999999344348907,0.0,9.270539541636341E-4,-5.844466801844293E-5,0.0,0.0,0.0,0.0,0.0,-0.0,-0.0,0.0
25.170579,9.270539541636341E-4,0.0,0.20999999344348905,-5.07473691172997E-7,-2.9220944615102916E-5,2.922535087464554E-5,0.20999999344348907,0.0,9.270539541636341E-4,-5.844466801844293E-5,0.0,0.0,0.0,0.0,0.0,-0.0,-0.0,0.0
25.18108,9.270539541636341E-4,0.0,0.20999999344348905,-5.07473691172997E-7,-2.9220944615102916E-5,2.922535087464554E-5,0.20999999344348907,0.0,9.270539541636341E-4,-5.844466801844293E-5,0.0,0.0,0.0,0.0,0.0,-0.0,-0.0,0.0
25.196872,9.270539541636341E-4,0.0,0.20999999344348905,-5.07473691172997E-7,-2.9220944615102916E-5,2.922535087464554E-5,0.20999999344348907,0.0,9.270539541636341E-4,-5.844466801844293E-5,0.0,0.0,0.0,0.0,0.0,-0.0,-0.0,0.0
25.221097,9.270539541636341E-4,0.0,0.20999999344348905,-5.07473691172997E-7,-2.9220944615102916E-5,2.922535087464554E-5,0.20999999344348907,0.0,9.270539541636341E-4,-5.844466801844293E-5,0.0,0.0,0.0,0.0,0.0,-0.0,-0.0,0.0
25.23973,9.270539541636341E-4,0.0,0.20999999344348905,-5.07473691172997E-7,-2.9220944615102916E-5,2.922535087464554E-5,0.20999999344348907,0.0,9.270539541636341E-4,-5.844466801844293E-5,0.0,0.0,0.0,0.0,0.0,-0.0,-0.0,0.0
25.260177,9.270539541636341E-4,0.0,0.20999999344348905,-5.07473691172997E-7,-2.9220944615102916E-5,2.922535087464554E-5,0.20999999344348907,0.0,9.270539541636341E-4,-5.844466801844293E-5,0.0,0.0,0.0,0.0,0.0,-0.0,-0.0,0.0
25.31142,0.0,0.0,0.20999999344348905,-5.07473691172997E-7,-2.9220944615102916E-5,2.922535087464554E-5,0.20999999344348907,0.0,0.0,0.0,0.0,0.0,0.0,0.0,0.0,-0.0,-0.0,0.0
25.333811,0.0,0.0,0.20999999344348905,-4.0036848616779563E-7,1.1931133652431372E-9,4.0037026392552514E-7,0.20999999344348907,0.0,0.0,0.0,0.0,0.0,0.0,0.0,0.0,-0.0,-0.0,0.0
25.350049,0.0,0.0,0.20999999344348905,-4.0036848616779563E-7,1.1931133652431372E-9,4.0037026392552514E-7,0.20999999344348907,0.0,0.0,0.0,0.0,0.0,0.0,0.0,0.0,-0.0,-0.0,0.0
25.362279,0.0,0.0,0.20999999344348905,-4.0036848616779563E-7,1.1931133652431372E-9,4.0037026392552514E-7,0.20999999344348907,0.0,0.0,0.0,0.0,0.0,0.0,0.0,0.0,-0.0,-0.0,0.0
25.374593,0.0,0.0,0.20999999344348905,-4.0036848616779563E-7,1.1931133652431372E-9,4.0037026392552514E-7,0.20999999344348907,0.0,0.0,0.0,0.0,0.0,0.0,0.0,0.0,-0.0,-0.0,0.0
25.383017,0.0,0.0,0.20999999344348905,-4.0036848616779563E-7,1.1931133652431372E-9,4.0037026392552514E-7,0.20999999344348907,0.0,0.0,0.0,0.0,0.0,0.0,0.0,0.0,-0.0,-0.0,0.0
25.39441,0.0,0.0,0.20999999344348905,-4.0036848616779563E-7,1.1931133652431372E-9,4.0037026392552514E-7,0.20999999344348907,0.0,0.0,0.0,0.0,0.0,0.0,0.0,0.0,-0.0,-0.0,0.0
25.404967,0.0,0.0,0.20999999344348905,-4.0036848616779563E-7,1.1931133652431372E-9,4.0037026392552514E-7,0.20999999344348907,0.0,0.0,0.0,0.0,0.0,0.0,0.0,0.0,-0.0,-0.0,0.0
25.445215,0.0,0.0,0.20999999344348905,-4.0036848616779563E-7,1.1931133652431372E-9,4.0037026392552514E-7,0.20999999344348907,0.0,0.0,0.0,0.0,0.0,0.0,0.0,0.0,-0.0,-0.0,0.0
25.467913,0.0,0.0,0.20999999344348905,-4.0036848616779563E-7,1.1931133652431372E-9,4.0037026392552514E-7,0.20999999344348907,0.0,0.0,0.0,0.0,0.0,0.0,0.0,0.0,-0.0,-0.0,0.0
25.476687,0.0,0.0,0.20999999344348905,-4.0036848616779563E-7,1.1931133652431372E-9,4.0037026392552514E-7,0.20999999344348907,0.0,0.0,0.0,0.0,0.0,0.0,0.0,0.0,-0.0,-0.0,0.0
25.485486,0.0,0.0,0.20999999344348905,-4.0036848616779563E-7,1.1931133652431372E-9,4.0037026392552514E-7,0.20999999344348907,0.0,0.0,0.0,0.0,0.0,0.0,0.0,0.0,-0.0,-0.0,0.0
25.494303,0.0,0.0,0.20999999344348905,-4.0036848616779563E-7,1.1931133652431372E-9,4.0037026392552514E-7,0.20999999344348907,0.0,0.0,0.0,0.0,0.0,0.0,0.0,0.0,-0.0,-0.0,0.0
25.50295,0.0,0.0,0.20999999344348905,-4.0036848616779563E-7,1.1931133652431372E-9,4.0037026392552514E-7,0.20999999344348907,0.0,0.0,0.0,0.0,0.0,0.0,0.0,0.0,-0.0,-0.0,0.0
25.513839,0.0,0.0,0.20999999344348905,-4.0036848616779563E-7,1.1931133652431372E-9,4.0037026392552514E-7,0.20999999344348907,0.0,0.0,0.0,0.0,0.0,0.0,0.0,0.0,-0.0,-0.0,0.0
25.522209,0.0,0.0,0.20999999344348905,-4.0036848616779563E-7,1.1931133652431372E-9,4.0037026392552514E-7,0.20999999344348907,0.0,0.0,0.0,0.0,0.0,0.0,0.0,0.0,-0.0,-0.0,0.0
25.540492,0.0,0.0,0.20999999344348905,-4.0036848616779563E-7,1.1931133652431372E-9,4.0037026392552514E-7,0.20999999344348907,0.0,0.0,0.0,0.0,0.0,0.0,0.0,0.0,-0.0,-0.0,0.0
25.551278,0.0,0.0,0.20999999344348905,-4.0036848616779563E-7,1.1931133652431372E-9,4.0037026392552514E-7,0.20999999344348907,0.0,0.0,0.0,0.0,0.0,0.0,0.0,0.0,-0.0,-0.0,0.0
25.560789,0.0,0.0,0.20999999344348905,-4.0036848616779563E-7,1.1931133652431372E-9,4.0037026392552514E-7,0.20999999344348907,0.0,0.0,0.0,0.0,0.0,0.0,0.0,0.0,-0.0,-0.0,0.0
25.569484,0.0,0.0,0.20999999344348905,-4.0036848616779563E-7,1.1931133652431372E-9,4.0037026392552514E-7,0.20999999344348907,0.0,0.0,0.0,0.0,0.0,0.0,0.0,0.0,-0.0,-0.0,0.0
25.580083,0.0,0.0,0.20999999344348905,-4.0036848616779563E-7,1.1931133652431372E-9,4.0037026392552514E-7,0.20999999344348907,0.0,0.0,0.0,0.0,0.0,0.0,0.0,0.0,-0.0,-0.0,0.0
25.58825,0.0,0.0,0.20999999344348905,-4.0036848616779563E-7,1.1931133652431372E-9,4.0037026392552514E-7,0.20999999344348907,0.0,0.0,0.0,0.0,0.0,0.0,0.0,0.0,-0.0,-0.0,0.0
25.596848,0.0,0.0,0.20999999344348905,-4.0036848616779563E-7,1.1931133652431372E-9,4.0037026392552514E-7,0.20999999344348907,0.0,0.0,0.0,0.0,0.0,0.0,0.0,0.0,-0.0,-0.0,0.0
25.604933,0.0,0.0,0.20999999344348905,-4.0036848616779563E-7,1.1931133652431372E-9,4.0037026392552514E-7,0.20999999344348907,0.0,0.0,0.0,0.0,0.0,0.0,0.0,0.0,-0.0,-0.0,0.0
25.613888,0.0,0.0,0.20999999344348905,-4.0036848616779563E-7,1.1931133652431372E-9,4.0037026392552514E-7,0.20999999344348907,0.0,0.0,0.0,0.0,0.0,0.0,0.0,0.0,-0.0,-0.0,0.0
25.624776,0.0,0.0,0.20999999344348905,-4.0036848616779563E-7,1.1931133652431372E-9,4.0037026392552514E-7,0.20999999344348907,0.0,0.0,0.0,0.0,0.0,0.0,0.0,0.0,-0.0,-0.0,0.0
25.635135,0.0,0.0,0.20999999344348905,-4.0036848616779563E-7,1.1931133652431372E-9,4.0037026392552514E-7,0.20999999344348907,0.0,0.0,0.0,0.0,0.0,0.0,0.0,0.0,-0.0,-0.0,0.0
25.645656,0.0,0.0,0.20999999344348905,-4.0036848616779563E-7,1.1931133652431372E-9,4.0037026392552514E-7,0.20999999344348907,0.0,0.0,0.0,0.0,0.0,0.0,0.0,0.0,-0.0,-0.0,0.0
25.657342,0.0,0.0,0.20999999344348905,-4.0036848616779563E-7,1.1931133652431372E-9,4.0037026392552514E-7,0.20999999344348907,0.0,0.0,0.0,0.0,0.0,0.0,0.0,0.0,-0.0,-0.0,0.0
25.668559,0.0,0.0,0.20999999344348905,-4.0036848616779563E-7,1.1931133652431372E-9,4.0037026392552514E-7,0.20999999344348907,0.0,0.0,0.0,0.0,0.0,0.0,0.0,0.0,-0.0,-0.0,0.0
25.677748,0.0,0.0,0.20999999344348905,-4.0036848616779563E-7,1.1931133652431372E-9,4.0037026392552514E-7,0.20999999344348907,0.0,0.0,0.0,0.0,0.0,0.0,0.0,0.0,-0.0,-0.0,0.0
25.687237,0.0,0.0,0.20999999344348905,-4.0036848616779563E-7,1.1931133652431372E-9,4.0037026392552514E-7,0.20999999344348907,0.0,0.0,0.0,0.0,0.0,0.0,0.0,0.0,-0.0,-0.0,0.0
25.699616,0.0,0.0,0.20999999344348905,-4.0036848616779563E-7,1.1931133652431372E-9,4.0037026392552514E-7,0.20999999344348907,0.0,0.0,0.0,0.0,0.0,0.0,0.0,0.0,-0.0,-0.0,0.0
25.707937,0.0,0.0,0.20999999344348905,-4.0036848616779563E-7,1.1931133652431372E-9,4.0037026392552514E-7,0.20999999344348907,0.0,0.0,0.0,0.0,0.0,0.0,0.0,0.0,-0.0,-0.0,0.0
25.719807,0.0,0.0,0.20999999344348905,-4.0036848616779563E-7,1.1931133652431372E-9,4.0037026392552514E-7,0.20999999344348907,0.0,0.0,0.0,0.0,0.0,0.0,0.0,0.0,-0.0,-0.0,0.0
25.738187,0.0,0.0,0.20999999344348905,-4.0036848616779563E-7,1.1931133652431372E-9,4.0037026392552514E-7,0.20999999344348907,0.0,0.0,0.0,0.0,0.0,0.0,0.0,0.0,-0.0,-0.0,0.0
25.751053,0.0,0.0,0.20999999344348905,-4.0036848616779563E-7,1.1931133652431372E-9,4.0037026392552514E-7,0.20999999344348907,0.0,0.0,0.0,0.0,0.0,0.0,0.0,0.0,-0.0,-0.0,0.0
25.763999,0.0,0.0,0.20999999344348905,-4.0036848616779563E-7,1.1931133652431372E-9,4.0037026392552514E-7,0.20999999344348907,0.0,0.0,0.0,0.0,0.0,0.0,0.0,0.0,-0.0,-0.0,0.0
25.788489,0.0,0.0,0.20999999344348905,-4.0036848616779563E-7,1.1931133652431372E-9,4.0037026392552514E-7,0.20999999344348907,0.0,0.0,0.0,0.0,0.0,0.0,0.0,0.0,-0.0,-0.0,0.0
25.807788,0.0,0.0,0.20999999344348905,-4.0036848616779563E-7,1.1931133652431372E-9,4.0037026392552514E-7,0.20999999344348907,0.0,0.0,0.0,0.0,0.0,0.0,0.0,0.0,-0.0,-0.0,0.0
25.817687,0.0,0.0,0.20999999344348905,-4.0036848616779563E-7,1.1931133652431372E-9,4.0037026392552514E-7,0.20999999344348907,0.0,0.0,0.0,0.0,0.0,0.0,0.0,0.0,-0.0,-0.0,0.0
25.826304,0.0,0.0,0.20999999344348905,-4.0036848616779563E-7,1.1931133652431372E-9,4.0037026392552514E-7,0.20999999344348907,0.0,0.0,0.0,0.0,0.0,0.0,0.0,0.0,-0.0,-0.0,0.0
25.83529,0.0,0.0,0.20999999344348905,-4.0036848616779563E-7,1.1931133652431372E-9,4.0037026392552514E-7,0.20999999344348907,0.0,0.0,0.0,0.0,0.0,0.0,0.0,0.0,-0.0,-0.0,0.0
25.848444,0.0,0.0,0.20999999344348905,-4.0036848616779563E-7,1.1931133652431372E-9,4.0037026392552514E-7,0.20999999344348907,0.0,0.0,0.0,0.0,0.0,0.0,0.0,0.0,-0.0,-0.0,0.0
25.860245,0.0,0.0,0.20999999344348905,-4.0036848616779563E-7,1.1931133652431372E-9,4.0037026392552514E-7,0.20999999344348907,0.0,0.0,0.0,0.0,0.0,0.0,0.0,0.0,-0.0,-0.0,0.0
25.871028,0.0,0.0,0.20999999344348905,-4.0036848616779563E-7,1.1931133652431372E-9,4.0037026392552514E-7,0.20999999344348907,0.0,0.0,0.0,0.0,0.0,0.0,0.0,0.0,-0.0,-0.0,0.0
25.888532,0.0,0.0,0.20999999344348905,-4.0036848616779563E-7,1.1931133652431372E-9,4.0037026392552514E-7,0.20999999344348907,0.0,0.0,0.0,0.0,0.0,0.0,0.0,0.0,-0.0,-0.0,0.0
25.913652,0.0,0.0,0.20999999344348905,-4.0036848616779563E-7,1.1931133652431372E-9,4.0037026392552514E-7,0.20999999344348907,0.0,0.0,0.0,0.0,0.0,0.0,0.0,0.0,-0.0,-0.0,0.0
25.923259,0.0,0.0,0.20999999344348905,-4.0036848616779563E-7,1.1931133652431372E-9,4.0037026392552514E-7,0.20999999344348907,0.0,0.0,0.0,0.0,0.0,0.0,0.0,0.0,-0.0,-0.0,0.0
25.93424,0.0,0.0,0.20999999344348905,-4.0036848616779563E-7,1.1931133652431372E-9,4.0037026392552514E-7,0.20999999344348907,0.0,0.0,0.0,0.0,0.0,0.0,0.0,0.0,-0.0,-0.0,0.0
25.944393,0.0,0.0,0.20999999344348905,-4.0036848616779563E-7,1.1931133652431372E-9,4.0037026392552514E-7,0.20999999344348907,0.0,0.0,0.0,0.0,0.0,0.0,0.0,0.0,-0.0,-0.0,0.0
25.954414,0.0,0.0,0.20999999344348905,-4.0036848616779563E-7,1.1931133652431372E-9,4.0037026392552514E-7,0.20999999344348907,0.0,0.0,0.0,0.0,0.0,0.0,0.0,0.0,-0.0,-0.0,0.0
25.980536,0.0,0.0,0.20999999344348905,-4.0036848616779563E-7,1.1931133652431372E-9,4.0037026392552514E-7,0.20999999344348907,0.0,0.0,0.0,0.0,0.0,0.0,0.0,0.0,-0.0,-0.0,0.0
25.990024,0.0,0.0,0.20999999344348905,-4.0036848616779563E-7,1.1931133652431372E-9,4.0037026392552514E-7,0.20999999344348907,0.0,0.0,0.0,0.0,0.0,0.0,0.0,0.0,-0.0,-0.0,0.0
26.004911,0.0,0.0,0.20999999344348905,-4.0036848616779563E-7,1.1931133652431372E-9,4.0037026392552514E-7,0.20999999344348907,0.0,0.0,0.0,0.0,0.0,0.0,0.0,0.0,-0.0,-0.0,0.0
26.023341,0.0,0.0,0.20999999344348905,-4.0036848616779563E-7,1.1931133652431372E-9,4.0037026392552514E-7,0.20999999344348907,0.0,0.0,0.0,0.0,0.0,0.0,0.0,0.0,-0.0,-0.0,0.0
26.037514,0.0,0.0,0.20999999344348905,-4.0036848616779563E-7,1.1931133652431372E-9,4.0037026392552514E-7,0.20999999344348907,0.0,0.0,0.0,0.0,0.0,0.0,0.0,0.0,-0.0,-0.0,0.0
26.053345,0.0,0.0,0.20999999344348905,-4.0036848616779563E-7,1.1931133652431372E-9,4.0037026392552514E-7,0.20999999344348907,0.0,0.0,0.0,0.0,0.0,0.0,0.0,0.0,-0.0,-0.0,0.0
26.073273,0.0,0.0,0.20999999344348905,-4.0036848616779563E-7,1.1931133652431372E-9,4.0037026392552514E-7,0.20999999344348907,0.0,0.0,0.0,0.0,0.0,0.0,0.0,0.0,-0.0,-0.0,0.0
26.082417,0.0,0.0,0.20999999344348905,-4.0036848616779563E-7,1.1931133652431372E-9,4.0037026392552514E-7,0.20999999344348907,0.0,0.0,0.0,0.0,0.0,0.0,0.0,0.0,-0.0,-0.0,0.0
26.121557,0.0,0.0,0.20999999344348905,-4.0036848616779563E-7,1.1931133652431372E-9,4.0037026392552514E-7,0.20999999344348907,0.0,0.0,0.0,0.0,0.0,0.0,0.0,0.0,-0.0,-0.0,0.0
26.131333,0.0,0.0,0.20999999344348905,-4.0036848616779563E-7,1.1931133652431372E-9,4.0037026392552514E-7,0.20999999344348907,0.0,0.0,0.0,0.0,0.0,0.0,0.0,0.0,-0.0,-0.0,0.0
26.142023,0.0,0.0,0.20999999344348905,-4.0036848616779563E-7,1.1931133652431372E-9,4.0037026392552514E-7,0.20999999344348907,0.0,0.0,0.0,0.0,0.0,0.0,0.0,0.0,-0.0,-0.0,0.0
26.151427,0.0,0.0,0.20999999344348905,-4.0036848616779563E-7,1.1931133652431372E-9,4.0037026392552514E-7,0.20999999344348907,0.0,0.0,0.0,0.0,0.0,0.0,0.0,0.0,-0.0,-0.0,0.0
26.168121,0.0,0.0,0.20999999344348905,-4.0036848616779563E-7,1.1931133652431372E-9,4.0037026392552514E-7,0.20999999344348907,0.0,0.0,0.0,0.0,0.0,0.0,0.0,0.0,-0.0,-0.0,0.0
26.179998,0.0,0.0,0.20999999344348905,-4.0036848616779563E-7,1.1931133652431372E-9,4.0037026392552514E-7,0.20999999344348907,0.0,0.0,0.0,0.0,0.0,0.0,0.0,0.0,-0.0,-0.0,0.0
26.194842,0.0,0.0,0.20999999344348905,-4.0036848616779563E-7,1.1931133652431372E-9,4.0037026392552514E-7,0.20999999344348907,0.0,0.0,0.0,0.0,0.0,0.0,0.0,0.0,-0.0,-0.0,0.0
26.205023,0.0,0.0,0.20999999344348905,-4.0036848616779563E-7,1.1931133652431372E-9,4.0037026392552514E-7,0.20999999344348907,0.0,0.0,0.0,0.0,0.0,0.0,0.0,0.0,-0.0,-0.0,0.0
26.218446,0.0,0.0,0.20999999344348905,-4.0036848616779563E-7,1.1931133652431372E-9,4.0037026392552514E-7,0.20999999344348907,0.0,0.0,0.0,0.0,0.0,0.0,0.0,0.0,-0.0,-0.0,0.0
26.238702,0.0,0.0,0.20999999344348905,-4.0036848616779563E-7,1.1931133652431372E-9,4.0037026392552514E-7,0.20999999344348907,0.0,0.0,0.0,0.0,0.0,0.0,0.0,0.0,-0.0,-0.0,0.0
26.261597,0.0,0.0,0.20999999344348905,-4.0036848616779563E-7,1.1931133652431372E-9,4.0037026392552514E-7,0.20999999344348907,0.0,0.0,0.0,0.0,0.0,0.0,0.0,0.0,-0.0,-0.0,0.0
26.274865,0.0,0.0,0.20999999344348905,-4.0036848616779563E-7,1.1931133652431372E-9,4.0037026392552514E-7,0.20999999344348907,0.0,0.0,0.0,0.0,0.0,0.0,0.0,0.0,-0.0,-0.0,0.0
26.285962,0.0,0.0,0.20999999344348905,-4.0036848616779563E-7,1.1931133652431372E-9,4.0037026392552514E-7,0.20999999344348907,0.0,0.0,0.0,0.0,0.0,0.0,0.0,0.0,-0.0,-0.0,0.0
26.295439,0.0,0.0,0.20999999344348905,-4.0036848616779563E-7,1.1931133652431372E-9,4.0037026392552514E-7,0.20999999344348907,0.0,0.0,0.0,0.0,0.0,0.0,0.0,0.0,-0.0,-0.0,0.0
26.304179,0.0,0.0,0.20999999344348905,-4.0036848616779563E-7,1.1931133652431372E-9,4.0037026392552514E-7,0.20999999344348907,0.0,0.0,0.0,0.0,0.0,0.0,0.0,0.0,-0.0,-0.0,0.0
26.318452,0.0,0.0,0.20999999344348905,-4.0036848616779563E-7,1.1931133652431372E-9,4.0037026392552514E-7,0.20999999344348907,0.0,0.0,0.0,0.0,0.0,0.0,0.0,0.0,-0.0,-0.0,0.0
26.327367,0.0,0.0,0.20999999344348905,-4.0036848616779563E-7,1.1931133652431372E-9,4.0037026392552514E-7,0.20999999344348907,0.0,0.0,0.0,0.0,0.0,0.0,0.0,0.0,-0.0,-0.0,0.0
26.359963,0.0,0.0,0.20999999344348905,-4.0036848616779563E-7,1.1931133652431372E-9,4.0037026392552514E-7,0.20999999344348907,0.0,0.0,0.0,0.0,0.0,0.0,0.0,0.0,-0.0,-0.0,0.0
26.37934,0.0,0.0,0.20999999344348905,-4.0036848616779563E-7,1.1931133652431372E-9,4.0037026392552514E-7,0.20999999344348907,0.0,0.0,0.0,0.0,0.0,0.0,0.0,0.0,-0.0,-0.0,0.0
26.389452,0.0,0.0,0.20999999344348905,-4.0036848616779563E-7,1.1931133652431372E-9,4.0037026392552514E-7,0.20999999344348907,0.0,0.0,0.0,0.0,0.0,0.0,0.0,0.0,-0.0,-0.0,0.0
26.398615,0.0,0.0,0.20999999344348905,-4.0036848616779563E-7,1.1931133652431372E-9,4.0037026392552514E-7,0.20999999344348907,0.0,0.0,0.0,0.0,0.0,0.0,0.0,0.0,-0.0,-0.0,0.0
26.407561,0.0,0.0,0.20999999344348905,-4.0036848616779563E-7,1.1931133652431372E-9,4.0037026392552514E-7,0.20999999344348907,0.0,0.0,0.0,0.0,0.0,0.0,0.0,0.0,-0.0,-0.0,0.0
26.416398,0.0,0.0,0.20999999344348905,-4.0036848616779563E-7,1.1931133652431372E-9,4.0037026392552514E-7,0.20999999344348907,0.0,0.0,0.0,0.0,0.0,0.0,0.0,0.0,-0.0,-0.0,0.0
26.426192,0.0,0.0,0.20999999344348905,-4.0036848616779563E-7,1.1931133652431372E-9,4.0037026392552514E-7,0.20999999344348907,0.0,0.0,0.0,0.0,0.0,0.0,0.0,0.0,-0.0,-0.0,0.0
26.435224,0.0,0.0,0.20999999344348905,-4.0036848616779563E-7,1.1931133652431372E-9,4.0037026392552514E-7,0.20999999344348907,0.0,0.0,0.0,0.0,0.0,0.0,0.0,0.0,-0.0,-0.0,0.0
26.443749,0.0,0.0,0.20999999344348905,-4.0036848616779563E-7,1.1931133652431372E-9,4.0037026392552514E-7,0.20999999344348907,0.0,0.0,0.0,0.0,0.0,0.0,0.0,0.0,-0.0,-0.0,0.0
26.453986,0.0,0.0,0.20999999344348905,-4.0036848616779563E-7,1.1931133652431372E-9,4.0037026392552514E-7,0.20999999344348907,0.0,0.0,0.0,0.0,0.0,0.0,0.0,0.0,-0.0,-0.0,0.0
26.464089,0.0,0.0,0.20999999344348905,-4.0036848616779563E-7,1.1931133652431372E-9,4.0037026392552514E-7,0.20999999344348907,0.0,0.0,0.0,0.0,0.0,0.0,0.0,0.0,-0.0,-0.0,0.0
26.472512,0.0,0.0,0.20999999344348905,-4.0036848616779563E-7,1.1931133652431372E-9,4.0037026392552514E-7,0.20999999344348907,0.0,0.0,0.0,0.0,0.0,0.0,0.0,0.0,-0.0,-0.0,0.0
26.483727,0.0,0.0,0.20999999344348905,-4.0036848616779563E-7,1.1931133652431372E-9,4.0037026392552514E-7,0.20999999344348907,0.0,0.0,0.0,0.0,0.0,0.0,0.0,0.0,-0.0,-0.0,0.0
26.496665,0.0,0.0,0.20999999344348905,-4.0036848616779563E-7,1.1931133652431372E-9,4.0037026392552514E-7,0.20999999344348907,0.0,0.0,0.0,0.0,0.0,0.0,0.0,0.0,-0.0,-0.0,0.0
26.505005,0.0,0.0,0.20999999344348905,-4.0036848616779563E-7,1.1931133652431372E-9,4.0037026392552514E-7,0.20999999344348907,0.0,0.0,0.0,0.0,0.0,0.0,0.0,0.0,-0.0,-0.0,0.0
26.514448,0.0,0.0,0.20999999344348905,-4.0036848616779563E-7,1.1931133652431372E-9,4.0037026392552514E-7,0.20999999344348907,0.0,0.0,0.0,0.0,0.0,0.0,0.0,0.0,-0.0,-0.0,0.0
26.522864,0.0,0.0,0.20999999344348905,-4.0036848616779563E-7,1.1931133652431372E-9,4.0037026392552514E-7,0.20999999344348907,0.0,0.0,0.0,0.0,0.0,0.0,0.0,0.0,-0.0,-0.0,0.0
26.530592,0.0,0.0,0.20999999344348905,-4.0036848616779563E-7,1.1931133652431372E-9,4.0037026392552514E-7,0.20999999344348907,0.0,0.0,0.0,0.0,0.0,0.0,0.0,0.0,-0.0,-0.0,0.0
26.540091,0.0,0.0,0.20999999344348905,-4.0036848616779563E-7,1.1931133652431372E-9,4.0037026392552514E-7,0.20999999344348907,0.0,0.0,0.0,0.0,0.0,0.0,0.0,0.0,-0.0,-0.0,0.0
26.54836,0.0,0.0,0.20999999344348905,-4.0036848616779563E-7,1.1931133652431372E-9,4.0037026392552514E-7,0.20999999344348907,0.0,0.0,0.0,0.0,0.0,0.0,0.0,0.0,-0.0,-0.0,0.0
26.55985,0.0,0.0,0.20999999344348905,-4.0036848616779563E-7,1.1931133652431372E-9,4.0037026392552514E-7,0.20999999344348907,0.0,0.0,0.0,0.0,0.0,0.0,0.0,0.0,-0.0,-0.0,0.0
26.567465,0.0,0.0,0.20999999344348905,-4.0036848616779563E-7,1.1931133652431372E-9,4.0037026392552514E-7,0.20999999344348907,0.0,0.0,0.0,0.0,0.0,0.0,0.0,0.0,-0.0,-0.0,0.0
26.575734,0.0,0.0,0.20999999344348905,-4.0036848616779563E-7,1.1931133652431372E-9,4.0037026392552514E-7,0.20999999344348907,0.0,0.0,0.0,0.0,0.0,0.0,0.0,0.0,-0.0,-0.0,0.0
26.583747,0.0,0.0,0.20999999344348905,-4.0036848616779563E-7,1.1931133652431372E-9,4.0037026392552514E-7,0.20999999344348907,0.0,0.0,0.0,0.0,0.0,0.0,0.0,0.0,-0.0,-0.0,0.0
26.59293,0.0,0.0,0.20999999344348905,-4.0036848616779563E-7,1.1931133652431372E-9,4.0037026392552514E-7,0.20999999344348907,0.0,0.0,0.0,0.0,0.0,0.0,0.0,0.0,-0.0,-0.0,0.0
26.601765,0.0,0.0,0.20999999344348905,-4.0036848616779563E-7,1.1931133652431372E-9,4.0037026392552514E-7,0.20999999344348907,0.0,0.0,0.0,0.0,0.0,0.0,0.0,0.0,-0.0,-0.0,0.0
26.611258,0.0,0.0,0.20999999344348905,-4.0036848616779563E-7,1.1931133652431372E-9,4.0037026392552514E-7,0.20999999344348907,0.0,0.0,0.0,0.0,0.0,0.0,0.0,0.0,-0.0,-0.0,0.0
26.619481,0.0,0.0,0.20999999344348905,-4.0036848616779563E-7,1.1931133652431372E-9,4.0037026392552514E-7,0.20999999344348907,0.0,0.0,0.0,0.0,0.0,0.0,0.0,0.0,-0.0,-0.0,0.0
26.627299,0.0,0.0,0.20999999344348905,-4.0036848616779563E-7,1.1931133652431372E-9,4.0037026392552514E-7,0.20999999344348907,0.0,0.0,0.0,0.0,0.0,0.0,0.0,0.0,-0.0,-0.0,0.0
26.636134,0.0,0.0,0.20999999344348905,-4.0036848616779563E-7,1.1931133652431372E-9,4.0037026392552514E-7,0.20999999344348907,0.0,0.0,0.0,0.0,0.0,0.0,0.0,0.0,-0.0,-0.0,0.0
